<?xml version="1.0" encoding="utf-8"?>
<TestRun id="d9015426-2e99-4184-bd2f-e4b9e8f37191" name="runneradmin@fv-az1111-759 2024-09-30 20:58:56" runUser="fv-az1111-759\runneradmin" xmlns="http://microsoft.com/schemas/VisualStudio/TeamTest/2010">
  <Times creation="2024-09-30T20:58:56.7585372+00:00" queuing="2024-09-30T20:58:56.7585373+00:00" start="2024-09-30T20:58:43.2255760+00:00" finish="2024-09-30T20:59:33.2396936+00:00" />
  <TestSettings name="default" id="27ea3385-b20d-4630-a1f7-24c4fb725892">
    <Deployment runDeploymentRoot="runneradmin_fv-az1111-759_2024-09-30_20_58_56" />
  </TestSettings>
  <Results>
    <UnitTestResult executionId="8fc762ff-7422-4ea2-b38f-0c59a2292a77" testId="40bc2ee2-12b8-c08c-ad81-e8c0efee775c" testName="Fededim.Extensions.Configuration.Protected.DataProtectionAPITest.DataProtectionAPIProtectProviderTest.RandomJsonFileTest(useJsonWithCommentFileProcessor: True)" computerName="fv-az1111-759" duration="00:00:09.9807186" startTime="2024-09-30T20:59:08.0244850+00:00" endTime="2024-09-30T20:59:08.0244852+00:00" testType="13cdc9d9-ddb5-4fa4-a97d-d965ccfc6d4b" outcome="Passed" testListId="8c84fa94-04c1-424b-9868-57a2d4851a1d" relativeResultsDirectory="8fc762ff-7422-4ea2-b38f-0c59a2292a77">
      <Output>
        <StdOut>9/30/2024 8:58:58 PM: Generating a random JSON file with 100000 keys, autogenerated strings max length 20 and autogenerated array max length 10...&#xD;
9/30/2024 8:58:59 PM: File location file://D:/a/Fededim.Extensions.Configuration.Protected/Fededim.Extensions.Configuration.Protected/Fededim.Extensions.Configuration.Protected.DataProtectionAPITest/bin/Release/net6.0/random_858000299.json&#xD;
9/30/2024 8:58:59 PM: Generated random JSON file (250522 entries size 63986 KB) duration 1212ms &#xD;
9/30/2024 8:59:02 PM: Encrypted random JSON file (250522 entries size 95045 KB) duration 2846ms &#xD;
9/30/2024 8:59:02 PM: Checked that all random JSON file is encrypted duration 666ms &#xD;
9/30/2024 8:59:07 PM: Loaded and decrypted random JSON file with ProtectedConfigurationBuilder duration 4854ms &#xD;
9/30/2024 8:59:08 PM: Checked that 250522 entries are equal duration 391ms</StdOut>
      </Output>
    </UnitTestResult>
    <UnitTestResult executionId="6938807f-ccb9-4578-a5a2-489f6133b65f" testId="092a9e9f-643d-a75f-e646-45602e92186b" testName="Fededim.Extensions.Configuration.Protected.DataProtectionAPITest.DataProtectionAPIProtectProviderTest.RandomInMemoryDictionaryTest" computerName="fv-az1111-759" duration="00:00:02.6839942" startTime="2024-09-30T20:58:56.7189753+00:00" endTime="2024-09-30T20:58:56.7189931+00:00" testType="13cdc9d9-ddb5-4fa4-a97d-d965ccfc6d4b" outcome="Passed" testListId="8c84fa94-04c1-424b-9868-57a2d4851a1d" relativeResultsDirectory="6938807f-ccb9-4578-a5a2-489f6133b65f">
      <Output>
        <StdOut>9/30/2024 8:58:54 PM: Generating a random in-memory dictionary with 100000 keys, autogenerated strings max length 20 and autogenerated array max length 10...&#xD;
9/30/2024 8:58:54 PM: Starting test...&#xD;
9/30/2024 8:58:54 PM: Generated random in-memory dictionary duration 329ms &#xD;
9/30/2024 8:58:55 PM: Encrypted random in-memory dictionary duration 1015ms &#xD;
9/30/2024 8:58:55 PM: Checked that all random in-memory dictionary is encrypted duration 40ms &#xD;
9/30/2024 8:58:56 PM: Loaded and decrypted random in-memory dictionary with ProtectedConfigurationBuilder duration 1133ms &#xD;
9/30/2024 8:58:56 PM: Checked that 100000 entries are equal duration 34ms</StdOut>
      </Output>
    </UnitTestResult>
    <UnitTestResult executionId="c8fcd4ca-3b88-4940-adcc-fabb72c38771" testId="331a13af-5866-8d6a-671d-a2abfea42096" testName="Fededim.Extensions.Configuration.Protected.DataProtectionAPITest.DataProtectionAPIProtectProviderTest.RandomEnvironmentVariablesTest" computerName="fv-az1111-759" duration="00:00:01.3250265" startTime="2024-09-30T20:58:58.0436039+00:00" endTime="2024-09-30T20:58:58.0436041+00:00" testType="13cdc9d9-ddb5-4fa4-a97d-d965ccfc6d4b" outcome="Passed" testListId="8c84fa94-04c1-424b-9868-57a2d4851a1d" relativeResultsDirectory="c8fcd4ca-3b88-4940-adcc-fabb72c38771">
      <Output>
        <StdOut>9/30/2024 8:58:56 PM: Generating a random environment variables 100000 keys, autogenerated strings max length 20 and autogenerated array max length 10...&#xD;
9/30/2024 8:58:57 PM: Starting test...&#xD;
9/30/2024 8:58:57 PM: Generated random environment variables (note that Windows has a maximum size of 32KB for all environment variables, so not all 100000 keys could be created) duration 474ms &#xD;
9/30/2024 8:58:58 PM: Encrypted random environment variables duration 820ms &#xD;
9/30/2024 8:58:58 PM: Checked that all random environment variables are encrypted duration 2ms &#xD;
9/30/2024 8:58:58 PM: Loaded and decrypted random environment variables with ProtectedConfigurationBuilder duration 23ms &#xD;
9/30/2024 8:58:58 PM: Checked that 1740 entries are equal duration 0ms</StdOut>
      </Output>
    </UnitTestResult>
    <UnitTestResult executionId="7435d8ed-2b94-4d80-ba41-35f61d9c9dc0" testId="4ea3de90-a59d-3955-9940-560839244413" testName="Fededim.Extensions.Configuration.Protected.DataProtectionAPITest.DataProtectionAPIProtectProviderTest.RandomJsonFileTest(useJsonWithCommentFileProcessor: False)" computerName="fv-az1111-759" duration="00:00:09.6832666" startTime="2024-09-30T20:59:17.7078849+00:00" endTime="2024-09-30T20:59:17.7078851+00:00" testType="13cdc9d9-ddb5-4fa4-a97d-d965ccfc6d4b" outcome="Passed" testListId="8c84fa94-04c1-424b-9868-57a2d4851a1d" relativeResultsDirectory="7435d8ed-2b94-4d80-ba41-35f61d9c9dc0">
      <Output>
        <StdOut>9/30/2024 8:59:08 PM: Generating a random JSON file with 100000 keys, autogenerated strings max length 20 and autogenerated array max length 10...&#xD;
9/30/2024 8:59:08 PM: File location file://D:/a/Fededim.Extensions.Configuration.Protected/Fededim.Extensions.Configuration.Protected/Fededim.Extensions.Configuration.Protected.DataProtectionAPITest/bin/Release/net6.0/random_1100708482.json&#xD;
9/30/2024 8:59:08 PM: Generated random JSON file (249547 entries size 63387 KB) duration 789ms &#xD;
9/30/2024 8:59:11 PM: Encrypted random JSON file (249547 entries size 94291 KB) duration 3126ms &#xD;
9/30/2024 8:59:12 PM: Checked that all random JSON file is encrypted duration 665ms &#xD;
9/30/2024 8:59:17 PM: Loaded and decrypted random JSON file with ProtectedConfigurationBuilder duration 4706ms &#xD;
9/30/2024 8:59:17 PM: Checked that 249547 entries are equal duration 394ms</StdOut>
      </Output>
    </UnitTestResult>
    <UnitTestResult executionId="dc3071d3-0f9b-4807-96a9-cedb5b361d1f" testId="f63be0dc-1fac-0d73-eab5-ec6ea7cf7b08" testName="Fededim.Extensions.Configuration.Protected.DataProtectionAPITest.DataProtectionAPIProtectProviderTest.RandomCommandLineTest" computerName="fv-az1111-759" duration="00:00:02.1547872" startTime="2024-09-30T20:59:33.1388655+00:00" endTime="2024-09-30T20:59:33.1388657+00:00" testType="13cdc9d9-ddb5-4fa4-a97d-d965ccfc6d4b" outcome="Passed" testListId="8c84fa94-04c1-424b-9868-57a2d4851a1d" relativeResultsDirectory="dc3071d3-0f9b-4807-96a9-cedb5b361d1f">
      <Output>
        <StdOut>9/30/2024 8:59:30 PM: Generating a random command line arguments with 100000 keys, autogenerated strings max length 20 and autogenerated array max length 10...&#xD;
9/30/2024 8:59:31 PM: Starting test...&#xD;
9/30/2024 8:59:31 PM: Generated random comand line args duration 137ms &#xD;
9/30/2024 8:59:31 PM: Encrypted random comand line args duration 693ms &#xD;
9/30/2024 8:59:31 PM: Checked that all random comand line args are encrypted duration 37ms &#xD;
9/30/2024 8:59:33 PM: Loaded and decrypted random comand line args with ProtectedConfigurationBuilder duration 1241ms &#xD;
9/30/2024 8:59:33 PM: Checked that 100000 entries are equal duration 41ms</StdOut>
      </Output>
    </UnitTestResult>
    <UnitTestResult executionId="44db8146-8dd3-4146-b8cb-9d0d52d26086" testId="cab792d5-caf7-94cb-7dd5-8cd2bf26d466" testName="Fededim.Extensions.Configuration.Protected.DataProtectionAPITest.DataProtectionAPIProtectProviderTest.RandomXmlFileTest" computerName="fv-az1111-759" duration="00:00:13.2759070" startTime="2024-09-30T20:59:30.9838989+00:00" endTime="2024-09-30T20:59:30.9838991+00:00" testType="13cdc9d9-ddb5-4fa4-a97d-d965ccfc6d4b" outcome="Passed" testListId="8c84fa94-04c1-424b-9868-57a2d4851a1d" relativeResultsDirectory="44db8146-8dd3-4146-b8cb-9d0d52d26086">
      <Output>
        <StdOut>9/30/2024 8:59:17 PM: Generating a random XML file with 100000 keys, autogenerated strings max length 20 and autogenerated array max length 10...&#xD;
9/30/2024 8:59:19 PM: File location file://D:/a/Fededim.Extensions.Configuration.Protected/Fededim.Extensions.Configuration.Protected/Fededim.Extensions.Configuration.Protected.DataProtectionAPITest/bin/Release/net6.0/random_249224556.xml&#xD;
9/30/2024 8:59:19 PM: Generated random XML file (245857 entries size 61244 KB) duration 2025ms &#xD;
9/30/2024 8:59:23 PM: Encrypted random XML file (245857 entries size 91972 KB) duration 3524ms &#xD;
9/30/2024 8:59:24 PM: Checked that all random XML file is encrypted duration 1037ms &#xD;
9/30/2024 8:59:30 PM: Loaded and decrypted random XML file with ProtectedConfigurationBuilder duration 6325ms &#xD;
9/30/2024 8:59:30 PM: Checked that 239717 entries are equal duration 351ms</StdOut>
      </Output>
    </UnitTestResult>
  </Results>
  <TestDefinitions>
    <UnitTest name="Fededim.Extensions.Configuration.Protected.DataProtectionAPITest.DataProtectionAPIProtectProviderTest.RandomJsonFileTest(useJsonWithCommentFileProcessor: True)" storage="d:\a\fededim.extensions.configuration.protected\fededim.extensions.configuration.protected\fededim.extensions.configuration.protected.dataprotectionapitest\bin\release\net6.0\fededim.extensions.configuration.protected.dataprotectionapitest.dll" id="40bc2ee2-12b8-c08c-ad81-e8c0efee775c">
      <Execution id="8fc762ff-7422-4ea2-b38f-0c59a2292a77" />
      <TestMethod codeBase="D:\a\Fededim.Extensions.Configuration.Protected\Fededim.Extensions.Configuration.Protected\Fededim.Extensions.Configuration.Protected.DataProtectionAPITest\bin\Release\net6.0\Fededim.Extensions.Configuration.Protected.DataProtectionAPITest.dll" adapterTypeName="executor://xunit/VsTestRunner2/netcoreapp" className="Fededim.Extensions.Configuration.Protected.DataProtectionAPITest.DataProtectionAPIProtectProviderTest" name="RandomJsonFileTest" />
    </UnitTest>
    <UnitTest name="Fededim.Extensions.Configuration.Protected.DataProtectionAPITest.DataProtectionAPIProtectProviderTest.RandomXmlFileTest" storage="d:\a\fededim.extensions.configuration.protected\fededim.extensions.configuration.protected\fededim.extensions.configuration.protected.dataprotectionapitest\bin\release\net6.0\fededim.extensions.configuration.protected.dataprotectionapitest.dll" id="cab792d5-caf7-94cb-7dd5-8cd2bf26d466">
      <Execution id="44db8146-8dd3-4146-b8cb-9d0d52d26086" />
      <TestMethod codeBase="D:\a\Fededim.Extensions.Configuration.Protected\Fededim.Extensions.Configuration.Protected\Fededim.Extensions.Configuration.Protected.DataProtectionAPITest\bin\Release\net6.0\Fededim.Extensions.Configuration.Protected.DataProtectionAPITest.dll" adapterTypeName="executor://xunit/VsTestRunner2/netcoreapp" className="Fededim.Extensions.Configuration.Protected.DataProtectionAPITest.DataProtectionAPIProtectProviderTest" name="RandomXmlFileTest" />
    </UnitTest>
    <UnitTest name="Fededim.Extensions.Configuration.Protected.DataProtectionAPITest.DataProtectionAPIProtectProviderTest.RandomInMemoryDictionaryTest" storage="d:\a\fededim.extensions.configuration.protected\fededim.extensions.configuration.protected\fededim.extensions.configuration.protected.dataprotectionapitest\bin\release\net6.0\fededim.extensions.configuration.protected.dataprotectionapitest.dll" id="092a9e9f-643d-a75f-e646-45602e92186b">
      <Execution id="6938807f-ccb9-4578-a5a2-489f6133b65f" />
      <TestMethod codeBase="D:\a\Fededim.Extensions.Configuration.Protected\Fededim.Extensions.Configuration.Protected\Fededim.Extensions.Configuration.Protected.DataProtectionAPITest\bin\Release\net6.0\Fededim.Extensions.Configuration.Protected.DataProtectionAPITest.dll" adapterTypeName="executor://xunit/VsTestRunner2/netcoreapp" className="Fededim.Extensions.Configuration.Protected.DataProtectionAPITest.DataProtectionAPIProtectProviderTest" name="RandomInMemoryDictionaryTest" />
    </UnitTest>
    <UnitTest name="Fededim.Extensions.Configuration.Protected.DataProtectionAPITest.DataProtectionAPIProtectProviderTest.RandomCommandLineTest" storage="d:\a\fededim.extensions.configuration.protected\fededim.extensions.configuration.protected\fededim.extensions.configuration.protected.dataprotectionapitest\bin\release\net6.0\fededim.extensions.configuration.protected.dataprotectionapitest.dll" id="f63be0dc-1fac-0d73-eab5-ec6ea7cf7b08">
      <Execution id="dc3071d3-0f9b-4807-96a9-cedb5b361d1f" />
      <TestMethod codeBase="D:\a\Fededim.Extensions.Configuration.Protected\Fededim.Extensions.Configuration.Protected\Fededim.Extensions.Configuration.Protected.DataProtectionAPITest\bin\Release\net6.0\Fededim.Extensions.Configuration.Protected.DataProtectionAPITest.dll" adapterTypeName="executor://xunit/VsTestRunner2/netcoreapp" className="Fededim.Extensions.Configuration.Protected.DataProtectionAPITest.DataProtectionAPIProtectProviderTest" name="RandomCommandLineTest" />
    </UnitTest>
    <UnitTest name="Fededim.Extensions.Configuration.Protected.DataProtectionAPITest.DataProtectionAPIProtectProviderTest.RandomJsonFileTest(useJsonWithCommentFileProcessor: False)" storage="d:\a\fededim.extensions.configuration.protected\fededim.extensions.configuration.protected\fededim.extensions.configuration.protected.dataprotectionapitest\bin\release\net6.0\fededim.extensions.configuration.protected.dataprotectionapitest.dll" id="4ea3de90-a59d-3955-9940-560839244413">
      <Execution id="7435d8ed-2b94-4d80-ba41-35f61d9c9dc0" />
      <TestMethod codeBase="D:\a\Fededim.Extensions.Configuration.Protected\Fededim.Extensions.Configuration.Protected\Fededim.Extensions.Configuration.Protected.DataProtectionAPITest\bin\Release\net6.0\Fededim.Extensions.Configuration.Protected.DataProtectionAPITest.dll" adapterTypeName="executor://xunit/VsTestRunner2/netcoreapp" className="Fededim.Extensions.Configuration.Protected.DataProtectionAPITest.DataProtectionAPIProtectProviderTest" name="RandomJsonFileTest" />
    </UnitTest>
    <UnitTest name="Fededim.Extensions.Configuration.Protected.DataProtectionAPITest.DataProtectionAPIProtectProviderTest.RandomEnvironmentVariablesTest" storage="d:\a\fededim.extensions.configuration.protected\fededim.extensions.configuration.protected\fededim.extensions.configuration.protected.dataprotectionapitest\bin\release\net6.0\fededim.extensions.configuration.protected.dataprotectionapitest.dll" id="331a13af-5866-8d6a-671d-a2abfea42096">
      <Execution id="c8fcd4ca-3b88-4940-adcc-fabb72c38771" />
      <TestMethod codeBase="D:\a\Fededim.Extensions.Configuration.Protected\Fededim.Extensions.Configuration.Protected\Fededim.Extensions.Configuration.Protected.DataProtectionAPITest\bin\Release\net6.0\Fededim.Extensions.Configuration.Protected.DataProtectionAPITest.dll" adapterTypeName="executor://xunit/VsTestRunner2/netcoreapp" className="Fededim.Extensions.Configuration.Protected.DataProtectionAPITest.DataProtectionAPIProtectProviderTest" name="RandomEnvironmentVariablesTest" />
    </UnitTest>
  </TestDefinitions>
  <TestEntries>
    <TestEntry testId="40bc2ee2-12b8-c08c-ad81-e8c0efee775c" executionId="8fc762ff-7422-4ea2-b38f-0c59a2292a77" testListId="8c84fa94-04c1-424b-9868-57a2d4851a1d" />
    <TestEntry testId="092a9e9f-643d-a75f-e646-45602e92186b" executionId="6938807f-ccb9-4578-a5a2-489f6133b65f" testListId="8c84fa94-04c1-424b-9868-57a2d4851a1d" />
    <TestEntry testId="331a13af-5866-8d6a-671d-a2abfea42096" executionId="c8fcd4ca-3b88-4940-adcc-fabb72c38771" testListId="8c84fa94-04c1-424b-9868-57a2d4851a1d" />
    <TestEntry testId="4ea3de90-a59d-3955-9940-560839244413" executionId="7435d8ed-2b94-4d80-ba41-35f61d9c9dc0" testListId="8c84fa94-04c1-424b-9868-57a2d4851a1d" />
    <TestEntry testId="f63be0dc-1fac-0d73-eab5-ec6ea7cf7b08" executionId="dc3071d3-0f9b-4807-96a9-cedb5b361d1f" testListId="8c84fa94-04c1-424b-9868-57a2d4851a1d" />
    <TestEntry testId="cab792d5-caf7-94cb-7dd5-8cd2bf26d466" executionId="44db8146-8dd3-4146-b8cb-9d0d52d26086" testListId="8c84fa94-04c1-424b-9868-57a2d4851a1d" />
  </TestEntries>
  <TestLists>
    <TestList name="Results Not in a List" id="8c84fa94-04c1-424b-9868-57a2d4851a1d" />
    <TestList name="All Loaded Results" id="19431567-8539-422a-85d7-44ee4e166bda" />
  </TestLists>
  <ResultSummary outcome="Completed">
    <Counters total="6" executed="6" passed="6" failed="0" error="0" timeout="0" aborted="0" inconclusive="0" passedButRunAborted="0" notRunnable="0" notExecuted="0" disconnected="0" warning="0" completed="0" inProgress="0" pending="0" />
    <Output>
      <StdOut>[xUnit.net 00:00:00.00] xUnit.net VSTest Adapter v2.8.2+699d445a1a (64-bit .NET 6.0.33)&#xD;
[xUnit.net 00:00:00.82]   Discovering: Fededim.Extensions.Configuration.Protected.DataProtectionAPITest&#xD;
[xUnit.net 00:00:01.26]   Discovered:  Fededim.Extensions.Configuration.Protected.DataProtectionAPITest&#xD;
[xUnit.net 00:00:01.26]   Starting:    Fededim.Extensions.Configuration.Protected.DataProtectionAPITest&#xD;
[xUnit.net 00:00:40.48]   Finished:    Fededim.Extensions.Configuration.Protected.DataProtectionAPITest&#xD;
</StdOut>
    </Output>
  </ResultSummary>
</TestRun>