<?xml version="1.0" encoding="utf-8"?>
<TestRun id="cc90de8a-57ed-47fd-9e58-73c22ae43505" name="runneradmin@fv-az972-403 2024-08-01 14:02:40" runUser="fv-az972-403\runneradmin" xmlns="http://microsoft.com/schemas/VisualStudio/TeamTest/2010">
  <Times creation="2024-08-01T14:02:40.1469790+00:00" queuing="2024-08-01T14:02:40.1469791+00:00" start="2024-08-01T14:02:27.3890277+00:00" finish="2024-08-01T14:02:42.7410163+00:00" />
  <TestSettings name="default" id="753a9f43-4c0e-4a3c-be98-0df2dde4f2c8">
    <Deployment runDeploymentRoot="runneradmin_fv-az972-403_2024-08-01_14_02_40" />
  </TestSettings>
  <Results>
    <UnitTestResult executionId="479ddf9b-4fd6-4c21-a09e-921e10690ef9" testId="f352b3e4-d8b2-0588-46bb-043afb7266c1" testName="Fededim.Extensions.Configuration.Protected.DataProtectionAPITest.DataProtectionAPIProtectProviderTest.RandomEnvironmentVariablesTest" computerName="fv-az972-403" duration="00:00:00.6090000" startTime="2024-08-01T14:02:40.6920072+00:00" endTime="2024-08-01T14:02:40.6920072+00:00" testType="13cdc9d9-ddb5-4fa4-a97d-d965ccfc6d4b" outcome="Passed" testListId="8c84fa94-04c1-424b-9868-57a2d4851a1d" relativeResultsDirectory="479ddf9b-4fd6-4c21-a09e-921e10690ef9">
      <Output>
        <StdOut>Generated a random environment variables 1000 keys, autogenerated strings max length 20 and autogenerated array max length 10&#xD;
Starting test...&#xD;
8/1/2024 2:02:40 PM: Generated random environment variables (note that Windows has a maximum size of 32KB for all environment variables, so not all 1000 keys could be created) duration 147ms &#xD;
8/1/2024 2:02:40 PM: Encrypted random environment variables duration 368ms &#xD;
8/1/2024 2:02:40 PM: Checked that all random environment variables are encrypted duration 1ms &#xD;
8/1/2024 2:02:40 PM: Loaded and decrypted random environment variables with ProtectedConfigurationBuilder duration 27ms &#xD;
8/1/2024 2:02:40 PM: Checked that 869 entries are equal duration 0ms</StdOut>
      </Output>
    </UnitTestResult>
    <UnitTestResult executionId="a777cb09-588a-4cc9-a518-3d2aeecd0ce9" testId="b9bf8ed7-522c-e76a-b80e-8d05fc5adc83" testName="Fededim.Extensions.Configuration.Protected.DataProtectionAPITest.DataProtectionAPIProtectProviderTest.RandomCommandLineTest" computerName="fv-az972-403" duration="00:00:00.0550000" startTime="2024-08-01T14:02:42.6287406+00:00" endTime="2024-08-01T14:02:42.6287406+00:00" testType="13cdc9d9-ddb5-4fa4-a97d-d965ccfc6d4b" outcome="Passed" testListId="8c84fa94-04c1-424b-9868-57a2d4851a1d" relativeResultsDirectory="a777cb09-588a-4cc9-a518-3d2aeecd0ce9">
      <Output>
        <StdOut>Generated a random command line arguments with 1000 keys, autogenerated strings max length 20 and autogenerated array max length 10&#xD;
Starting test...&#xD;
8/1/2024 2:02:42 PM: Generated random comand line args duration 3ms &#xD;
8/1/2024 2:02:42 PM: Encrypted random comand line args duration 9ms &#xD;
8/1/2024 2:02:42 PM: Checked that all random comand line args are encrypted duration 0ms &#xD;
8/1/2024 2:02:42 PM: Loaded and decrypted random comand line args with ProtectedConfigurationBuilder duration 23ms &#xD;
8/1/2024 2:02:42 PM: Checked that 1000 entries are equal duration 0ms</StdOut>
      </Output>
    </UnitTestResult>
    <UnitTestResult executionId="590f424b-6caa-4ebe-8af2-c6d93672889b" testId="a5b4138a-877c-581b-780d-3494b3972f17" testName="Fededim.Extensions.Configuration.Protected.DataProtectionAPITest.DataProtectionAPIProtectProviderTest.RandomInMemoryDictionaryTest" computerName="fv-az972-403" duration="00:00:05.1230000" startTime="2024-08-01T14:02:40.0924818+00:00" endTime="2024-08-01T14:02:40.0924818+00:00" testType="13cdc9d9-ddb5-4fa4-a97d-d965ccfc6d4b" outcome="Passed" testListId="8c84fa94-04c1-424b-9868-57a2d4851a1d" relativeResultsDirectory="590f424b-6caa-4ebe-8af2-c6d93672889b">
      <Output>
        <StdOut>Generated a random in-memory dictionary with 1000 keys, autogenerated strings max length 20 and autogenerated array max length 10&#xD;
Starting test...&#xD;
8/1/2024 2:02:38 PM: Generated random in-memory dictionary duration 11ms &#xD;
8/1/2024 2:02:39 PM: Encrypted random in-memory dictionary duration 939ms &#xD;
8/1/2024 2:02:39 PM: Checked that all random in-memory dictionary is encrypted duration 1ms &#xD;
8/1/2024 2:02:39 PM: Loaded and decrypted random in-memory dictionary with ProtectedConfigurationBuilder duration 293ms &#xD;
8/1/2024 2:02:39 PM: Checked that 1000 entries are equal duration 2ms</StdOut>
      </Output>
    </UnitTestResult>
    <UnitTestResult executionId="7f29d3b4-5b32-46b5-a382-7447e1d5606d" testId="215bdca5-d044-0fe3-ab3a-2e4442ce76c5" testName="Fededim.Extensions.Configuration.Protected.DataProtectionAPITest.DataProtectionAPIProtectProviderTest.RandomJsonFileTest(useJsonWithCommentFileProcessor: False)" computerName="fv-az972-403" duration="00:00:00.1380000" startTime="2024-08-01T14:02:41.9655893+00:00" endTime="2024-08-01T14:02:41.9655893+00:00" testType="13cdc9d9-ddb5-4fa4-a97d-d965ccfc6d4b" outcome="Passed" testListId="8c84fa94-04c1-424b-9868-57a2d4851a1d" relativeResultsDirectory="7f29d3b4-5b32-46b5-a382-7447e1d5606d">
      <Output>
        <StdOut>Generated a random JSON file with 1000 keys, autogenerated strings max length 20 and autogenerated array max length 10&#xD;
File location file://D:/a/Fededim.Extensions.Configuration.Protected/Fededim.Extensions.Configuration.Protected/Fededim.Extensions.Configuration.Protected.DataProtectionAPITest/bin/Release/net462/random_490021815.json&#xD;
Size 325KB, starting test...&#xD;
8/1/2024 2:02:41 PM: Generated random JSON file (2406 entries) duration 11ms &#xD;
8/1/2024 2:02:41 PM: Encrypted random JSON file duration 36ms &#xD;
8/1/2024 2:02:41 PM: Checked that all random JSON file is encrypted duration 6ms &#xD;
8/1/2024 2:02:41 PM: Loaded and decrypted random JSON file with ProtectedConfigurationBuilder duration 79ms &#xD;
8/1/2024 2:02:41 PM: Checked that 2406 entries are equal duration 3ms</StdOut>
      </Output>
    </UnitTestResult>
    <UnitTestResult executionId="ee1d70d6-1180-4f3e-8f2e-e1a9f6d8c425" testId="f6916fa8-7335-1ac2-9bd9-068ab445ecb1" testName="Fededim.Extensions.Configuration.Protected.DataProtectionAPITest.DataProtectionAPIProtectProviderTest.RandomJsonFileTest(useJsonWithCommentFileProcessor: True)" computerName="fv-az972-403" duration="00:00:01.1320000" startTime="2024-08-01T14:02:41.8249623+00:00" endTime="2024-08-01T14:02:41.8249623+00:00" testType="13cdc9d9-ddb5-4fa4-a97d-d965ccfc6d4b" outcome="Passed" testListId="8c84fa94-04c1-424b-9868-57a2d4851a1d" relativeResultsDirectory="ee1d70d6-1180-4f3e-8f2e-e1a9f6d8c425">
      <Output>
        <StdOut>Generated a random JSON file with 1000 keys, autogenerated strings max length 20 and autogenerated array max length 10&#xD;
File location file://D:/a/Fededim.Extensions.Configuration.Protected/Fededim.Extensions.Configuration.Protected/Fededim.Extensions.Configuration.Protected.DataProtectionAPITest/bin/Release/net462/random_302581948.json&#xD;
Size 319KB, starting test...&#xD;
8/1/2024 2:02:41 PM: Generated random JSON file (2501 entries) duration 544ms &#xD;
8/1/2024 2:02:41 PM: Encrypted random JSON file duration 148ms &#xD;
8/1/2024 2:02:41 PM: Checked that all random JSON file is encrypted duration 53ms &#xD;
8/1/2024 2:02:41 PM: Loaded and decrypted random JSON file with ProtectedConfigurationBuilder duration 129ms &#xD;
8/1/2024 2:02:41 PM: Checked that 2501 entries are equal duration 2ms</StdOut>
      </Output>
    </UnitTestResult>
    <UnitTestResult executionId="f034d14b-2fe5-4923-92bb-3964f52bfe1a" testId="97ac352b-e433-e531-3210-5b085419ca0a" testName="Fededim.Extensions.Configuration.Protected.DataProtectionAPITest.DataProtectionAPIProtectProviderTest.RandomXmlFileTest" computerName="fv-az972-403" duration="00:00:00.6100000" startTime="2024-08-01T14:02:42.5662413+00:00" endTime="2024-08-01T14:02:42.5662413+00:00" testType="13cdc9d9-ddb5-4fa4-a97d-d965ccfc6d4b" outcome="Passed" testListId="8c84fa94-04c1-424b-9868-57a2d4851a1d" relativeResultsDirectory="f034d14b-2fe5-4923-92bb-3964f52bfe1a">
      <Output>
        <StdOut>Generated a random XML file with 1000 keys, autogenerated strings max length 20 and autogenerated array max length 10&#xD;
File location file://D:/a/Fededim.Extensions.Configuration.Protected/Fededim.Extensions.Configuration.Protected/Fededim.Extensions.Configuration.Protected.DataProtectionAPITest/bin/Release/net462/random_789690244.xml&#xD;
Size 270KB, starting test...&#xD;
8/1/2024 2:02:42 PM: Generated random XML file (2604 entries) duration 271ms &#xD;
8/1/2024 2:02:42 PM: Encrypted random XML file duration 56ms &#xD;
8/1/2024 2:02:42 PM: Checked that all random XML file is encrypted duration 134ms &#xD;
8/1/2024 2:02:42 PM: Loaded and decrypted random XML file with ProtectedConfigurationBuilder duration 118ms &#xD;
8/1/2024 2:02:42 PM: Checked that 2604 entries are equal duration 3ms</StdOut>
      </Output>
    </UnitTestResult>
  </Results>
  <TestDefinitions>
    <UnitTest name="Fededim.Extensions.Configuration.Protected.DataProtectionAPITest.DataProtectionAPIProtectProviderTest.RandomXmlFileTest" storage="d:\a\fededim.extensions.configuration.protected\fededim.extensions.configuration.protected\fededim.extensions.configuration.protected.dataprotectionapitest\bin\release\net462\fededim.extensions.configuration.protected.dataprotectionapitest.dll" id="97ac352b-e433-e531-3210-5b085419ca0a">
      <Execution id="f034d14b-2fe5-4923-92bb-3964f52bfe1a" />
      <TestMethod codeBase="D:\a\Fededim.Extensions.Configuration.Protected\Fededim.Extensions.Configuration.Protected\Fededim.Extensions.Configuration.Protected.DataProtectionAPITest\bin\Release\net462\Fededim.Extensions.Configuration.Protected.DataProtectionAPITest.dll" adapterTypeName="executor://xunit/VsTestRunner2/net" className="Fededim.Extensions.Configuration.Protected.DataProtectionAPITest.DataProtectionAPIProtectProviderTest" name="RandomXmlFileTest" />
    </UnitTest>
    <UnitTest name="Fededim.Extensions.Configuration.Protected.DataProtectionAPITest.DataProtectionAPIProtectProviderTest.RandomInMemoryDictionaryTest" storage="d:\a\fededim.extensions.configuration.protected\fededim.extensions.configuration.protected\fededim.extensions.configuration.protected.dataprotectionapitest\bin\release\net462\fededim.extensions.configuration.protected.dataprotectionapitest.dll" id="a5b4138a-877c-581b-780d-3494b3972f17">
      <Execution id="590f424b-6caa-4ebe-8af2-c6d93672889b" />
      <TestMethod codeBase="D:\a\Fededim.Extensions.Configuration.Protected\Fededim.Extensions.Configuration.Protected\Fededim.Extensions.Configuration.Protected.DataProtectionAPITest\bin\Release\net462\Fededim.Extensions.Configuration.Protected.DataProtectionAPITest.dll" adapterTypeName="executor://xunit/VsTestRunner2/net" className="Fededim.Extensions.Configuration.Protected.DataProtectionAPITest.DataProtectionAPIProtectProviderTest" name="RandomInMemoryDictionaryTest" />
    </UnitTest>
    <UnitTest name="Fededim.Extensions.Configuration.Protected.DataProtectionAPITest.DataProtectionAPIProtectProviderTest.RandomEnvironmentVariablesTest" storage="d:\a\fededim.extensions.configuration.protected\fededim.extensions.configuration.protected\fededim.extensions.configuration.protected.dataprotectionapitest\bin\release\net462\fededim.extensions.configuration.protected.dataprotectionapitest.dll" id="f352b3e4-d8b2-0588-46bb-043afb7266c1">
      <Execution id="479ddf9b-4fd6-4c21-a09e-921e10690ef9" />
      <TestMethod codeBase="D:\a\Fededim.Extensions.Configuration.Protected\Fededim.Extensions.Configuration.Protected\Fededim.Extensions.Configuration.Protected.DataProtectionAPITest\bin\Release\net462\Fededim.Extensions.Configuration.Protected.DataProtectionAPITest.dll" adapterTypeName="executor://xunit/VsTestRunner2/net" className="Fededim.Extensions.Configuration.Protected.DataProtectionAPITest.DataProtectionAPIProtectProviderTest" name="RandomEnvironmentVariablesTest" />
    </UnitTest>
    <UnitTest name="Fededim.Extensions.Configuration.Protected.DataProtectionAPITest.DataProtectionAPIProtectProviderTest.RandomJsonFileTest(useJsonWithCommentFileProcessor: True)" storage="d:\a\fededim.extensions.configuration.protected\fededim.extensions.configuration.protected\fededim.extensions.configuration.protected.dataprotectionapitest\bin\release\net462\fededim.extensions.configuration.protected.dataprotectionapitest.dll" id="f6916fa8-7335-1ac2-9bd9-068ab445ecb1">
      <Execution id="ee1d70d6-1180-4f3e-8f2e-e1a9f6d8c425" />
      <TestMethod codeBase="D:\a\Fededim.Extensions.Configuration.Protected\Fededim.Extensions.Configuration.Protected\Fededim.Extensions.Configuration.Protected.DataProtectionAPITest\bin\Release\net462\Fededim.Extensions.Configuration.Protected.DataProtectionAPITest.dll" adapterTypeName="executor://xunit/VsTestRunner2/net" className="Fededim.Extensions.Configuration.Protected.DataProtectionAPITest.DataProtectionAPIProtectProviderTest" name="RandomJsonFileTest" />
    </UnitTest>
    <UnitTest name="Fededim.Extensions.Configuration.Protected.DataProtectionAPITest.DataProtectionAPIProtectProviderTest.RandomCommandLineTest" storage="d:\a\fededim.extensions.configuration.protected\fededim.extensions.configuration.protected\fededim.extensions.configuration.protected.dataprotectionapitest\bin\release\net462\fededim.extensions.configuration.protected.dataprotectionapitest.dll" id="b9bf8ed7-522c-e76a-b80e-8d05fc5adc83">
      <Execution id="a777cb09-588a-4cc9-a518-3d2aeecd0ce9" />
      <TestMethod codeBase="D:\a\Fededim.Extensions.Configuration.Protected\Fededim.Extensions.Configuration.Protected\Fededim.Extensions.Configuration.Protected.DataProtectionAPITest\bin\Release\net462\Fededim.Extensions.Configuration.Protected.DataProtectionAPITest.dll" adapterTypeName="executor://xunit/VsTestRunner2/net" className="Fededim.Extensions.Configuration.Protected.DataProtectionAPITest.DataProtectionAPIProtectProviderTest" name="RandomCommandLineTest" />
    </UnitTest>
    <UnitTest name="Fededim.Extensions.Configuration.Protected.DataProtectionAPITest.DataProtectionAPIProtectProviderTest.RandomJsonFileTest(useJsonWithCommentFileProcessor: False)" storage="d:\a\fededim.extensions.configuration.protected\fededim.extensions.configuration.protected\fededim.extensions.configuration.protected.dataprotectionapitest\bin\release\net462\fededim.extensions.configuration.protected.dataprotectionapitest.dll" id="215bdca5-d044-0fe3-ab3a-2e4442ce76c5">
      <Execution id="7f29d3b4-5b32-46b5-a382-7447e1d5606d" />
      <TestMethod codeBase="D:\a\Fededim.Extensions.Configuration.Protected\Fededim.Extensions.Configuration.Protected\Fededim.Extensions.Configuration.Protected.DataProtectionAPITest\bin\Release\net462\Fededim.Extensions.Configuration.Protected.DataProtectionAPITest.dll" adapterTypeName="executor://xunit/VsTestRunner2/net" className="Fededim.Extensions.Configuration.Protected.DataProtectionAPITest.DataProtectionAPIProtectProviderTest" name="RandomJsonFileTest" />
    </UnitTest>
  </TestDefinitions>
  <TestEntries>
    <TestEntry testId="f352b3e4-d8b2-0588-46bb-043afb7266c1" executionId="479ddf9b-4fd6-4c21-a09e-921e10690ef9" testListId="8c84fa94-04c1-424b-9868-57a2d4851a1d" />
    <TestEntry testId="b9bf8ed7-522c-e76a-b80e-8d05fc5adc83" executionId="a777cb09-588a-4cc9-a518-3d2aeecd0ce9" testListId="8c84fa94-04c1-424b-9868-57a2d4851a1d" />
    <TestEntry testId="a5b4138a-877c-581b-780d-3494b3972f17" executionId="590f424b-6caa-4ebe-8af2-c6d93672889b" testListId="8c84fa94-04c1-424b-9868-57a2d4851a1d" />
    <TestEntry testId="215bdca5-d044-0fe3-ab3a-2e4442ce76c5" executionId="7f29d3b4-5b32-46b5-a382-7447e1d5606d" testListId="8c84fa94-04c1-424b-9868-57a2d4851a1d" />
    <TestEntry testId="f6916fa8-7335-1ac2-9bd9-068ab445ecb1" executionId="ee1d70d6-1180-4f3e-8f2e-e1a9f6d8c425" testListId="8c84fa94-04c1-424b-9868-57a2d4851a1d" />
    <TestEntry testId="97ac352b-e433-e531-3210-5b085419ca0a" executionId="f034d14b-2fe5-4923-92bb-3964f52bfe1a" testListId="8c84fa94-04c1-424b-9868-57a2d4851a1d" />
  </TestEntries>
  <TestLists>
    <TestList name="Results Not in a List" id="8c84fa94-04c1-424b-9868-57a2d4851a1d" />
    <TestList name="All Loaded Results" id="19431567-8539-422a-85d7-44ee4e166bda" />
  </TestLists>
  <ResultSummary outcome="Completed">
    <Counters total="6" executed="6" passed="6" failed="0" error="0" timeout="0" aborted="0" inconclusive="0" passedButRunAborted="0" notRunnable="0" notExecuted="0" disconnected="0" warning="0" completed="0" inProgress="0" pending="0" />
    <Output>
      <StdOut>[xUnit.net 00:00:00.02] xUnit.net VSTest Adapter v2.8.2+699d445a1a (64-bit .NET Framework 4.8.9256.0)&#xD;
[xUnit.net 00:00:02.16]   Discovering: Fededim.Extensions.Configuration.Protected.DataProtectionAPITest&#xD;
[xUnit.net 00:00:02.40]   Discovered:  Fededim.Extensions.Configuration.Protected.DataProtectionAPITest&#xD;
[xUnit.net 00:00:02.40]   Starting:    Fededim.Extensions.Configuration.Protected.DataProtectionAPITest&#xD;
[xUnit.net 00:00:10.37]   Finished:    Fededim.Extensions.Configuration.Protected.DataProtectionAPITest&#xD;
</StdOut>
    </Output>
  </ResultSummary>
</TestRun>