<?xml version="1.0" encoding="utf-8"?>
<TestRun id="5d8d67cf-24f5-4c6c-91a5-dc481aa3d598" name="runneradmin@fv-az1105-54 2024-10-09 19:57:11" runUser="fv-az1105-54\runneradmin" xmlns="http://microsoft.com/schemas/VisualStudio/TeamTest/2010">
  <Times creation="2024-10-09T19:57:11.5217408+00:00" queuing="2024-10-09T19:57:11.5217410+00:00" start="2024-10-09T19:57:07.5826638+00:00" finish="2024-10-09T19:57:39.5511288+00:00" />
  <TestSettings name="default" id="5a5e7c8e-4502-4ad2-93e4-8295e0ff000e">
    <Deployment runDeploymentRoot="runneradmin_fv-az1105-54_2024-10-09_19_57_11" />
  </TestSettings>
  <Results>
    <UnitTestResult executionId="756129a0-e2a4-4ef2-b831-e0b8260f55bd" testId="f63be0dc-1fac-0d73-eab5-ec6ea7cf7b08" testName="Fededim.Extensions.Configuration.Protected.DataProtectionAPITest.DataProtectionAPIProtectProviderTest.RandomCommandLineTest" computerName="fv-az1105-54" duration="00:00:01.6487148" startTime="2024-10-09T19:57:39.4331075+00:00" endTime="2024-10-09T19:57:39.4331078+00:00" testType="13cdc9d9-ddb5-4fa4-a97d-d965ccfc6d4b" outcome="Passed" testListId="8c84fa94-04c1-424b-9868-57a2d4851a1d" relativeResultsDirectory="756129a0-e2a4-4ef2-b831-e0b8260f55bd">
      <Output>
        <StdOut>10/9/2024 7:57:37 PM: Generating a random command line arguments with 100000 keys, autogenerated strings max length 20 and autogenerated array max length 10...&#xD;
10/9/2024 7:57:37 PM: Starting test...&#xD;
10/9/2024 7:57:37 PM: Generated random comand line args duration 117ms &#xD;
10/9/2024 7:57:38 PM: Encrypted random comand line args duration 571ms &#xD;
10/9/2024 7:57:38 PM: Checked that all random comand line args are encrypted duration 17ms &#xD;
10/9/2024 7:57:39 PM: Loaded and decrypted random comand line args with ProtectedConfigurationBuilder duration 917ms &#xD;
10/9/2024 7:57:39 PM: Checked that 100000 entries are equal duration 23ms</StdOut>
      </Output>
    </UnitTestResult>
    <UnitTestResult executionId="4cfefa4e-f177-429d-92f5-f90ba2319c56" testId="4ea3de90-a59d-3955-9940-560839244413" testName="Fededim.Extensions.Configuration.Protected.DataProtectionAPITest.DataProtectionAPIProtectProviderTest.RandomJsonFileTest(useJsonWithCommentFileProcessor: False)" computerName="fv-az1105-54" duration="00:00:07.0876321" startTime="2024-10-09T19:57:27.0750036+00:00" endTime="2024-10-09T19:57:27.0750039+00:00" testType="13cdc9d9-ddb5-4fa4-a97d-d965ccfc6d4b" outcome="Passed" testListId="8c84fa94-04c1-424b-9868-57a2d4851a1d" relativeResultsDirectory="4cfefa4e-f177-429d-92f5-f90ba2319c56">
      <Output>
        <StdOut>10/9/2024 7:57:19 PM: Generating a random JSON file with 100000 keys, autogenerated strings max length 20 and autogenerated array max length 10...&#xD;
10/9/2024 7:57:20 PM: File location file://D:/a/Fededim.Extensions.Configuration.Protected/Fededim.Extensions.Configuration.Protected/Fededim.Extensions.Configuration.Protected.DataProtectionAPITest/bin/Release/net8.0/random_1984735227.json&#xD;
10/9/2024 7:57:20 PM: Generated random JSON file (250502 entries size 58608 KB) duration 781ms &#xD;
10/9/2024 7:57:22 PM: Encrypted random JSON file (250502 entries size 84705 KB) duration 2068ms &#xD;
10/9/2024 7:57:23 PM: Checked that all random JSON file is encrypted duration 368ms &#xD;
10/9/2024 7:57:26 PM: Loaded and decrypted random JSON file with ProtectedConfigurationBuilder duration 3719ms &#xD;
10/9/2024 7:57:27 PM: Checked that 250502 entries are equal duration 148ms</StdOut>
      </Output>
    </UnitTestResult>
    <UnitTestResult executionId="9a9cec48-5e1c-488f-bcc0-fa4613cb79d8" testId="331a13af-5866-8d6a-671d-a2abfea42096" testName="Fededim.Extensions.Configuration.Protected.DataProtectionAPITest.DataProtectionAPIProtectProviderTest.RandomEnvironmentVariablesTest" computerName="fv-az1105-54" duration="00:00:01.1324631" startTime="2024-10-09T19:57:12.6216627+00:00" endTime="2024-10-09T19:57:12.6216629+00:00" testType="13cdc9d9-ddb5-4fa4-a97d-d965ccfc6d4b" outcome="Passed" testListId="8c84fa94-04c1-424b-9868-57a2d4851a1d" relativeResultsDirectory="9a9cec48-5e1c-488f-bcc0-fa4613cb79d8">
      <Output>
        <StdOut>10/9/2024 7:57:11 PM: Generating a random environment variables 100000 keys, autogenerated strings max length 20 and autogenerated array max length 10...&#xD;
10/9/2024 7:57:11 PM: Starting test...&#xD;
10/9/2024 7:57:11 PM: Generated random environment variables (note that Windows has a maximum size of 32KB for all environment variables, so not all 100000 keys could be created) duration 486ms &#xD;
10/9/2024 7:57:12 PM: Encrypted random environment variables duration 616ms &#xD;
10/9/2024 7:57:12 PM: Checked that all random environment variables are encrypted duration 1ms &#xD;
10/9/2024 7:57:12 PM: Loaded and decrypted random environment variables with ProtectedConfigurationBuilder duration 22ms &#xD;
10/9/2024 7:57:12 PM: Checked that 1584 entries are equal duration 0ms</StdOut>
      </Output>
    </UnitTestResult>
    <UnitTestResult executionId="a19e6fee-b341-41ad-975b-442c780c8821" testId="092a9e9f-643d-a75f-e646-45602e92186b" testName="Fededim.Extensions.Configuration.Protected.DataProtectionAPITest.DataProtectionAPIProtectProviderTest.RandomInMemoryDictionaryTest" computerName="fv-az1105-54" duration="00:00:03.2671801" startTime="2024-10-09T19:57:11.4895993+00:00" endTime="2024-10-09T19:57:11.4896257+00:00" testType="13cdc9d9-ddb5-4fa4-a97d-d965ccfc6d4b" outcome="Passed" testListId="8c84fa94-04c1-424b-9868-57a2d4851a1d" relativeResultsDirectory="a19e6fee-b341-41ad-975b-442c780c8821">
      <Output>
        <StdOut>10/9/2024 7:57:08 PM: Generating a random in-memory dictionary with 100000 keys, autogenerated strings max length 20 and autogenerated array max length 10...&#xD;
10/9/2024 7:57:08 PM: Starting test...&#xD;
10/9/2024 7:57:08 PM: Generated random in-memory dictionary duration 353ms &#xD;
10/9/2024 7:57:10 PM: Encrypted random in-memory dictionary duration 1553ms &#xD;
10/9/2024 7:57:10 PM: Checked that all random in-memory dictionary is encrypted duration 20ms &#xD;
10/9/2024 7:57:11 PM: Loaded and decrypted random in-memory dictionary with ProtectedConfigurationBuilder duration 1170ms &#xD;
10/9/2024 7:57:11 PM: Checked that 100000 entries are equal duration 41ms</StdOut>
      </Output>
    </UnitTestResult>
    <UnitTestResult executionId="7f81a172-c5df-44de-ba21-92841172b8b5" testId="cab792d5-caf7-94cb-7dd5-8cd2bf26d466" testName="Fededim.Extensions.Configuration.Protected.DataProtectionAPITest.DataProtectionAPIProtectProviderTest.RandomXmlFileTest" computerName="fv-az1105-54" duration="00:00:10.7090271" startTime="2024-10-09T19:57:37.7842590+00:00" endTime="2024-10-09T19:57:37.7842592+00:00" testType="13cdc9d9-ddb5-4fa4-a97d-d965ccfc6d4b" outcome="Passed" testListId="8c84fa94-04c1-424b-9868-57a2d4851a1d" relativeResultsDirectory="7f81a172-c5df-44de-ba21-92841172b8b5">
      <Output>
        <StdOut>10/9/2024 7:57:27 PM: Generating a random XML file with 100000 keys, autogenerated strings max length 20 and autogenerated array max length 10...&#xD;
10/9/2024 7:57:28 PM: File location file://D:/a/Fededim.Extensions.Configuration.Protected/Fededim.Extensions.Configuration.Protected/Fededim.Extensions.Configuration.Protected.DataProtectionAPITest/bin/Release/net8.0/random_1928077100.xml&#xD;
10/9/2024 7:57:28 PM: Generated random XML file (244804 entries size 64956 KB) duration 1642ms &#xD;
10/9/2024 7:57:31 PM: Encrypted random XML file (244804 entries size 91182 KB) duration 2993ms &#xD;
10/9/2024 7:57:32 PM: Checked that all random XML file is encrypted duration 802ms &#xD;
10/9/2024 7:57:37 PM: Loaded and decrypted random XML file with ProtectedConfigurationBuilder duration 5126ms &#xD;
10/9/2024 7:57:37 PM: Checked that 201326 entries are equal duration 142ms</StdOut>
      </Output>
    </UnitTestResult>
    <UnitTestResult executionId="d0fd8257-8c16-4126-b502-cd7b1005dde5" testId="40bc2ee2-12b8-c08c-ad81-e8c0efee775c" testName="Fededim.Extensions.Configuration.Protected.DataProtectionAPITest.DataProtectionAPIProtectProviderTest.RandomJsonFileTest(useJsonWithCommentFileProcessor: True)" computerName="fv-az1105-54" duration="00:00:07.3654421" startTime="2024-10-09T19:57:19.9872532+00:00" endTime="2024-10-09T19:57:19.9872535+00:00" testType="13cdc9d9-ddb5-4fa4-a97d-d965ccfc6d4b" outcome="Passed" testListId="8c84fa94-04c1-424b-9868-57a2d4851a1d" relativeResultsDirectory="d0fd8257-8c16-4126-b502-cd7b1005dde5">
      <Output>
        <StdOut>10/9/2024 7:57:12 PM: Generating a random JSON file with 100000 keys, autogenerated strings max length 20 and autogenerated array max length 10...&#xD;
10/9/2024 7:57:13 PM: File location file://D:/a/Fededim.Extensions.Configuration.Protected/Fededim.Extensions.Configuration.Protected/Fededim.Extensions.Configuration.Protected.DataProtectionAPITest/bin/Release/net8.0/random_1877585179.json&#xD;
10/9/2024 7:57:13 PM: Generated random JSON file (249363 entries size 57069 KB) duration 995ms &#xD;
10/9/2024 7:57:15 PM: Encrypted random JSON file (249363 entries size 83131 KB) duration 2000ms &#xD;
10/9/2024 7:57:16 PM: Checked that all random JSON file is encrypted duration 479ms &#xD;
10/9/2024 7:57:19 PM: Loaded and decrypted random JSON file with ProtectedConfigurationBuilder duration 3740ms &#xD;
10/9/2024 7:57:19 PM: Checked that 249363 entries are equal duration 143ms</StdOut>
      </Output>
    </UnitTestResult>
  </Results>
  <TestDefinitions>
    <UnitTest name="Fededim.Extensions.Configuration.Protected.DataProtectionAPITest.DataProtectionAPIProtectProviderTest.RandomJsonFileTest(useJsonWithCommentFileProcessor: True)" storage="d:\a\fededim.extensions.configuration.protected\fededim.extensions.configuration.protected\fededim.extensions.configuration.protected.dataprotectionapitest\bin\release\net8.0\fededim.extensions.configuration.protected.dataprotectionapitest.dll" id="40bc2ee2-12b8-c08c-ad81-e8c0efee775c">
      <Execution id="d0fd8257-8c16-4126-b502-cd7b1005dde5" />
      <TestMethod codeBase="D:\a\Fededim.Extensions.Configuration.Protected\Fededim.Extensions.Configuration.Protected\Fededim.Extensions.Configuration.Protected.DataProtectionAPITest\bin\Release\net8.0\Fededim.Extensions.Configuration.Protected.DataProtectionAPITest.dll" adapterTypeName="executor://xunit/VsTestRunner2/netcoreapp" className="Fededim.Extensions.Configuration.Protected.DataProtectionAPITest.DataProtectionAPIProtectProviderTest" name="RandomJsonFileTest" />
    </UnitTest>
    <UnitTest name="Fededim.Extensions.Configuration.Protected.DataProtectionAPITest.DataProtectionAPIProtectProviderTest.RandomXmlFileTest" storage="d:\a\fededim.extensions.configuration.protected\fededim.extensions.configuration.protected\fededim.extensions.configuration.protected.dataprotectionapitest\bin\release\net8.0\fededim.extensions.configuration.protected.dataprotectionapitest.dll" id="cab792d5-caf7-94cb-7dd5-8cd2bf26d466">
      <Execution id="7f81a172-c5df-44de-ba21-92841172b8b5" />
      <TestMethod codeBase="D:\a\Fededim.Extensions.Configuration.Protected\Fededim.Extensions.Configuration.Protected\Fededim.Extensions.Configuration.Protected.DataProtectionAPITest\bin\Release\net8.0\Fededim.Extensions.Configuration.Protected.DataProtectionAPITest.dll" adapterTypeName="executor://xunit/VsTestRunner2/netcoreapp" className="Fededim.Extensions.Configuration.Protected.DataProtectionAPITest.DataProtectionAPIProtectProviderTest" name="RandomXmlFileTest" />
    </UnitTest>
    <UnitTest name="Fededim.Extensions.Configuration.Protected.DataProtectionAPITest.DataProtectionAPIProtectProviderTest.RandomInMemoryDictionaryTest" storage="d:\a\fededim.extensions.configuration.protected\fededim.extensions.configuration.protected\fededim.extensions.configuration.protected.dataprotectionapitest\bin\release\net8.0\fededim.extensions.configuration.protected.dataprotectionapitest.dll" id="092a9e9f-643d-a75f-e646-45602e92186b">
      <Execution id="a19e6fee-b341-41ad-975b-442c780c8821" />
      <TestMethod codeBase="D:\a\Fededim.Extensions.Configuration.Protected\Fededim.Extensions.Configuration.Protected\Fededim.Extensions.Configuration.Protected.DataProtectionAPITest\bin\Release\net8.0\Fededim.Extensions.Configuration.Protected.DataProtectionAPITest.dll" adapterTypeName="executor://xunit/VsTestRunner2/netcoreapp" className="Fededim.Extensions.Configuration.Protected.DataProtectionAPITest.DataProtectionAPIProtectProviderTest" name="RandomInMemoryDictionaryTest" />
    </UnitTest>
    <UnitTest name="Fededim.Extensions.Configuration.Protected.DataProtectionAPITest.DataProtectionAPIProtectProviderTest.RandomCommandLineTest" storage="d:\a\fededim.extensions.configuration.protected\fededim.extensions.configuration.protected\fededim.extensions.configuration.protected.dataprotectionapitest\bin\release\net8.0\fededim.extensions.configuration.protected.dataprotectionapitest.dll" id="f63be0dc-1fac-0d73-eab5-ec6ea7cf7b08">
      <Execution id="756129a0-e2a4-4ef2-b831-e0b8260f55bd" />
      <TestMethod codeBase="D:\a\Fededim.Extensions.Configuration.Protected\Fededim.Extensions.Configuration.Protected\Fededim.Extensions.Configuration.Protected.DataProtectionAPITest\bin\Release\net8.0\Fededim.Extensions.Configuration.Protected.DataProtectionAPITest.dll" adapterTypeName="executor://xunit/VsTestRunner2/netcoreapp" className="Fededim.Extensions.Configuration.Protected.DataProtectionAPITest.DataProtectionAPIProtectProviderTest" name="RandomCommandLineTest" />
    </UnitTest>
    <UnitTest name="Fededim.Extensions.Configuration.Protected.DataProtectionAPITest.DataProtectionAPIProtectProviderTest.RandomJsonFileTest(useJsonWithCommentFileProcessor: False)" storage="d:\a\fededim.extensions.configuration.protected\fededim.extensions.configuration.protected\fededim.extensions.configuration.protected.dataprotectionapitest\bin\release\net8.0\fededim.extensions.configuration.protected.dataprotectionapitest.dll" id="4ea3de90-a59d-3955-9940-560839244413">
      <Execution id="4cfefa4e-f177-429d-92f5-f90ba2319c56" />
      <TestMethod codeBase="D:\a\Fededim.Extensions.Configuration.Protected\Fededim.Extensions.Configuration.Protected\Fededim.Extensions.Configuration.Protected.DataProtectionAPITest\bin\Release\net8.0\Fededim.Extensions.Configuration.Protected.DataProtectionAPITest.dll" adapterTypeName="executor://xunit/VsTestRunner2/netcoreapp" className="Fededim.Extensions.Configuration.Protected.DataProtectionAPITest.DataProtectionAPIProtectProviderTest" name="RandomJsonFileTest" />
    </UnitTest>
    <UnitTest name="Fededim.Extensions.Configuration.Protected.DataProtectionAPITest.DataProtectionAPIProtectProviderTest.RandomEnvironmentVariablesTest" storage="d:\a\fededim.extensions.configuration.protected\fededim.extensions.configuration.protected\fededim.extensions.configuration.protected.dataprotectionapitest\bin\release\net8.0\fededim.extensions.configuration.protected.dataprotectionapitest.dll" id="331a13af-5866-8d6a-671d-a2abfea42096">
      <Execution id="9a9cec48-5e1c-488f-bcc0-fa4613cb79d8" />
      <TestMethod codeBase="D:\a\Fededim.Extensions.Configuration.Protected\Fededim.Extensions.Configuration.Protected\Fededim.Extensions.Configuration.Protected.DataProtectionAPITest\bin\Release\net8.0\Fededim.Extensions.Configuration.Protected.DataProtectionAPITest.dll" adapterTypeName="executor://xunit/VsTestRunner2/netcoreapp" className="Fededim.Extensions.Configuration.Protected.DataProtectionAPITest.DataProtectionAPIProtectProviderTest" name="RandomEnvironmentVariablesTest" />
    </UnitTest>
  </TestDefinitions>
  <TestEntries>
    <TestEntry testId="f63be0dc-1fac-0d73-eab5-ec6ea7cf7b08" executionId="756129a0-e2a4-4ef2-b831-e0b8260f55bd" testListId="8c84fa94-04c1-424b-9868-57a2d4851a1d" />
    <TestEntry testId="4ea3de90-a59d-3955-9940-560839244413" executionId="4cfefa4e-f177-429d-92f5-f90ba2319c56" testListId="8c84fa94-04c1-424b-9868-57a2d4851a1d" />
    <TestEntry testId="331a13af-5866-8d6a-671d-a2abfea42096" executionId="9a9cec48-5e1c-488f-bcc0-fa4613cb79d8" testListId="8c84fa94-04c1-424b-9868-57a2d4851a1d" />
    <TestEntry testId="092a9e9f-643d-a75f-e646-45602e92186b" executionId="a19e6fee-b341-41ad-975b-442c780c8821" testListId="8c84fa94-04c1-424b-9868-57a2d4851a1d" />
    <TestEntry testId="cab792d5-caf7-94cb-7dd5-8cd2bf26d466" executionId="7f81a172-c5df-44de-ba21-92841172b8b5" testListId="8c84fa94-04c1-424b-9868-57a2d4851a1d" />
    <TestEntry testId="40bc2ee2-12b8-c08c-ad81-e8c0efee775c" executionId="d0fd8257-8c16-4126-b502-cd7b1005dde5" testListId="8c84fa94-04c1-424b-9868-57a2d4851a1d" />
  </TestEntries>
  <TestLists>
    <TestList name="Results Not in a List" id="8c84fa94-04c1-424b-9868-57a2d4851a1d" />
    <TestList name="All Loaded Results" id="19431567-8539-422a-85d7-44ee4e166bda" />
  </TestLists>
  <ResultSummary outcome="Completed">
    <Counters total="6" executed="6" passed="6" failed="0" error="0" timeout="0" aborted="0" inconclusive="0" passedButRunAborted="0" notRunnable="0" notExecuted="0" disconnected="0" warning="0" completed="0" inProgress="0" pending="0" />
    <Output>
      <StdOut>[xUnit.net 00:00:00.00] xUnit.net VSTest Adapter v2.8.2+699d445a1a (64-bit .NET 8.0.10)&#xD;
[xUnit.net 00:00:00.09]   Discovering: Fededim.Extensions.Configuration.Protected.DataProtectionAPITest&#xD;
[xUnit.net 00:00:00.15]   Discovered:  Fededim.Extensions.Configuration.Protected.DataProtectionAPITest&#xD;
[xUnit.net 00:00:00.15]   Starting:    Fededim.Extensions.Configuration.Protected.DataProtectionAPITest&#xD;
[xUnit.net 00:00:31.42]   Finished:    Fededim.Extensions.Configuration.Protected.DataProtectionAPITest&#xD;
</StdOut>
    </Output>
  </ResultSummary>
</TestRun>