<?xml version="1.0" encoding="utf-8"?>
<TestRun id="92ff8d55-827e-41c6-8116-407d2631130d" name="runneradmin@fv-az1105-54 2024-10-09 19:57:47" runUser="fv-az1105-54\runneradmin" xmlns="http://microsoft.com/schemas/VisualStudio/TeamTest/2010">
  <Times creation="2024-10-09T19:57:47.7551590+00:00" queuing="2024-10-09T19:57:47.7551591+00:00" start="2024-10-09T19:57:40.2708623+00:00" finish="2024-10-09T19:58:38.2095393+00:00" />
  <TestSettings name="default" id="b3bd1312-20c2-4fa9-b3ae-77cf3c4c4dc3">
    <Deployment runDeploymentRoot="runneradmin_fv-az1105-54_2024-10-09_19_57_47" />
  </TestSettings>
  <Results>
    <UnitTestResult executionId="b79f921a-6589-4001-ad10-f93e7040af83" testId="f352b3e4-d8b2-0588-46bb-043afb7266c1" testName="Fededim.Extensions.Configuration.Protected.DataProtectionAPITest.DataProtectionAPIProtectProviderTest.RandomEnvironmentVariablesTest" computerName="fv-az1105-54" duration="00:00:01.2390000" startTime="2024-10-09T19:57:48.9590532+00:00" endTime="2024-10-09T19:57:48.9590532+00:00" testType="13cdc9d9-ddb5-4fa4-a97d-d965ccfc6d4b" outcome="Passed" testListId="8c84fa94-04c1-424b-9868-57a2d4851a1d" relativeResultsDirectory="b79f921a-6589-4001-ad10-f93e7040af83">
      <Output>
        <StdOut>10/9/2024 7:57:47 PM: Generating a random environment variables 100000 keys, autogenerated strings max length 20 and autogenerated array max length 10...&#xD;
10/9/2024 7:57:48 PM: Starting test...&#xD;
10/9/2024 7:57:48 PM: Generated random environment variables (note that Windows has a maximum size of 32KB for all environment variables, so not all 100000 keys could be created) duration 501ms &#xD;
10/9/2024 7:57:48 PM: Encrypted random environment variables duration 684ms &#xD;
10/9/2024 7:57:48 PM: Checked that all random environment variables are encrypted duration 2ms &#xD;
10/9/2024 7:57:48 PM: Loaded and decrypted random environment variables with ProtectedConfigurationBuilder duration 40ms &#xD;
10/9/2024 7:57:48 PM: Checked that 1576 entries are equal duration 0ms</StdOut>
      </Output>
    </UnitTestResult>
    <UnitTestResult executionId="730043e8-373b-4946-ad70-464f878eeccf" testId="a5b4138a-877c-581b-780d-3494b3972f17" testName="Fededim.Extensions.Configuration.Protected.DataProtectionAPITest.DataProtectionAPIProtectProviderTest.RandomInMemoryDictionaryTest" computerName="fv-az1105-54" duration="00:00:04.8480000" startTime="2024-10-09T19:57:47.7239586+00:00" endTime="2024-10-09T19:57:47.7239586+00:00" testType="13cdc9d9-ddb5-4fa4-a97d-d965ccfc6d4b" outcome="Passed" testListId="8c84fa94-04c1-424b-9868-57a2d4851a1d" relativeResultsDirectory="730043e8-373b-4946-ad70-464f878eeccf">
      <Output>
        <StdOut>10/9/2024 7:57:44 PM: Generating a random in-memory dictionary with 100000 keys, autogenerated strings max length 20 and autogenerated array max length 10...&#xD;
10/9/2024 7:57:44 PM: Starting test...&#xD;
10/9/2024 7:57:44 PM: Generated random in-memory dictionary duration 285ms &#xD;
10/9/2024 7:57:45 PM: Encrypted random in-memory dictionary duration 1013ms &#xD;
10/9/2024 7:57:45 PM: Checked that all random in-memory dictionary is encrypted duration 55ms &#xD;
10/9/2024 7:57:47 PM: Loaded and decrypted random in-memory dictionary with ProtectedConfigurationBuilder duration 1965ms &#xD;
10/9/2024 7:57:47 PM: Checked that 100000 entries are equal duration 51ms</StdOut>
      </Output>
    </UnitTestResult>
    <UnitTestResult executionId="8c16c9cf-fe77-49fc-bf32-bfc3fbbf50c0" testId="215bdca5-d044-0fe3-ab3a-2e4442ce76c5" testName="Fededim.Extensions.Configuration.Protected.DataProtectionAPITest.DataProtectionAPIProtectProviderTest.RandomJsonFileTest(useJsonWithCommentFileProcessor: False)" computerName="fv-az1105-54" duration="00:00:14.4530000" startTime="2024-10-09T19:58:17.6340325+00:00" endTime="2024-10-09T19:58:17.6340325+00:00" testType="13cdc9d9-ddb5-4fa4-a97d-d965ccfc6d4b" outcome="Passed" testListId="8c84fa94-04c1-424b-9868-57a2d4851a1d" relativeResultsDirectory="8c16c9cf-fe77-49fc-bf32-bfc3fbbf50c0">
      <Output>
        <StdOut>10/9/2024 7:58:03 PM: Generating a random JSON file with 100000 keys, autogenerated strings max length 20 and autogenerated array max length 10...&#xD;
10/9/2024 7:58:04 PM: File location file://D:/a/Fededim.Extensions.Configuration.Protected/Fededim.Extensions.Configuration.Protected/Fededim.Extensions.Configuration.Protected.DataProtectionAPITest/bin/Release/net462/random_922165749.json&#xD;
10/9/2024 7:58:04 PM: Generated random JSON file (248955 entries size 63014 KB) duration 1288ms &#xD;
10/9/2024 7:58:07 PM: Encrypted random JSON file (248955 entries size 88975 KB) duration 3523ms &#xD;
10/9/2024 7:58:08 PM: Checked that all random JSON file is encrypted duration 831ms &#xD;
10/9/2024 7:58:16 PM: Loaded and decrypted random JSON file with ProtectedConfigurationBuilder duration 8065ms &#xD;
10/9/2024 7:58:17 PM: Checked that 248955 entries are equal duration 743ms</StdOut>
      </Output>
    </UnitTestResult>
    <UnitTestResult executionId="fcce6a67-18f0-4040-b701-434e28a623fc" testId="f6916fa8-7335-1ac2-9bd9-068ab445ecb1" testName="Fededim.Extensions.Configuration.Protected.DataProtectionAPITest.DataProtectionAPIProtectProviderTest.RandomJsonFileTest(useJsonWithCommentFileProcessor: True)" computerName="fv-az1105-54" duration="00:00:14.2300000" startTime="2024-10-09T19:58:03.1874604+00:00" endTime="2024-10-09T19:58:03.1874604+00:00" testType="13cdc9d9-ddb5-4fa4-a97d-d965ccfc6d4b" outcome="Passed" testListId="8c84fa94-04c1-424b-9868-57a2d4851a1d" relativeResultsDirectory="fcce6a67-18f0-4040-b701-434e28a623fc">
      <Output>
        <StdOut>10/9/2024 7:57:49 PM: Generating a random JSON file with 100000 keys, autogenerated strings max length 20 and autogenerated array max length 10...&#xD;
10/9/2024 7:57:50 PM: File location file://D:/a/Fededim.Extensions.Configuration.Protected/Fededim.Extensions.Configuration.Protected/Fededim.Extensions.Configuration.Protected.DataProtectionAPITest/bin/Release/net462/random_1514125023.json&#xD;
10/9/2024 7:57:50 PM: Generated random JSON file (249122 entries size 59625 KB) duration 1519ms &#xD;
10/9/2024 7:57:53 PM: Encrypted random JSON file (249122 entries size 85613 KB) duration 3128ms &#xD;
10/9/2024 7:57:54 PM: Checked that all random JSON file is encrypted duration 856ms &#xD;
10/9/2024 7:58:02 PM: Loaded and decrypted random JSON file with ProtectedConfigurationBuilder duration 7914ms &#xD;
10/9/2024 7:58:03 PM: Checked that 249122 entries are equal duration 693ms</StdOut>
      </Output>
    </UnitTestResult>
    <UnitTestResult executionId="d0485fed-dc9d-4113-bb73-bb8494d739ef" testId="97ac352b-e433-e531-3210-5b085419ca0a" testName="Fededim.Extensions.Configuration.Protected.DataProtectionAPITest.DataProtectionAPIProtectProviderTest.RandomXmlFileTest" computerName="fv-az1105-54" duration="00:00:17.3010000" startTime="2024-10-09T19:58:34.9419963+00:00" endTime="2024-10-09T19:58:34.9419963+00:00" testType="13cdc9d9-ddb5-4fa4-a97d-d965ccfc6d4b" outcome="Passed" testListId="8c84fa94-04c1-424b-9868-57a2d4851a1d" relativeResultsDirectory="d0485fed-dc9d-4113-bb73-bb8494d739ef">
      <Output>
        <StdOut>10/9/2024 7:58:17 PM: Generating a random XML file with 100000 keys, autogenerated strings max length 20 and autogenerated array max length 10...&#xD;
10/9/2024 7:58:19 PM: File location file://D:/a/Fededim.Extensions.Configuration.Protected/Fededim.Extensions.Configuration.Protected/Fededim.Extensions.Configuration.Protected.DataProtectionAPITest/bin/Release/net462/random_1468186978.xml&#xD;
10/9/2024 7:58:19 PM: Generated random XML file (246159 entries size 64584 KB) duration 1915ms &#xD;
10/9/2024 7:58:23 PM: Encrypted random XML file (246159 entries size 90960 KB) duration 4142ms &#xD;
10/9/2024 7:58:24 PM: Checked that all random XML file is encrypted duration 1241ms &#xD;
10/9/2024 7:58:34 PM: Loaded and decrypted random XML file with ProtectedConfigurationBuilder duration 9394ms &#xD;
10/9/2024 7:58:34 PM: Checked that 202379 entries are equal duration 594ms</StdOut>
      </Output>
    </UnitTestResult>
    <UnitTestResult executionId="9f0e06c8-adb5-42c6-821b-ce2f2d9965ea" testId="b9bf8ed7-522c-e76a-b80e-8d05fc5adc83" testName="Fededim.Extensions.Configuration.Protected.DataProtectionAPITest.DataProtectionAPIProtectProviderTest.RandomCommandLineTest" computerName="fv-az1105-54" duration="00:00:03.1610000" startTime="2024-10-09T19:58:38.1006057+00:00" endTime="2024-10-09T19:58:38.1006057+00:00" testType="13cdc9d9-ddb5-4fa4-a97d-d965ccfc6d4b" outcome="Passed" testListId="8c84fa94-04c1-424b-9868-57a2d4851a1d" relativeResultsDirectory="9f0e06c8-adb5-42c6-821b-ce2f2d9965ea">
      <Output>
        <StdOut>10/9/2024 7:58:34 PM: Generating a random command line arguments with 100000 keys, autogenerated strings max length 20 and autogenerated array max length 10...&#xD;
10/9/2024 7:58:35 PM: Starting test...&#xD;
10/9/2024 7:58:35 PM: Generated random comand line args duration 247ms &#xD;
10/9/2024 7:58:36 PM: Encrypted random comand line args duration 815ms &#xD;
10/9/2024 7:58:36 PM: Checked that all random comand line args are encrypted duration 57ms &#xD;
10/9/2024 7:58:38 PM: Loaded and decrypted random comand line args with ProtectedConfigurationBuilder duration 1961ms &#xD;
10/9/2024 7:58:38 PM: Checked that 100000 entries are equal duration 55ms</StdOut>
      </Output>
    </UnitTestResult>
  </Results>
  <TestDefinitions>
    <UnitTest name="Fededim.Extensions.Configuration.Protected.DataProtectionAPITest.DataProtectionAPIProtectProviderTest.RandomXmlFileTest" storage="d:\a\fededim.extensions.configuration.protected\fededim.extensions.configuration.protected\fededim.extensions.configuration.protected.dataprotectionapitest\bin\release\net462\fededim.extensions.configuration.protected.dataprotectionapitest.dll" id="97ac352b-e433-e531-3210-5b085419ca0a">
      <Execution id="d0485fed-dc9d-4113-bb73-bb8494d739ef" />
      <TestMethod codeBase="D:\a\Fededim.Extensions.Configuration.Protected\Fededim.Extensions.Configuration.Protected\Fededim.Extensions.Configuration.Protected.DataProtectionAPITest\bin\Release\net462\Fededim.Extensions.Configuration.Protected.DataProtectionAPITest.dll" adapterTypeName="executor://xunit/VsTestRunner2/net" className="Fededim.Extensions.Configuration.Protected.DataProtectionAPITest.DataProtectionAPIProtectProviderTest" name="RandomXmlFileTest" />
    </UnitTest>
    <UnitTest name="Fededim.Extensions.Configuration.Protected.DataProtectionAPITest.DataProtectionAPIProtectProviderTest.RandomInMemoryDictionaryTest" storage="d:\a\fededim.extensions.configuration.protected\fededim.extensions.configuration.protected\fededim.extensions.configuration.protected.dataprotectionapitest\bin\release\net462\fededim.extensions.configuration.protected.dataprotectionapitest.dll" id="a5b4138a-877c-581b-780d-3494b3972f17">
      <Execution id="730043e8-373b-4946-ad70-464f878eeccf" />
      <TestMethod codeBase="D:\a\Fededim.Extensions.Configuration.Protected\Fededim.Extensions.Configuration.Protected\Fededim.Extensions.Configuration.Protected.DataProtectionAPITest\bin\Release\net462\Fededim.Extensions.Configuration.Protected.DataProtectionAPITest.dll" adapterTypeName="executor://xunit/VsTestRunner2/net" className="Fededim.Extensions.Configuration.Protected.DataProtectionAPITest.DataProtectionAPIProtectProviderTest" name="RandomInMemoryDictionaryTest" />
    </UnitTest>
    <UnitTest name="Fededim.Extensions.Configuration.Protected.DataProtectionAPITest.DataProtectionAPIProtectProviderTest.RandomEnvironmentVariablesTest" storage="d:\a\fededim.extensions.configuration.protected\fededim.extensions.configuration.protected\fededim.extensions.configuration.protected.dataprotectionapitest\bin\release\net462\fededim.extensions.configuration.protected.dataprotectionapitest.dll" id="f352b3e4-d8b2-0588-46bb-043afb7266c1">
      <Execution id="b79f921a-6589-4001-ad10-f93e7040af83" />
      <TestMethod codeBase="D:\a\Fededim.Extensions.Configuration.Protected\Fededim.Extensions.Configuration.Protected\Fededim.Extensions.Configuration.Protected.DataProtectionAPITest\bin\Release\net462\Fededim.Extensions.Configuration.Protected.DataProtectionAPITest.dll" adapterTypeName="executor://xunit/VsTestRunner2/net" className="Fededim.Extensions.Configuration.Protected.DataProtectionAPITest.DataProtectionAPIProtectProviderTest" name="RandomEnvironmentVariablesTest" />
    </UnitTest>
    <UnitTest name="Fededim.Extensions.Configuration.Protected.DataProtectionAPITest.DataProtectionAPIProtectProviderTest.RandomJsonFileTest(useJsonWithCommentFileProcessor: True)" storage="d:\a\fededim.extensions.configuration.protected\fededim.extensions.configuration.protected\fededim.extensions.configuration.protected.dataprotectionapitest\bin\release\net462\fededim.extensions.configuration.protected.dataprotectionapitest.dll" id="f6916fa8-7335-1ac2-9bd9-068ab445ecb1">
      <Execution id="fcce6a67-18f0-4040-b701-434e28a623fc" />
      <TestMethod codeBase="D:\a\Fededim.Extensions.Configuration.Protected\Fededim.Extensions.Configuration.Protected\Fededim.Extensions.Configuration.Protected.DataProtectionAPITest\bin\Release\net462\Fededim.Extensions.Configuration.Protected.DataProtectionAPITest.dll" adapterTypeName="executor://xunit/VsTestRunner2/net" className="Fededim.Extensions.Configuration.Protected.DataProtectionAPITest.DataProtectionAPIProtectProviderTest" name="RandomJsonFileTest" />
    </UnitTest>
    <UnitTest name="Fededim.Extensions.Configuration.Protected.DataProtectionAPITest.DataProtectionAPIProtectProviderTest.RandomCommandLineTest" storage="d:\a\fededim.extensions.configuration.protected\fededim.extensions.configuration.protected\fededim.extensions.configuration.protected.dataprotectionapitest\bin\release\net462\fededim.extensions.configuration.protected.dataprotectionapitest.dll" id="b9bf8ed7-522c-e76a-b80e-8d05fc5adc83">
      <Execution id="9f0e06c8-adb5-42c6-821b-ce2f2d9965ea" />
      <TestMethod codeBase="D:\a\Fededim.Extensions.Configuration.Protected\Fededim.Extensions.Configuration.Protected\Fededim.Extensions.Configuration.Protected.DataProtectionAPITest\bin\Release\net462\Fededim.Extensions.Configuration.Protected.DataProtectionAPITest.dll" adapterTypeName="executor://xunit/VsTestRunner2/net" className="Fededim.Extensions.Configuration.Protected.DataProtectionAPITest.DataProtectionAPIProtectProviderTest" name="RandomCommandLineTest" />
    </UnitTest>
    <UnitTest name="Fededim.Extensions.Configuration.Protected.DataProtectionAPITest.DataProtectionAPIProtectProviderTest.RandomJsonFileTest(useJsonWithCommentFileProcessor: False)" storage="d:\a\fededim.extensions.configuration.protected\fededim.extensions.configuration.protected\fededim.extensions.configuration.protected.dataprotectionapitest\bin\release\net462\fededim.extensions.configuration.protected.dataprotectionapitest.dll" id="215bdca5-d044-0fe3-ab3a-2e4442ce76c5">
      <Execution id="8c16c9cf-fe77-49fc-bf32-bfc3fbbf50c0" />
      <TestMethod codeBase="D:\a\Fededim.Extensions.Configuration.Protected\Fededim.Extensions.Configuration.Protected\Fededim.Extensions.Configuration.Protected.DataProtectionAPITest\bin\Release\net462\Fededim.Extensions.Configuration.Protected.DataProtectionAPITest.dll" adapterTypeName="executor://xunit/VsTestRunner2/net" className="Fededim.Extensions.Configuration.Protected.DataProtectionAPITest.DataProtectionAPIProtectProviderTest" name="RandomJsonFileTest" />
    </UnitTest>
  </TestDefinitions>
  <TestEntries>
    <TestEntry testId="f352b3e4-d8b2-0588-46bb-043afb7266c1" executionId="b79f921a-6589-4001-ad10-f93e7040af83" testListId="8c84fa94-04c1-424b-9868-57a2d4851a1d" />
    <TestEntry testId="a5b4138a-877c-581b-780d-3494b3972f17" executionId="730043e8-373b-4946-ad70-464f878eeccf" testListId="8c84fa94-04c1-424b-9868-57a2d4851a1d" />
    <TestEntry testId="215bdca5-d044-0fe3-ab3a-2e4442ce76c5" executionId="8c16c9cf-fe77-49fc-bf32-bfc3fbbf50c0" testListId="8c84fa94-04c1-424b-9868-57a2d4851a1d" />
    <TestEntry testId="f6916fa8-7335-1ac2-9bd9-068ab445ecb1" executionId="fcce6a67-18f0-4040-b701-434e28a623fc" testListId="8c84fa94-04c1-424b-9868-57a2d4851a1d" />
    <TestEntry testId="97ac352b-e433-e531-3210-5b085419ca0a" executionId="d0485fed-dc9d-4113-bb73-bb8494d739ef" testListId="8c84fa94-04c1-424b-9868-57a2d4851a1d" />
    <TestEntry testId="b9bf8ed7-522c-e76a-b80e-8d05fc5adc83" executionId="9f0e06c8-adb5-42c6-821b-ce2f2d9965ea" testListId="8c84fa94-04c1-424b-9868-57a2d4851a1d" />
  </TestEntries>
  <TestLists>
    <TestList name="Results Not in a List" id="8c84fa94-04c1-424b-9868-57a2d4851a1d" />
    <TestList name="All Loaded Results" id="19431567-8539-422a-85d7-44ee4e166bda" />
  </TestLists>
  <ResultSummary outcome="Completed">
    <Counters total="6" executed="6" passed="6" failed="0" error="0" timeout="0" aborted="0" inconclusive="0" passedButRunAborted="0" notRunnable="0" notExecuted="0" disconnected="0" warning="0" completed="0" inProgress="0" pending="0" />
    <Output>
      <StdOut>[xUnit.net 00:00:00.04] xUnit.net VSTest Adapter v2.8.2+699d445a1a (64-bit .NET Framework 4.8.9266.0)&#xD;
[xUnit.net 00:00:01.35]   Discovering: Fededim.Extensions.Configuration.Protected.DataProtectionAPITest&#xD;
[xUnit.net 00:00:01.48]   Discovered:  Fededim.Extensions.Configuration.Protected.DataProtectionAPITest&#xD;
[xUnit.net 00:00:01.48]   Starting:    Fededim.Extensions.Configuration.Protected.DataProtectionAPITest&#xD;
[xUnit.net 00:00:56.91]   Finished:    Fededim.Extensions.Configuration.Protected.DataProtectionAPITest&#xD;
</StdOut>
    </Output>
  </ResultSummary>
</TestRun>