<?xml version="1.0" encoding="utf-8"?>
<TestRun id="7ee5c68e-30e6-4b2a-8685-b01211b7a92f" name="runneradmin@fv-az1388-192 2024-12-08 20:11:33" runUser="fv-az1388-192\runneradmin" xmlns="http://microsoft.com/schemas/VisualStudio/TeamTest/2010">
  <Times creation="2024-12-08T20:11:33.7825365+00:00" queuing="2024-12-08T20:11:33.7825369+00:00" start="2024-12-08T20:11:20.5970585+00:00" finish="2024-12-08T20:13:55.5383509+00:00" />
  <TestSettings name="default" id="e154299d-4653-4868-860d-ee03a474bf3a">
    <Deployment runDeploymentRoot="runneradmin_fv-az1388-192_2024-12-08_20_11_33" />
  </TestSettings>
  <Results>
    <UnitTestResult executionId="2af71fab-3cd7-4396-ad91-eb85d407e2ca" testId="b51079a5-ff93-277c-c6d0-2b0eb1149993" testName="Fededim.Extensions.Configuration.Protected.DataProtectionAPITest.PassthroughProtectProviderTest.RandomEnvironmentVariablesTest" computerName="fv-az1388-192" duration="00:00:04.5750000" startTime="2024-12-08T20:13:16.4884572+00:00" endTime="2024-12-08T20:13:16.4884572+00:00" testType="13cdc9d9-ddb5-4fa4-a97d-d965ccfc6d4b" outcome="Passed" testListId="8c84fa94-04c1-424b-9868-57a2d4851a1d" relativeResultsDirectory="2af71fab-3cd7-4396-ad91-eb85d407e2ca">
      <Output>
        <StdOut>12/8/2024 8:13:11 PM: Generating a random environment variables 100000 keys, autogenerated strings max length 20 and autogenerated array max length 10...&#xD;
12/8/2024 8:13:14 PM: Starting test...&#xD;
12/8/2024 8:13:14 PM: Generated random environment variables (NumEntries 2000 NumValues 5125 TID 14, note that Windows has a maximum size of 32KB for all environment variables, so not all 100000 keys could be created) duration 2698ms &#xD;
12/8/2024 8:13:15 PM: Encrypted random environment variables duration 1188ms &#xD;
12/8/2024 8:13:15 PM: Checked that all random environment variables are encrypted duration 5ms &#xD;
12/8/2024 8:13:15 PM: Loaded and decrypted random environment variables with ProtectedConfigurationBuilder duration 15ms &#xD;
12/8/2024 8:13:15 PM: Checked that 1615 entries are equal duration 1ms</StdOut>
      </Output>
    </UnitTestResult>
    <UnitTestResult executionId="931b7973-92db-40a2-a91f-a1424df26c7b" testId="b6fd352f-d0bb-6f9f-e8b5-484cb632db0b" testName="Fededim.Extensions.Configuration.Protected.DataProtectionAPITest.ReverseChainedPassthroughProtectProviderTest.RandomJsonFileTest(useJsonWithCommentFileProcessor: False)" computerName="fv-az1388-192" duration="00:00:26.1260000" startTime="2024-12-08T20:12:36.0896244+00:00" endTime="2024-12-08T20:12:36.0896244+00:00" testType="13cdc9d9-ddb5-4fa4-a97d-d965ccfc6d4b" outcome="Passed" testListId="8c84fa94-04c1-424b-9868-57a2d4851a1d" relativeResultsDirectory="931b7973-92db-40a2-a91f-a1424df26c7b">
      <Output>
        <StdOut>12/8/2024 8:12:09 PM: Generating a random JSON file with 100000 keys, autogenerated strings max length 20 and autogenerated array max length 10...&#xD;
12/8/2024 8:12:12 PM: File location file://D:/a/Fededim.Extensions.Configuration.Protected/Fededim.Extensions.Configuration.Protected/Fededim.Extensions.Configuration.Protected.DataProtectionAPITest/bin/Release/net462/random_768a13f5-8835-4428-b0ec-204ee7de5d4a.json&#xD;
12/8/2024 8:12:12 PM: Generated random JSON file (NumEntries 100000 NumValues 248989 size 61003 KB) duration 2884ms &#xD;
12/8/2024 8:12:18 PM: Encrypted random JSON file (NumEntries 100000 NumValues 248989 size 61387 KB) duration 5591ms &#xD;
12/8/2024 8:12:20 PM: Checked that all random JSON file is encrypted duration 2401ms &#xD;
12/8/2024 8:12:32 PM: Loaded and decrypted random JSON file with ProtectedConfigurationBuilder duration 00:00:11.4955427 &#xD;
12/8/2024 8:12:36 PM: Checked that 248989 entries are equal duration 3752ms</StdOut>
      </Output>
    </UnitTestResult>
    <UnitTestResult executionId="2294ad26-b195-4dc8-9663-0479c4fd8000" testId="20fa24cf-117e-2734-ecaa-01279073fded" testName="Fededim.Extensions.Configuration.Protected.DataProtectionAPITest.PassthroughProtectProviderTest.RandomInMemoryDictionaryTest" computerName="fv-az1388-192" duration="00:00:03.5840000" startTime="2024-12-08T20:12:18.6253532+00:00" endTime="2024-12-08T20:12:18.6253532+00:00" testType="13cdc9d9-ddb5-4fa4-a97d-d965ccfc6d4b" outcome="Passed" testListId="8c84fa94-04c1-424b-9868-57a2d4851a1d" relativeResultsDirectory="2294ad26-b195-4dc8-9663-0479c4fd8000">
      <Output>
        <StdOut>12/8/2024 8:12:15 PM: Generating a random in-memory dictionary with 100000 keys, autogenerated strings max length 20 and autogenerated array max length 10...&#xD;
12/8/2024 8:12:15 PM: Starting test...&#xD;
12/8/2024 8:12:15 PM: Generated random in-memory dictionary (NumEntries 100000 NumValues 249732) duration 930ms &#xD;
12/8/2024 8:12:17 PM: Encrypted random in-memory dictionary duration 1411ms &#xD;
12/8/2024 8:12:17 PM: Checked that all random in-memory dictionary is encrypted duration 226ms &#xD;
12/8/2024 8:12:18 PM: Loaded and decrypted random in-memory dictionary with ProtectedConfigurationBuilder duration 757ms &#xD;
12/8/2024 8:12:18 PM: Checked that 100000 entries are equal duration 255ms</StdOut>
      </Output>
    </UnitTestResult>
    <UnitTestResult executionId="95a59ded-375f-46e1-8d86-251ac78a0d1c" testId="efb735a9-3ad5-1771-1fbc-4b718376ccc7" testName="Fededim.Extensions.Configuration.Protected.DataProtectionAPITest.ReverseChainedDataProtectionAPIProtectProviderTest.RandomXmlFileTest" computerName="fv-az1388-192" duration="00:00:22.5530000" startTime="2024-12-08T20:13:46.0855933+00:00" endTime="2024-12-08T20:13:46.0855933+00:00" testType="13cdc9d9-ddb5-4fa4-a97d-d965ccfc6d4b" outcome="Passed" testListId="8c84fa94-04c1-424b-9868-57a2d4851a1d" relativeResultsDirectory="95a59ded-375f-46e1-8d86-251ac78a0d1c">
      <Output>
        <StdOut>12/8/2024 8:13:23 PM: Generating a random XML file with 100000 keys, autogenerated strings max length 20 and autogenerated array max length 10...&#xD;
12/8/2024 8:13:25 PM: File location file://D:/a/Fededim.Extensions.Configuration.Protected/Fededim.Extensions.Configuration.Protected/Fededim.Extensions.Configuration.Protected.DataProtectionAPITest/bin/Release/net462/random_1a7dcc0b-3519-4b88-b5c6-57d1fad3de17.xml&#xD;
12/8/2024 8:13:25 PM: Generated random XML file (NumEntries 100000 NumValues 249048 size 63715 KB) duration 2413ms &#xD;
12/8/2024 8:13:30 PM: Encrypted random XML file (NumEntries 100000 NumValues 249048 size 89919 KB) duration 4563ms &#xD;
12/8/2024 8:13:32 PM: Checked that all random XML file is encrypted duration 2019ms &#xD;
12/8/2024 8:13:45 PM: Loaded and decrypted random XML file with ProtectedConfigurationBuilder duration 00:00:12.8977570 &#xD;
12/8/2024 8:13:46 PM: Checked that 201082 entries are equal duration 658ms</StdOut>
      </Output>
    </UnitTestResult>
    <UnitTestResult executionId="a5bf98f0-1bd3-41d8-934a-a7d0002ebd14" testId="b5fa2e2b-5ba5-fac3-aba2-27926978692e" testName="Fededim.Extensions.Configuration.Protected.DataProtectionAPITest.ReverseChainedPassthroughProtectProviderTest.RandomJsonFileTest(useJsonWithCommentFileProcessor: True)" computerName="fv-az1388-192" duration="00:00:32.9570000" startTime="2024-12-08T20:12:09.9654484+00:00" endTime="2024-12-08T20:12:09.9654484+00:00" testType="13cdc9d9-ddb5-4fa4-a97d-d965ccfc6d4b" outcome="Passed" testListId="8c84fa94-04c1-424b-9868-57a2d4851a1d" relativeResultsDirectory="a5bf98f0-1bd3-41d8-934a-a7d0002ebd14">
      <Output>
        <StdOut>12/8/2024 8:11:37 PM: Generating a random JSON file with 100000 keys, autogenerated strings max length 20 and autogenerated array max length 10...&#xD;
12/8/2024 8:11:39 PM: File location file://D:/a/Fededim.Extensions.Configuration.Protected/Fededim.Extensions.Configuration.Protected/Fededim.Extensions.Configuration.Protected.DataProtectionAPITest/bin/Release/net462/random_5f35a5f8-630b-4236-a77d-2190cfdb91af.json&#xD;
12/8/2024 8:11:39 PM: Generated random JSON file (NumEntries 100000 NumValues 250641 size 57683 KB) duration 2397ms &#xD;
12/8/2024 8:11:47 PM: Encrypted random JSON file (NumEntries 100000 NumValues 250641 size 58069 KB) duration 7663ms &#xD;
12/8/2024 8:11:49 PM: Checked that all random JSON file is encrypted duration 2296ms &#xD;
12/8/2024 8:12:06 PM: Loaded and decrypted random JSON file with ProtectedConfigurationBuilder duration 00:00:17.0937622 &#xD;
12/8/2024 8:12:09 PM: Checked that 250641 entries are equal duration 3503ms</StdOut>
      </Output>
    </UnitTestResult>
    <UnitTestResult executionId="b296b587-7831-48cd-932f-586b15a030b9" testId="dc307d4d-4502-7282-1f60-31615d2a0d24" testName="Fededim.Extensions.Configuration.Protected.DataProtectionAPITest.ReverseChainedPassthroughProtectProviderTest.RandomXmlFileTest" computerName="fv-az1388-192" duration="00:00:32.9130000" startTime="2024-12-08T20:13:09.2019794+00:00" endTime="2024-12-08T20:13:09.2019794+00:00" testType="13cdc9d9-ddb5-4fa4-a97d-d965ccfc6d4b" outcome="Passed" testListId="8c84fa94-04c1-424b-9868-57a2d4851a1d" relativeResultsDirectory="b296b587-7831-48cd-932f-586b15a030b9">
      <Output>
        <StdOut>12/8/2024 8:12:36 PM: Generating a random XML file with 100000 keys, autogenerated strings max length 20 and autogenerated array max length 10...&#xD;
12/8/2024 8:12:42 PM: File location file://D:/a/Fededim.Extensions.Configuration.Protected/Fededim.Extensions.Configuration.Protected/Fededim.Extensions.Configuration.Protected.DataProtectionAPITest/bin/Release/net462/random_8477fa7c-1718-4ad0-b0cb-c6cb800b1b47.xml&#xD;
12/8/2024 8:12:42 PM: Generated random XML file (NumEntries 100000 NumValues 250766 size 61821 KB) duration 6089ms &#xD;
12/8/2024 8:12:52 PM: Encrypted random XML file (NumEntries 100000 NumValues 250766 size 62213 KB) duration 00:00:10.5044796 &#xD;
12/8/2024 8:12:55 PM: Checked that all random XML file is encrypted duration 3263ms &#xD;
12/8/2024 8:13:04 PM: Loaded and decrypted random XML file with ProtectedConfigurationBuilder duration 8665ms &#xD;
12/8/2024 8:13:09 PM: Checked that 202713 entries are equal duration 4389ms</StdOut>
      </Output>
    </UnitTestResult>
    <UnitTestResult executionId="5703f88e-e301-48d7-a855-3a8af8bc8300" testId="215bdca5-d044-0fe3-ab3a-2e4442ce76c5" testName="Fededim.Extensions.Configuration.Protected.DataProtectionAPITest.DataProtectionAPIProtectProviderTest.RandomJsonFileTest(useJsonWithCommentFileProcessor: False)" computerName="fv-az1388-192" duration="00:00:22.2470000" startTime="2024-12-08T20:13:30.5442956+00:00" endTime="2024-12-08T20:13:30.5442956+00:00" testType="13cdc9d9-ddb5-4fa4-a97d-d965ccfc6d4b" outcome="Passed" testListId="8c84fa94-04c1-424b-9868-57a2d4851a1d" relativeResultsDirectory="5703f88e-e301-48d7-a855-3a8af8bc8300">
      <Output>
        <StdOut>12/8/2024 8:13:08 PM: Generating a random JSON file with 100000 keys, autogenerated strings max length 20 and autogenerated array max length 10...&#xD;
12/8/2024 8:13:10 PM: File location file://D:/a/Fededim.Extensions.Configuration.Protected/Fededim.Extensions.Configuration.Protected/Fededim.Extensions.Configuration.Protected.DataProtectionAPITest/bin/Release/net462/random_2ff3619d-996f-4d6e-acd7-f2debe1baefe.json&#xD;
12/8/2024 8:13:10 PM: Generated random JSON file (NumEntries 100000 NumValues 250432 size 60052 KB) duration 2005ms &#xD;
12/8/2024 8:13:17 PM: Encrypted random JSON file (NumEntries 100000 NumValues 250432 size 86140 KB) duration 7121ms &#xD;
12/8/2024 8:13:19 PM: Checked that all random JSON file is encrypted duration 2033ms &#xD;
12/8/2024 8:13:29 PM: Loaded and decrypted random JSON file with ProtectedConfigurationBuilder duration 00:00:10.2793712 &#xD;
12/8/2024 8:13:30 PM: Checked that 250432 entries are equal duration 806ms</StdOut>
      </Output>
    </UnitTestResult>
    <UnitTestResult executionId="30dad687-3772-4c2a-b4e5-4a461efb5433" testId="f6916fa8-7335-1ac2-9bd9-068ab445ecb1" testName="Fededim.Extensions.Configuration.Protected.DataProtectionAPITest.DataProtectionAPIProtectProviderTest.RandomJsonFileTest(useJsonWithCommentFileProcessor: True)" computerName="fv-az1388-192" duration="00:01:08.4410000" startTime="2024-12-08T20:13:08.2955432+00:00" endTime="2024-12-08T20:13:08.2955432+00:00" testType="13cdc9d9-ddb5-4fa4-a97d-d965ccfc6d4b" outcome="Passed" testListId="8c84fa94-04c1-424b-9868-57a2d4851a1d" relativeResultsDirectory="30dad687-3772-4c2a-b4e5-4a461efb5433">
      <Output>
        <StdOut>12/8/2024 8:11:59 PM: Generating a random JSON file with 100000 keys, autogenerated strings max length 20 and autogenerated array max length 10...&#xD;
12/8/2024 8:12:06 PM: File location file://D:/a/Fededim.Extensions.Configuration.Protected/Fededim.Extensions.Configuration.Protected/Fededim.Extensions.Configuration.Protected.DataProtectionAPITest/bin/Release/net462/random_e128d7c4-b72e-43ee-8c83-663157002a54.json&#xD;
12/8/2024 8:12:06 PM: Generated random JSON file (NumEntries 100000 NumValues 249353 size 63016 KB) duration 6528ms &#xD;
12/8/2024 8:12:23 PM: Encrypted random JSON file (NumEntries 100000 NumValues 249353 size 89042 KB) duration 00:00:17.0830120 &#xD;
12/8/2024 8:12:27 PM: Checked that all random JSON file is encrypted duration 4051ms &#xD;
12/8/2024 8:13:02 PM: Loaded and decrypted random JSON file with ProtectedConfigurationBuilder duration 00:00:34.9436191 &#xD;
12/8/2024 8:13:08 PM: Checked that 249353 entries are equal duration 5803ms</StdOut>
      </Output>
    </UnitTestResult>
    <UnitTestResult executionId="2fbe2a84-0ca1-4484-8adb-7f3b8771debc" testId="21abf860-ed3d-2e49-4a1e-a39daf2ff1b2" testName="Fededim.Extensions.Configuration.Protected.DataProtectionAPITest.ReverseChainedPassthroughProtectProviderTest.RandomCommandLineTest" computerName="fv-az1388-192" duration="00:00:03.2880000" startTime="2024-12-08T20:11:37.0069710+00:00" endTime="2024-12-08T20:11:37.0069710+00:00" testType="13cdc9d9-ddb5-4fa4-a97d-d965ccfc6d4b" outcome="Passed" testListId="8c84fa94-04c1-424b-9868-57a2d4851a1d" relativeResultsDirectory="2fbe2a84-0ca1-4484-8adb-7f3b8771debc">
      <Output>
        <StdOut>12/8/2024 8:11:33 PM: Generating a random command line arguments with 100000 keys, autogenerated strings max length 20 and autogenerated array max length 10...&#xD;
12/8/2024 8:11:34 PM: Starting test...&#xD;
12/8/2024 8:11:34 PM: Generated random comand line args (NumEntries 100000 NumValues 249639) duration 527ms &#xD;
12/8/2024 8:11:35 PM: Encrypted random comand line args duration 1257ms &#xD;
12/8/2024 8:11:35 PM: Checked that all random comand line args are encrypted duration 196ms &#xD;
12/8/2024 8:11:36 PM: Loaded and decrypted random comand line args with ProtectedConfigurationBuilder duration 1023ms &#xD;
12/8/2024 8:11:37 PM: Checked that 100000 entries are equal duration 150ms</StdOut>
      </Output>
    </UnitTestResult>
    <UnitTestResult executionId="fd793cfe-7c96-4295-a6f7-adffd49f6db5" testId="f352b3e4-d8b2-0588-46bb-043afb7266c1" testName="Fededim.Extensions.Configuration.Protected.DataProtectionAPITest.DataProtectionAPIProtectProviderTest.RandomEnvironmentVariablesTest" computerName="fv-az1388-192" duration="00:00:14.5120000" startTime="2024-12-08T20:11:59.9902029+00:00" endTime="2024-12-08T20:11:59.9902029+00:00" testType="13cdc9d9-ddb5-4fa4-a97d-d965ccfc6d4b" outcome="Passed" testListId="8c84fa94-04c1-424b-9868-57a2d4851a1d" relativeResultsDirectory="fd793cfe-7c96-4295-a6f7-adffd49f6db5">
      <Output>
        <StdOut>12/8/2024 8:11:45 PM: Generating a random environment variables 100000 keys, autogenerated strings max length 20 and autogenerated array max length 10...&#xD;
12/8/2024 8:11:49 PM: Starting test...&#xD;
12/8/2024 8:11:49 PM: Generated random environment variables (NumEntries 2000 NumValues 5107 TID 8, note that Windows has a maximum size of 32KB for all environment variables, so not all 100000 keys could be created) duration 4009ms &#xD;
12/8/2024 8:11:56 PM: Encrypted random environment variables duration 7215ms &#xD;
12/8/2024 8:11:56 PM: Checked that all random environment variables are encrypted duration 14ms &#xD;
12/8/2024 8:11:56 PM: Loaded and decrypted random environment variables with ProtectedConfigurationBuilder duration 84ms &#xD;
12/8/2024 8:11:56 PM: Checked that 1582 entries are equal duration 1ms</StdOut>
      </Output>
    </UnitTestResult>
    <UnitTestResult executionId="3ad2a590-58c7-4dfe-8304-04f5af70121e" testId="83d9d3b3-01c1-e554-7b15-bf5199894c8f" testName="Fededim.Extensions.Configuration.Protected.DataProtectionAPITest.ReverseChainedDataProtectionAPIProtectProviderTest.RandomJsonFileTest(useJsonWithCommentFileProcessor: False)" computerName="fv-az1388-192" duration="00:00:42.6950000" startTime="2024-12-08T20:13:23.5237919+00:00" endTime="2024-12-08T20:13:23.5237919+00:00" testType="13cdc9d9-ddb5-4fa4-a97d-d965ccfc6d4b" outcome="Passed" testListId="8c84fa94-04c1-424b-9868-57a2d4851a1d" relativeResultsDirectory="3ad2a590-58c7-4dfe-8304-04f5af70121e">
      <Output>
        <StdOut>12/8/2024 8:12:40 PM: Generating a random JSON file with 100000 keys, autogenerated strings max length 20 and autogenerated array max length 10...&#xD;
12/8/2024 8:12:42 PM: File location file://D:/a/Fededim.Extensions.Configuration.Protected/Fededim.Extensions.Configuration.Protected/Fededim.Extensions.Configuration.Protected.DataProtectionAPITest/bin/Release/net462/random_13f503eb-2a52-458d-a2e9-5dcffcc40012.json&#xD;
12/8/2024 8:12:42 PM: Generated random JSON file (NumEntries 100000 NumValues 249762 size 61830 KB) duration 2117ms &#xD;
12/8/2024 8:13:01 PM: Encrypted random JSON file (NumEntries 100000 NumValues 249762 size 87920 KB) duration 00:00:18.2632628 &#xD;
12/8/2024 8:13:02 PM: Checked that all random JSON file is encrypted duration 1605ms &#xD;
12/8/2024 8:13:22 PM: Loaded and decrypted random JSON file with ProtectedConfigurationBuilder duration 00:00:19.8893691 &#xD;
12/8/2024 8:13:23 PM: Checked that 249762 entries are equal duration 818ms</StdOut>
      </Output>
    </UnitTestResult>
    <UnitTestResult executionId="e77a2e0c-3f80-44ac-b50f-d1380343f82c" testId="ade5454d-acc1-63ed-986a-ba08d0a9b3c4" testName="Fededim.Extensions.Configuration.Protected.DataProtectionAPITest.PassthroughProtectProviderTest.RandomJsonFileTest(useJsonWithCommentFileProcessor: False)" computerName="fv-az1388-192" duration="00:00:29.1270000" startTime="2024-12-08T20:12:47.7841863+00:00" endTime="2024-12-08T20:12:47.7841863+00:00" testType="13cdc9d9-ddb5-4fa4-a97d-d965ccfc6d4b" outcome="Passed" testListId="8c84fa94-04c1-424b-9868-57a2d4851a1d" relativeResultsDirectory="e77a2e0c-3f80-44ac-b50f-d1380343f82c">
      <Output>
        <StdOut>12/8/2024 8:12:18 PM: Generating a random JSON file with 100000 keys, autogenerated strings max length 20 and autogenerated array max length 10...&#xD;
12/8/2024 8:12:21 PM: File location file://D:/a/Fededim.Extensions.Configuration.Protected/Fededim.Extensions.Configuration.Protected/Fededim.Extensions.Configuration.Protected.DataProtectionAPITest/bin/Release/net462/random_736f3932-ea82-49d9-bbf6-4da61f31a2a9.json&#xD;
12/8/2024 8:12:21 PM: Generated random JSON file (NumEntries 100000 NumValues 249019 size 60369 KB) duration 2739ms &#xD;
12/8/2024 8:12:30 PM: Encrypted random JSON file (NumEntries 100000 NumValues 249019 size 60752 KB) duration 9600ms &#xD;
12/8/2024 8:12:33 PM: Checked that all random JSON file is encrypted duration 2142ms &#xD;
12/8/2024 8:12:43 PM: Loaded and decrypted random JSON file with ProtectedConfigurationBuilder duration 00:00:10.3175536 &#xD;
12/8/2024 8:12:47 PM: Checked that 249019 entries are equal duration 4326ms</StdOut>
      </Output>
    </UnitTestResult>
    <UnitTestResult executionId="51e486fb-1667-4803-96d4-a69f61b97510" testId="a5b4138a-877c-581b-780d-3494b3972f17" testName="Fededim.Extensions.Configuration.Protected.DataProtectionAPITest.DataProtectionAPIProtectProviderTest.RandomInMemoryDictionaryTest" computerName="fv-az1388-192" duration="00:00:15.1770000" startTime="2024-12-08T20:11:45.3462330+00:00" endTime="2024-12-08T20:11:45.3462330+00:00" testType="13cdc9d9-ddb5-4fa4-a97d-d965ccfc6d4b" outcome="Passed" testListId="8c84fa94-04c1-424b-9868-57a2d4851a1d" relativeResultsDirectory="51e486fb-1667-4803-96d4-a69f61b97510">
      <Output>
        <StdOut>12/8/2024 8:11:33 PM: Generating a random in-memory dictionary with 100000 keys, autogenerated strings max length 20 and autogenerated array max length 10...&#xD;
12/8/2024 8:11:34 PM: Starting test...&#xD;
12/8/2024 8:11:34 PM: Generated random in-memory dictionary (NumEntries 100000 NumValues 250697) duration 432ms &#xD;
12/8/2024 8:11:37 PM: Encrypted random in-memory dictionary duration 3177ms &#xD;
12/8/2024 8:11:37 PM: Checked that all random in-memory dictionary is encrypted duration 217ms &#xD;
12/8/2024 8:11:44 PM: Loaded and decrypted random in-memory dictionary with ProtectedConfigurationBuilder duration 7523ms &#xD;
12/8/2024 8:11:45 PM: Checked that 100000 entries are equal duration 363ms</StdOut>
      </Output>
    </UnitTestResult>
    <UnitTestResult executionId="674ecfd6-6b76-4f05-8fde-2f685056f230" testId="b9bf8ed7-522c-e76a-b80e-8d05fc5adc83" testName="Fededim.Extensions.Configuration.Protected.DataProtectionAPITest.DataProtectionAPIProtectProviderTest.RandomCommandLineTest" computerName="fv-az1388-192" duration="00:00:03.2450000" startTime="2024-12-08T20:13:55.2003175+00:00" endTime="2024-12-08T20:13:55.2003175+00:00" testType="13cdc9d9-ddb5-4fa4-a97d-d965ccfc6d4b" outcome="Passed" testListId="8c84fa94-04c1-424b-9868-57a2d4851a1d" relativeResultsDirectory="674ecfd6-6b76-4f05-8fde-2f685056f230">
      <Output>
        <StdOut>12/8/2024 8:13:51 PM: Generating a random command line arguments with 100000 keys, autogenerated strings max length 20 and autogenerated array max length 10...&#xD;
12/8/2024 8:13:52 PM: Starting test...&#xD;
12/8/2024 8:13:52 PM: Generated random comand line args (NumEntries 100000 NumValues 249151) duration 299ms &#xD;
12/8/2024 8:13:53 PM: Encrypted random comand line args duration 913ms &#xD;
12/8/2024 8:13:53 PM: Checked that all random comand line args are encrypted duration 60ms &#xD;
12/8/2024 8:13:55 PM: Loaded and decrypted random comand line args with ProtectedConfigurationBuilder duration 1913ms &#xD;
12/8/2024 8:13:55 PM: Checked that 100000 entries are equal duration 57ms</StdOut>
      </Output>
    </UnitTestResult>
    <UnitTestResult executionId="d3927dcf-38fc-4fd4-b178-1d7cb85a7a53" testId="60df3619-3efb-dbb7-6212-6602ebf68f95" testName="Fededim.Extensions.Configuration.Protected.DataProtectionAPITest.ReverseChainedDataProtectionAPIProtectProviderTest.RandomCommandLineTest" computerName="fv-az1388-192" duration="00:00:03.2520000" startTime="2024-12-08T20:13:50.9632673+00:00" endTime="2024-12-08T20:13:50.9632673+00:00" testType="13cdc9d9-ddb5-4fa4-a97d-d965ccfc6d4b" outcome="Passed" testListId="8c84fa94-04c1-424b-9868-57a2d4851a1d" relativeResultsDirectory="d3927dcf-38fc-4fd4-b178-1d7cb85a7a53">
      <Output>
        <StdOut>12/8/2024 8:13:47 PM: Generating a random command line arguments with 100000 keys, autogenerated strings max length 20 and autogenerated array max length 10...&#xD;
12/8/2024 8:13:47 PM: Starting test...&#xD;
12/8/2024 8:13:47 PM: Generated random comand line args (NumEntries 100000 NumValues 249370) duration 277ms &#xD;
12/8/2024 8:13:48 PM: Encrypted random comand line args duration 921ms &#xD;
12/8/2024 8:13:48 PM: Checked that all random comand line args are encrypted duration 72ms &#xD;
12/8/2024 8:13:50 PM: Loaded and decrypted random comand line args with ProtectedConfigurationBuilder duration 1921ms &#xD;
12/8/2024 8:13:50 PM: Checked that 100000 entries are equal duration 58ms</StdOut>
      </Output>
    </UnitTestResult>
    <UnitTestResult executionId="ed3376e2-aff7-4805-9194-b282b01a80ad" testId="f4974d5b-c288-bf3b-c0f6-abb4edc5d313" testName="Fededim.Extensions.Configuration.Protected.DataProtectionAPITest.ReverseChainedDataProtectionAPIProtectProviderTest.RandomEnvironmentVariablesTest" computerName="fv-az1388-192" duration="00:00:01.6220000" startTime="2024-12-08T20:13:47.7114389+00:00" endTime="2024-12-08T20:13:47.7114389+00:00" testType="13cdc9d9-ddb5-4fa4-a97d-d965ccfc6d4b" outcome="Passed" testListId="8c84fa94-04c1-424b-9868-57a2d4851a1d" relativeResultsDirectory="ed3376e2-aff7-4805-9194-b282b01a80ad">
      <Output>
        <StdOut>12/8/2024 8:13:46 PM: Generating a random environment variables 100000 keys, autogenerated strings max length 20 and autogenerated array max length 10...&#xD;
12/8/2024 8:13:46 PM: Starting test...&#xD;
12/8/2024 8:13:46 PM: Generated random environment variables (NumEntries 2000 NumValues 4883 TID 16, note that Windows has a maximum size of 32KB for all environment variables, so not all 100000 keys could be created) duration 502ms &#xD;
12/8/2024 8:13:47 PM: Encrypted random environment variables duration 668ms &#xD;
12/8/2024 8:13:47 PM: Checked that all random environment variables are encrypted duration 5ms &#xD;
12/8/2024 8:13:47 PM: Loaded and decrypted random environment variables with ProtectedConfigurationBuilder duration 40ms &#xD;
12/8/2024 8:13:47 PM: Checked that 1600 entries are equal duration 1ms</StdOut>
      </Output>
    </UnitTestResult>
    <UnitTestResult executionId="ee7b24b0-a9b9-4220-9c2b-e99689ae4d11" testId="17c2c8ae-a50b-08a0-7c03-1289a54a7d68" testName="Fededim.Extensions.Configuration.Protected.DataProtectionAPITest.PassthroughProtectProviderTest.RandomXmlFileTest" computerName="fv-az1388-192" duration="00:00:40.3880000" startTime="2024-12-08T20:12:11.4343546+00:00" endTime="2024-12-08T20:12:11.4343546+00:00" testType="13cdc9d9-ddb5-4fa4-a97d-d965ccfc6d4b" outcome="Passed" testListId="8c84fa94-04c1-424b-9868-57a2d4851a1d" relativeResultsDirectory="ee7b24b0-a9b9-4220-9c2b-e99689ae4d11">
      <Output>
        <StdOut>12/8/2024 8:11:32 PM: Generating a random XML file with 100000 keys, autogenerated strings max length 20 and autogenerated array max length 10...&#xD;
12/8/2024 8:11:39 PM: File location file://D:/a/Fededim.Extensions.Configuration.Protected/Fededim.Extensions.Configuration.Protected/Fededim.Extensions.Configuration.Protected.DataProtectionAPITest/bin/Release/net462/random_e624b4d4-6f96-4760-949a-2f40de10b774.xml&#xD;
12/8/2024 8:11:39 PM: Generated random XML file (NumEntries 100000 NumValues 248615 size 65951 KB) duration 6420ms &#xD;
12/8/2024 8:11:48 PM: Encrypted random XML file (NumEntries 100000 NumValues 248615 size 66339 KB) duration 9389ms &#xD;
12/8/2024 8:11:51 PM: Checked that all random XML file is encrypted duration 3196ms &#xD;
12/8/2024 8:12:07 PM: Loaded and decrypted random XML file with ProtectedConfigurationBuilder duration 00:00:15.5460736 &#xD;
12/8/2024 8:12:11 PM: Checked that 200974 entries are equal duration 4144ms</StdOut>
      </Output>
    </UnitTestResult>
    <UnitTestResult executionId="5f90827c-a83e-435f-9fda-b85116951cdf" testId="cf0e5a6f-eacf-e1e6-8610-cf6ad43d699c" testName="Fededim.Extensions.Configuration.Protected.DataProtectionAPITest.PassthroughProtectProviderTest.RandomJsonFileTest(useJsonWithCommentFileProcessor: True)" computerName="fv-az1388-192" duration="00:00:24.1500000" startTime="2024-12-08T20:13:11.9066885+00:00" endTime="2024-12-08T20:13:11.9066885+00:00" testType="13cdc9d9-ddb5-4fa4-a97d-d965ccfc6d4b" outcome="Passed" testListId="8c84fa94-04c1-424b-9868-57a2d4851a1d" relativeResultsDirectory="5f90827c-a83e-435f-9fda-b85116951cdf">
      <Output>
        <StdOut>12/8/2024 8:12:47 PM: Generating a random JSON file with 100000 keys, autogenerated strings max length 20 and autogenerated array max length 10...&#xD;
12/8/2024 8:12:50 PM: File location file://D:/a/Fededim.Extensions.Configuration.Protected/Fededim.Extensions.Configuration.Protected/Fededim.Extensions.Configuration.Protected.DataProtectionAPITest/bin/Release/net462/random_ca35b6a0-acaa-43f9-98a7-ada7110abef8.json&#xD;
12/8/2024 8:12:50 PM: Generated random JSON file (NumEntries 100000 NumValues 249787 size 59293 KB) duration 2543ms &#xD;
12/8/2024 8:12:59 PM: Encrypted random JSON file (NumEntries 100000 NumValues 249787 size 59678 KB) duration 8999ms &#xD;
12/8/2024 8:13:01 PM: Checked that all random JSON file is encrypted duration 2075ms &#xD;
12/8/2024 8:13:10 PM: Loaded and decrypted random JSON file with ProtectedConfigurationBuilder duration 8710ms &#xD;
12/8/2024 8:13:11 PM: Checked that 249787 entries are equal duration 1820ms</StdOut>
      </Output>
    </UnitTestResult>
    <UnitTestResult executionId="0f845629-1269-46a1-b0d4-46f3c031f9be" testId="c54c3964-5bef-c878-d4a0-6c44caf97732" testName="Fededim.Extensions.Configuration.Protected.DataProtectionAPITest.ReverseChainedPassthroughProtectProviderTest.RandomInMemoryDictionaryTest" computerName="fv-az1388-192" duration="00:00:03.5230000" startTime="2024-12-08T20:11:33.7244128+00:00" endTime="2024-12-08T20:11:33.7244128+00:00" testType="13cdc9d9-ddb5-4fa4-a97d-d965ccfc6d4b" outcome="Passed" testListId="8c84fa94-04c1-424b-9868-57a2d4851a1d" relativeResultsDirectory="0f845629-1269-46a1-b0d4-46f3c031f9be">
      <Output>
        <StdOut>12/8/2024 8:11:31 PM: Generating a random in-memory dictionary with 100000 keys, autogenerated strings max length 20 and autogenerated array max length 10...&#xD;
12/8/2024 8:11:32 PM: Starting test...&#xD;
12/8/2024 8:11:32 PM: Generated random in-memory dictionary (NumEntries 100000 NumValues 249311) duration 338ms &#xD;
12/8/2024 8:11:32 PM: Encrypted random in-memory dictionary duration 626ms &#xD;
12/8/2024 8:11:32 PM: Checked that all random in-memory dictionary is encrypted duration 51ms &#xD;
12/8/2024 8:11:33 PM: Loaded and decrypted random in-memory dictionary with ProtectedConfigurationBuilder duration 581ms &#xD;
12/8/2024 8:11:33 PM: Checked that 100000 entries are equal duration 53ms</StdOut>
      </Output>
    </UnitTestResult>
    <UnitTestResult executionId="334965e1-84c3-459d-93ec-d8de386febba" testId="97ac352b-e433-e531-3210-5b085419ca0a" testName="Fededim.Extensions.Configuration.Protected.DataProtectionAPITest.DataProtectionAPIProtectProviderTest.RandomXmlFileTest" computerName="fv-az1388-192" duration="00:00:21.4190000" startTime="2024-12-08T20:13:51.9639478+00:00" endTime="2024-12-08T20:13:51.9639478+00:00" testType="13cdc9d9-ddb5-4fa4-a97d-d965ccfc6d4b" outcome="Passed" testListId="8c84fa94-04c1-424b-9868-57a2d4851a1d" relativeResultsDirectory="334965e1-84c3-459d-93ec-d8de386febba">
      <Output>
        <StdOut>12/8/2024 8:13:30 PM: Generating a random XML file with 100000 keys, autogenerated strings max length 20 and autogenerated array max length 10...&#xD;
12/8/2024 8:13:35 PM: File location file://D:/a/Fededim.Extensions.Configuration.Protected/Fededim.Extensions.Configuration.Protected/Fededim.Extensions.Configuration.Protected.DataProtectionAPITest/bin/Release/net462/random_41373b9c-70d4-4ec7-8767-08dd451a6f4d.xml&#xD;
12/8/2024 8:13:35 PM: Generated random XML file (NumEntries 100000 NumValues 249029 size 59652 KB) duration 4875ms &#xD;
12/8/2024 8:13:40 PM: Encrypted random XML file (NumEntries 100000 NumValues 249029 size 85851 KB) duration 4741ms &#xD;
12/8/2024 8:13:41 PM: Checked that all random XML file is encrypted duration 1010ms &#xD;
12/8/2024 8:13:51 PM: Loaded and decrypted random XML file with ProtectedConfigurationBuilder duration 00:00:10.1544077 &#xD;
12/8/2024 8:13:51 PM: Checked that 201133 entries are equal duration 636ms</StdOut>
      </Output>
    </UnitTestResult>
    <UnitTestResult executionId="65758388-0a6c-48ee-932b-cdebc9e37f02" testId="d2ec5ba7-d50b-7023-11ad-69c0b8299f4c" testName="Fededim.Extensions.Configuration.Protected.DataProtectionAPITest.ReverseChainedDataProtectionAPIProtectProviderTest.RandomJsonFileTest(useJsonWithCommentFileProcessor: True)" computerName="fv-az1388-192" duration="00:01:10.6720000" startTime="2024-12-08T20:12:40.8401640+00:00" endTime="2024-12-08T20:12:40.8401640+00:00" testType="13cdc9d9-ddb5-4fa4-a97d-d965ccfc6d4b" outcome="Passed" testListId="8c84fa94-04c1-424b-9868-57a2d4851a1d" relativeResultsDirectory="65758388-0a6c-48ee-932b-cdebc9e37f02">
      <Output>
        <StdOut>12/8/2024 8:11:33 PM: Generating a random JSON file with 100000 keys, autogenerated strings max length 20 and autogenerated array max length 10...&#xD;
12/8/2024 8:11:37 PM: File location file://D:/a/Fededim.Extensions.Configuration.Protected/Fededim.Extensions.Configuration.Protected/Fededim.Extensions.Configuration.Protected.DataProtectionAPITest/bin/Release/net462/random_f0f44dfb-6c4b-438d-96c2-4d143c94b73e.json&#xD;
12/8/2024 8:11:37 PM: Generated random JSON file (NumEntries 100000 NumValues 249534 size 62934 KB) duration 3343ms &#xD;
12/8/2024 8:11:52 PM: Encrypted random JSON file (NumEntries 100000 NumValues 249534 size 88951 KB) duration 00:00:15.0991725 &#xD;
12/8/2024 8:11:57 PM: Checked that all random JSON file is encrypted duration 4901ms &#xD;
12/8/2024 8:12:34 PM: Loaded and decrypted random JSON file with ProtectedConfigurationBuilder duration 00:00:37.2879213 &#xD;
12/8/2024 8:12:40 PM: Checked that 249534 entries are equal duration 6445ms</StdOut>
      </Output>
    </UnitTestResult>
    <UnitTestResult executionId="911ee9f6-f168-49c1-9379-f25bf1f87379" testId="dbafd3c0-547c-f72c-7714-3310b3a28f6c" testName="Fededim.Extensions.Configuration.Protected.DataProtectionAPITest.ReverseChainedDataProtectionAPIProtectProviderTest.RandomInMemoryDictionaryTest" computerName="fv-az1388-192" duration="00:00:03.3870000" startTime="2024-12-08T20:13:54.3402718+00:00" endTime="2024-12-08T20:13:54.3402718+00:00" testType="13cdc9d9-ddb5-4fa4-a97d-d965ccfc6d4b" outcome="Passed" testListId="8c84fa94-04c1-424b-9868-57a2d4851a1d" relativeResultsDirectory="911ee9f6-f168-49c1-9379-f25bf1f87379">
      <Output>
        <StdOut>12/8/2024 8:13:50 PM: Generating a random in-memory dictionary with 100000 keys, autogenerated strings max length 20 and autogenerated array max length 10...&#xD;
12/8/2024 8:13:51 PM: Starting test...&#xD;
12/8/2024 8:13:51 PM: Generated random in-memory dictionary (NumEntries 100000 NumValues 251159) duration 286ms &#xD;
12/8/2024 8:13:52 PM: Encrypted random in-memory dictionary duration 948ms &#xD;
12/8/2024 8:13:52 PM: Checked that all random in-memory dictionary is encrypted duration 78ms &#xD;
12/8/2024 8:13:54 PM: Loaded and decrypted random in-memory dictionary with ProtectedConfigurationBuilder duration 2015ms &#xD;
12/8/2024 8:13:54 PM: Checked that 100000 entries are equal duration 56ms</StdOut>
      </Output>
    </UnitTestResult>
    <UnitTestResult executionId="c6babdba-5fde-4c5a-91b5-07acb39be850" testId="53bdc893-11b6-05bf-6c05-1776c77b4125" testName="Fededim.Extensions.Configuration.Protected.DataProtectionAPITest.PassthroughProtectProviderTest.RandomCommandLineTest" computerName="fv-az1388-192" duration="00:00:03.6020000" startTime="2024-12-08T20:12:15.0930821+00:00" endTime="2024-12-08T20:12:15.0930821+00:00" testType="13cdc9d9-ddb5-4fa4-a97d-d965ccfc6d4b" outcome="Passed" testListId="8c84fa94-04c1-424b-9868-57a2d4851a1d" relativeResultsDirectory="c6babdba-5fde-4c5a-91b5-07acb39be850">
      <Output>
        <StdOut>12/8/2024 8:12:11 PM: Generating a random command line arguments with 100000 keys, autogenerated strings max length 20 and autogenerated array max length 10...&#xD;
12/8/2024 8:12:12 PM: Starting test...&#xD;
12/8/2024 8:12:12 PM: Generated random comand line args (NumEntries 100000 NumValues 249790) duration 695ms &#xD;
12/8/2024 8:12:13 PM: Encrypted random comand line args duration 1686ms &#xD;
12/8/2024 8:12:14 PM: Checked that all random comand line args are encrypted duration 335ms &#xD;
12/8/2024 8:12:14 PM: Loaded and decrypted random comand line args with ProtectedConfigurationBuilder duration 716ms &#xD;
12/8/2024 8:12:15 PM: Checked that 100000 entries are equal duration 146ms</StdOut>
      </Output>
    </UnitTestResult>
    <UnitTestResult executionId="413ea6e4-6204-4c99-842b-25d0c7a4ad06" testId="fd694cea-f6eb-8b2a-be1c-cfd9341efde5" testName="Fededim.Extensions.Configuration.Protected.DataProtectionAPITest.ReverseChainedPassthroughProtectProviderTest.RandomEnvironmentVariablesTest" computerName="fv-az1388-192" duration="00:00:04.4580000" startTime="2024-12-08T20:13:13.4695132+00:00" endTime="2024-12-08T20:13:13.4695132+00:00" testType="13cdc9d9-ddb5-4fa4-a97d-d965ccfc6d4b" outcome="Passed" testListId="8c84fa94-04c1-424b-9868-57a2d4851a1d" relativeResultsDirectory="413ea6e4-6204-4c99-842b-25d0c7a4ad06">
      <Output>
        <StdOut>12/8/2024 8:13:09 PM: Generating a random environment variables 100000 keys, autogenerated strings max length 20 and autogenerated array max length 10...&#xD;
12/8/2024 8:13:10 PM: Starting test...&#xD;
12/8/2024 8:13:10 PM: Generated random environment variables (NumEntries 2000 NumValues 5288 TID 10, note that Windows has a maximum size of 32KB for all environment variables, so not all 100000 keys could be created) duration 1855ms &#xD;
12/8/2024 8:13:12 PM: Encrypted random environment variables duration 1587ms &#xD;
12/8/2024 8:13:12 PM: Checked that all random environment variables are encrypted duration 5ms &#xD;
12/8/2024 8:13:12 PM: Loaded and decrypted random environment variables with ProtectedConfigurationBuilder duration 16ms &#xD;
12/8/2024 8:13:12 PM: Checked that 1558 entries are equal duration 1ms</StdOut>
      </Output>
    </UnitTestResult>
  </Results>
  <TestDefinitions>
    <UnitTest name="Fededim.Extensions.Configuration.Protected.DataProtectionAPITest.ReverseChainedDataProtectionAPIProtectProviderTest.RandomCommandLineTest" storage="d:\a\fededim.extensions.configuration.protected\fededim.extensions.configuration.protected\fededim.extensions.configuration.protected.dataprotectionapitest\bin\release\net462\fededim.extensions.configuration.protected.dataprotectionapitest.dll" id="60df3619-3efb-dbb7-6212-6602ebf68f95">
      <Execution id="d3927dcf-38fc-4fd4-b178-1d7cb85a7a53" />
      <TestMethod codeBase="D:\a\Fededim.Extensions.Configuration.Protected\Fededim.Extensions.Configuration.Protected\Fededim.Extensions.Configuration.Protected.DataProtectionAPITest\bin\Release\net462\Fededim.Extensions.Configuration.Protected.DataProtectionAPITest.dll" adapterTypeName="executor://xunit/VsTestRunner2/net" className="Fededim.Extensions.Configuration.Protected.DataProtectionAPITest.ReverseChainedDataProtectionAPIProtectProviderTest" name="RandomCommandLineTest" />
    </UnitTest>
    <UnitTest name="Fededim.Extensions.Configuration.Protected.DataProtectionAPITest.DataProtectionAPIProtectProviderTest.RandomXmlFileTest" storage="d:\a\fededim.extensions.configuration.protected\fededim.extensions.configuration.protected\fededim.extensions.configuration.protected.dataprotectionapitest\bin\release\net462\fededim.extensions.configuration.protected.dataprotectionapitest.dll" id="97ac352b-e433-e531-3210-5b085419ca0a">
      <Execution id="334965e1-84c3-459d-93ec-d8de386febba" />
      <TestMethod codeBase="D:\a\Fededim.Extensions.Configuration.Protected\Fededim.Extensions.Configuration.Protected\Fededim.Extensions.Configuration.Protected.DataProtectionAPITest\bin\Release\net462\Fededim.Extensions.Configuration.Protected.DataProtectionAPITest.dll" adapterTypeName="executor://xunit/VsTestRunner2/net" className="Fededim.Extensions.Configuration.Protected.DataProtectionAPITest.DataProtectionAPIProtectProviderTest" name="RandomXmlFileTest" />
    </UnitTest>
    <UnitTest name="Fededim.Extensions.Configuration.Protected.DataProtectionAPITest.PassthroughProtectProviderTest.RandomCommandLineTest" storage="d:\a\fededim.extensions.configuration.protected\fededim.extensions.configuration.protected\fededim.extensions.configuration.protected.dataprotectionapitest\bin\release\net462\fededim.extensions.configuration.protected.dataprotectionapitest.dll" id="53bdc893-11b6-05bf-6c05-1776c77b4125">
      <Execution id="c6babdba-5fde-4c5a-91b5-07acb39be850" />
      <TestMethod codeBase="D:\a\Fededim.Extensions.Configuration.Protected\Fededim.Extensions.Configuration.Protected\Fededim.Extensions.Configuration.Protected.DataProtectionAPITest\bin\Release\net462\Fededim.Extensions.Configuration.Protected.DataProtectionAPITest.dll" adapterTypeName="executor://xunit/VsTestRunner2/net" className="Fededim.Extensions.Configuration.Protected.DataProtectionAPITest.PassthroughProtectProviderTest" name="RandomCommandLineTest" />
    </UnitTest>
    <UnitTest name="Fededim.Extensions.Configuration.Protected.DataProtectionAPITest.PassthroughProtectProviderTest.RandomJsonFileTest(useJsonWithCommentFileProcessor: True)" storage="d:\a\fededim.extensions.configuration.protected\fededim.extensions.configuration.protected\fededim.extensions.configuration.protected.dataprotectionapitest\bin\release\net462\fededim.extensions.configuration.protected.dataprotectionapitest.dll" id="cf0e5a6f-eacf-e1e6-8610-cf6ad43d699c">
      <Execution id="5f90827c-a83e-435f-9fda-b85116951cdf" />
      <TestMethod codeBase="D:\a\Fededim.Extensions.Configuration.Protected\Fededim.Extensions.Configuration.Protected\Fededim.Extensions.Configuration.Protected.DataProtectionAPITest\bin\Release\net462\Fededim.Extensions.Configuration.Protected.DataProtectionAPITest.dll" adapterTypeName="executor://xunit/VsTestRunner2/net" className="Fededim.Extensions.Configuration.Protected.DataProtectionAPITest.PassthroughProtectProviderTest" name="RandomJsonFileTest" />
    </UnitTest>
    <UnitTest name="Fededim.Extensions.Configuration.Protected.DataProtectionAPITest.ReverseChainedPassthroughProtectProviderTest.RandomXmlFileTest" storage="d:\a\fededim.extensions.configuration.protected\fededim.extensions.configuration.protected\fededim.extensions.configuration.protected.dataprotectionapitest\bin\release\net462\fededim.extensions.configuration.protected.dataprotectionapitest.dll" id="dc307d4d-4502-7282-1f60-31615d2a0d24">
      <Execution id="b296b587-7831-48cd-932f-586b15a030b9" />
      <TestMethod codeBase="D:\a\Fededim.Extensions.Configuration.Protected\Fededim.Extensions.Configuration.Protected\Fededim.Extensions.Configuration.Protected.DataProtectionAPITest\bin\Release\net462\Fededim.Extensions.Configuration.Protected.DataProtectionAPITest.dll" adapterTypeName="executor://xunit/VsTestRunner2/net" className="Fededim.Extensions.Configuration.Protected.DataProtectionAPITest.ReverseChainedPassthroughProtectProviderTest" name="RandomXmlFileTest" />
    </UnitTest>
    <UnitTest name="Fededim.Extensions.Configuration.Protected.DataProtectionAPITest.ReverseChainedDataProtectionAPIProtectProviderTest.RandomInMemoryDictionaryTest" storage="d:\a\fededim.extensions.configuration.protected\fededim.extensions.configuration.protected\fededim.extensions.configuration.protected.dataprotectionapitest\bin\release\net462\fededim.extensions.configuration.protected.dataprotectionapitest.dll" id="dbafd3c0-547c-f72c-7714-3310b3a28f6c">
      <Execution id="911ee9f6-f168-49c1-9379-f25bf1f87379" />
      <TestMethod codeBase="D:\a\Fededim.Extensions.Configuration.Protected\Fededim.Extensions.Configuration.Protected\Fededim.Extensions.Configuration.Protected.DataProtectionAPITest\bin\Release\net462\Fededim.Extensions.Configuration.Protected.DataProtectionAPITest.dll" adapterTypeName="executor://xunit/VsTestRunner2/net" className="Fededim.Extensions.Configuration.Protected.DataProtectionAPITest.ReverseChainedDataProtectionAPIProtectProviderTest" name="RandomInMemoryDictionaryTest" />
    </UnitTest>
    <UnitTest name="Fededim.Extensions.Configuration.Protected.DataProtectionAPITest.PassthroughProtectProviderTest.RandomXmlFileTest" storage="d:\a\fededim.extensions.configuration.protected\fededim.extensions.configuration.protected\fededim.extensions.configuration.protected.dataprotectionapitest\bin\release\net462\fededim.extensions.configuration.protected.dataprotectionapitest.dll" id="17c2c8ae-a50b-08a0-7c03-1289a54a7d68">
      <Execution id="ee7b24b0-a9b9-4220-9c2b-e99689ae4d11" />
      <TestMethod codeBase="D:\a\Fededim.Extensions.Configuration.Protected\Fededim.Extensions.Configuration.Protected\Fededim.Extensions.Configuration.Protected.DataProtectionAPITest\bin\Release\net462\Fededim.Extensions.Configuration.Protected.DataProtectionAPITest.dll" adapterTypeName="executor://xunit/VsTestRunner2/net" className="Fededim.Extensions.Configuration.Protected.DataProtectionAPITest.PassthroughProtectProviderTest" name="RandomXmlFileTest" />
    </UnitTest>
    <UnitTest name="Fededim.Extensions.Configuration.Protected.DataProtectionAPITest.ReverseChainedPassthroughProtectProviderTest.RandomEnvironmentVariablesTest" storage="d:\a\fededim.extensions.configuration.protected\fededim.extensions.configuration.protected\fededim.extensions.configuration.protected.dataprotectionapitest\bin\release\net462\fededim.extensions.configuration.protected.dataprotectionapitest.dll" id="fd694cea-f6eb-8b2a-be1c-cfd9341efde5">
      <Execution id="413ea6e4-6204-4c99-842b-25d0c7a4ad06" />
      <TestMethod codeBase="D:\a\Fededim.Extensions.Configuration.Protected\Fededim.Extensions.Configuration.Protected\Fededim.Extensions.Configuration.Protected.DataProtectionAPITest\bin\Release\net462\Fededim.Extensions.Configuration.Protected.DataProtectionAPITest.dll" adapterTypeName="executor://xunit/VsTestRunner2/net" className="Fededim.Extensions.Configuration.Protected.DataProtectionAPITest.ReverseChainedPassthroughProtectProviderTest" name="RandomEnvironmentVariablesTest" />
    </UnitTest>
    <UnitTest name="Fededim.Extensions.Configuration.Protected.DataProtectionAPITest.DataProtectionAPIProtectProviderTest.RandomInMemoryDictionaryTest" storage="d:\a\fededim.extensions.configuration.protected\fededim.extensions.configuration.protected\fededim.extensions.configuration.protected.dataprotectionapitest\bin\release\net462\fededim.extensions.configuration.protected.dataprotectionapitest.dll" id="a5b4138a-877c-581b-780d-3494b3972f17">
      <Execution id="51e486fb-1667-4803-96d4-a69f61b97510" />
      <TestMethod codeBase="D:\a\Fededim.Extensions.Configuration.Protected\Fededim.Extensions.Configuration.Protected\Fededim.Extensions.Configuration.Protected.DataProtectionAPITest\bin\Release\net462\Fededim.Extensions.Configuration.Protected.DataProtectionAPITest.dll" adapterTypeName="executor://xunit/VsTestRunner2/net" className="Fededim.Extensions.Configuration.Protected.DataProtectionAPITest.DataProtectionAPIProtectProviderTest" name="RandomInMemoryDictionaryTest" />
    </UnitTest>
    <UnitTest name="Fededim.Extensions.Configuration.Protected.DataProtectionAPITest.PassthroughProtectProviderTest.RandomEnvironmentVariablesTest" storage="d:\a\fededim.extensions.configuration.protected\fededim.extensions.configuration.protected\fededim.extensions.configuration.protected.dataprotectionapitest\bin\release\net462\fededim.extensions.configuration.protected.dataprotectionapitest.dll" id="b51079a5-ff93-277c-c6d0-2b0eb1149993">
      <Execution id="2af71fab-3cd7-4396-ad91-eb85d407e2ca" />
      <TestMethod codeBase="D:\a\Fededim.Extensions.Configuration.Protected\Fededim.Extensions.Configuration.Protected\Fededim.Extensions.Configuration.Protected.DataProtectionAPITest\bin\Release\net462\Fededim.Extensions.Configuration.Protected.DataProtectionAPITest.dll" adapterTypeName="executor://xunit/VsTestRunner2/net" className="Fededim.Extensions.Configuration.Protected.DataProtectionAPITest.PassthroughProtectProviderTest" name="RandomEnvironmentVariablesTest" />
    </UnitTest>
    <UnitTest name="Fededim.Extensions.Configuration.Protected.DataProtectionAPITest.ReverseChainedPassthroughProtectProviderTest.RandomJsonFileTest(useJsonWithCommentFileProcessor: True)" storage="d:\a\fededim.extensions.configuration.protected\fededim.extensions.configuration.protected\fededim.extensions.configuration.protected.dataprotectionapitest\bin\release\net462\fededim.extensions.configuration.protected.dataprotectionapitest.dll" id="b5fa2e2b-5ba5-fac3-aba2-27926978692e">
      <Execution id="a5bf98f0-1bd3-41d8-934a-a7d0002ebd14" />
      <TestMethod codeBase="D:\a\Fededim.Extensions.Configuration.Protected\Fededim.Extensions.Configuration.Protected\Fededim.Extensions.Configuration.Protected.DataProtectionAPITest\bin\Release\net462\Fededim.Extensions.Configuration.Protected.DataProtectionAPITest.dll" adapterTypeName="executor://xunit/VsTestRunner2/net" className="Fededim.Extensions.Configuration.Protected.DataProtectionAPITest.ReverseChainedPassthroughProtectProviderTest" name="RandomJsonFileTest" />
    </UnitTest>
    <UnitTest name="Fededim.Extensions.Configuration.Protected.DataProtectionAPITest.DataProtectionAPIProtectProviderTest.RandomEnvironmentVariablesTest" storage="d:\a\fededim.extensions.configuration.protected\fededim.extensions.configuration.protected\fededim.extensions.configuration.protected.dataprotectionapitest\bin\release\net462\fededim.extensions.configuration.protected.dataprotectionapitest.dll" id="f352b3e4-d8b2-0588-46bb-043afb7266c1">
      <Execution id="fd793cfe-7c96-4295-a6f7-adffd49f6db5" />
      <TestMethod codeBase="D:\a\Fededim.Extensions.Configuration.Protected\Fededim.Extensions.Configuration.Protected\Fededim.Extensions.Configuration.Protected.DataProtectionAPITest\bin\Release\net462\Fededim.Extensions.Configuration.Protected.DataProtectionAPITest.dll" adapterTypeName="executor://xunit/VsTestRunner2/net" className="Fededim.Extensions.Configuration.Protected.DataProtectionAPITest.DataProtectionAPIProtectProviderTest" name="RandomEnvironmentVariablesTest" />
    </UnitTest>
    <UnitTest name="Fededim.Extensions.Configuration.Protected.DataProtectionAPITest.ReverseChainedPassthroughProtectProviderTest.RandomCommandLineTest" storage="d:\a\fededim.extensions.configuration.protected\fededim.extensions.configuration.protected\fededim.extensions.configuration.protected.dataprotectionapitest\bin\release\net462\fededim.extensions.configuration.protected.dataprotectionapitest.dll" id="21abf860-ed3d-2e49-4a1e-a39daf2ff1b2">
      <Execution id="2fbe2a84-0ca1-4484-8adb-7f3b8771debc" />
      <TestMethod codeBase="D:\a\Fededim.Extensions.Configuration.Protected\Fededim.Extensions.Configuration.Protected\Fededim.Extensions.Configuration.Protected.DataProtectionAPITest\bin\Release\net462\Fededim.Extensions.Configuration.Protected.DataProtectionAPITest.dll" adapterTypeName="executor://xunit/VsTestRunner2/net" className="Fededim.Extensions.Configuration.Protected.DataProtectionAPITest.ReverseChainedPassthroughProtectProviderTest" name="RandomCommandLineTest" />
    </UnitTest>
    <UnitTest name="Fededim.Extensions.Configuration.Protected.DataProtectionAPITest.DataProtectionAPIProtectProviderTest.RandomJsonFileTest(useJsonWithCommentFileProcessor: True)" storage="d:\a\fededim.extensions.configuration.protected\fededim.extensions.configuration.protected\fededim.extensions.configuration.protected.dataprotectionapitest\bin\release\net462\fededim.extensions.configuration.protected.dataprotectionapitest.dll" id="f6916fa8-7335-1ac2-9bd9-068ab445ecb1">
      <Execution id="30dad687-3772-4c2a-b4e5-4a461efb5433" />
      <TestMethod codeBase="D:\a\Fededim.Extensions.Configuration.Protected\Fededim.Extensions.Configuration.Protected\Fededim.Extensions.Configuration.Protected.DataProtectionAPITest\bin\Release\net462\Fededim.Extensions.Configuration.Protected.DataProtectionAPITest.dll" adapterTypeName="executor://xunit/VsTestRunner2/net" className="Fededim.Extensions.Configuration.Protected.DataProtectionAPITest.DataProtectionAPIProtectProviderTest" name="RandomJsonFileTest" />
    </UnitTest>
    <UnitTest name="Fededim.Extensions.Configuration.Protected.DataProtectionAPITest.DataProtectionAPIProtectProviderTest.RandomCommandLineTest" storage="d:\a\fededim.extensions.configuration.protected\fededim.extensions.configuration.protected\fededim.extensions.configuration.protected.dataprotectionapitest\bin\release\net462\fededim.extensions.configuration.protected.dataprotectionapitest.dll" id="b9bf8ed7-522c-e76a-b80e-8d05fc5adc83">
      <Execution id="674ecfd6-6b76-4f05-8fde-2f685056f230" />
      <TestMethod codeBase="D:\a\Fededim.Extensions.Configuration.Protected\Fededim.Extensions.Configuration.Protected\Fededim.Extensions.Configuration.Protected.DataProtectionAPITest\bin\Release\net462\Fededim.Extensions.Configuration.Protected.DataProtectionAPITest.dll" adapterTypeName="executor://xunit/VsTestRunner2/net" className="Fededim.Extensions.Configuration.Protected.DataProtectionAPITest.DataProtectionAPIProtectProviderTest" name="RandomCommandLineTest" />
    </UnitTest>
    <UnitTest name="Fededim.Extensions.Configuration.Protected.DataProtectionAPITest.ReverseChainedDataProtectionAPIProtectProviderTest.RandomJsonFileTest(useJsonWithCommentFileProcessor: True)" storage="d:\a\fededim.extensions.configuration.protected\fededim.extensions.configuration.protected\fededim.extensions.configuration.protected.dataprotectionapitest\bin\release\net462\fededim.extensions.configuration.protected.dataprotectionapitest.dll" id="d2ec5ba7-d50b-7023-11ad-69c0b8299f4c">
      <Execution id="65758388-0a6c-48ee-932b-cdebc9e37f02" />
      <TestMethod codeBase="D:\a\Fededim.Extensions.Configuration.Protected\Fededim.Extensions.Configuration.Protected\Fededim.Extensions.Configuration.Protected.DataProtectionAPITest\bin\Release\net462\Fededim.Extensions.Configuration.Protected.DataProtectionAPITest.dll" adapterTypeName="executor://xunit/VsTestRunner2/net" className="Fededim.Extensions.Configuration.Protected.DataProtectionAPITest.ReverseChainedDataProtectionAPIProtectProviderTest" name="RandomJsonFileTest" />
    </UnitTest>
    <UnitTest name="Fededim.Extensions.Configuration.Protected.DataProtectionAPITest.PassthroughProtectProviderTest.RandomJsonFileTest(useJsonWithCommentFileProcessor: False)" storage="d:\a\fededim.extensions.configuration.protected\fededim.extensions.configuration.protected\fededim.extensions.configuration.protected.dataprotectionapitest\bin\release\net462\fededim.extensions.configuration.protected.dataprotectionapitest.dll" id="ade5454d-acc1-63ed-986a-ba08d0a9b3c4">
      <Execution id="e77a2e0c-3f80-44ac-b50f-d1380343f82c" />
      <TestMethod codeBase="D:\a\Fededim.Extensions.Configuration.Protected\Fededim.Extensions.Configuration.Protected\Fededim.Extensions.Configuration.Protected.DataProtectionAPITest\bin\Release\net462\Fededim.Extensions.Configuration.Protected.DataProtectionAPITest.dll" adapterTypeName="executor://xunit/VsTestRunner2/net" className="Fededim.Extensions.Configuration.Protected.DataProtectionAPITest.PassthroughProtectProviderTest" name="RandomJsonFileTest" />
    </UnitTest>
    <UnitTest name="Fededim.Extensions.Configuration.Protected.DataProtectionAPITest.ReverseChainedPassthroughProtectProviderTest.RandomJsonFileTest(useJsonWithCommentFileProcessor: False)" storage="d:\a\fededim.extensions.configuration.protected\fededim.extensions.configuration.protected\fededim.extensions.configuration.protected.dataprotectionapitest\bin\release\net462\fededim.extensions.configuration.protected.dataprotectionapitest.dll" id="b6fd352f-d0bb-6f9f-e8b5-484cb632db0b">
      <Execution id="931b7973-92db-40a2-a91f-a1424df26c7b" />
      <TestMethod codeBase="D:\a\Fededim.Extensions.Configuration.Protected\Fededim.Extensions.Configuration.Protected\Fededim.Extensions.Configuration.Protected.DataProtectionAPITest\bin\Release\net462\Fededim.Extensions.Configuration.Protected.DataProtectionAPITest.dll" adapterTypeName="executor://xunit/VsTestRunner2/net" className="Fededim.Extensions.Configuration.Protected.DataProtectionAPITest.ReverseChainedPassthroughProtectProviderTest" name="RandomJsonFileTest" />
    </UnitTest>
    <UnitTest name="Fededim.Extensions.Configuration.Protected.DataProtectionAPITest.DataProtectionAPIProtectProviderTest.RandomJsonFileTest(useJsonWithCommentFileProcessor: False)" storage="d:\a\fededim.extensions.configuration.protected\fededim.extensions.configuration.protected\fededim.extensions.configuration.protected.dataprotectionapitest\bin\release\net462\fededim.extensions.configuration.protected.dataprotectionapitest.dll" id="215bdca5-d044-0fe3-ab3a-2e4442ce76c5">
      <Execution id="5703f88e-e301-48d7-a855-3a8af8bc8300" />
      <TestMethod codeBase="D:\a\Fededim.Extensions.Configuration.Protected\Fededim.Extensions.Configuration.Protected\Fededim.Extensions.Configuration.Protected.DataProtectionAPITest\bin\Release\net462\Fededim.Extensions.Configuration.Protected.DataProtectionAPITest.dll" adapterTypeName="executor://xunit/VsTestRunner2/net" className="Fededim.Extensions.Configuration.Protected.DataProtectionAPITest.DataProtectionAPIProtectProviderTest" name="RandomJsonFileTest" />
    </UnitTest>
    <UnitTest name="Fededim.Extensions.Configuration.Protected.DataProtectionAPITest.ReverseChainedPassthroughProtectProviderTest.RandomInMemoryDictionaryTest" storage="d:\a\fededim.extensions.configuration.protected\fededim.extensions.configuration.protected\fededim.extensions.configuration.protected.dataprotectionapitest\bin\release\net462\fededim.extensions.configuration.protected.dataprotectionapitest.dll" id="c54c3964-5bef-c878-d4a0-6c44caf97732">
      <Execution id="0f845629-1269-46a1-b0d4-46f3c031f9be" />
      <TestMethod codeBase="D:\a\Fededim.Extensions.Configuration.Protected\Fededim.Extensions.Configuration.Protected\Fededim.Extensions.Configuration.Protected.DataProtectionAPITest\bin\Release\net462\Fededim.Extensions.Configuration.Protected.DataProtectionAPITest.dll" adapterTypeName="executor://xunit/VsTestRunner2/net" className="Fededim.Extensions.Configuration.Protected.DataProtectionAPITest.ReverseChainedPassthroughProtectProviderTest" name="RandomInMemoryDictionaryTest" />
    </UnitTest>
    <UnitTest name="Fededim.Extensions.Configuration.Protected.DataProtectionAPITest.ReverseChainedDataProtectionAPIProtectProviderTest.RandomJsonFileTest(useJsonWithCommentFileProcessor: False)" storage="d:\a\fededim.extensions.configuration.protected\fededim.extensions.configuration.protected\fededim.extensions.configuration.protected.dataprotectionapitest\bin\release\net462\fededim.extensions.configuration.protected.dataprotectionapitest.dll" id="83d9d3b3-01c1-e554-7b15-bf5199894c8f">
      <Execution id="3ad2a590-58c7-4dfe-8304-04f5af70121e" />
      <TestMethod codeBase="D:\a\Fededim.Extensions.Configuration.Protected\Fededim.Extensions.Configuration.Protected\Fededim.Extensions.Configuration.Protected.DataProtectionAPITest\bin\Release\net462\Fededim.Extensions.Configuration.Protected.DataProtectionAPITest.dll" adapterTypeName="executor://xunit/VsTestRunner2/net" className="Fededim.Extensions.Configuration.Protected.DataProtectionAPITest.ReverseChainedDataProtectionAPIProtectProviderTest" name="RandomJsonFileTest" />
    </UnitTest>
    <UnitTest name="Fededim.Extensions.Configuration.Protected.DataProtectionAPITest.ReverseChainedDataProtectionAPIProtectProviderTest.RandomEnvironmentVariablesTest" storage="d:\a\fededim.extensions.configuration.protected\fededim.extensions.configuration.protected\fededim.extensions.configuration.protected.dataprotectionapitest\bin\release\net462\fededim.extensions.configuration.protected.dataprotectionapitest.dll" id="f4974d5b-c288-bf3b-c0f6-abb4edc5d313">
      <Execution id="ed3376e2-aff7-4805-9194-b282b01a80ad" />
      <TestMethod codeBase="D:\a\Fededim.Extensions.Configuration.Protected\Fededim.Extensions.Configuration.Protected\Fededim.Extensions.Configuration.Protected.DataProtectionAPITest\bin\Release\net462\Fededim.Extensions.Configuration.Protected.DataProtectionAPITest.dll" adapterTypeName="executor://xunit/VsTestRunner2/net" className="Fededim.Extensions.Configuration.Protected.DataProtectionAPITest.ReverseChainedDataProtectionAPIProtectProviderTest" name="RandomEnvironmentVariablesTest" />
    </UnitTest>
    <UnitTest name="Fededim.Extensions.Configuration.Protected.DataProtectionAPITest.ReverseChainedDataProtectionAPIProtectProviderTest.RandomXmlFileTest" storage="d:\a\fededim.extensions.configuration.protected\fededim.extensions.configuration.protected\fededim.extensions.configuration.protected.dataprotectionapitest\bin\release\net462\fededim.extensions.configuration.protected.dataprotectionapitest.dll" id="efb735a9-3ad5-1771-1fbc-4b718376ccc7">
      <Execution id="95a59ded-375f-46e1-8d86-251ac78a0d1c" />
      <TestMethod codeBase="D:\a\Fededim.Extensions.Configuration.Protected\Fededim.Extensions.Configuration.Protected\Fededim.Extensions.Configuration.Protected.DataProtectionAPITest\bin\Release\net462\Fededim.Extensions.Configuration.Protected.DataProtectionAPITest.dll" adapterTypeName="executor://xunit/VsTestRunner2/net" className="Fededim.Extensions.Configuration.Protected.DataProtectionAPITest.ReverseChainedDataProtectionAPIProtectProviderTest" name="RandomXmlFileTest" />
    </UnitTest>
    <UnitTest name="Fededim.Extensions.Configuration.Protected.DataProtectionAPITest.PassthroughProtectProviderTest.RandomInMemoryDictionaryTest" storage="d:\a\fededim.extensions.configuration.protected\fededim.extensions.configuration.protected\fededim.extensions.configuration.protected.dataprotectionapitest\bin\release\net462\fededim.extensions.configuration.protected.dataprotectionapitest.dll" id="20fa24cf-117e-2734-ecaa-01279073fded">
      <Execution id="2294ad26-b195-4dc8-9663-0479c4fd8000" />
      <TestMethod codeBase="D:\a\Fededim.Extensions.Configuration.Protected\Fededim.Extensions.Configuration.Protected\Fededim.Extensions.Configuration.Protected.DataProtectionAPITest\bin\Release\net462\Fededim.Extensions.Configuration.Protected.DataProtectionAPITest.dll" adapterTypeName="executor://xunit/VsTestRunner2/net" className="Fededim.Extensions.Configuration.Protected.DataProtectionAPITest.PassthroughProtectProviderTest" name="RandomInMemoryDictionaryTest" />
    </UnitTest>
  </TestDefinitions>
  <TestEntries>
    <TestEntry testId="b51079a5-ff93-277c-c6d0-2b0eb1149993" executionId="2af71fab-3cd7-4396-ad91-eb85d407e2ca" testListId="8c84fa94-04c1-424b-9868-57a2d4851a1d" />
    <TestEntry testId="b6fd352f-d0bb-6f9f-e8b5-484cb632db0b" executionId="931b7973-92db-40a2-a91f-a1424df26c7b" testListId="8c84fa94-04c1-424b-9868-57a2d4851a1d" />
    <TestEntry testId="20fa24cf-117e-2734-ecaa-01279073fded" executionId="2294ad26-b195-4dc8-9663-0479c4fd8000" testListId="8c84fa94-04c1-424b-9868-57a2d4851a1d" />
    <TestEntry testId="efb735a9-3ad5-1771-1fbc-4b718376ccc7" executionId="95a59ded-375f-46e1-8d86-251ac78a0d1c" testListId="8c84fa94-04c1-424b-9868-57a2d4851a1d" />
    <TestEntry testId="b5fa2e2b-5ba5-fac3-aba2-27926978692e" executionId="a5bf98f0-1bd3-41d8-934a-a7d0002ebd14" testListId="8c84fa94-04c1-424b-9868-57a2d4851a1d" />
    <TestEntry testId="dc307d4d-4502-7282-1f60-31615d2a0d24" executionId="b296b587-7831-48cd-932f-586b15a030b9" testListId="8c84fa94-04c1-424b-9868-57a2d4851a1d" />
    <TestEntry testId="215bdca5-d044-0fe3-ab3a-2e4442ce76c5" executionId="5703f88e-e301-48d7-a855-3a8af8bc8300" testListId="8c84fa94-04c1-424b-9868-57a2d4851a1d" />
    <TestEntry testId="f6916fa8-7335-1ac2-9bd9-068ab445ecb1" executionId="30dad687-3772-4c2a-b4e5-4a461efb5433" testListId="8c84fa94-04c1-424b-9868-57a2d4851a1d" />
    <TestEntry testId="21abf860-ed3d-2e49-4a1e-a39daf2ff1b2" executionId="2fbe2a84-0ca1-4484-8adb-7f3b8771debc" testListId="8c84fa94-04c1-424b-9868-57a2d4851a1d" />
    <TestEntry testId="f352b3e4-d8b2-0588-46bb-043afb7266c1" executionId="fd793cfe-7c96-4295-a6f7-adffd49f6db5" testListId="8c84fa94-04c1-424b-9868-57a2d4851a1d" />
    <TestEntry testId="83d9d3b3-01c1-e554-7b15-bf5199894c8f" executionId="3ad2a590-58c7-4dfe-8304-04f5af70121e" testListId="8c84fa94-04c1-424b-9868-57a2d4851a1d" />
    <TestEntry testId="ade5454d-acc1-63ed-986a-ba08d0a9b3c4" executionId="e77a2e0c-3f80-44ac-b50f-d1380343f82c" testListId="8c84fa94-04c1-424b-9868-57a2d4851a1d" />
    <TestEntry testId="a5b4138a-877c-581b-780d-3494b3972f17" executionId="51e486fb-1667-4803-96d4-a69f61b97510" testListId="8c84fa94-04c1-424b-9868-57a2d4851a1d" />
    <TestEntry testId="b9bf8ed7-522c-e76a-b80e-8d05fc5adc83" executionId="674ecfd6-6b76-4f05-8fde-2f685056f230" testListId="8c84fa94-04c1-424b-9868-57a2d4851a1d" />
    <TestEntry testId="60df3619-3efb-dbb7-6212-6602ebf68f95" executionId="d3927dcf-38fc-4fd4-b178-1d7cb85a7a53" testListId="8c84fa94-04c1-424b-9868-57a2d4851a1d" />
    <TestEntry testId="f4974d5b-c288-bf3b-c0f6-abb4edc5d313" executionId="ed3376e2-aff7-4805-9194-b282b01a80ad" testListId="8c84fa94-04c1-424b-9868-57a2d4851a1d" />
    <TestEntry testId="17c2c8ae-a50b-08a0-7c03-1289a54a7d68" executionId="ee7b24b0-a9b9-4220-9c2b-e99689ae4d11" testListId="8c84fa94-04c1-424b-9868-57a2d4851a1d" />
    <TestEntry testId="cf0e5a6f-eacf-e1e6-8610-cf6ad43d699c" executionId="5f90827c-a83e-435f-9fda-b85116951cdf" testListId="8c84fa94-04c1-424b-9868-57a2d4851a1d" />
    <TestEntry testId="c54c3964-5bef-c878-d4a0-6c44caf97732" executionId="0f845629-1269-46a1-b0d4-46f3c031f9be" testListId="8c84fa94-04c1-424b-9868-57a2d4851a1d" />
    <TestEntry testId="97ac352b-e433-e531-3210-5b085419ca0a" executionId="334965e1-84c3-459d-93ec-d8de386febba" testListId="8c84fa94-04c1-424b-9868-57a2d4851a1d" />
    <TestEntry testId="d2ec5ba7-d50b-7023-11ad-69c0b8299f4c" executionId="65758388-0a6c-48ee-932b-cdebc9e37f02" testListId="8c84fa94-04c1-424b-9868-57a2d4851a1d" />
    <TestEntry testId="dbafd3c0-547c-f72c-7714-3310b3a28f6c" executionId="911ee9f6-f168-49c1-9379-f25bf1f87379" testListId="8c84fa94-04c1-424b-9868-57a2d4851a1d" />
    <TestEntry testId="53bdc893-11b6-05bf-6c05-1776c77b4125" executionId="c6babdba-5fde-4c5a-91b5-07acb39be850" testListId="8c84fa94-04c1-424b-9868-57a2d4851a1d" />
    <TestEntry testId="fd694cea-f6eb-8b2a-be1c-cfd9341efde5" executionId="413ea6e4-6204-4c99-842b-25d0c7a4ad06" testListId="8c84fa94-04c1-424b-9868-57a2d4851a1d" />
  </TestEntries>
  <TestLists>
    <TestList name="Results Not in a List" id="8c84fa94-04c1-424b-9868-57a2d4851a1d" />
    <TestList name="All Loaded Results" id="19431567-8539-422a-85d7-44ee4e166bda" />
  </TestLists>
  <ResultSummary outcome="Completed">
    <Counters total="24" executed="24" passed="24" failed="0" error="0" timeout="0" aborted="0" inconclusive="0" passedButRunAborted="0" notRunnable="0" notExecuted="0" disconnected="0" warning="0" completed="0" inProgress="0" pending="0" />
    <Output>
      <StdOut>[xUnit.net 00:00:00.21] xUnit.net VSTest Adapter v2.8.2+699d445a1a (64-bit .NET Framework 4.8.9287.0)&#xD;
[xUnit.net 00:00:03.41]   Discovering: Fededim.Extensions.Configuration.Protected.DataProtectionAPITest&#xD;
[xUnit.net 00:00:03.89]   Discovered:  Fededim.Extensions.Configuration.Protected.DataProtectionAPITest&#xD;
[xUnit.net 00:00:03.89]   Starting:    Fededim.Extensions.Configuration.Protected.DataProtectionAPITest&#xD;
[xUnit.net 00:02:29.20]   Finished:    Fededim.Extensions.Configuration.Protected.DataProtectionAPITest&#xD;
</StdOut>
    </Output>
  </ResultSummary>
</TestRun>