<?xml version="1.0" encoding="utf-8"?>
<TestRun id="e54ccef9-381e-4536-88eb-ef0cf59f36c3" name="runneradmin@fv-az1435-763 2024-08-01 16:57:07" runUser="fv-az1435-763\runneradmin" xmlns="http://microsoft.com/schemas/VisualStudio/TeamTest/2010">
  <Times creation="2024-08-01T16:57:07.2452165+00:00" queuing="2024-08-01T16:57:07.2452167+00:00" start="2024-08-01T16:56:56.7821954+00:00" finish="2024-08-01T17:02:28.2467807+00:00" />
  <TestSettings name="default" id="dcdaca79-d75d-4650-9cca-6591d4eb2e00">
    <Deployment runDeploymentRoot="runneradmin_fv-az1435-763_2024-08-01_16_57_07" />
  </TestSettings>
  <Results>
    <UnitTestResult executionId="75ca022d-9c5b-460f-acf4-dd4a778552ba" testId="a5b4138a-877c-581b-780d-3494b3972f17" testName="Fededim.Extensions.Configuration.Protected.DataProtectionAPITest.DataProtectionAPIProtectProviderTest.RandomInMemoryDictionaryTest" computerName="fv-az1435-763" duration="00:00:06.4740000" startTime="2024-08-01T16:57:07.2057348+00:00" endTime="2024-08-01T16:57:07.2057348+00:00" testType="13cdc9d9-ddb5-4fa4-a97d-d965ccfc6d4b" outcome="Passed" testListId="8c84fa94-04c1-424b-9868-57a2d4851a1d" relativeResultsDirectory="75ca022d-9c5b-460f-acf4-dd4a778552ba">
      <Output>
        <StdOut>Generated a random in-memory dictionary with 100000 keys, autogenerated strings max length 20 and autogenerated array max length 10&#xD;
Starting test...&#xD;
8/1/2024 4:57:03 PM: Generated random in-memory dictionary duration 297ms &#xD;
8/1/2024 4:57:04 PM: Encrypted random in-memory dictionary duration 1438ms &#xD;
8/1/2024 4:57:05 PM: Checked that all random in-memory dictionary is encrypted duration 59ms &#xD;
8/1/2024 4:57:07 PM: Loaded and decrypted random in-memory dictionary with ProtectedConfigurationBuilder duration 2093ms &#xD;
8/1/2024 4:57:07 PM: Checked that 100000 entries are equal duration 52ms</StdOut>
      </Output>
    </UnitTestResult>
    <UnitTestResult executionId="6b02ed10-8e35-4e88-b88a-3c242b5c474a" testId="f352b3e4-d8b2-0588-46bb-043afb7266c1" testName="Fededim.Extensions.Configuration.Protected.DataProtectionAPITest.DataProtectionAPIProtectProviderTest.RandomEnvironmentVariablesTest" computerName="fv-az1435-763" duration="00:00:02.0210000" startTime="2024-08-01T16:57:09.2230584+00:00" endTime="2024-08-01T16:57:09.2230584+00:00" testType="13cdc9d9-ddb5-4fa4-a97d-d965ccfc6d4b" outcome="Passed" testListId="8c84fa94-04c1-424b-9868-57a2d4851a1d" relativeResultsDirectory="6b02ed10-8e35-4e88-b88a-3c242b5c474a">
      <Output>
        <StdOut>Generated a random environment variables 100000 keys, autogenerated strings max length 20 and autogenerated array max length 10&#xD;
Starting test...&#xD;
8/1/2024 4:57:07 PM: Generated random environment variables (note that Windows has a maximum size of 32KB for all environment variables, so not all 100000 keys could be created) duration 614ms &#xD;
8/1/2024 4:57:09 PM: Encrypted random environment variables duration 1336ms &#xD;
8/1/2024 4:57:09 PM: Checked that all random environment variables are encrypted duration 3ms &#xD;
8/1/2024 4:57:09 PM: Loaded and decrypted random environment variables with ProtectedConfigurationBuilder duration 43ms &#xD;
8/1/2024 4:57:09 PM: Checked that 1730 entries are equal duration 1ms</StdOut>
      </Output>
    </UnitTestResult>
    <UnitTestResult executionId="57c9cbfa-dd58-417d-927d-35d8e9f842ce" testId="215bdca5-d044-0fe3-ab3a-2e4442ce76c5" testName="Fededim.Extensions.Configuration.Protected.DataProtectionAPITest.DataProtectionAPIProtectProviderTest.RandomJsonFileTest(useJsonWithCommentFileProcessor: False)" computerName="fv-az1435-763" duration="00:00:16.0340000" startTime="2024-08-01T16:57:41.3977617+00:00" endTime="2024-08-01T16:57:41.3977617+00:00" testType="13cdc9d9-ddb5-4fa4-a97d-d965ccfc6d4b" outcome="Passed" testListId="8c84fa94-04c1-424b-9868-57a2d4851a1d" relativeResultsDirectory="57c9cbfa-dd58-417d-927d-35d8e9f842ce">
      <Output>
        <StdOut>Generated a random JSON file with 100000 keys, autogenerated strings max length 20 and autogenerated array max length 10&#xD;
File location file://D:/a/Fededim.Extensions.Configuration.Protected/Fededim.Extensions.Configuration.Protected/Fededim.Extensions.Configuration.Protected.DataProtectionAPITest/bin/Release/net462/random_1456744495.json&#xD;
Size 62294KB, starting test...&#xD;
8/1/2024 4:57:26 PM: Generated random JSON file (250133 entries) duration 1384ms &#xD;
8/1/2024 4:57:30 PM: Encrypted random JSON file duration 4125ms &#xD;
8/1/2024 4:57:31 PM: Checked that all random JSON file is encrypted duration 836ms &#xD;
8/1/2024 4:57:40 PM: Loaded and decrypted random JSON file with ProtectedConfigurationBuilder duration 8952ms &#xD;
8/1/2024 4:57:41 PM: Checked that 250133 entries are equal duration 733ms</StdOut>
      </Output>
    </UnitTestResult>
    <UnitTestResult executionId="f510bf6a-9951-4931-9be0-b93831940752" testId="97ac352b-e433-e531-3210-5b085419ca0a" testName="Fededim.Extensions.Configuration.Protected.DataProtectionAPITest.DataProtectionAPIProtectProviderTest.RandomXmlFileTest" computerName="fv-az1435-763" duration="00:04:43.3970000" startTime="2024-08-01T17:02:24.8082327+00:00" endTime="2024-08-01T17:02:24.8082327+00:00" testType="13cdc9d9-ddb5-4fa4-a97d-d965ccfc6d4b" outcome="Passed" testListId="8c84fa94-04c1-424b-9868-57a2d4851a1d" relativeResultsDirectory="f510bf6a-9951-4931-9be0-b93831940752">
      <Output>
        <StdOut>Generated a random XML file with 100000 keys, autogenerated strings max length 20 and autogenerated array max length 10&#xD;
File location file://D:/a/Fededim.Extensions.Configuration.Protected/Fededim.Extensions.Configuration.Protected/Fededim.Extensions.Configuration.Protected.DataProtectionAPITest/bin/Release/net462/random_1808571150.xml&#xD;
Size 26343KB, starting test...&#xD;
8/1/2024 5:02:07 PM: Generated random XML file (244964 entries) duration 00:04:26.1790298 &#xD;
8/1/2024 5:02:11 PM: Encrypted random XML file duration 4369ms &#xD;
8/1/2024 5:02:13 PM: Checked that all random XML file is encrypted duration 1442ms &#xD;
8/1/2024 5:02:24 PM: Loaded and decrypted random XML file with ProtectedConfigurationBuilder duration 00:00:10.6491713 &#xD;
8/1/2024 5:02:24 PM: Checked that 244964 entries are equal duration 746ms</StdOut>
      </Output>
    </UnitTestResult>
    <UnitTestResult executionId="dbc7d6eb-53ad-460d-a769-1dce63895af3" testId="f6916fa8-7335-1ac2-9bd9-068ab445ecb1" testName="Fededim.Extensions.Configuration.Protected.DataProtectionAPITest.DataProtectionAPIProtectProviderTest.RandomJsonFileTest(useJsonWithCommentFileProcessor: True)" computerName="fv-az1435-763" duration="00:00:16.1410000" startTime="2024-08-01T16:57:25.3739793+00:00" endTime="2024-08-01T16:57:25.3739793+00:00" testType="13cdc9d9-ddb5-4fa4-a97d-d965ccfc6d4b" outcome="Passed" testListId="8c84fa94-04c1-424b-9868-57a2d4851a1d" relativeResultsDirectory="dbc7d6eb-53ad-460d-a769-1dce63895af3">
      <Output>
        <StdOut>Generated a random JSON file with 100000 keys, autogenerated strings max length 20 and autogenerated array max length 10&#xD;
File location file://D:/a/Fededim.Extensions.Configuration.Protected/Fededim.Extensions.Configuration.Protected/Fededim.Extensions.Configuration.Protected.DataProtectionAPITest/bin/Release/net462/random_805249411.json&#xD;
Size 63039KB, starting test...&#xD;
8/1/2024 4:57:10 PM: Generated random JSON file (249905 entries) duration 1620ms &#xD;
8/1/2024 4:57:14 PM: Encrypted random JSON file duration 3758ms &#xD;
8/1/2024 4:57:15 PM: Checked that all random JSON file is encrypted duration 875ms &#xD;
8/1/2024 4:57:24 PM: Loaded and decrypted random JSON file with ProtectedConfigurationBuilder duration 9058ms &#xD;
8/1/2024 4:57:25 PM: Checked that 249905 entries are equal duration 744ms</StdOut>
      </Output>
    </UnitTestResult>
    <UnitTestResult executionId="5fc31767-4295-4fbd-80d4-dc07eb78f7f4" testId="b9bf8ed7-522c-e76a-b80e-8d05fc5adc83" testName="Fededim.Extensions.Configuration.Protected.DataProtectionAPITest.DataProtectionAPIProtectProviderTest.RandomCommandLineTest" computerName="fv-az1435-763" duration="00:00:03.2420000" startTime="2024-08-01T17:02:28.0448045+00:00" endTime="2024-08-01T17:02:28.0448045+00:00" testType="13cdc9d9-ddb5-4fa4-a97d-d965ccfc6d4b" outcome="Passed" testListId="8c84fa94-04c1-424b-9868-57a2d4851a1d" relativeResultsDirectory="5fc31767-4295-4fbd-80d4-dc07eb78f7f4">
      <Output>
        <StdOut>Generated a random command line arguments with 100000 keys, autogenerated strings max length 20 and autogenerated array max length 10&#xD;
Starting test...&#xD;
8/1/2024 5:02:25 PM: Generated random comand line args duration 244ms &#xD;
8/1/2024 5:02:25 PM: Encrypted random comand line args duration 914ms &#xD;
8/1/2024 5:02:26 PM: Checked that all random comand line args are encrypted duration 57ms &#xD;
8/1/2024 5:02:27 PM: Loaded and decrypted random comand line args with ProtectedConfigurationBuilder duration 1959ms &#xD;
8/1/2024 5:02:28 PM: Checked that 100000 entries are equal duration 56ms</StdOut>
      </Output>
    </UnitTestResult>
  </Results>
  <TestDefinitions>
    <UnitTest name="Fededim.Extensions.Configuration.Protected.DataProtectionAPITest.DataProtectionAPIProtectProviderTest.RandomXmlFileTest" storage="d:\a\fededim.extensions.configuration.protected\fededim.extensions.configuration.protected\fededim.extensions.configuration.protected.dataprotectionapitest\bin\release\net462\fededim.extensions.configuration.protected.dataprotectionapitest.dll" id="97ac352b-e433-e531-3210-5b085419ca0a">
      <Execution id="f510bf6a-9951-4931-9be0-b93831940752" />
      <TestMethod codeBase="D:\a\Fededim.Extensions.Configuration.Protected\Fededim.Extensions.Configuration.Protected\Fededim.Extensions.Configuration.Protected.DataProtectionAPITest\bin\Release\net462\Fededim.Extensions.Configuration.Protected.DataProtectionAPITest.dll" adapterTypeName="executor://xunit/VsTestRunner2/net" className="Fededim.Extensions.Configuration.Protected.DataProtectionAPITest.DataProtectionAPIProtectProviderTest" name="RandomXmlFileTest" />
    </UnitTest>
    <UnitTest name="Fededim.Extensions.Configuration.Protected.DataProtectionAPITest.DataProtectionAPIProtectProviderTest.RandomInMemoryDictionaryTest" storage="d:\a\fededim.extensions.configuration.protected\fededim.extensions.configuration.protected\fededim.extensions.configuration.protected.dataprotectionapitest\bin\release\net462\fededim.extensions.configuration.protected.dataprotectionapitest.dll" id="a5b4138a-877c-581b-780d-3494b3972f17">
      <Execution id="75ca022d-9c5b-460f-acf4-dd4a778552ba" />
      <TestMethod codeBase="D:\a\Fededim.Extensions.Configuration.Protected\Fededim.Extensions.Configuration.Protected\Fededim.Extensions.Configuration.Protected.DataProtectionAPITest\bin\Release\net462\Fededim.Extensions.Configuration.Protected.DataProtectionAPITest.dll" adapterTypeName="executor://xunit/VsTestRunner2/net" className="Fededim.Extensions.Configuration.Protected.DataProtectionAPITest.DataProtectionAPIProtectProviderTest" name="RandomInMemoryDictionaryTest" />
    </UnitTest>
    <UnitTest name="Fededim.Extensions.Configuration.Protected.DataProtectionAPITest.DataProtectionAPIProtectProviderTest.RandomEnvironmentVariablesTest" storage="d:\a\fededim.extensions.configuration.protected\fededim.extensions.configuration.protected\fededim.extensions.configuration.protected.dataprotectionapitest\bin\release\net462\fededim.extensions.configuration.protected.dataprotectionapitest.dll" id="f352b3e4-d8b2-0588-46bb-043afb7266c1">
      <Execution id="6b02ed10-8e35-4e88-b88a-3c242b5c474a" />
      <TestMethod codeBase="D:\a\Fededim.Extensions.Configuration.Protected\Fededim.Extensions.Configuration.Protected\Fededim.Extensions.Configuration.Protected.DataProtectionAPITest\bin\Release\net462\Fededim.Extensions.Configuration.Protected.DataProtectionAPITest.dll" adapterTypeName="executor://xunit/VsTestRunner2/net" className="Fededim.Extensions.Configuration.Protected.DataProtectionAPITest.DataProtectionAPIProtectProviderTest" name="RandomEnvironmentVariablesTest" />
    </UnitTest>
    <UnitTest name="Fededim.Extensions.Configuration.Protected.DataProtectionAPITest.DataProtectionAPIProtectProviderTest.RandomJsonFileTest(useJsonWithCommentFileProcessor: True)" storage="d:\a\fededim.extensions.configuration.protected\fededim.extensions.configuration.protected\fededim.extensions.configuration.protected.dataprotectionapitest\bin\release\net462\fededim.extensions.configuration.protected.dataprotectionapitest.dll" id="f6916fa8-7335-1ac2-9bd9-068ab445ecb1">
      <Execution id="dbc7d6eb-53ad-460d-a769-1dce63895af3" />
      <TestMethod codeBase="D:\a\Fededim.Extensions.Configuration.Protected\Fededim.Extensions.Configuration.Protected\Fededim.Extensions.Configuration.Protected.DataProtectionAPITest\bin\Release\net462\Fededim.Extensions.Configuration.Protected.DataProtectionAPITest.dll" adapterTypeName="executor://xunit/VsTestRunner2/net" className="Fededim.Extensions.Configuration.Protected.DataProtectionAPITest.DataProtectionAPIProtectProviderTest" name="RandomJsonFileTest" />
    </UnitTest>
    <UnitTest name="Fededim.Extensions.Configuration.Protected.DataProtectionAPITest.DataProtectionAPIProtectProviderTest.RandomCommandLineTest" storage="d:\a\fededim.extensions.configuration.protected\fededim.extensions.configuration.protected\fededim.extensions.configuration.protected.dataprotectionapitest\bin\release\net462\fededim.extensions.configuration.protected.dataprotectionapitest.dll" id="b9bf8ed7-522c-e76a-b80e-8d05fc5adc83">
      <Execution id="5fc31767-4295-4fbd-80d4-dc07eb78f7f4" />
      <TestMethod codeBase="D:\a\Fededim.Extensions.Configuration.Protected\Fededim.Extensions.Configuration.Protected\Fededim.Extensions.Configuration.Protected.DataProtectionAPITest\bin\Release\net462\Fededim.Extensions.Configuration.Protected.DataProtectionAPITest.dll" adapterTypeName="executor://xunit/VsTestRunner2/net" className="Fededim.Extensions.Configuration.Protected.DataProtectionAPITest.DataProtectionAPIProtectProviderTest" name="RandomCommandLineTest" />
    </UnitTest>
    <UnitTest name="Fededim.Extensions.Configuration.Protected.DataProtectionAPITest.DataProtectionAPIProtectProviderTest.RandomJsonFileTest(useJsonWithCommentFileProcessor: False)" storage="d:\a\fededim.extensions.configuration.protected\fededim.extensions.configuration.protected\fededim.extensions.configuration.protected.dataprotectionapitest\bin\release\net462\fededim.extensions.configuration.protected.dataprotectionapitest.dll" id="215bdca5-d044-0fe3-ab3a-2e4442ce76c5">
      <Execution id="57c9cbfa-dd58-417d-927d-35d8e9f842ce" />
      <TestMethod codeBase="D:\a\Fededim.Extensions.Configuration.Protected\Fededim.Extensions.Configuration.Protected\Fededim.Extensions.Configuration.Protected.DataProtectionAPITest\bin\Release\net462\Fededim.Extensions.Configuration.Protected.DataProtectionAPITest.dll" adapterTypeName="executor://xunit/VsTestRunner2/net" className="Fededim.Extensions.Configuration.Protected.DataProtectionAPITest.DataProtectionAPIProtectProviderTest" name="RandomJsonFileTest" />
    </UnitTest>
  </TestDefinitions>
  <TestEntries>
    <TestEntry testId="a5b4138a-877c-581b-780d-3494b3972f17" executionId="75ca022d-9c5b-460f-acf4-dd4a778552ba" testListId="8c84fa94-04c1-424b-9868-57a2d4851a1d" />
    <TestEntry testId="f352b3e4-d8b2-0588-46bb-043afb7266c1" executionId="6b02ed10-8e35-4e88-b88a-3c242b5c474a" testListId="8c84fa94-04c1-424b-9868-57a2d4851a1d" />
    <TestEntry testId="215bdca5-d044-0fe3-ab3a-2e4442ce76c5" executionId="57c9cbfa-dd58-417d-927d-35d8e9f842ce" testListId="8c84fa94-04c1-424b-9868-57a2d4851a1d" />
    <TestEntry testId="97ac352b-e433-e531-3210-5b085419ca0a" executionId="f510bf6a-9951-4931-9be0-b93831940752" testListId="8c84fa94-04c1-424b-9868-57a2d4851a1d" />
    <TestEntry testId="f6916fa8-7335-1ac2-9bd9-068ab445ecb1" executionId="dbc7d6eb-53ad-460d-a769-1dce63895af3" testListId="8c84fa94-04c1-424b-9868-57a2d4851a1d" />
    <TestEntry testId="b9bf8ed7-522c-e76a-b80e-8d05fc5adc83" executionId="5fc31767-4295-4fbd-80d4-dc07eb78f7f4" testListId="8c84fa94-04c1-424b-9868-57a2d4851a1d" />
  </TestEntries>
  <TestLists>
    <TestList name="Results Not in a List" id="8c84fa94-04c1-424b-9868-57a2d4851a1d" />
    <TestList name="All Loaded Results" id="19431567-8539-422a-85d7-44ee4e166bda" />
  </TestLists>
  <ResultSummary outcome="Completed">
    <Counters total="6" executed="6" passed="6" failed="0" error="0" timeout="0" aborted="0" inconclusive="0" passedButRunAborted="0" notRunnable="0" notExecuted="0" disconnected="0" warning="0" completed="0" inProgress="0" pending="0" />
    <Output>
      <StdOut>[xUnit.net 00:00:00.03] xUnit.net VSTest Adapter v2.8.2+699d445a1a (64-bit .NET Framework 4.8.9256.0)&#xD;
[xUnit.net 00:00:01.10]   Discovering: Fededim.Extensions.Configuration.Protected.DataProtectionAPITest&#xD;
[xUnit.net 00:00:01.29]   Discovered:  Fededim.Extensions.Configuration.Protected.DataProtectionAPITest&#xD;
[xUnit.net 00:00:01.29]   Starting:    Fededim.Extensions.Configuration.Protected.DataProtectionAPITest&#xD;
[xUnit.net 00:05:28.80]   Finished:    Fededim.Extensions.Configuration.Protected.DataProtectionAPITest&#xD;
</StdOut>
    </Output>
  </ResultSummary>
</TestRun>