<?xml version="1.0" encoding="utf-8"?>
<TestRun id="3a37f69f-412e-4a2d-89bf-1a5458f4c2b8" name="runneradmin@fv-az521-223 2024-08-01 14:41:12" runUser="fv-az521-223\runneradmin" xmlns="http://microsoft.com/schemas/VisualStudio/TeamTest/2010">
  <Times creation="2024-08-01T14:41:12.0978604+00:00" queuing="2024-08-01T14:41:12.0978606+00:00" start="2024-08-01T14:40:57.5460676+00:00" finish="2024-08-01T14:46:36.6826511+00:00" />
  <TestSettings name="default" id="29a91462-3bc0-48b2-8a32-12bdfaa303d6">
    <Deployment runDeploymentRoot="runneradmin_fv-az521-223_2024-08-01_14_41_12" />
  </TestSettings>
  <Results>
    <UnitTestResult executionId="09ba84f5-3460-4bd8-8834-1da501c01a69" testId="40bc2ee2-12b8-c08c-ad81-e8c0efee775c" testName="Fededim.Extensions.Configuration.Protected.DataProtectionAPITest.DataProtectionAPIProtectProviderTest.RandomJsonFileTest(useJsonWithCommentFileProcessor: True)" computerName="fv-az521-223" duration="00:00:10.2604623" startTime="2024-08-01T14:41:23.9906418+00:00" endTime="2024-08-01T14:41:23.9906420+00:00" testType="13cdc9d9-ddb5-4fa4-a97d-d965ccfc6d4b" outcome="Passed" testListId="8c84fa94-04c1-424b-9868-57a2d4851a1d" relativeResultsDirectory="09ba84f5-3460-4bd8-8834-1da501c01a69">
      <Output>
        <StdOut>Generated a random JSON file with 100000 keys, autogenerated strings max length 20 and autogenerated array max length 10&#xD;
File location file://D:/a/Fededim.Extensions.Configuration.Protected/Fededim.Extensions.Configuration.Protected/Fededim.Extensions.Configuration.Protected.DataProtectionAPITest/bin/Release/net6.0/random_821618314.json&#xD;
Size 68261KB, starting test...&#xD;
8/1/2024 2:41:15 PM: Generated random JSON file (251075 entries) duration 1291ms &#xD;
8/1/2024 2:41:17 PM: Encrypted random JSON file duration 2784ms &#xD;
8/1/2024 2:41:18 PM: Checked that all random JSON file is encrypted duration 713ms &#xD;
8/1/2024 2:41:23 PM: Loaded and decrypted random JSON file with ProtectedConfigurationBuilder duration 5019ms &#xD;
8/1/2024 2:41:23 PM: Checked that 251075 entries are equal duration 444ms</StdOut>
      </Output>
    </UnitTestResult>
    <UnitTestResult executionId="5b449b79-ae91-405e-ab66-a0e3128dd17e" testId="f63be0dc-1fac-0d73-eab5-ec6ea7cf7b08" testName="Fededim.Extensions.Configuration.Protected.DataProtectionAPITest.DataProtectionAPIProtectProviderTest.RandomCommandLineTest" computerName="fv-az521-223" duration="00:00:02.2370424" startTime="2024-08-01T14:46:36.6039291+00:00" endTime="2024-08-01T14:46:36.6039294+00:00" testType="13cdc9d9-ddb5-4fa4-a97d-d965ccfc6d4b" outcome="Passed" testListId="8c84fa94-04c1-424b-9868-57a2d4851a1d" relativeResultsDirectory="5b449b79-ae91-405e-ab66-a0e3128dd17e">
      <Output>
        <StdOut>Generated a random command line arguments with 100000 keys, autogenerated strings max length 20 and autogenerated array max length 10&#xD;
Starting test...&#xD;
8/1/2024 2:46:34 PM: Generated random comand line args duration 129ms &#xD;
8/1/2024 2:46:35 PM: Encrypted random comand line args duration 812ms &#xD;
8/1/2024 2:46:35 PM: Checked that all random comand line args are encrypted duration 35ms &#xD;
8/1/2024 2:46:36 PM: Loaded and decrypted random comand line args with ProtectedConfigurationBuilder duration 1222ms &#xD;
8/1/2024 2:46:36 PM: Checked that 100000 entries are equal duration 33ms</StdOut>
      </Output>
    </UnitTestResult>
    <UnitTestResult executionId="19a8209e-9a64-42f9-ba1c-ac5c42b46dbb" testId="4ea3de90-a59d-3955-9940-560839244413" testName="Fededim.Extensions.Configuration.Protected.DataProtectionAPITest.DataProtectionAPIProtectProviderTest.RandomJsonFileTest(useJsonWithCommentFileProcessor: False)" computerName="fv-az521-223" duration="00:00:09.6690109" startTime="2024-08-01T14:41:33.6599375+00:00" endTime="2024-08-01T14:41:33.6599377+00:00" testType="13cdc9d9-ddb5-4fa4-a97d-d965ccfc6d4b" outcome="Passed" testListId="8c84fa94-04c1-424b-9868-57a2d4851a1d" relativeResultsDirectory="19a8209e-9a64-42f9-ba1c-ac5c42b46dbb">
      <Output>
        <StdOut>Generated a random JSON file with 100000 keys, autogenerated strings max length 20 and autogenerated array max length 10&#xD;
File location file://D:/a/Fededim.Extensions.Configuration.Protected/Fededim.Extensions.Configuration.Protected/Fededim.Extensions.Configuration.Protected.DataProtectionAPITest/bin/Release/net6.0/random_2028567851.json&#xD;
Size 59881KB, starting test...&#xD;
8/1/2024 2:41:24 PM: Generated random JSON file (250532 entries) duration 788ms &#xD;
8/1/2024 2:41:27 PM: Encrypted random JSON file duration 3101ms &#xD;
8/1/2024 2:41:28 PM: Checked that all random JSON file is encrypted duration 569ms &#xD;
8/1/2024 2:41:33 PM: Loaded and decrypted random JSON file with ProtectedConfigurationBuilder duration 4830ms &#xD;
8/1/2024 2:41:33 PM: Checked that 250532 entries are equal duration 377ms</StdOut>
      </Output>
    </UnitTestResult>
    <UnitTestResult executionId="39f9bad5-47ad-4a88-bc9c-d3c5ae54d474" testId="cab792d5-caf7-94cb-7dd5-8cd2bf26d466" testName="Fededim.Extensions.Configuration.Protected.DataProtectionAPITest.DataProtectionAPIProtectProviderTest.RandomXmlFileTest" computerName="fv-az521-223" duration="00:05:00.7031450" startTime="2024-08-01T14:46:34.3665817+00:00" endTime="2024-08-01T14:46:34.3665819+00:00" testType="13cdc9d9-ddb5-4fa4-a97d-d965ccfc6d4b" outcome="Passed" testListId="8c84fa94-04c1-424b-9868-57a2d4851a1d" relativeResultsDirectory="39f9bad5-47ad-4a88-bc9c-d3c5ae54d474">
      <Output>
        <StdOut>Generated a random XML file with 100000 keys, autogenerated strings max length 20 and autogenerated array max length 10&#xD;
File location file://D:/a/Fededim.Extensions.Configuration.Protected/Fededim.Extensions.Configuration.Protected/Fededim.Extensions.Configuration.Protected.DataProtectionAPITest/bin/Release/net6.0/random_1052990193.xml&#xD;
Size 26332KB, starting test...&#xD;
8/1/2024 2:46:22 PM: Generated random XML file (244560 entries) duration 00:04:48.8377504 &#xD;
8/1/2024 2:46:26 PM: Encrypted random XML file duration 3602ms &#xD;
8/1/2024 2:46:27 PM: Checked that all random XML file is encrypted duration 1141ms &#xD;
8/1/2024 2:46:33 PM: Loaded and decrypted random XML file with ProtectedConfigurationBuilder duration 6683ms &#xD;
8/1/2024 2:46:34 PM: Checked that 244560 entries are equal duration 430ms</StdOut>
      </Output>
    </UnitTestResult>
    <UnitTestResult executionId="4a1e82fa-83bf-42e1-8eee-bdc1bd4383ee" testId="331a13af-5866-8d6a-671d-a2abfea42096" testName="Fededim.Extensions.Configuration.Protected.DataProtectionAPITest.DataProtectionAPIProtectProviderTest.RandomEnvironmentVariablesTest" computerName="fv-az521-223" duration="00:00:01.6746300" startTime="2024-08-01T14:41:13.7300928+00:00" endTime="2024-08-01T14:41:13.7300931+00:00" testType="13cdc9d9-ddb5-4fa4-a97d-d965ccfc6d4b" outcome="Passed" testListId="8c84fa94-04c1-424b-9868-57a2d4851a1d" relativeResultsDirectory="4a1e82fa-83bf-42e1-8eee-bdc1bd4383ee">
      <Output>
        <StdOut>Generated a random environment variables 100000 keys, autogenerated strings max length 20 and autogenerated array max length 10&#xD;
Starting test...&#xD;
8/1/2024 2:41:12 PM: Generated random environment variables (note that Windows has a maximum size of 32KB for all environment variables, so not all 100000 keys could be created) duration 655ms &#xD;
8/1/2024 2:41:13 PM: Encrypted random environment variables duration 989ms &#xD;
8/1/2024 2:41:13 PM: Checked that all random environment variables are encrypted duration 2ms &#xD;
8/1/2024 2:41:13 PM: Loaded and decrypted random environment variables with ProtectedConfigurationBuilder duration 22ms &#xD;
8/1/2024 2:41:13 PM: Checked that 1706 entries are equal duration 0ms</StdOut>
      </Output>
    </UnitTestResult>
    <UnitTestResult executionId="bbd65d0b-8f65-4ef3-87c1-dd92f46baf47" testId="092a9e9f-643d-a75f-e646-45602e92186b" testName="Fededim.Extensions.Configuration.Protected.DataProtectionAPITest.DataProtectionAPIProtectProviderTest.RandomInMemoryDictionaryTest" computerName="fv-az521-223" duration="00:00:02.7114439" startTime="2024-08-01T14:41:12.0558619+00:00" endTime="2024-08-01T14:41:12.0558793+00:00" testType="13cdc9d9-ddb5-4fa4-a97d-d965ccfc6d4b" outcome="Passed" testListId="8c84fa94-04c1-424b-9868-57a2d4851a1d" relativeResultsDirectory="bbd65d0b-8f65-4ef3-87c1-dd92f46baf47">
      <Output>
        <StdOut>Generated a random in-memory dictionary with 100000 keys, autogenerated strings max length 20 and autogenerated array max length 10&#xD;
Starting test...&#xD;
8/1/2024 2:41:09 PM: Generated random in-memory dictionary duration 312ms &#xD;
8/1/2024 2:41:10 PM: Encrypted random in-memory dictionary duration 1050ms &#xD;
8/1/2024 2:41:10 PM: Checked that all random in-memory dictionary is encrypted duration 39ms &#xD;
8/1/2024 2:41:12 PM: Loaded and decrypted random in-memory dictionary with ProtectedConfigurationBuilder duration 1099ms &#xD;
8/1/2024 2:41:12 PM: Checked that 100000 entries are equal duration 33ms</StdOut>
      </Output>
    </UnitTestResult>
  </Results>
  <TestDefinitions>
    <UnitTest name="Fededim.Extensions.Configuration.Protected.DataProtectionAPITest.DataProtectionAPIProtectProviderTest.RandomJsonFileTest(useJsonWithCommentFileProcessor: True)" storage="d:\a\fededim.extensions.configuration.protected\fededim.extensions.configuration.protected\fededim.extensions.configuration.protected.dataprotectionapitest\bin\release\net6.0\fededim.extensions.configuration.protected.dataprotectionapitest.dll" id="40bc2ee2-12b8-c08c-ad81-e8c0efee775c">
      <Execution id="09ba84f5-3460-4bd8-8834-1da501c01a69" />
      <TestMethod codeBase="D:\a\Fededim.Extensions.Configuration.Protected\Fededim.Extensions.Configuration.Protected\Fededim.Extensions.Configuration.Protected.DataProtectionAPITest\bin\Release\net6.0\Fededim.Extensions.Configuration.Protected.DataProtectionAPITest.dll" adapterTypeName="executor://xunit/VsTestRunner2/netcoreapp" className="Fededim.Extensions.Configuration.Protected.DataProtectionAPITest.DataProtectionAPIProtectProviderTest" name="RandomJsonFileTest" />
    </UnitTest>
    <UnitTest name="Fededim.Extensions.Configuration.Protected.DataProtectionAPITest.DataProtectionAPIProtectProviderTest.RandomXmlFileTest" storage="d:\a\fededim.extensions.configuration.protected\fededim.extensions.configuration.protected\fededim.extensions.configuration.protected.dataprotectionapitest\bin\release\net6.0\fededim.extensions.configuration.protected.dataprotectionapitest.dll" id="cab792d5-caf7-94cb-7dd5-8cd2bf26d466">
      <Execution id="39f9bad5-47ad-4a88-bc9c-d3c5ae54d474" />
      <TestMethod codeBase="D:\a\Fededim.Extensions.Configuration.Protected\Fededim.Extensions.Configuration.Protected\Fededim.Extensions.Configuration.Protected.DataProtectionAPITest\bin\Release\net6.0\Fededim.Extensions.Configuration.Protected.DataProtectionAPITest.dll" adapterTypeName="executor://xunit/VsTestRunner2/netcoreapp" className="Fededim.Extensions.Configuration.Protected.DataProtectionAPITest.DataProtectionAPIProtectProviderTest" name="RandomXmlFileTest" />
    </UnitTest>
    <UnitTest name="Fededim.Extensions.Configuration.Protected.DataProtectionAPITest.DataProtectionAPIProtectProviderTest.RandomInMemoryDictionaryTest" storage="d:\a\fededim.extensions.configuration.protected\fededim.extensions.configuration.protected\fededim.extensions.configuration.protected.dataprotectionapitest\bin\release\net6.0\fededim.extensions.configuration.protected.dataprotectionapitest.dll" id="092a9e9f-643d-a75f-e646-45602e92186b">
      <Execution id="bbd65d0b-8f65-4ef3-87c1-dd92f46baf47" />
      <TestMethod codeBase="D:\a\Fededim.Extensions.Configuration.Protected\Fededim.Extensions.Configuration.Protected\Fededim.Extensions.Configuration.Protected.DataProtectionAPITest\bin\Release\net6.0\Fededim.Extensions.Configuration.Protected.DataProtectionAPITest.dll" adapterTypeName="executor://xunit/VsTestRunner2/netcoreapp" className="Fededim.Extensions.Configuration.Protected.DataProtectionAPITest.DataProtectionAPIProtectProviderTest" name="RandomInMemoryDictionaryTest" />
    </UnitTest>
    <UnitTest name="Fededim.Extensions.Configuration.Protected.DataProtectionAPITest.DataProtectionAPIProtectProviderTest.RandomCommandLineTest" storage="d:\a\fededim.extensions.configuration.protected\fededim.extensions.configuration.protected\fededim.extensions.configuration.protected.dataprotectionapitest\bin\release\net6.0\fededim.extensions.configuration.protected.dataprotectionapitest.dll" id="f63be0dc-1fac-0d73-eab5-ec6ea7cf7b08">
      <Execution id="5b449b79-ae91-405e-ab66-a0e3128dd17e" />
      <TestMethod codeBase="D:\a\Fededim.Extensions.Configuration.Protected\Fededim.Extensions.Configuration.Protected\Fededim.Extensions.Configuration.Protected.DataProtectionAPITest\bin\Release\net6.0\Fededim.Extensions.Configuration.Protected.DataProtectionAPITest.dll" adapterTypeName="executor://xunit/VsTestRunner2/netcoreapp" className="Fededim.Extensions.Configuration.Protected.DataProtectionAPITest.DataProtectionAPIProtectProviderTest" name="RandomCommandLineTest" />
    </UnitTest>
    <UnitTest name="Fededim.Extensions.Configuration.Protected.DataProtectionAPITest.DataProtectionAPIProtectProviderTest.RandomJsonFileTest(useJsonWithCommentFileProcessor: False)" storage="d:\a\fededim.extensions.configuration.protected\fededim.extensions.configuration.protected\fededim.extensions.configuration.protected.dataprotectionapitest\bin\release\net6.0\fededim.extensions.configuration.protected.dataprotectionapitest.dll" id="4ea3de90-a59d-3955-9940-560839244413">
      <Execution id="19a8209e-9a64-42f9-ba1c-ac5c42b46dbb" />
      <TestMethod codeBase="D:\a\Fededim.Extensions.Configuration.Protected\Fededim.Extensions.Configuration.Protected\Fededim.Extensions.Configuration.Protected.DataProtectionAPITest\bin\Release\net6.0\Fededim.Extensions.Configuration.Protected.DataProtectionAPITest.dll" adapterTypeName="executor://xunit/VsTestRunner2/netcoreapp" className="Fededim.Extensions.Configuration.Protected.DataProtectionAPITest.DataProtectionAPIProtectProviderTest" name="RandomJsonFileTest" />
    </UnitTest>
    <UnitTest name="Fededim.Extensions.Configuration.Protected.DataProtectionAPITest.DataProtectionAPIProtectProviderTest.RandomEnvironmentVariablesTest" storage="d:\a\fededim.extensions.configuration.protected\fededim.extensions.configuration.protected\fededim.extensions.configuration.protected.dataprotectionapitest\bin\release\net6.0\fededim.extensions.configuration.protected.dataprotectionapitest.dll" id="331a13af-5866-8d6a-671d-a2abfea42096">
      <Execution id="4a1e82fa-83bf-42e1-8eee-bdc1bd4383ee" />
      <TestMethod codeBase="D:\a\Fededim.Extensions.Configuration.Protected\Fededim.Extensions.Configuration.Protected\Fededim.Extensions.Configuration.Protected.DataProtectionAPITest\bin\Release\net6.0\Fededim.Extensions.Configuration.Protected.DataProtectionAPITest.dll" adapterTypeName="executor://xunit/VsTestRunner2/netcoreapp" className="Fededim.Extensions.Configuration.Protected.DataProtectionAPITest.DataProtectionAPIProtectProviderTest" name="RandomEnvironmentVariablesTest" />
    </UnitTest>
  </TestDefinitions>
  <TestEntries>
    <TestEntry testId="40bc2ee2-12b8-c08c-ad81-e8c0efee775c" executionId="09ba84f5-3460-4bd8-8834-1da501c01a69" testListId="8c84fa94-04c1-424b-9868-57a2d4851a1d" />
    <TestEntry testId="f63be0dc-1fac-0d73-eab5-ec6ea7cf7b08" executionId="5b449b79-ae91-405e-ab66-a0e3128dd17e" testListId="8c84fa94-04c1-424b-9868-57a2d4851a1d" />
    <TestEntry testId="4ea3de90-a59d-3955-9940-560839244413" executionId="19a8209e-9a64-42f9-ba1c-ac5c42b46dbb" testListId="8c84fa94-04c1-424b-9868-57a2d4851a1d" />
    <TestEntry testId="cab792d5-caf7-94cb-7dd5-8cd2bf26d466" executionId="39f9bad5-47ad-4a88-bc9c-d3c5ae54d474" testListId="8c84fa94-04c1-424b-9868-57a2d4851a1d" />
    <TestEntry testId="331a13af-5866-8d6a-671d-a2abfea42096" executionId="4a1e82fa-83bf-42e1-8eee-bdc1bd4383ee" testListId="8c84fa94-04c1-424b-9868-57a2d4851a1d" />
    <TestEntry testId="092a9e9f-643d-a75f-e646-45602e92186b" executionId="bbd65d0b-8f65-4ef3-87c1-dd92f46baf47" testListId="8c84fa94-04c1-424b-9868-57a2d4851a1d" />
  </TestEntries>
  <TestLists>
    <TestList name="Results Not in a List" id="8c84fa94-04c1-424b-9868-57a2d4851a1d" />
    <TestList name="All Loaded Results" id="19431567-8539-422a-85d7-44ee4e166bda" />
  </TestLists>
  <ResultSummary outcome="Completed">
    <Counters total="6" executed="6" passed="6" failed="0" error="0" timeout="0" aborted="0" inconclusive="0" passedButRunAborted="0" notRunnable="0" notExecuted="0" disconnected="0" warning="0" completed="0" inProgress="0" pending="0" />
    <Output>
      <StdOut>[xUnit.net 00:00:00.00] xUnit.net VSTest Adapter v2.8.2+699d445a1a (64-bit .NET 6.0.32)&#xD;
[xUnit.net 00:00:00.75]   Discovering: Fededim.Extensions.Configuration.Protected.DataProtectionAPITest&#xD;
[xUnit.net 00:00:01.32]   Discovered:  Fededim.Extensions.Configuration.Protected.DataProtectionAPITest&#xD;
[xUnit.net 00:00:01.32]   Starting:    Fededim.Extensions.Configuration.Protected.DataProtectionAPITest&#xD;
[xUnit.net 00:05:28.67]   Finished:    Fededim.Extensions.Configuration.Protected.DataProtectionAPITest&#xD;
</StdOut>
    </Output>
  </ResultSummary>
</TestRun>