<?xml version="1.0" encoding="utf-8"?>
<TestRun id="b65555bd-5292-49e6-9160-08b79aebf80d" name="runneradmin@fv-az521-223 2024-08-01 14:46:47" runUser="fv-az521-223\runneradmin" xmlns="http://microsoft.com/schemas/VisualStudio/TeamTest/2010">
  <Times creation="2024-08-01T14:46:47.8748230+00:00" queuing="2024-08-01T14:46:47.8748231+00:00" start="2024-08-01T14:46:37.5650675+00:00" finish="2024-08-01T14:52:44.4617474+00:00" />
  <TestSettings name="default" id="f810adaf-0bbe-4dc2-a676-21655d7303e3">
    <Deployment runDeploymentRoot="runneradmin_fv-az521-223_2024-08-01_14_46_47" />
  </TestSettings>
  <Results>
    <UnitTestResult executionId="2ab35d7d-3eb3-4d7f-8a90-47b7e2b123e4" testId="97ac352b-e433-e531-3210-5b085419ca0a" testName="Fededim.Extensions.Configuration.Protected.DataProtectionAPITest.DataProtectionAPIProtectProviderTest.RandomXmlFileTest" computerName="fv-az521-223" duration="00:05:18.5390000" startTime="2024-08-01T14:52:41.0069921+00:00" endTime="2024-08-01T14:52:41.0069921+00:00" testType="13cdc9d9-ddb5-4fa4-a97d-d965ccfc6d4b" outcome="Passed" testListId="8c84fa94-04c1-424b-9868-57a2d4851a1d" relativeResultsDirectory="2ab35d7d-3eb3-4d7f-8a90-47b7e2b123e4">
      <Output>
        <StdOut>Generated a random XML file with 100000 keys, autogenerated strings max length 20 and autogenerated array max length 10&#xD;
File location file://D:/a/Fededim.Extensions.Configuration.Protected/Fededim.Extensions.Configuration.Protected/Fededim.Extensions.Configuration.Protected.DataProtectionAPITest/bin/Release/net462/random_1992400882.xml&#xD;
Size 26400KB, starting test...&#xD;
8/1/2024 2:52:23 PM: Generated random XML file (245426 entries) duration 00:05:01.4797672 &#xD;
8/1/2024 2:52:28 PM: Encrypted random XML file duration 4310ms &#xD;
8/1/2024 2:52:29 PM: Checked that all random XML file is encrypted duration 1309ms &#xD;
8/1/2024 2:52:40 PM: Loaded and decrypted random XML file with ProtectedConfigurationBuilder duration 00:00:10.6856749 &#xD;
8/1/2024 2:52:41 PM: Checked that 245426 entries are equal duration 743ms</StdOut>
      </Output>
    </UnitTestResult>
    <UnitTestResult executionId="553b0d18-3af7-43fb-bdd6-1d8c56aa0121" testId="a5b4138a-877c-581b-780d-3494b3972f17" testName="Fededim.Extensions.Configuration.Protected.DataProtectionAPITest.DataProtectionAPIProtectProviderTest.RandomInMemoryDictionaryTest" computerName="fv-az521-223" duration="00:00:05.9070000" startTime="2024-08-01T14:46:47.8451692+00:00" endTime="2024-08-01T14:46:47.8451692+00:00" testType="13cdc9d9-ddb5-4fa4-a97d-d965ccfc6d4b" outcome="Passed" testListId="8c84fa94-04c1-424b-9868-57a2d4851a1d" relativeResultsDirectory="553b0d18-3af7-43fb-bdd6-1d8c56aa0121">
      <Output>
        <StdOut>Generated a random in-memory dictionary with 100000 keys, autogenerated strings max length 20 and autogenerated array max length 10&#xD;
Starting test...&#xD;
8/1/2024 2:46:44 PM: Generated random in-memory dictionary duration 286ms &#xD;
8/1/2024 2:46:45 PM: Encrypted random in-memory dictionary duration 1286ms &#xD;
8/1/2024 2:46:45 PM: Checked that all random in-memory dictionary is encrypted duration 59ms &#xD;
8/1/2024 2:46:47 PM: Loaded and decrypted random in-memory dictionary with ProtectedConfigurationBuilder duration 2072ms &#xD;
8/1/2024 2:46:47 PM: Checked that 100000 entries are equal duration 54ms</StdOut>
      </Output>
    </UnitTestResult>
    <UnitTestResult executionId="71f5d437-16e5-49a1-b674-623bb9d74652" testId="f6916fa8-7335-1ac2-9bd9-068ab445ecb1" testName="Fededim.Extensions.Configuration.Protected.DataProtectionAPITest.DataProtectionAPIProtectProviderTest.RandomJsonFileTest(useJsonWithCommentFileProcessor: True)" computerName="fv-az521-223" duration="00:00:16.3760000" startTime="2024-08-01T14:47:06.1697787+00:00" endTime="2024-08-01T14:47:06.1697787+00:00" testType="13cdc9d9-ddb5-4fa4-a97d-d965ccfc6d4b" outcome="Passed" testListId="8c84fa94-04c1-424b-9868-57a2d4851a1d" relativeResultsDirectory="71f5d437-16e5-49a1-b674-623bb9d74652">
      <Output>
        <StdOut>Generated a random JSON file with 100000 keys, autogenerated strings max length 20 and autogenerated array max length 10&#xD;
File location file://D:/a/Fededim.Extensions.Configuration.Protected/Fededim.Extensions.Configuration.Protected/Fededim.Extensions.Configuration.Protected.DataProtectionAPITest/bin/Release/net462/random_1302929438.json&#xD;
Size 63549KB, starting test...&#xD;
8/1/2024 2:46:51 PM: Generated random JSON file (250160 entries) duration 1720ms &#xD;
8/1/2024 2:46:55 PM: Encrypted random JSON file duration 3770ms &#xD;
8/1/2024 2:46:56 PM: Checked that all random JSON file is encrypted duration 927ms &#xD;
8/1/2024 2:47:05 PM: Loaded and decrypted random JSON file with ProtectedConfigurationBuilder duration 9093ms &#xD;
8/1/2024 2:47:06 PM: Checked that 250160 entries are equal duration 736ms</StdOut>
      </Output>
    </UnitTestResult>
    <UnitTestResult executionId="41379975-aa45-43bb-b409-264408d1284a" testId="f352b3e4-d8b2-0588-46bb-043afb7266c1" testName="Fededim.Extensions.Configuration.Protected.DataProtectionAPITest.DataProtectionAPIProtectProviderTest.RandomEnvironmentVariablesTest" computerName="fv-az521-223" duration="00:00:01.9570000" startTime="2024-08-01T14:46:49.7996017+00:00" endTime="2024-08-01T14:46:49.7996017+00:00" testType="13cdc9d9-ddb5-4fa4-a97d-d965ccfc6d4b" outcome="Passed" testListId="8c84fa94-04c1-424b-9868-57a2d4851a1d" relativeResultsDirectory="41379975-aa45-43bb-b409-264408d1284a">
      <Output>
        <StdOut>Generated a random environment variables 100000 keys, autogenerated strings max length 20 and autogenerated array max length 10&#xD;
Starting test...&#xD;
8/1/2024 2:46:48 PM: Generated random environment variables (note that Windows has a maximum size of 32KB for all environment variables, so not all 100000 keys could be created) duration 632ms &#xD;
8/1/2024 2:46:49 PM: Encrypted random environment variables duration 1267ms &#xD;
8/1/2024 2:46:49 PM: Checked that all random environment variables are encrypted duration 3ms &#xD;
8/1/2024 2:46:49 PM: Loaded and decrypted random environment variables with ProtectedConfigurationBuilder duration 44ms &#xD;
8/1/2024 2:46:49 PM: Checked that 1741 entries are equal duration 1ms</StdOut>
      </Output>
    </UnitTestResult>
    <UnitTestResult executionId="403f52a8-d62c-47e7-b087-1497b9c86ae3" testId="215bdca5-d044-0fe3-ab3a-2e4442ce76c5" testName="Fededim.Extensions.Configuration.Protected.DataProtectionAPITest.DataProtectionAPIProtectProviderTest.RandomJsonFileTest(useJsonWithCommentFileProcessor: False)" computerName="fv-az521-223" duration="00:00:16.2870000" startTime="2024-08-01T14:47:22.4604126+00:00" endTime="2024-08-01T14:47:22.4604126+00:00" testType="13cdc9d9-ddb5-4fa4-a97d-d965ccfc6d4b" outcome="Passed" testListId="8c84fa94-04c1-424b-9868-57a2d4851a1d" relativeResultsDirectory="403f52a8-d62c-47e7-b087-1497b9c86ae3">
      <Output>
        <StdOut>Generated a random JSON file with 100000 keys, autogenerated strings max length 20 and autogenerated array max length 10&#xD;
File location file://D:/a/Fededim.Extensions.Configuration.Protected/Fededim.Extensions.Configuration.Protected/Fededim.Extensions.Configuration.Protected.DataProtectionAPITest/bin/Release/net462/random_689865478.json&#xD;
Size 64571KB, starting test...&#xD;
8/1/2024 2:47:07 PM: Generated random JSON file (251779 entries) duration 1181ms &#xD;
8/1/2024 2:47:11 PM: Encrypted random JSON file duration 4150ms &#xD;
8/1/2024 2:47:12 PM: Checked that all random JSON file is encrypted duration 933ms &#xD;
8/1/2024 2:47:21 PM: Loaded and decrypted random JSON file with ProtectedConfigurationBuilder duration 9274ms &#xD;
8/1/2024 2:47:22 PM: Checked that 251779 entries are equal duration 746ms</StdOut>
      </Output>
    </UnitTestResult>
    <UnitTestResult executionId="79dae5c0-f34c-4e30-b769-b18069ea97ea" testId="b9bf8ed7-522c-e76a-b80e-8d05fc5adc83" testName="Fededim.Extensions.Configuration.Protected.DataProtectionAPITest.DataProtectionAPIProtectProviderTest.RandomCommandLineTest" computerName="fv-az521-223" duration="00:00:03.2560000" startTime="2024-08-01T14:52:44.2582986+00:00" endTime="2024-08-01T14:52:44.2582986+00:00" testType="13cdc9d9-ddb5-4fa4-a97d-d965ccfc6d4b" outcome="Passed" testListId="8c84fa94-04c1-424b-9868-57a2d4851a1d" relativeResultsDirectory="79dae5c0-f34c-4e30-b769-b18069ea97ea">
      <Output>
        <StdOut>Generated a random command line arguments with 100000 keys, autogenerated strings max length 20 and autogenerated array max length 10&#xD;
Starting test...&#xD;
8/1/2024 2:52:41 PM: Generated random comand line args duration 249ms &#xD;
8/1/2024 2:52:42 PM: Encrypted random comand line args duration 914ms &#xD;
8/1/2024 2:52:42 PM: Checked that all random comand line args are encrypted duration 58ms &#xD;
8/1/2024 2:52:44 PM: Loaded and decrypted random comand line args with ProtectedConfigurationBuilder duration 1966ms &#xD;
8/1/2024 2:52:44 PM: Checked that 100000 entries are equal duration 55ms</StdOut>
      </Output>
    </UnitTestResult>
  </Results>
  <TestDefinitions>
    <UnitTest name="Fededim.Extensions.Configuration.Protected.DataProtectionAPITest.DataProtectionAPIProtectProviderTest.RandomXmlFileTest" storage="d:\a\fededim.extensions.configuration.protected\fededim.extensions.configuration.protected\fededim.extensions.configuration.protected.dataprotectionapitest\bin\release\net462\fededim.extensions.configuration.protected.dataprotectionapitest.dll" id="97ac352b-e433-e531-3210-5b085419ca0a">
      <Execution id="2ab35d7d-3eb3-4d7f-8a90-47b7e2b123e4" />
      <TestMethod codeBase="D:\a\Fededim.Extensions.Configuration.Protected\Fededim.Extensions.Configuration.Protected\Fededim.Extensions.Configuration.Protected.DataProtectionAPITest\bin\Release\net462\Fededim.Extensions.Configuration.Protected.DataProtectionAPITest.dll" adapterTypeName="executor://xunit/VsTestRunner2/net" className="Fededim.Extensions.Configuration.Protected.DataProtectionAPITest.DataProtectionAPIProtectProviderTest" name="RandomXmlFileTest" />
    </UnitTest>
    <UnitTest name="Fededim.Extensions.Configuration.Protected.DataProtectionAPITest.DataProtectionAPIProtectProviderTest.RandomInMemoryDictionaryTest" storage="d:\a\fededim.extensions.configuration.protected\fededim.extensions.configuration.protected\fededim.extensions.configuration.protected.dataprotectionapitest\bin\release\net462\fededim.extensions.configuration.protected.dataprotectionapitest.dll" id="a5b4138a-877c-581b-780d-3494b3972f17">
      <Execution id="553b0d18-3af7-43fb-bdd6-1d8c56aa0121" />
      <TestMethod codeBase="D:\a\Fededim.Extensions.Configuration.Protected\Fededim.Extensions.Configuration.Protected\Fededim.Extensions.Configuration.Protected.DataProtectionAPITest\bin\Release\net462\Fededim.Extensions.Configuration.Protected.DataProtectionAPITest.dll" adapterTypeName="executor://xunit/VsTestRunner2/net" className="Fededim.Extensions.Configuration.Protected.DataProtectionAPITest.DataProtectionAPIProtectProviderTest" name="RandomInMemoryDictionaryTest" />
    </UnitTest>
    <UnitTest name="Fededim.Extensions.Configuration.Protected.DataProtectionAPITest.DataProtectionAPIProtectProviderTest.RandomEnvironmentVariablesTest" storage="d:\a\fededim.extensions.configuration.protected\fededim.extensions.configuration.protected\fededim.extensions.configuration.protected.dataprotectionapitest\bin\release\net462\fededim.extensions.configuration.protected.dataprotectionapitest.dll" id="f352b3e4-d8b2-0588-46bb-043afb7266c1">
      <Execution id="41379975-aa45-43bb-b409-264408d1284a" />
      <TestMethod codeBase="D:\a\Fededim.Extensions.Configuration.Protected\Fededim.Extensions.Configuration.Protected\Fededim.Extensions.Configuration.Protected.DataProtectionAPITest\bin\Release\net462\Fededim.Extensions.Configuration.Protected.DataProtectionAPITest.dll" adapterTypeName="executor://xunit/VsTestRunner2/net" className="Fededim.Extensions.Configuration.Protected.DataProtectionAPITest.DataProtectionAPIProtectProviderTest" name="RandomEnvironmentVariablesTest" />
    </UnitTest>
    <UnitTest name="Fededim.Extensions.Configuration.Protected.DataProtectionAPITest.DataProtectionAPIProtectProviderTest.RandomJsonFileTest(useJsonWithCommentFileProcessor: True)" storage="d:\a\fededim.extensions.configuration.protected\fededim.extensions.configuration.protected\fededim.extensions.configuration.protected.dataprotectionapitest\bin\release\net462\fededim.extensions.configuration.protected.dataprotectionapitest.dll" id="f6916fa8-7335-1ac2-9bd9-068ab445ecb1">
      <Execution id="71f5d437-16e5-49a1-b674-623bb9d74652" />
      <TestMethod codeBase="D:\a\Fededim.Extensions.Configuration.Protected\Fededim.Extensions.Configuration.Protected\Fededim.Extensions.Configuration.Protected.DataProtectionAPITest\bin\Release\net462\Fededim.Extensions.Configuration.Protected.DataProtectionAPITest.dll" adapterTypeName="executor://xunit/VsTestRunner2/net" className="Fededim.Extensions.Configuration.Protected.DataProtectionAPITest.DataProtectionAPIProtectProviderTest" name="RandomJsonFileTest" />
    </UnitTest>
    <UnitTest name="Fededim.Extensions.Configuration.Protected.DataProtectionAPITest.DataProtectionAPIProtectProviderTest.RandomCommandLineTest" storage="d:\a\fededim.extensions.configuration.protected\fededim.extensions.configuration.protected\fededim.extensions.configuration.protected.dataprotectionapitest\bin\release\net462\fededim.extensions.configuration.protected.dataprotectionapitest.dll" id="b9bf8ed7-522c-e76a-b80e-8d05fc5adc83">
      <Execution id="79dae5c0-f34c-4e30-b769-b18069ea97ea" />
      <TestMethod codeBase="D:\a\Fededim.Extensions.Configuration.Protected\Fededim.Extensions.Configuration.Protected\Fededim.Extensions.Configuration.Protected.DataProtectionAPITest\bin\Release\net462\Fededim.Extensions.Configuration.Protected.DataProtectionAPITest.dll" adapterTypeName="executor://xunit/VsTestRunner2/net" className="Fededim.Extensions.Configuration.Protected.DataProtectionAPITest.DataProtectionAPIProtectProviderTest" name="RandomCommandLineTest" />
    </UnitTest>
    <UnitTest name="Fededim.Extensions.Configuration.Protected.DataProtectionAPITest.DataProtectionAPIProtectProviderTest.RandomJsonFileTest(useJsonWithCommentFileProcessor: False)" storage="d:\a\fededim.extensions.configuration.protected\fededim.extensions.configuration.protected\fededim.extensions.configuration.protected.dataprotectionapitest\bin\release\net462\fededim.extensions.configuration.protected.dataprotectionapitest.dll" id="215bdca5-d044-0fe3-ab3a-2e4442ce76c5">
      <Execution id="403f52a8-d62c-47e7-b087-1497b9c86ae3" />
      <TestMethod codeBase="D:\a\Fededim.Extensions.Configuration.Protected\Fededim.Extensions.Configuration.Protected\Fededim.Extensions.Configuration.Protected.DataProtectionAPITest\bin\Release\net462\Fededim.Extensions.Configuration.Protected.DataProtectionAPITest.dll" adapterTypeName="executor://xunit/VsTestRunner2/net" className="Fededim.Extensions.Configuration.Protected.DataProtectionAPITest.DataProtectionAPIProtectProviderTest" name="RandomJsonFileTest" />
    </UnitTest>
  </TestDefinitions>
  <TestEntries>
    <TestEntry testId="97ac352b-e433-e531-3210-5b085419ca0a" executionId="2ab35d7d-3eb3-4d7f-8a90-47b7e2b123e4" testListId="8c84fa94-04c1-424b-9868-57a2d4851a1d" />
    <TestEntry testId="a5b4138a-877c-581b-780d-3494b3972f17" executionId="553b0d18-3af7-43fb-bdd6-1d8c56aa0121" testListId="8c84fa94-04c1-424b-9868-57a2d4851a1d" />
    <TestEntry testId="f6916fa8-7335-1ac2-9bd9-068ab445ecb1" executionId="71f5d437-16e5-49a1-b674-623bb9d74652" testListId="8c84fa94-04c1-424b-9868-57a2d4851a1d" />
    <TestEntry testId="f352b3e4-d8b2-0588-46bb-043afb7266c1" executionId="41379975-aa45-43bb-b409-264408d1284a" testListId="8c84fa94-04c1-424b-9868-57a2d4851a1d" />
    <TestEntry testId="215bdca5-d044-0fe3-ab3a-2e4442ce76c5" executionId="403f52a8-d62c-47e7-b087-1497b9c86ae3" testListId="8c84fa94-04c1-424b-9868-57a2d4851a1d" />
    <TestEntry testId="b9bf8ed7-522c-e76a-b80e-8d05fc5adc83" executionId="79dae5c0-f34c-4e30-b769-b18069ea97ea" testListId="8c84fa94-04c1-424b-9868-57a2d4851a1d" />
  </TestEntries>
  <TestLists>
    <TestList name="Results Not in a List" id="8c84fa94-04c1-424b-9868-57a2d4851a1d" />
    <TestList name="All Loaded Results" id="19431567-8539-422a-85d7-44ee4e166bda" />
  </TestLists>
  <ResultSummary outcome="Completed">
    <Counters total="6" executed="6" passed="6" failed="0" error="0" timeout="0" aborted="0" inconclusive="0" passedButRunAborted="0" notRunnable="0" notExecuted="0" disconnected="0" warning="0" completed="0" inProgress="0" pending="0" />
    <Output>
      <StdOut>[xUnit.net 00:00:00.02] xUnit.net VSTest Adapter v2.8.2+699d445a1a (64-bit .NET Framework 4.8.9256.0)&#xD;
[xUnit.net 00:00:01.30]   Discovering: Fededim.Extensions.Configuration.Protected.DataProtectionAPITest&#xD;
[xUnit.net 00:00:01.43]   Discovered:  Fededim.Extensions.Configuration.Protected.DataProtectionAPITest&#xD;
[xUnit.net 00:00:01.44]   Starting:    Fededim.Extensions.Configuration.Protected.DataProtectionAPITest&#xD;
[xUnit.net 00:06:04.05]   Finished:    Fededim.Extensions.Configuration.Protected.DataProtectionAPITest&#xD;
</StdOut>
    </Output>
  </ResultSummary>
</TestRun>