<?xml version="1.0" encoding="utf-8"?>
<TestRun id="1a1a358f-f51d-4490-bee1-971be7db1acc" name="runneradmin@fv-az653-956 2024-12-08 19:55:54" runUser="fv-az653-956\runneradmin" xmlns="http://microsoft.com/schemas/VisualStudio/TeamTest/2010">
  <Times creation="2024-12-08T19:55:54.7090301+00:00" queuing="2024-12-08T19:55:54.7090304+00:00" start="2024-12-08T19:55:46.1210574+00:00" finish="2024-12-08T19:57:14.6761280+00:00" />
  <TestSettings name="default" id="2649e014-89ee-4b63-97c2-f74a78dcfa60">
    <Deployment runDeploymentRoot="runneradmin_fv-az653-956_2024-12-08_19_55_54" />
  </TestSettings>
  <Results>
    <UnitTestResult executionId="2b69b505-446f-4245-aaeb-753fb39638fb" testId="6c6badd8-2315-c41e-9745-b2cf4b1a628a" testName="Fededim.Extensions.Configuration.Protected.DataProtectionAPITest.ReverseChainedDataProtectionAPIProtectProviderTest.RandomEnvironmentVariablesTest" computerName="fv-az653-956" duration="00:00:02.6400153" startTime="2024-12-08T19:57:08.5030255+00:00" endTime="2024-12-08T19:57:08.5030259+00:00" testType="13cdc9d9-ddb5-4fa4-a97d-d965ccfc6d4b" outcome="Passed" testListId="8c84fa94-04c1-424b-9868-57a2d4851a1d" relativeResultsDirectory="2b69b505-446f-4245-aaeb-753fb39638fb">
      <Output>
        <StdOut>12/8/2024 7:57:05 PM: Generating a random environment variables 100000 keys, autogenerated strings max length 20 and autogenerated array max length 10...&#xD;
12/8/2024 7:57:06 PM: Starting test...&#xD;
12/8/2024 7:57:06 PM: Generated random environment variables (NumEntries 2000 NumValues 5256 TID 9, note that Windows has a maximum size of 32KB for all environment variables, so not all 100000 keys could be created) duration 824ms &#xD;
12/8/2024 7:57:07 PM: Encrypted random environment variables duration 1086ms &#xD;
12/8/2024 7:57:07 PM: Checked that all random environment variables are encrypted duration 2ms &#xD;
12/8/2024 7:57:07 PM: Loaded and decrypted random environment variables with ProtectedConfigurationBuilder duration 34ms &#xD;
12/8/2024 7:57:07 PM: Checked that 1601 entries are equal duration 0ms</StdOut>
      </Output>
    </UnitTestResult>
    <UnitTestResult executionId="614e211a-8c5c-409d-a543-f55a1244bb2d" testId="94ea7642-4083-0632-dcd9-b9fdbebb7fc1" testName="Fededim.Extensions.Configuration.Protected.DataProtectionAPITest.PassthroughProtectProviderTest.RandomJsonFileTest(useJsonWithCommentFileProcessor: True)" computerName="fv-az653-956" duration="00:00:12.5921577" startTime="2024-12-08T19:56:45.3076802+00:00" endTime="2024-12-08T19:56:45.3076803+00:00" testType="13cdc9d9-ddb5-4fa4-a97d-d965ccfc6d4b" outcome="Passed" testListId="8c84fa94-04c1-424b-9868-57a2d4851a1d" relativeResultsDirectory="614e211a-8c5c-409d-a543-f55a1244bb2d">
      <Output>
        <StdOut>12/8/2024 7:56:32 PM: Generating a random JSON file with 100000 keys, autogenerated strings max length 20 and autogenerated array max length 10...&#xD;
12/8/2024 7:56:35 PM: File location file://D:/a/Fededim.Extensions.Configuration.Protected/Fededim.Extensions.Configuration.Protected/Fededim.Extensions.Configuration.Protected.DataProtectionAPITest/bin/Release/net8.0/random_c051831a-81ae-4adf-90fd-9291ed2bbb98.json&#xD;
12/8/2024 7:56:35 PM: Generated random JSON file (NumEntries 100000 NumValues 248406 size 58657 KB) duration 2451ms &#xD;
12/8/2024 7:56:37 PM: Encrypted random JSON file (NumEntries 100000 NumValues 248406 size 59039 KB) duration 2432ms &#xD;
12/8/2024 7:56:38 PM: Checked that all random JSON file is encrypted duration 664ms &#xD;
12/8/2024 7:56:44 PM: Loaded and decrypted random JSON file with ProtectedConfigurationBuilder duration 6693ms &#xD;
12/8/2024 7:56:45 PM: Checked that 248406 entries are equal duration 349ms</StdOut>
      </Output>
    </UnitTestResult>
    <UnitTestResult executionId="dbac7c0f-93de-4f6e-82f2-6fa607415b15" testId="5bf2f350-f23f-f114-d6dd-98a507e43569" testName="Fededim.Extensions.Configuration.Protected.DataProtectionAPITest.ReverseChainedDataProtectionAPIProtectProviderTest.RandomXmlFileTest" computerName="fv-az653-956" duration="00:00:20.5827211" startTime="2024-12-08T19:57:05.8627699+00:00" endTime="2024-12-08T19:57:05.8627702+00:00" testType="13cdc9d9-ddb5-4fa4-a97d-d965ccfc6d4b" outcome="Passed" testListId="8c84fa94-04c1-424b-9868-57a2d4851a1d" relativeResultsDirectory="dbac7c0f-93de-4f6e-82f2-6fa607415b15">
      <Output>
        <StdOut>12/8/2024 7:56:45 PM: Generating a random XML file with 100000 keys, autogenerated strings max length 20 and autogenerated array max length 10...&#xD;
12/8/2024 7:56:47 PM: File location file://D:/a/Fededim.Extensions.Configuration.Protected/Fededim.Extensions.Configuration.Protected/Fededim.Extensions.Configuration.Protected.DataProtectionAPITest/bin/Release/net8.0/random_bc49e1ea-a5cd-48ed-ba61-5e128a8d45dc.xml&#xD;
12/8/2024 7:56:47 PM: Generated random XML file (NumEntries 100000 NumValues 251648 size 59346 KB) duration 2489ms &#xD;
12/8/2024 7:56:53 PM: Encrypted random XML file (NumEntries 100000 NumValues 251648 size 85855 KB) duration 5250ms &#xD;
12/8/2024 7:56:54 PM: Checked that all random XML file is encrypted duration 1380ms &#xD;
12/8/2024 7:57:05 PM: Loaded and decrypted random XML file with ProtectedConfigurationBuilder duration 00:00:11.2261733 &#xD;
12/8/2024 7:57:05 PM: Checked that 203323 entries are equal duration 235ms</StdOut>
      </Output>
    </UnitTestResult>
    <UnitTestResult executionId="2a33c612-54c2-45a4-8f2c-05d3f00184ec" testId="69d8f2d8-3562-2bf4-0a5e-c226f303d955" testName="Fededim.Extensions.Configuration.Protected.DataProtectionAPITest.ReverseChainedPassthroughProtectProviderTest.RandomInMemoryDictionaryTest" computerName="fv-az653-956" duration="00:00:02.6920525" startTime="2024-12-08T19:55:54.6782284+00:00" endTime="2024-12-08T19:55:54.6782549+00:00" testType="13cdc9d9-ddb5-4fa4-a97d-d965ccfc6d4b" outcome="Passed" testListId="8c84fa94-04c1-424b-9868-57a2d4851a1d" relativeResultsDirectory="2a33c612-54c2-45a4-8f2c-05d3f00184ec">
      <Output>
        <StdOut>12/8/2024 7:55:51 PM: Generating a random in-memory dictionary with 100000 keys, autogenerated strings max length 20 and autogenerated array max length 10...&#xD;
12/8/2024 7:55:52 PM: Starting test...&#xD;
12/8/2024 7:55:52 PM: Generated random in-memory dictionary (NumEntries 100000 NumValues 250189) duration 684ms &#xD;
12/8/2024 7:55:53 PM: Encrypted random in-memory dictionary duration 1111ms &#xD;
12/8/2024 7:55:53 PM: Checked that all random in-memory dictionary is encrypted duration 59ms &#xD;
12/8/2024 7:55:54 PM: Loaded and decrypted random in-memory dictionary with ProtectedConfigurationBuilder duration 709ms &#xD;
12/8/2024 7:55:54 PM: Checked that 100000 entries are equal duration 124ms</StdOut>
      </Output>
    </UnitTestResult>
    <UnitTestResult executionId="f03b9a4c-1014-4a84-9c48-1457adf83ca9" testId="f63be0dc-1fac-0d73-eab5-ec6ea7cf7b08" testName="Fededim.Extensions.Configuration.Protected.DataProtectionAPITest.DataProtectionAPIProtectProviderTest.RandomCommandLineTest" computerName="fv-az653-956" duration="00:00:03.0952765" startTime="2024-12-08T19:57:12.9815185+00:00" endTime="2024-12-08T19:57:12.9815189+00:00" testType="13cdc9d9-ddb5-4fa4-a97d-d965ccfc6d4b" outcome="Passed" testListId="8c84fa94-04c1-424b-9868-57a2d4851a1d" relativeResultsDirectory="f03b9a4c-1014-4a84-9c48-1457adf83ca9">
      <Output>
        <StdOut>12/8/2024 7:57:09 PM: Generating a random command line arguments with 100000 keys, autogenerated strings max length 20 and autogenerated array max length 10...&#xD;
12/8/2024 7:57:10 PM: Starting test...&#xD;
12/8/2024 7:57:10 PM: Generated random comand line args (NumEntries 100000 NumValues 251378) duration 176ms &#xD;
12/8/2024 7:57:11 PM: Encrypted random comand line args duration 1036ms &#xD;
12/8/2024 7:57:11 PM: Checked that all random comand line args are encrypted duration 41ms &#xD;
12/8/2024 7:57:12 PM: Loaded and decrypted random comand line args with ProtectedConfigurationBuilder duration 1785ms &#xD;
12/8/2024 7:57:12 PM: Checked that 100000 entries are equal duration 54ms</StdOut>
      </Output>
    </UnitTestResult>
    <UnitTestResult executionId="4908edd5-6e86-4afb-ae19-4392599b8330" testId="aeb7956b-7546-b053-446f-8b8f700e605b" testName="Fededim.Extensions.Configuration.Protected.DataProtectionAPITest.ReverseChainedDataProtectionAPIProtectProviderTest.RandomInMemoryDictionaryTest" computerName="fv-az653-956" duration="00:00:02.7155495" startTime="2024-12-08T19:57:14.3241254+00:00" endTime="2024-12-08T19:57:14.3241258+00:00" testType="13cdc9d9-ddb5-4fa4-a97d-d965ccfc6d4b" outcome="Passed" testListId="8c84fa94-04c1-424b-9868-57a2d4851a1d" relativeResultsDirectory="4908edd5-6e86-4afb-ae19-4392599b8330">
      <Output>
        <StdOut>12/8/2024 7:57:11 PM: Generating a random in-memory dictionary with 100000 keys, autogenerated strings max length 20 and autogenerated array max length 10...&#xD;
12/8/2024 7:57:11 PM: Starting test...&#xD;
12/8/2024 7:57:11 PM: Generated random in-memory dictionary (NumEntries 100000 NumValues 249285) duration 232ms &#xD;
12/8/2024 7:57:12 PM: Encrypted random in-memory dictionary duration 1015ms &#xD;
12/8/2024 7:57:12 PM: Checked that all random in-memory dictionary is encrypted duration 31ms &#xD;
12/8/2024 7:57:14 PM: Loaded and decrypted random in-memory dictionary with ProtectedConfigurationBuilder duration 1401ms &#xD;
12/8/2024 7:57:14 PM: Checked that 100000 entries are equal duration 33ms</StdOut>
      </Output>
    </UnitTestResult>
    <UnitTestResult executionId="dfb1b8d9-83be-4dbf-8210-dbf38715d068" testId="7e6ddfbf-8406-e386-7c05-3e7c30fa7505" testName="Fededim.Extensions.Configuration.Protected.DataProtectionAPITest.ReverseChainedPassthroughProtectProviderTest.RandomJsonFileTest(useJsonWithCommentFileProcessor: False)" computerName="fv-az653-956" duration="00:00:10.9953173" startTime="2024-12-08T19:56:26.8463099+00:00" endTime="2024-12-08T19:56:26.8463101+00:00" testType="13cdc9d9-ddb5-4fa4-a97d-d965ccfc6d4b" outcome="Passed" testListId="8c84fa94-04c1-424b-9868-57a2d4851a1d" relativeResultsDirectory="dfb1b8d9-83be-4dbf-8210-dbf38715d068">
      <Output>
        <StdOut>12/8/2024 7:56:15 PM: Generating a random JSON file with 100000 keys, autogenerated strings max length 20 and autogenerated array max length 10...&#xD;
12/8/2024 7:56:17 PM: File location file://D:/a/Fededim.Extensions.Configuration.Protected/Fededim.Extensions.Configuration.Protected/Fededim.Extensions.Configuration.Protected.DataProtectionAPITest/bin/Release/net8.0/random_b20c6b23-dc48-4056-999f-fcf5f95b76fb.json&#xD;
12/8/2024 7:56:17 PM: Generated random JSON file (NumEntries 100000 NumValues 250120 size 52415 KB) duration 1475ms &#xD;
12/8/2024 7:56:21 PM: Encrypted random JSON file (NumEntries 100000 NumValues 250120 size 52801 KB) duration 3983ms &#xD;
12/8/2024 7:56:21 PM: Checked that all random JSON file is encrypted duration 446ms &#xD;
12/8/2024 7:56:26 PM: Loaded and decrypted random JSON file with ProtectedConfigurationBuilder duration 4716ms &#xD;
12/8/2024 7:56:26 PM: Checked that 250120 entries are equal duration 374ms</StdOut>
      </Output>
    </UnitTestResult>
    <UnitTestResult executionId="ba59b2e7-7013-4f04-ac19-43b8b1b8e269" testId="8fa56702-815f-46fb-f241-56617bf43be4" testName="Fededim.Extensions.Configuration.Protected.DataProtectionAPITest.ReverseChainedPassthroughProtectProviderTest.RandomXmlFileTest" computerName="fv-az653-956" duration="00:00:19.1762109" startTime="2024-12-08T19:56:46.0231158+00:00" endTime="2024-12-08T19:56:46.0231165+00:00" testType="13cdc9d9-ddb5-4fa4-a97d-d965ccfc6d4b" outcome="Passed" testListId="8c84fa94-04c1-424b-9868-57a2d4851a1d" relativeResultsDirectory="ba59b2e7-7013-4f04-ac19-43b8b1b8e269">
      <Output>
        <StdOut>12/8/2024 7:56:26 PM: Generating a random XML file with 100000 keys, autogenerated strings max length 20 and autogenerated array max length 10...&#xD;
12/8/2024 7:56:31 PM: File location file://D:/a/Fededim.Extensions.Configuration.Protected/Fededim.Extensions.Configuration.Protected/Fededim.Extensions.Configuration.Protected.DataProtectionAPITest/bin/Release/net8.0/random_1ed93eb9-cd58-437c-ae2b-c248935c8362.xml&#xD;
12/8/2024 7:56:31 PM: Generated random XML file (NumEntries 100000 NumValues 250180 size 58872 KB) duration 4444ms &#xD;
12/8/2024 7:56:37 PM: Encrypted random XML file (NumEntries 100000 NumValues 250180 size 59262 KB) duration 5718ms &#xD;
12/8/2024 7:56:38 PM: Checked that all random XML file is encrypted duration 1240ms &#xD;
12/8/2024 7:56:45 PM: Loaded and decrypted random XML file with ProtectedConfigurationBuilder duration 7368ms &#xD;
12/8/2024 7:56:46 PM: Checked that 202071 entries are equal duration 403ms</StdOut>
      </Output>
    </UnitTestResult>
    <UnitTestResult executionId="0d4d7d99-d886-417b-8619-aa6b474b0762" testId="4ea3de90-a59d-3955-9940-560839244413" testName="Fededim.Extensions.Configuration.Protected.DataProtectionAPITest.DataProtectionAPIProtectProviderTest.RandomJsonFileTest(useJsonWithCommentFileProcessor: False)" computerName="fv-az653-956" duration="00:00:20.2866416" startTime="2024-12-08T19:56:50.3208183+00:00" endTime="2024-12-08T19:56:50.3208186+00:00" testType="13cdc9d9-ddb5-4fa4-a97d-d965ccfc6d4b" outcome="Passed" testListId="8c84fa94-04c1-424b-9868-57a2d4851a1d" relativeResultsDirectory="0d4d7d99-d886-417b-8619-aa6b474b0762">
      <Output>
        <StdOut>12/8/2024 7:56:30 PM: Generating a random JSON file with 100000 keys, autogenerated strings max length 20 and autogenerated array max length 10...&#xD;
12/8/2024 7:56:31 PM: File location file://D:/a/Fededim.Extensions.Configuration.Protected/Fededim.Extensions.Configuration.Protected/Fededim.Extensions.Configuration.Protected.DataProtectionAPITest/bin/Release/net8.0/random_983113ec-9cf0-43cd-b818-42b470fc408a.json&#xD;
12/8/2024 7:56:31 PM: Generated random JSON file (NumEntries 100000 NumValues 249679 size 55146 KB) duration 1948ms &#xD;
12/8/2024 7:56:38 PM: Encrypted random JSON file (NumEntries 100000 NumValues 249679 size 81236 KB) duration 6534ms &#xD;
12/8/2024 7:56:40 PM: Checked that all random JSON file is encrypted duration 1978ms &#xD;
12/8/2024 7:56:49 PM: Loaded and decrypted random JSON file with ProtectedConfigurationBuilder duration 9493ms &#xD;
12/8/2024 7:56:50 PM: Checked that 249679 entries are equal duration 330ms</StdOut>
      </Output>
    </UnitTestResult>
    <UnitTestResult executionId="4c250699-a9a1-401f-8932-311e6870e435" testId="c47730a9-5677-c354-72b2-3037781cbdf4" testName="Fededim.Extensions.Configuration.Protected.DataProtectionAPITest.ReverseChainedPassthroughProtectProviderTest.RandomJsonFileTest(useJsonWithCommentFileProcessor: True)" computerName="fv-az653-956" duration="00:00:18.6381560" startTime="2024-12-08T19:56:15.8508141+00:00" endTime="2024-12-08T19:56:15.8508144+00:00" testType="13cdc9d9-ddb5-4fa4-a97d-d965ccfc6d4b" outcome="Passed" testListId="8c84fa94-04c1-424b-9868-57a2d4851a1d" relativeResultsDirectory="4c250699-a9a1-401f-8932-311e6870e435">
      <Output>
        <StdOut>12/8/2024 7:55:57 PM: Generating a random JSON file with 100000 keys, autogenerated strings max length 20 and autogenerated array max length 10...&#xD;
12/8/2024 7:56:00 PM: File location file://D:/a/Fededim.Extensions.Configuration.Protected/Fededim.Extensions.Configuration.Protected/Fededim.Extensions.Configuration.Protected.DataProtectionAPITest/bin/Release/net8.0/random_84910586-0625-4df2-a0e7-c96201503d27.json&#xD;
12/8/2024 7:56:00 PM: Generated random JSON file (NumEntries 100000 NumValues 251045 size 52728 KB) duration 3199ms &#xD;
12/8/2024 7:56:05 PM: Encrypted random JSON file (NumEntries 100000 NumValues 251045 size 53114 KB) duration 4748ms &#xD;
12/8/2024 7:56:07 PM: Checked that all random JSON file is encrypted duration 2760ms &#xD;
12/8/2024 7:56:15 PM: Loaded and decrypted random JSON file with ProtectedConfigurationBuilder duration 7571ms &#xD;
12/8/2024 7:56:15 PM: Checked that 251045 entries are equal duration 358ms</StdOut>
      </Output>
    </UnitTestResult>
    <UnitTestResult executionId="e2ad7633-2547-495b-a7c1-ca420992ac5e" testId="bc65d678-ea47-f040-ebfc-ebf2c2e9a1f0" testName="Fededim.Extensions.Configuration.Protected.DataProtectionAPITest.PassthroughProtectProviderTest.RandomXmlFileTest" computerName="fv-az653-956" duration="00:00:26.3799072" startTime="2024-12-08T19:56:17.8268625+00:00" endTime="2024-12-08T19:56:17.8268628+00:00" testType="13cdc9d9-ddb5-4fa4-a97d-d965ccfc6d4b" outcome="Passed" testListId="8c84fa94-04c1-424b-9868-57a2d4851a1d" relativeResultsDirectory="e2ad7633-2547-495b-a7c1-ca420992ac5e">
      <Output>
        <StdOut>12/8/2024 7:55:51 PM: Generating a random XML file with 100000 keys, autogenerated strings max length 20 and autogenerated array max length 10...&#xD;
12/8/2024 7:55:57 PM: File location file://D:/a/Fededim.Extensions.Configuration.Protected/Fededim.Extensions.Configuration.Protected/Fededim.Extensions.Configuration.Protected.DataProtectionAPITest/bin/Release/net8.0/random_9f113d1b-0332-4e9b-adaf-7baad1c4c14a.xml&#xD;
12/8/2024 7:55:57 PM: Generated random XML file (NumEntries 100000 NumValues 250898 size 63077 KB) duration 6069ms &#xD;
12/8/2024 7:56:05 PM: Encrypted random XML file (NumEntries 100000 NumValues 250898 size 63467 KB) duration 7940ms &#xD;
12/8/2024 7:56:08 PM: Checked that all random XML file is encrypted duration 2714ms &#xD;
12/8/2024 7:56:17 PM: Loaded and decrypted random XML file with ProtectedConfigurationBuilder duration 8953ms &#xD;
12/8/2024 7:56:17 PM: Checked that 202477 entries are equal duration 628ms</StdOut>
      </Output>
    </UnitTestResult>
    <UnitTestResult executionId="f6220bc0-46e7-4b64-bc64-682163868b14" testId="40bc2ee2-12b8-c08c-ad81-e8c0efee775c" testName="Fededim.Extensions.Configuration.Protected.DataProtectionAPITest.DataProtectionAPIProtectProviderTest.RandomJsonFileTest(useJsonWithCommentFileProcessor: True)" computerName="fv-az653-956" duration="00:00:24.0825123" startTime="2024-12-08T19:56:30.0640873+00:00" endTime="2024-12-08T19:56:30.0640875+00:00" testType="13cdc9d9-ddb5-4fa4-a97d-d965ccfc6d4b" outcome="Passed" testListId="8c84fa94-04c1-424b-9868-57a2d4851a1d" relativeResultsDirectory="f6220bc0-46e7-4b64-bc64-682163868b14">
      <Output>
        <StdOut>12/8/2024 7:56:05 PM: Generating a random JSON file with 100000 keys, autogenerated strings max length 20 and autogenerated array max length 10...&#xD;
12/8/2024 7:56:07 PM: File location file://D:/a/Fededim.Extensions.Configuration.Protected/Fededim.Extensions.Configuration.Protected/Fededim.Extensions.Configuration.Protected.DataProtectionAPITest/bin/Release/net8.0/random_a107e49f-ce8a-4c8d-8fc4-ccd475d0cc1b.json&#xD;
12/8/2024 7:56:07 PM: Generated random JSON file (NumEntries 100000 NumValues 248971 size 55422 KB) duration 2037ms &#xD;
12/8/2024 7:56:16 PM: Encrypted random JSON file (NumEntries 100000 NumValues 248971 size 81411 KB) duration 8440ms &#xD;
12/8/2024 7:56:17 PM: Checked that all random JSON file is encrypted duration 1235ms &#xD;
12/8/2024 7:56:29 PM: Loaded and decrypted random JSON file with ProtectedConfigurationBuilder duration 00:00:11.4346843 &#xD;
12/8/2024 7:56:30 PM: Checked that 248971 entries are equal duration 933ms</StdOut>
      </Output>
    </UnitTestResult>
    <UnitTestResult executionId="36d037c0-2838-4764-8589-3b6d369c37e6" testId="cab792d5-caf7-94cb-7dd5-8cd2bf26d466" testName="Fededim.Extensions.Configuration.Protected.DataProtectionAPITest.DataProtectionAPIProtectProviderTest.RandomXmlFileTest" computerName="fv-az653-956" duration="00:00:19.5648604" startTime="2024-12-08T19:57:09.8860212+00:00" endTime="2024-12-08T19:57:09.8860216+00:00" testType="13cdc9d9-ddb5-4fa4-a97d-d965ccfc6d4b" outcome="Passed" testListId="8c84fa94-04c1-424b-9868-57a2d4851a1d" relativeResultsDirectory="36d037c0-2838-4764-8589-3b6d369c37e6">
      <Output>
        <StdOut>12/8/2024 7:56:50 PM: Generating a random XML file with 100000 keys, autogenerated strings max length 20 and autogenerated array max length 10...&#xD;
12/8/2024 7:56:52 PM: File location file://D:/a/Fededim.Extensions.Configuration.Protected/Fededim.Extensions.Configuration.Protected/Fededim.Extensions.Configuration.Protected.DataProtectionAPITest/bin/Release/net8.0/random_4cce9e74-2353-4d1f-8313-67d4e0df11c6.xml&#xD;
12/8/2024 7:56:52 PM: Generated random XML file (NumEntries 100000 NumValues 250227 size 60817 KB) duration 2371ms &#xD;
12/8/2024 7:57:00 PM: Encrypted random XML file (NumEntries 100000 NumValues 250227 size 87211 KB) duration 7467ms &#xD;
12/8/2024 7:57:01 PM: Checked that all random XML file is encrypted duration 1145ms &#xD;
12/8/2024 7:57:09 PM: Loaded and decrypted random XML file with ProtectedConfigurationBuilder duration 8233ms &#xD;
12/8/2024 7:57:09 PM: Checked that 202499 entries are equal duration 314ms</StdOut>
      </Output>
    </UnitTestResult>
    <UnitTestResult executionId="df5488fa-78d5-4f8c-b43b-3e386754f244" testId="f4b49037-2be4-650f-fa20-2558b4f38cf7" testName="Fededim.Extensions.Configuration.Protected.DataProtectionAPITest.ReverseChainedPassthroughProtectProviderTest.RandomEnvironmentVariablesTest" computerName="fv-az653-956" duration="00:00:07.9927504" startTime="2024-12-08T19:56:54.0157743+00:00" endTime="2024-12-08T19:56:54.0157746+00:00" testType="13cdc9d9-ddb5-4fa4-a97d-d965ccfc6d4b" outcome="Passed" testListId="8c84fa94-04c1-424b-9868-57a2d4851a1d" relativeResultsDirectory="df5488fa-78d5-4f8c-b43b-3e386754f244">
      <Output>
        <StdOut>12/8/2024 7:56:46 PM: Generating a random environment variables 100000 keys, autogenerated strings max length 20 and autogenerated array max length 10...&#xD;
12/8/2024 7:56:50 PM: Starting test...&#xD;
12/8/2024 7:56:50 PM: Generated random environment variables (NumEntries 2000 NumValues 5104 TID 14, note that Windows has a maximum size of 32KB for all environment variables, so not all 100000 keys could be created) duration 4131ms &#xD;
12/8/2024 7:56:53 PM: Encrypted random environment variables duration 3129ms &#xD;
12/8/2024 7:56:53 PM: Checked that all random environment variables are encrypted duration 15ms &#xD;
12/8/2024 7:56:53 PM: Loaded and decrypted random environment variables with ProtectedConfigurationBuilder duration 10ms &#xD;
12/8/2024 7:56:53 PM: Checked that 1591 entries are equal duration 0ms</StdOut>
      </Output>
    </UnitTestResult>
    <UnitTestResult executionId="d197525c-236c-43a6-a4b5-d5d0921593ea" testId="331a13af-5866-8d6a-671d-a2abfea42096" testName="Fededim.Extensions.Configuration.Protected.DataProtectionAPITest.DataProtectionAPIProtectProviderTest.RandomEnvironmentVariablesTest" computerName="fv-az653-956" duration="00:00:03.6766567" startTime="2024-12-08T19:56:05.9511789+00:00" endTime="2024-12-08T19:56:05.9511793+00:00" testType="13cdc9d9-ddb5-4fa4-a97d-d965ccfc6d4b" outcome="Passed" testListId="8c84fa94-04c1-424b-9868-57a2d4851a1d" relativeResultsDirectory="d197525c-236c-43a6-a4b5-d5d0921593ea">
      <Output>
        <StdOut>12/8/2024 7:56:02 PM: Generating a random environment variables 100000 keys, autogenerated strings max length 20 and autogenerated array max length 10...&#xD;
12/8/2024 7:56:03 PM: Starting test...&#xD;
12/8/2024 7:56:03 PM: Generated random environment variables (NumEntries 2000 NumValues 5089 TID 11, note that Windows has a maximum size of 32KB for all environment variables, so not all 100000 keys could be created) duration 1040ms &#xD;
12/8/2024 7:56:05 PM: Encrypted random environment variables duration 1781ms &#xD;
12/8/2024 7:56:05 PM: Checked that all random environment variables are encrypted duration 7ms &#xD;
12/8/2024 7:56:05 PM: Loaded and decrypted random environment variables with ProtectedConfigurationBuilder duration 81ms &#xD;
12/8/2024 7:56:05 PM: Checked that 1568 entries are equal duration 1ms</StdOut>
      </Output>
    </UnitTestResult>
    <UnitTestResult executionId="d1abceaa-825c-4aaa-b163-55d7eb763806" testId="7854059b-30d2-55e5-a014-8ef220beca26" testName="Fededim.Extensions.Configuration.Protected.DataProtectionAPITest.ReverseChainedDataProtectionAPIProtectProviderTest.RandomJsonFileTest(useJsonWithCommentFileProcessor: False)" computerName="fv-az653-956" duration="00:00:21.8717937" startTime="2024-12-08T19:56:45.2906217+00:00" endTime="2024-12-08T19:56:45.2906220+00:00" testType="13cdc9d9-ddb5-4fa4-a97d-d965ccfc6d4b" outcome="Passed" testListId="8c84fa94-04c1-424b-9868-57a2d4851a1d" relativeResultsDirectory="d1abceaa-825c-4aaa-b163-55d7eb763806">
      <Output>
        <StdOut>12/8/2024 7:56:23 PM: Generating a random JSON file with 100000 keys, autogenerated strings max length 20 and autogenerated array max length 10...&#xD;
12/8/2024 7:56:24 PM: File location file://D:/a/Fededim.Extensions.Configuration.Protected/Fededim.Extensions.Configuration.Protected/Fededim.Extensions.Configuration.Protected.DataProtectionAPITest/bin/Release/net8.0/random_0027d26f-8785-4e87-8f5c-9991999ea6cf.json&#xD;
12/8/2024 7:56:24 PM: Generated random JSON file (NumEntries 100000 NumValues 251785 size 51559 KB) duration 1564ms &#xD;
12/8/2024 7:56:30 PM: Encrypted random JSON file (NumEntries 100000 NumValues 251785 size 77840 KB) duration 5843ms &#xD;
12/8/2024 7:56:32 PM: Checked that all random JSON file is encrypted duration 1681ms &#xD;
12/8/2024 7:56:44 PM: Loaded and decrypted random JSON file with ProtectedConfigurationBuilder duration 00:00:12.4565201 &#xD;
12/8/2024 7:56:45 PM: Checked that 251785 entries are equal duration 324ms</StdOut>
      </Output>
    </UnitTestResult>
    <UnitTestResult executionId="062695eb-9ea0-4085-a9de-344e58083012" testId="647b6c5b-225b-1ca2-d2e0-e37df89ba286" testName="Fededim.Extensions.Configuration.Protected.DataProtectionAPITest.ReverseChainedDataProtectionAPIProtectProviderTest.RandomCommandLineTest" computerName="fv-az653-956" duration="00:00:03.1052004" startTime="2024-12-08T19:57:11.6083570+00:00" endTime="2024-12-08T19:57:11.6083574+00:00" testType="13cdc9d9-ddb5-4fa4-a97d-d965ccfc6d4b" outcome="Passed" testListId="8c84fa94-04c1-424b-9868-57a2d4851a1d" relativeResultsDirectory="062695eb-9ea0-4085-a9de-344e58083012">
      <Output>
        <StdOut>12/8/2024 7:57:08 PM: Generating a random command line arguments with 100000 keys, autogenerated strings max length 20 and autogenerated array max length 10...&#xD;
12/8/2024 7:57:08 PM: Starting test...&#xD;
12/8/2024 7:57:08 PM: Generated random comand line args (NumEntries 100000 NumValues 249420) duration 188ms &#xD;
12/8/2024 7:57:09 PM: Encrypted random comand line args duration 990ms &#xD;
12/8/2024 7:57:09 PM: Checked that all random comand line args are encrypted duration 37ms &#xD;
12/8/2024 7:57:11 PM: Loaded and decrypted random comand line args with ProtectedConfigurationBuilder duration 1849ms &#xD;
12/8/2024 7:57:11 PM: Checked that 100000 entries are equal duration 38ms</StdOut>
      </Output>
    </UnitTestResult>
    <UnitTestResult executionId="c8e6e6d8-c253-4830-90f4-8473cd696b41" testId="266c91ed-f749-9cf5-bf8c-4a55ef2a37c7" testName="Fededim.Extensions.Configuration.Protected.DataProtectionAPITest.PassthroughProtectProviderTest.RandomCommandLineTest" computerName="fv-az653-956" duration="00:00:02.3421406" startTime="2024-12-08T19:56:20.1948438+00:00" endTime="2024-12-08T19:56:20.1948441+00:00" testType="13cdc9d9-ddb5-4fa4-a97d-d965ccfc6d4b" outcome="Passed" testListId="8c84fa94-04c1-424b-9868-57a2d4851a1d" relativeResultsDirectory="c8e6e6d8-c253-4830-90f4-8473cd696b41">
      <Output>
        <StdOut>12/8/2024 7:56:17 PM: Generating a random command line arguments with 100000 keys, autogenerated strings max length 20 and autogenerated array max length 10...&#xD;
12/8/2024 7:56:18 PM: Starting test...&#xD;
12/8/2024 7:56:18 PM: Generated random comand line args (NumEntries 100000 NumValues 248921) duration 269ms &#xD;
12/8/2024 7:56:18 PM: Encrypted random comand line args duration 794ms &#xD;
12/8/2024 7:56:18 PM: Checked that all random comand line args are encrypted duration 66ms &#xD;
12/8/2024 7:56:20 PM: Loaded and decrypted random comand line args with ProtectedConfigurationBuilder duration 1082ms &#xD;
12/8/2024 7:56:20 PM: Checked that 100000 entries are equal duration 118ms</StdOut>
      </Output>
    </UnitTestResult>
    <UnitTestResult executionId="965cf1f2-932a-4ad3-95b7-7090f588adcf" testId="babc18e0-52be-6076-7768-76d0c302f279" testName="Fededim.Extensions.Configuration.Protected.DataProtectionAPITest.PassthroughProtectProviderTest.RandomJsonFileTest(useJsonWithCommentFileProcessor: False)" computerName="fv-az653-956" duration="00:00:10.8189288" startTime="2024-12-08T19:56:32.6889088+00:00" endTime="2024-12-08T19:56:32.6889090+00:00" testType="13cdc9d9-ddb5-4fa4-a97d-d965ccfc6d4b" outcome="Passed" testListId="8c84fa94-04c1-424b-9868-57a2d4851a1d" relativeResultsDirectory="965cf1f2-932a-4ad3-95b7-7090f588adcf">
      <Output>
        <StdOut>12/8/2024 7:56:21 PM: Generating a random JSON file with 100000 keys, autogenerated strings max length 20 and autogenerated array max length 10...&#xD;
12/8/2024 7:56:23 PM: File location file://D:/a/Fededim.Extensions.Configuration.Protected/Fededim.Extensions.Configuration.Protected/Fededim.Extensions.Configuration.Protected.DataProtectionAPITest/bin/Release/net8.0/random_2a5ae90d-b317-41f5-a269-68c68a9a2fdf.json&#xD;
12/8/2024 7:56:23 PM: Generated random JSON file (NumEntries 100000 NumValues 250709 size 58980 KB) duration 1293ms &#xD;
12/8/2024 7:56:26 PM: Encrypted random JSON file (NumEntries 100000 NumValues 250709 size 59367 KB) duration 2883ms &#xD;
12/8/2024 7:56:26 PM: Checked that all random JSON file is encrypted duration 544ms &#xD;
12/8/2024 7:56:32 PM: Loaded and decrypted random JSON file with ProtectedConfigurationBuilder duration 5612ms &#xD;
12/8/2024 7:56:32 PM: Checked that 250709 entries are equal duration 484ms</StdOut>
      </Output>
    </UnitTestResult>
    <UnitTestResult executionId="25f960b8-ce18-4663-aa09-8e73e377b160" testId="53290695-3624-0469-7860-2a707aa4d5f4" testName="Fededim.Extensions.Configuration.Protected.DataProtectionAPITest.ReverseChainedPassthroughProtectProviderTest.RandomCommandLineTest" computerName="fv-az653-956" duration="00:00:02.5346227" startTime="2024-12-08T19:55:57.2261340+00:00" endTime="2024-12-08T19:55:57.2261343+00:00" testType="13cdc9d9-ddb5-4fa4-a97d-d965ccfc6d4b" outcome="Passed" testListId="8c84fa94-04c1-424b-9868-57a2d4851a1d" relativeResultsDirectory="25f960b8-ce18-4663-aa09-8e73e377b160">
      <Output>
        <StdOut>12/8/2024 7:55:54 PM: Generating a random command line arguments with 100000 keys, autogenerated strings max length 20 and autogenerated array max length 10...&#xD;
12/8/2024 7:55:55 PM: Starting test...&#xD;
12/8/2024 7:55:55 PM: Generated random comand line args (NumEntries 100000 NumValues 250963) duration 589ms &#xD;
12/8/2024 7:55:56 PM: Encrypted random comand line args duration 1165ms &#xD;
12/8/2024 7:55:56 PM: Checked that all random comand line args are encrypted duration 59ms &#xD;
12/8/2024 7:55:57 PM: Loaded and decrypted random comand line args with ProtectedConfigurationBuilder duration 646ms &#xD;
12/8/2024 7:55:57 PM: Checked that 100000 entries are equal duration 66ms</StdOut>
      </Output>
    </UnitTestResult>
    <UnitTestResult executionId="12a917e3-0696-477e-913a-4e8c2aaaaaf3" testId="76a3f103-314f-1ebd-bd22-53871a79c3fa" testName="Fededim.Extensions.Configuration.Protected.DataProtectionAPITest.ReverseChainedDataProtectionAPIProtectProviderTest.RandomJsonFileTest(useJsonWithCommentFileProcessor: True)" computerName="fv-az653-956" duration="00:00:31.9655483" startTime="2024-12-08T19:56:23.4077465+00:00" endTime="2024-12-08T19:56:23.4077466+00:00" testType="13cdc9d9-ddb5-4fa4-a97d-d965ccfc6d4b" outcome="Passed" testListId="8c84fa94-04c1-424b-9868-57a2d4851a1d" relativeResultsDirectory="12a917e3-0696-477e-913a-4e8c2aaaaaf3">
      <Output>
        <StdOut>12/8/2024 7:55:51 PM: Generating a random JSON file with 100000 keys, autogenerated strings max length 20 and autogenerated array max length 10...&#xD;
12/8/2024 7:55:54 PM: File location file://D:/a/Fededim.Extensions.Configuration.Protected/Fededim.Extensions.Configuration.Protected/Fededim.Extensions.Configuration.Protected.DataProtectionAPITest/bin/Release/net8.0/random_9686fcbb-2180-48e0-8082-d9cd1845b52b.json&#xD;
12/8/2024 7:55:54 PM: Generated random JSON file (NumEntries 100000 NumValues 249846 size 57349 KB) duration 3177ms &#xD;
12/8/2024 7:56:05 PM: Encrypted random JSON file (NumEntries 100000 NumValues 249846 size 83411 KB) duration 00:00:10.3029038 &#xD;
12/8/2024 7:56:08 PM: Checked that all random JSON file is encrypted duration 3079ms &#xD;
12/8/2024 7:56:22 PM: Loaded and decrypted random JSON file with ProtectedConfigurationBuilder duration 00:00:14.5071205 &#xD;
12/8/2024 7:56:23 PM: Checked that 249846 entries are equal duration 794ms</StdOut>
      </Output>
    </UnitTestResult>
    <UnitTestResult executionId="4f600358-c20d-4d82-a489-0311a170ad4b" testId="f10bb888-60df-1256-7dc3-3ea5b2020598" testName="Fededim.Extensions.Configuration.Protected.DataProtectionAPITest.PassthroughProtectProviderTest.RandomEnvironmentVariablesTest" computerName="fv-az653-956" duration="00:00:07.1887673" startTime="2024-12-08T19:56:52.4725633+00:00" endTime="2024-12-08T19:56:52.4725637+00:00" testType="13cdc9d9-ddb5-4fa4-a97d-d965ccfc6d4b" outcome="Passed" testListId="8c84fa94-04c1-424b-9868-57a2d4851a1d" relativeResultsDirectory="4f600358-c20d-4d82-a489-0311a170ad4b">
      <Output>
        <StdOut>12/8/2024 7:56:45 PM: Generating a random environment variables 100000 keys, autogenerated strings max length 20 and autogenerated array max length 10...&#xD;
12/8/2024 7:56:47 PM: Starting test...&#xD;
12/8/2024 7:56:47 PM: Generated random environment variables (NumEntries 2000 NumValues 4928 TID 10, note that Windows has a maximum size of 32KB for all environment variables, so not all 100000 keys could be created) duration 1956ms &#xD;
12/8/2024 7:56:50 PM: Encrypted random environment variables duration 3681ms &#xD;
12/8/2024 7:56:50 PM: Checked that all random environment variables are encrypted duration 5ms &#xD;
12/8/2024 7:56:50 PM: Loaded and decrypted random environment variables with ProtectedConfigurationBuilder duration 20ms &#xD;
12/8/2024 7:56:50 PM: Checked that 1580 entries are equal duration 0ms</StdOut>
      </Output>
    </UnitTestResult>
    <UnitTestResult executionId="216012b8-a6b3-4ee7-a7a8-6127a319f206" testId="092a9e9f-643d-a75f-e646-45602e92186b" testName="Fededim.Extensions.Configuration.Protected.DataProtectionAPITest.DataProtectionAPIProtectProviderTest.RandomInMemoryDictionaryTest" computerName="fv-az653-956" duration="00:00:10.8320431" startTime="2024-12-08T19:56:02.2815293+00:00" endTime="2024-12-08T19:56:02.2815296+00:00" testType="13cdc9d9-ddb5-4fa4-a97d-d965ccfc6d4b" outcome="Passed" testListId="8c84fa94-04c1-424b-9868-57a2d4851a1d" relativeResultsDirectory="216012b8-a6b3-4ee7-a7a8-6127a319f206">
      <Output>
        <StdOut>12/8/2024 7:55:51 PM: Generating a random in-memory dictionary with 100000 keys, autogenerated strings max length 20 and autogenerated array max length 10...&#xD;
12/8/2024 7:55:52 PM: Starting test...&#xD;
12/8/2024 7:55:52 PM: Generated random in-memory dictionary (NumEntries 100000 NumValues 249357) duration 760ms &#xD;
12/8/2024 7:55:57 PM: Encrypted random in-memory dictionary duration 5353ms &#xD;
12/8/2024 7:55:57 PM: Checked that all random in-memory dictionary is encrypted duration 55ms &#xD;
12/8/2024 7:56:02 PM: Loaded and decrypted random in-memory dictionary with ProtectedConfigurationBuilder duration 4446ms &#xD;
12/8/2024 7:56:02 PM: Checked that 100000 entries are equal duration 80ms</StdOut>
      </Output>
    </UnitTestResult>
    <UnitTestResult executionId="8b3f4a94-3a84-4b60-ada5-c85a3df424f0" testId="623fedfb-c200-d700-a583-c0520c9fd7be" testName="Fededim.Extensions.Configuration.Protected.DataProtectionAPITest.PassthroughProtectProviderTest.RandomInMemoryDictionaryTest" computerName="fv-az653-956" duration="00:00:01.7016128" startTime="2024-12-08T19:56:21.8826901+00:00" endTime="2024-12-08T19:56:21.8826902+00:00" testType="13cdc9d9-ddb5-4fa4-a97d-d965ccfc6d4b" outcome="Passed" testListId="8c84fa94-04c1-424b-9868-57a2d4851a1d" relativeResultsDirectory="8b3f4a94-3a84-4b60-ada5-c85a3df424f0">
      <Output>
        <StdOut>12/8/2024 7:56:20 PM: Generating a random in-memory dictionary with 100000 keys, autogenerated strings max length 20 and autogenerated array max length 10...&#xD;
12/8/2024 7:56:20 PM: Starting test...&#xD;
12/8/2024 7:56:20 PM: Generated random in-memory dictionary (NumEntries 100000 NumValues 249376) duration 677ms &#xD;
12/8/2024 7:56:21 PM: Encrypted random in-memory dictionary duration 475ms &#xD;
12/8/2024 7:56:21 PM: Checked that all random in-memory dictionary is encrypted duration 60ms &#xD;
12/8/2024 7:56:21 PM: Loaded and decrypted random in-memory dictionary with ProtectedConfigurationBuilder duration 424ms &#xD;
12/8/2024 7:56:21 PM: Checked that 100000 entries are equal duration 62ms</StdOut>
      </Output>
    </UnitTestResult>
  </Results>
  <TestDefinitions>
    <UnitTest name="Fededim.Extensions.Configuration.Protected.DataProtectionAPITest.ReverseChainedDataProtectionAPIProtectProviderTest.RandomJsonFileTest(useJsonWithCommentFileProcessor: True)" storage="d:\a\fededim.extensions.configuration.protected\fededim.extensions.configuration.protected\fededim.extensions.configuration.protected.dataprotectionapitest\bin\release\net8.0\fededim.extensions.configuration.protected.dataprotectionapitest.dll" id="76a3f103-314f-1ebd-bd22-53871a79c3fa">
      <Execution id="12a917e3-0696-477e-913a-4e8c2aaaaaf3" />
      <TestMethod codeBase="D:\a\Fededim.Extensions.Configuration.Protected\Fededim.Extensions.Configuration.Protected\Fededim.Extensions.Configuration.Protected.DataProtectionAPITest\bin\Release\net8.0\Fededim.Extensions.Configuration.Protected.DataProtectionAPITest.dll" adapterTypeName="executor://xunit/VsTestRunner2/netcoreapp" className="Fededim.Extensions.Configuration.Protected.DataProtectionAPITest.ReverseChainedDataProtectionAPIProtectProviderTest" name="RandomJsonFileTest" />
    </UnitTest>
    <UnitTest name="Fededim.Extensions.Configuration.Protected.DataProtectionAPITest.DataProtectionAPIProtectProviderTest.RandomJsonFileTest(useJsonWithCommentFileProcessor: True)" storage="d:\a\fededim.extensions.configuration.protected\fededim.extensions.configuration.protected\fededim.extensions.configuration.protected.dataprotectionapitest\bin\release\net8.0\fededim.extensions.configuration.protected.dataprotectionapitest.dll" id="40bc2ee2-12b8-c08c-ad81-e8c0efee775c">
      <Execution id="f6220bc0-46e7-4b64-bc64-682163868b14" />
      <TestMethod codeBase="D:\a\Fededim.Extensions.Configuration.Protected\Fededim.Extensions.Configuration.Protected\Fededim.Extensions.Configuration.Protected.DataProtectionAPITest\bin\Release\net8.0\Fededim.Extensions.Configuration.Protected.DataProtectionAPITest.dll" adapterTypeName="executor://xunit/VsTestRunner2/netcoreapp" className="Fededim.Extensions.Configuration.Protected.DataProtectionAPITest.DataProtectionAPIProtectProviderTest" name="RandomJsonFileTest" />
    </UnitTest>
    <UnitTest name="Fededim.Extensions.Configuration.Protected.DataProtectionAPITest.DataProtectionAPIProtectProviderTest.RandomXmlFileTest" storage="d:\a\fededim.extensions.configuration.protected\fededim.extensions.configuration.protected\fededim.extensions.configuration.protected.dataprotectionapitest\bin\release\net8.0\fededim.extensions.configuration.protected.dataprotectionapitest.dll" id="cab792d5-caf7-94cb-7dd5-8cd2bf26d466">
      <Execution id="36d037c0-2838-4764-8589-3b6d369c37e6" />
      <TestMethod codeBase="D:\a\Fededim.Extensions.Configuration.Protected\Fededim.Extensions.Configuration.Protected\Fededim.Extensions.Configuration.Protected.DataProtectionAPITest\bin\Release\net8.0\Fededim.Extensions.Configuration.Protected.DataProtectionAPITest.dll" adapterTypeName="executor://xunit/VsTestRunner2/netcoreapp" className="Fededim.Extensions.Configuration.Protected.DataProtectionAPITest.DataProtectionAPIProtectProviderTest" name="RandomXmlFileTest" />
    </UnitTest>
    <UnitTest name="Fededim.Extensions.Configuration.Protected.DataProtectionAPITest.ReverseChainedDataProtectionAPIProtectProviderTest.RandomCommandLineTest" storage="d:\a\fededim.extensions.configuration.protected\fededim.extensions.configuration.protected\fededim.extensions.configuration.protected.dataprotectionapitest\bin\release\net8.0\fededim.extensions.configuration.protected.dataprotectionapitest.dll" id="647b6c5b-225b-1ca2-d2e0-e37df89ba286">
      <Execution id="062695eb-9ea0-4085-a9de-344e58083012" />
      <TestMethod codeBase="D:\a\Fededim.Extensions.Configuration.Protected\Fededim.Extensions.Configuration.Protected\Fededim.Extensions.Configuration.Protected.DataProtectionAPITest\bin\Release\net8.0\Fededim.Extensions.Configuration.Protected.DataProtectionAPITest.dll" adapterTypeName="executor://xunit/VsTestRunner2/netcoreapp" className="Fededim.Extensions.Configuration.Protected.DataProtectionAPITest.ReverseChainedDataProtectionAPIProtectProviderTest" name="RandomCommandLineTest" />
    </UnitTest>
    <UnitTest name="Fededim.Extensions.Configuration.Protected.DataProtectionAPITest.PassthroughProtectProviderTest.RandomCommandLineTest" storage="d:\a\fededim.extensions.configuration.protected\fededim.extensions.configuration.protected\fededim.extensions.configuration.protected.dataprotectionapitest\bin\release\net8.0\fededim.extensions.configuration.protected.dataprotectionapitest.dll" id="266c91ed-f749-9cf5-bf8c-4a55ef2a37c7">
      <Execution id="c8e6e6d8-c253-4830-90f4-8473cd696b41" />
      <TestMethod codeBase="D:\a\Fededim.Extensions.Configuration.Protected\Fededim.Extensions.Configuration.Protected\Fededim.Extensions.Configuration.Protected.DataProtectionAPITest\bin\Release\net8.0\Fededim.Extensions.Configuration.Protected.DataProtectionAPITest.dll" adapterTypeName="executor://xunit/VsTestRunner2/netcoreapp" className="Fededim.Extensions.Configuration.Protected.DataProtectionAPITest.PassthroughProtectProviderTest" name="RandomCommandLineTest" />
    </UnitTest>
    <UnitTest name="Fededim.Extensions.Configuration.Protected.DataProtectionAPITest.PassthroughProtectProviderTest.RandomXmlFileTest" storage="d:\a\fededim.extensions.configuration.protected\fededim.extensions.configuration.protected\fededim.extensions.configuration.protected.dataprotectionapitest\bin\release\net8.0\fededim.extensions.configuration.protected.dataprotectionapitest.dll" id="bc65d678-ea47-f040-ebfc-ebf2c2e9a1f0">
      <Execution id="e2ad7633-2547-495b-a7c1-ca420992ac5e" />
      <TestMethod codeBase="D:\a\Fededim.Extensions.Configuration.Protected\Fededim.Extensions.Configuration.Protected\Fededim.Extensions.Configuration.Protected.DataProtectionAPITest\bin\Release\net8.0\Fededim.Extensions.Configuration.Protected.DataProtectionAPITest.dll" adapterTypeName="executor://xunit/VsTestRunner2/netcoreapp" className="Fededim.Extensions.Configuration.Protected.DataProtectionAPITest.PassthroughProtectProviderTest" name="RandomXmlFileTest" />
    </UnitTest>
    <UnitTest name="Fededim.Extensions.Configuration.Protected.DataProtectionAPITest.ReverseChainedDataProtectionAPIProtectProviderTest.RandomXmlFileTest" storage="d:\a\fededim.extensions.configuration.protected\fededim.extensions.configuration.protected\fededim.extensions.configuration.protected.dataprotectionapitest\bin\release\net8.0\fededim.extensions.configuration.protected.dataprotectionapitest.dll" id="5bf2f350-f23f-f114-d6dd-98a507e43569">
      <Execution id="dbac7c0f-93de-4f6e-82f2-6fa607415b15" />
      <TestMethod codeBase="D:\a\Fededim.Extensions.Configuration.Protected\Fededim.Extensions.Configuration.Protected\Fededim.Extensions.Configuration.Protected.DataProtectionAPITest\bin\Release\net8.0\Fededim.Extensions.Configuration.Protected.DataProtectionAPITest.dll" adapterTypeName="executor://xunit/VsTestRunner2/netcoreapp" className="Fededim.Extensions.Configuration.Protected.DataProtectionAPITest.ReverseChainedDataProtectionAPIProtectProviderTest" name="RandomXmlFileTest" />
    </UnitTest>
    <UnitTest name="Fededim.Extensions.Configuration.Protected.DataProtectionAPITest.ReverseChainedDataProtectionAPIProtectProviderTest.RandomJsonFileTest(useJsonWithCommentFileProcessor: False)" storage="d:\a\fededim.extensions.configuration.protected\fededim.extensions.configuration.protected\fededim.extensions.configuration.protected.dataprotectionapitest\bin\release\net8.0\fededim.extensions.configuration.protected.dataprotectionapitest.dll" id="7854059b-30d2-55e5-a014-8ef220beca26">
      <Execution id="d1abceaa-825c-4aaa-b163-55d7eb763806" />
      <TestMethod codeBase="D:\a\Fededim.Extensions.Configuration.Protected\Fededim.Extensions.Configuration.Protected\Fededim.Extensions.Configuration.Protected.DataProtectionAPITest\bin\Release\net8.0\Fededim.Extensions.Configuration.Protected.DataProtectionAPITest.dll" adapterTypeName="executor://xunit/VsTestRunner2/netcoreapp" className="Fededim.Extensions.Configuration.Protected.DataProtectionAPITest.ReverseChainedDataProtectionAPIProtectProviderTest" name="RandomJsonFileTest" />
    </UnitTest>
    <UnitTest name="Fededim.Extensions.Configuration.Protected.DataProtectionAPITest.ReverseChainedDataProtectionAPIProtectProviderTest.RandomInMemoryDictionaryTest" storage="d:\a\fededim.extensions.configuration.protected\fededim.extensions.configuration.protected\fededim.extensions.configuration.protected.dataprotectionapitest\bin\release\net8.0\fededim.extensions.configuration.protected.dataprotectionapitest.dll" id="aeb7956b-7546-b053-446f-8b8f700e605b">
      <Execution id="4908edd5-6e86-4afb-ae19-4392599b8330" />
      <TestMethod codeBase="D:\a\Fededim.Extensions.Configuration.Protected\Fededim.Extensions.Configuration.Protected\Fededim.Extensions.Configuration.Protected.DataProtectionAPITest\bin\Release\net8.0\Fededim.Extensions.Configuration.Protected.DataProtectionAPITest.dll" adapterTypeName="executor://xunit/VsTestRunner2/netcoreapp" className="Fededim.Extensions.Configuration.Protected.DataProtectionAPITest.ReverseChainedDataProtectionAPIProtectProviderTest" name="RandomInMemoryDictionaryTest" />
    </UnitTest>
    <UnitTest name="Fededim.Extensions.Configuration.Protected.DataProtectionAPITest.DataProtectionAPIProtectProviderTest.RandomInMemoryDictionaryTest" storage="d:\a\fededim.extensions.configuration.protected\fededim.extensions.configuration.protected\fededim.extensions.configuration.protected.dataprotectionapitest\bin\release\net8.0\fededim.extensions.configuration.protected.dataprotectionapitest.dll" id="092a9e9f-643d-a75f-e646-45602e92186b">
      <Execution id="216012b8-a6b3-4ee7-a7a8-6127a319f206" />
      <TestMethod codeBase="D:\a\Fededim.Extensions.Configuration.Protected\Fededim.Extensions.Configuration.Protected\Fededim.Extensions.Configuration.Protected.DataProtectionAPITest\bin\Release\net8.0\Fededim.Extensions.Configuration.Protected.DataProtectionAPITest.dll" adapterTypeName="executor://xunit/VsTestRunner2/netcoreapp" className="Fededim.Extensions.Configuration.Protected.DataProtectionAPITest.DataProtectionAPIProtectProviderTest" name="RandomInMemoryDictionaryTest" />
    </UnitTest>
    <UnitTest name="Fededim.Extensions.Configuration.Protected.DataProtectionAPITest.DataProtectionAPIProtectProviderTest.RandomCommandLineTest" storage="d:\a\fededim.extensions.configuration.protected\fededim.extensions.configuration.protected\fededim.extensions.configuration.protected.dataprotectionapitest\bin\release\net8.0\fededim.extensions.configuration.protected.dataprotectionapitest.dll" id="f63be0dc-1fac-0d73-eab5-ec6ea7cf7b08">
      <Execution id="f03b9a4c-1014-4a84-9c48-1457adf83ca9" />
      <TestMethod codeBase="D:\a\Fededim.Extensions.Configuration.Protected\Fededim.Extensions.Configuration.Protected\Fededim.Extensions.Configuration.Protected.DataProtectionAPITest\bin\Release\net8.0\Fededim.Extensions.Configuration.Protected.DataProtectionAPITest.dll" adapterTypeName="executor://xunit/VsTestRunner2/netcoreapp" className="Fededim.Extensions.Configuration.Protected.DataProtectionAPITest.DataProtectionAPIProtectProviderTest" name="RandomCommandLineTest" />
    </UnitTest>
    <UnitTest name="Fededim.Extensions.Configuration.Protected.DataProtectionAPITest.ReverseChainedPassthroughProtectProviderTest.RandomCommandLineTest" storage="d:\a\fededim.extensions.configuration.protected\fededim.extensions.configuration.protected\fededim.extensions.configuration.protected.dataprotectionapitest\bin\release\net8.0\fededim.extensions.configuration.protected.dataprotectionapitest.dll" id="53290695-3624-0469-7860-2a707aa4d5f4">
      <Execution id="25f960b8-ce18-4663-aa09-8e73e377b160" />
      <TestMethod codeBase="D:\a\Fededim.Extensions.Configuration.Protected\Fededim.Extensions.Configuration.Protected\Fededim.Extensions.Configuration.Protected.DataProtectionAPITest\bin\Release\net8.0\Fededim.Extensions.Configuration.Protected.DataProtectionAPITest.dll" adapterTypeName="executor://xunit/VsTestRunner2/netcoreapp" className="Fededim.Extensions.Configuration.Protected.DataProtectionAPITest.ReverseChainedPassthroughProtectProviderTest" name="RandomCommandLineTest" />
    </UnitTest>
    <UnitTest name="Fededim.Extensions.Configuration.Protected.DataProtectionAPITest.ReverseChainedDataProtectionAPIProtectProviderTest.RandomEnvironmentVariablesTest" storage="d:\a\fededim.extensions.configuration.protected\fededim.extensions.configuration.protected\fededim.extensions.configuration.protected.dataprotectionapitest\bin\release\net8.0\fededim.extensions.configuration.protected.dataprotectionapitest.dll" id="6c6badd8-2315-c41e-9745-b2cf4b1a628a">
      <Execution id="2b69b505-446f-4245-aaeb-753fb39638fb" />
      <TestMethod codeBase="D:\a\Fededim.Extensions.Configuration.Protected\Fededim.Extensions.Configuration.Protected\Fededim.Extensions.Configuration.Protected.DataProtectionAPITest\bin\Release\net8.0\Fededim.Extensions.Configuration.Protected.DataProtectionAPITest.dll" adapterTypeName="executor://xunit/VsTestRunner2/netcoreapp" className="Fededim.Extensions.Configuration.Protected.DataProtectionAPITest.ReverseChainedDataProtectionAPIProtectProviderTest" name="RandomEnvironmentVariablesTest" />
    </UnitTest>
    <UnitTest name="Fededim.Extensions.Configuration.Protected.DataProtectionAPITest.PassthroughProtectProviderTest.RandomJsonFileTest(useJsonWithCommentFileProcessor: False)" storage="d:\a\fededim.extensions.configuration.protected\fededim.extensions.configuration.protected\fededim.extensions.configuration.protected.dataprotectionapitest\bin\release\net8.0\fededim.extensions.configuration.protected.dataprotectionapitest.dll" id="babc18e0-52be-6076-7768-76d0c302f279">
      <Execution id="965cf1f2-932a-4ad3-95b7-7090f588adcf" />
      <TestMethod codeBase="D:\a\Fededim.Extensions.Configuration.Protected\Fededim.Extensions.Configuration.Protected\Fededim.Extensions.Configuration.Protected.DataProtectionAPITest\bin\Release\net8.0\Fededim.Extensions.Configuration.Protected.DataProtectionAPITest.dll" adapterTypeName="executor://xunit/VsTestRunner2/netcoreapp" className="Fededim.Extensions.Configuration.Protected.DataProtectionAPITest.PassthroughProtectProviderTest" name="RandomJsonFileTest" />
    </UnitTest>
    <UnitTest name="Fededim.Extensions.Configuration.Protected.DataProtectionAPITest.DataProtectionAPIProtectProviderTest.RandomJsonFileTest(useJsonWithCommentFileProcessor: False)" storage="d:\a\fededim.extensions.configuration.protected\fededim.extensions.configuration.protected\fededim.extensions.configuration.protected.dataprotectionapitest\bin\release\net8.0\fededim.extensions.configuration.protected.dataprotectionapitest.dll" id="4ea3de90-a59d-3955-9940-560839244413">
      <Execution id="0d4d7d99-d886-417b-8619-aa6b474b0762" />
      <TestMethod codeBase="D:\a\Fededim.Extensions.Configuration.Protected\Fededim.Extensions.Configuration.Protected\Fededim.Extensions.Configuration.Protected.DataProtectionAPITest\bin\Release\net8.0\Fededim.Extensions.Configuration.Protected.DataProtectionAPITest.dll" adapterTypeName="executor://xunit/VsTestRunner2/netcoreapp" className="Fededim.Extensions.Configuration.Protected.DataProtectionAPITest.DataProtectionAPIProtectProviderTest" name="RandomJsonFileTest" />
    </UnitTest>
    <UnitTest name="Fededim.Extensions.Configuration.Protected.DataProtectionAPITest.ReverseChainedPassthroughProtectProviderTest.RandomJsonFileTest(useJsonWithCommentFileProcessor: True)" storage="d:\a\fededim.extensions.configuration.protected\fededim.extensions.configuration.protected\fededim.extensions.configuration.protected.dataprotectionapitest\bin\release\net8.0\fededim.extensions.configuration.protected.dataprotectionapitest.dll" id="c47730a9-5677-c354-72b2-3037781cbdf4">
      <Execution id="4c250699-a9a1-401f-8932-311e6870e435" />
      <TestMethod codeBase="D:\a\Fededim.Extensions.Configuration.Protected\Fededim.Extensions.Configuration.Protected\Fededim.Extensions.Configuration.Protected.DataProtectionAPITest\bin\Release\net8.0\Fededim.Extensions.Configuration.Protected.DataProtectionAPITest.dll" adapterTypeName="executor://xunit/VsTestRunner2/netcoreapp" className="Fededim.Extensions.Configuration.Protected.DataProtectionAPITest.ReverseChainedPassthroughProtectProviderTest" name="RandomJsonFileTest" />
    </UnitTest>
    <UnitTest name="Fededim.Extensions.Configuration.Protected.DataProtectionAPITest.DataProtectionAPIProtectProviderTest.RandomEnvironmentVariablesTest" storage="d:\a\fededim.extensions.configuration.protected\fededim.extensions.configuration.protected\fededim.extensions.configuration.protected.dataprotectionapitest\bin\release\net8.0\fededim.extensions.configuration.protected.dataprotectionapitest.dll" id="331a13af-5866-8d6a-671d-a2abfea42096">
      <Execution id="d197525c-236c-43a6-a4b5-d5d0921593ea" />
      <TestMethod codeBase="D:\a\Fededim.Extensions.Configuration.Protected\Fededim.Extensions.Configuration.Protected\Fededim.Extensions.Configuration.Protected.DataProtectionAPITest\bin\Release\net8.0\Fededim.Extensions.Configuration.Protected.DataProtectionAPITest.dll" adapterTypeName="executor://xunit/VsTestRunner2/netcoreapp" className="Fededim.Extensions.Configuration.Protected.DataProtectionAPITest.DataProtectionAPIProtectProviderTest" name="RandomEnvironmentVariablesTest" />
    </UnitTest>
    <UnitTest name="Fededim.Extensions.Configuration.Protected.DataProtectionAPITest.ReverseChainedPassthroughProtectProviderTest.RandomJsonFileTest(useJsonWithCommentFileProcessor: False)" storage="d:\a\fededim.extensions.configuration.protected\fededim.extensions.configuration.protected\fededim.extensions.configuration.protected.dataprotectionapitest\bin\release\net8.0\fededim.extensions.configuration.protected.dataprotectionapitest.dll" id="7e6ddfbf-8406-e386-7c05-3e7c30fa7505">
      <Execution id="dfb1b8d9-83be-4dbf-8210-dbf38715d068" />
      <TestMethod codeBase="D:\a\Fededim.Extensions.Configuration.Protected\Fededim.Extensions.Configuration.Protected\Fededim.Extensions.Configuration.Protected.DataProtectionAPITest\bin\Release\net8.0\Fededim.Extensions.Configuration.Protected.DataProtectionAPITest.dll" adapterTypeName="executor://xunit/VsTestRunner2/netcoreapp" className="Fededim.Extensions.Configuration.Protected.DataProtectionAPITest.ReverseChainedPassthroughProtectProviderTest" name="RandomJsonFileTest" />
    </UnitTest>
    <UnitTest name="Fededim.Extensions.Configuration.Protected.DataProtectionAPITest.PassthroughProtectProviderTest.RandomInMemoryDictionaryTest" storage="d:\a\fededim.extensions.configuration.protected\fededim.extensions.configuration.protected\fededim.extensions.configuration.protected.dataprotectionapitest\bin\release\net8.0\fededim.extensions.configuration.protected.dataprotectionapitest.dll" id="623fedfb-c200-d700-a583-c0520c9fd7be">
      <Execution id="8b3f4a94-3a84-4b60-ada5-c85a3df424f0" />
      <TestMethod codeBase="D:\a\Fededim.Extensions.Configuration.Protected\Fededim.Extensions.Configuration.Protected\Fededim.Extensions.Configuration.Protected.DataProtectionAPITest\bin\Release\net8.0\Fededim.Extensions.Configuration.Protected.DataProtectionAPITest.dll" adapterTypeName="executor://xunit/VsTestRunner2/netcoreapp" className="Fededim.Extensions.Configuration.Protected.DataProtectionAPITest.PassthroughProtectProviderTest" name="RandomInMemoryDictionaryTest" />
    </UnitTest>
    <UnitTest name="Fededim.Extensions.Configuration.Protected.DataProtectionAPITest.PassthroughProtectProviderTest.RandomEnvironmentVariablesTest" storage="d:\a\fededim.extensions.configuration.protected\fededim.extensions.configuration.protected\fededim.extensions.configuration.protected.dataprotectionapitest\bin\release\net8.0\fededim.extensions.configuration.protected.dataprotectionapitest.dll" id="f10bb888-60df-1256-7dc3-3ea5b2020598">
      <Execution id="4f600358-c20d-4d82-a489-0311a170ad4b" />
      <TestMethod codeBase="D:\a\Fededim.Extensions.Configuration.Protected\Fededim.Extensions.Configuration.Protected\Fededim.Extensions.Configuration.Protected.DataProtectionAPITest\bin\Release\net8.0\Fededim.Extensions.Configuration.Protected.DataProtectionAPITest.dll" adapterTypeName="executor://xunit/VsTestRunner2/netcoreapp" className="Fededim.Extensions.Configuration.Protected.DataProtectionAPITest.PassthroughProtectProviderTest" name="RandomEnvironmentVariablesTest" />
    </UnitTest>
    <UnitTest name="Fededim.Extensions.Configuration.Protected.DataProtectionAPITest.PassthroughProtectProviderTest.RandomJsonFileTest(useJsonWithCommentFileProcessor: True)" storage="d:\a\fededim.extensions.configuration.protected\fededim.extensions.configuration.protected\fededim.extensions.configuration.protected.dataprotectionapitest\bin\release\net8.0\fededim.extensions.configuration.protected.dataprotectionapitest.dll" id="94ea7642-4083-0632-dcd9-b9fdbebb7fc1">
      <Execution id="614e211a-8c5c-409d-a543-f55a1244bb2d" />
      <TestMethod codeBase="D:\a\Fededim.Extensions.Configuration.Protected\Fededim.Extensions.Configuration.Protected\Fededim.Extensions.Configuration.Protected.DataProtectionAPITest\bin\Release\net8.0\Fededim.Extensions.Configuration.Protected.DataProtectionAPITest.dll" adapterTypeName="executor://xunit/VsTestRunner2/netcoreapp" className="Fededim.Extensions.Configuration.Protected.DataProtectionAPITest.PassthroughProtectProviderTest" name="RandomJsonFileTest" />
    </UnitTest>
    <UnitTest name="Fededim.Extensions.Configuration.Protected.DataProtectionAPITest.ReverseChainedPassthroughProtectProviderTest.RandomEnvironmentVariablesTest" storage="d:\a\fededim.extensions.configuration.protected\fededim.extensions.configuration.protected\fededim.extensions.configuration.protected.dataprotectionapitest\bin\release\net8.0\fededim.extensions.configuration.protected.dataprotectionapitest.dll" id="f4b49037-2be4-650f-fa20-2558b4f38cf7">
      <Execution id="df5488fa-78d5-4f8c-b43b-3e386754f244" />
      <TestMethod codeBase="D:\a\Fededim.Extensions.Configuration.Protected\Fededim.Extensions.Configuration.Protected\Fededim.Extensions.Configuration.Protected.DataProtectionAPITest\bin\Release\net8.0\Fededim.Extensions.Configuration.Protected.DataProtectionAPITest.dll" adapterTypeName="executor://xunit/VsTestRunner2/netcoreapp" className="Fededim.Extensions.Configuration.Protected.DataProtectionAPITest.ReverseChainedPassthroughProtectProviderTest" name="RandomEnvironmentVariablesTest" />
    </UnitTest>
    <UnitTest name="Fededim.Extensions.Configuration.Protected.DataProtectionAPITest.ReverseChainedPassthroughProtectProviderTest.RandomXmlFileTest" storage="d:\a\fededim.extensions.configuration.protected\fededim.extensions.configuration.protected\fededim.extensions.configuration.protected.dataprotectionapitest\bin\release\net8.0\fededim.extensions.configuration.protected.dataprotectionapitest.dll" id="8fa56702-815f-46fb-f241-56617bf43be4">
      <Execution id="ba59b2e7-7013-4f04-ac19-43b8b1b8e269" />
      <TestMethod codeBase="D:\a\Fededim.Extensions.Configuration.Protected\Fededim.Extensions.Configuration.Protected\Fededim.Extensions.Configuration.Protected.DataProtectionAPITest\bin\Release\net8.0\Fededim.Extensions.Configuration.Protected.DataProtectionAPITest.dll" adapterTypeName="executor://xunit/VsTestRunner2/netcoreapp" className="Fededim.Extensions.Configuration.Protected.DataProtectionAPITest.ReverseChainedPassthroughProtectProviderTest" name="RandomXmlFileTest" />
    </UnitTest>
    <UnitTest name="Fededim.Extensions.Configuration.Protected.DataProtectionAPITest.ReverseChainedPassthroughProtectProviderTest.RandomInMemoryDictionaryTest" storage="d:\a\fededim.extensions.configuration.protected\fededim.extensions.configuration.protected\fededim.extensions.configuration.protected.dataprotectionapitest\bin\release\net8.0\fededim.extensions.configuration.protected.dataprotectionapitest.dll" id="69d8f2d8-3562-2bf4-0a5e-c226f303d955">
      <Execution id="2a33c612-54c2-45a4-8f2c-05d3f00184ec" />
      <TestMethod codeBase="D:\a\Fededim.Extensions.Configuration.Protected\Fededim.Extensions.Configuration.Protected\Fededim.Extensions.Configuration.Protected.DataProtectionAPITest\bin\Release\net8.0\Fededim.Extensions.Configuration.Protected.DataProtectionAPITest.dll" adapterTypeName="executor://xunit/VsTestRunner2/netcoreapp" className="Fededim.Extensions.Configuration.Protected.DataProtectionAPITest.ReverseChainedPassthroughProtectProviderTest" name="RandomInMemoryDictionaryTest" />
    </UnitTest>
  </TestDefinitions>
  <TestEntries>
    <TestEntry testId="6c6badd8-2315-c41e-9745-b2cf4b1a628a" executionId="2b69b505-446f-4245-aaeb-753fb39638fb" testListId="8c84fa94-04c1-424b-9868-57a2d4851a1d" />
    <TestEntry testId="94ea7642-4083-0632-dcd9-b9fdbebb7fc1" executionId="614e211a-8c5c-409d-a543-f55a1244bb2d" testListId="8c84fa94-04c1-424b-9868-57a2d4851a1d" />
    <TestEntry testId="5bf2f350-f23f-f114-d6dd-98a507e43569" executionId="dbac7c0f-93de-4f6e-82f2-6fa607415b15" testListId="8c84fa94-04c1-424b-9868-57a2d4851a1d" />
    <TestEntry testId="69d8f2d8-3562-2bf4-0a5e-c226f303d955" executionId="2a33c612-54c2-45a4-8f2c-05d3f00184ec" testListId="8c84fa94-04c1-424b-9868-57a2d4851a1d" />
    <TestEntry testId="f63be0dc-1fac-0d73-eab5-ec6ea7cf7b08" executionId="f03b9a4c-1014-4a84-9c48-1457adf83ca9" testListId="8c84fa94-04c1-424b-9868-57a2d4851a1d" />
    <TestEntry testId="aeb7956b-7546-b053-446f-8b8f700e605b" executionId="4908edd5-6e86-4afb-ae19-4392599b8330" testListId="8c84fa94-04c1-424b-9868-57a2d4851a1d" />
    <TestEntry testId="7e6ddfbf-8406-e386-7c05-3e7c30fa7505" executionId="dfb1b8d9-83be-4dbf-8210-dbf38715d068" testListId="8c84fa94-04c1-424b-9868-57a2d4851a1d" />
    <TestEntry testId="8fa56702-815f-46fb-f241-56617bf43be4" executionId="ba59b2e7-7013-4f04-ac19-43b8b1b8e269" testListId="8c84fa94-04c1-424b-9868-57a2d4851a1d" />
    <TestEntry testId="4ea3de90-a59d-3955-9940-560839244413" executionId="0d4d7d99-d886-417b-8619-aa6b474b0762" testListId="8c84fa94-04c1-424b-9868-57a2d4851a1d" />
    <TestEntry testId="c47730a9-5677-c354-72b2-3037781cbdf4" executionId="4c250699-a9a1-401f-8932-311e6870e435" testListId="8c84fa94-04c1-424b-9868-57a2d4851a1d" />
    <TestEntry testId="bc65d678-ea47-f040-ebfc-ebf2c2e9a1f0" executionId="e2ad7633-2547-495b-a7c1-ca420992ac5e" testListId="8c84fa94-04c1-424b-9868-57a2d4851a1d" />
    <TestEntry testId="40bc2ee2-12b8-c08c-ad81-e8c0efee775c" executionId="f6220bc0-46e7-4b64-bc64-682163868b14" testListId="8c84fa94-04c1-424b-9868-57a2d4851a1d" />
    <TestEntry testId="cab792d5-caf7-94cb-7dd5-8cd2bf26d466" executionId="36d037c0-2838-4764-8589-3b6d369c37e6" testListId="8c84fa94-04c1-424b-9868-57a2d4851a1d" />
    <TestEntry testId="f4b49037-2be4-650f-fa20-2558b4f38cf7" executionId="df5488fa-78d5-4f8c-b43b-3e386754f244" testListId="8c84fa94-04c1-424b-9868-57a2d4851a1d" />
    <TestEntry testId="331a13af-5866-8d6a-671d-a2abfea42096" executionId="d197525c-236c-43a6-a4b5-d5d0921593ea" testListId="8c84fa94-04c1-424b-9868-57a2d4851a1d" />
    <TestEntry testId="7854059b-30d2-55e5-a014-8ef220beca26" executionId="d1abceaa-825c-4aaa-b163-55d7eb763806" testListId="8c84fa94-04c1-424b-9868-57a2d4851a1d" />
    <TestEntry testId="647b6c5b-225b-1ca2-d2e0-e37df89ba286" executionId="062695eb-9ea0-4085-a9de-344e58083012" testListId="8c84fa94-04c1-424b-9868-57a2d4851a1d" />
    <TestEntry testId="266c91ed-f749-9cf5-bf8c-4a55ef2a37c7" executionId="c8e6e6d8-c253-4830-90f4-8473cd696b41" testListId="8c84fa94-04c1-424b-9868-57a2d4851a1d" />
    <TestEntry testId="babc18e0-52be-6076-7768-76d0c302f279" executionId="965cf1f2-932a-4ad3-95b7-7090f588adcf" testListId="8c84fa94-04c1-424b-9868-57a2d4851a1d" />
    <TestEntry testId="53290695-3624-0469-7860-2a707aa4d5f4" executionId="25f960b8-ce18-4663-aa09-8e73e377b160" testListId="8c84fa94-04c1-424b-9868-57a2d4851a1d" />
    <TestEntry testId="76a3f103-314f-1ebd-bd22-53871a79c3fa" executionId="12a917e3-0696-477e-913a-4e8c2aaaaaf3" testListId="8c84fa94-04c1-424b-9868-57a2d4851a1d" />
    <TestEntry testId="f10bb888-60df-1256-7dc3-3ea5b2020598" executionId="4f600358-c20d-4d82-a489-0311a170ad4b" testListId="8c84fa94-04c1-424b-9868-57a2d4851a1d" />
    <TestEntry testId="092a9e9f-643d-a75f-e646-45602e92186b" executionId="216012b8-a6b3-4ee7-a7a8-6127a319f206" testListId="8c84fa94-04c1-424b-9868-57a2d4851a1d" />
    <TestEntry testId="623fedfb-c200-d700-a583-c0520c9fd7be" executionId="8b3f4a94-3a84-4b60-ada5-c85a3df424f0" testListId="8c84fa94-04c1-424b-9868-57a2d4851a1d" />
  </TestEntries>
  <TestLists>
    <TestList name="Results Not in a List" id="8c84fa94-04c1-424b-9868-57a2d4851a1d" />
    <TestList name="All Loaded Results" id="19431567-8539-422a-85d7-44ee4e166bda" />
  </TestLists>
  <ResultSummary outcome="Completed">
    <Counters total="24" executed="24" passed="24" failed="0" error="0" timeout="0" aborted="0" inconclusive="0" passedButRunAborted="0" notRunnable="0" notExecuted="0" disconnected="0" warning="0" completed="0" inProgress="0" pending="0" />
    <Output>
      <StdOut>[xUnit.net 00:00:00.00] xUnit.net VSTest Adapter v2.8.2+699d445a1a (64-bit .NET 8.0.11)&#xD;
[xUnit.net 00:00:00.35]   Discovering: Fededim.Extensions.Configuration.Protected.DataProtectionAPITest&#xD;
[xUnit.net 00:00:00.56]   Discovered:  Fededim.Extensions.Configuration.Protected.DataProtectionAPITest&#xD;
[xUnit.net 00:00:00.56]   Starting:    Fededim.Extensions.Configuration.Protected.DataProtectionAPITest&#xD;
[xUnit.net 00:01:23.52]   Finished:    Fededim.Extensions.Configuration.Protected.DataProtectionAPITest&#xD;
</StdOut>
    </Output>
  </ResultSummary>
</TestRun>