<?xml version="1.0" encoding="utf-8"?>
<TestRun id="4caaa174-0a84-4ef7-bbc9-ed985c4dd5f1" name="runneradmin@fv-az1785-215 2024-08-01 14:22:46" runUser="fv-az1785-215\runneradmin" xmlns="http://microsoft.com/schemas/VisualStudio/TeamTest/2010">
  <Times creation="2024-08-01T14:22:46.7561051+00:00" queuing="2024-08-01T14:22:46.7561052+00:00" start="2024-08-01T14:22:18.8064233+00:00" finish="2024-08-01T14:22:48.2227048+00:00" />
  <TestSettings name="default" id="ab810816-48fa-4bdf-b1f2-4b88294e9ba0">
    <Deployment runDeploymentRoot="runneradmin_fv-az1785-215_2024-08-01_14_22_46" />
  </TestSettings>
  <Results>
    <UnitTestResult executionId="3be33620-f4e1-47d4-9e28-2ae5e6f94806" testId="331a13af-5866-8d6a-671d-a2abfea42096" testName="Fededim.Extensions.Configuration.Protected.DataProtectionAPITest.DataProtectionAPIProtectProviderTest.RandomEnvironmentVariablesTest" computerName="fv-az1785-215" duration="00:00:00.6830037" startTime="2024-08-01T14:22:46.4313202+00:00" endTime="2024-08-01T14:22:46.4313204+00:00" testType="13cdc9d9-ddb5-4fa4-a97d-d965ccfc6d4b" outcome="Passed" testListId="8c84fa94-04c1-424b-9868-57a2d4851a1d" relativeResultsDirectory="3be33620-f4e1-47d4-9e28-2ae5e6f94806">
      <Output>
        <StdOut>Generated a random environment variables 1000 keys, autogenerated strings max length 20 and autogenerated array max length 10&#xD;
Starting test...&#xD;
8/1/2024 2:22:45 PM: Generated random environment variables (note that Windows has a maximum size of 32KB for all environment variables, so not all 1000 keys could be created) duration 144ms &#xD;
8/1/2024 2:22:46 PM: Encrypted random environment variables duration 274ms &#xD;
8/1/2024 2:22:46 PM: Checked that all random environment variables are encrypted duration 1ms &#xD;
8/1/2024 2:22:46 PM: Loaded and decrypted random environment variables with ProtectedConfigurationBuilder duration 258ms &#xD;
8/1/2024 2:22:46 PM: Checked that 878 entries are equal duration 0ms</StdOut>
      </Output>
    </UnitTestResult>
    <UnitTestResult executionId="2a168315-dad3-48a6-9e22-99e05dd1e526" testId="4ea3de90-a59d-3955-9940-560839244413" testName="Fededim.Extensions.Configuration.Protected.DataProtectionAPITest.DataProtectionAPIProtectProviderTest.RandomJsonFileTest(useJsonWithCommentFileProcessor: False)" computerName="fv-az1785-215" duration="00:00:00.1488577" startTime="2024-08-01T14:22:47.0003514+00:00" endTime="2024-08-01T14:22:47.0003516+00:00" testType="13cdc9d9-ddb5-4fa4-a97d-d965ccfc6d4b" outcome="Passed" testListId="8c84fa94-04c1-424b-9868-57a2d4851a1d" relativeResultsDirectory="2a168315-dad3-48a6-9e22-99e05dd1e526">
      <Output>
        <StdOut>Generated a random JSON file with 1000 keys, autogenerated strings max length 20 and autogenerated array max length 10&#xD;
File location file://D:/a/Fededim.Extensions.Configuration.Protected/Fededim.Extensions.Configuration.Protected/Fededim.Extensions.Configuration.Protected.DataProtectionAPITest/bin/Release/net6.0/random_1002571841.json&#xD;
Size 300KB, starting test...&#xD;
8/1/2024 2:22:46 PM: Generated random JSON file (2460 entries) duration 11ms &#xD;
8/1/2024 2:22:46 PM: Encrypted random JSON file duration 83ms &#xD;
8/1/2024 2:22:46 PM: Checked that all random JSON file is encrypted duration 4ms &#xD;
8/1/2024 2:22:46 PM: Loaded and decrypted random JSON file with ProtectedConfigurationBuilder duration 48ms &#xD;
8/1/2024 2:22:47 PM: Checked that 2460 entries are equal duration 1ms</StdOut>
      </Output>
    </UnitTestResult>
    <UnitTestResult executionId="7798bd85-d72f-4251-8a7c-0167dbea8075" testId="f63be0dc-1fac-0d73-eab5-ec6ea7cf7b08" testName="Fededim.Extensions.Configuration.Protected.DataProtectionAPITest.DataProtectionAPIProtectProviderTest.RandomCommandLineTest" computerName="fv-az1785-215" duration="00:00:00.0294295" startTime="2024-08-01T14:22:48.1701321+00:00" endTime="2024-08-01T14:22:48.1701324+00:00" testType="13cdc9d9-ddb5-4fa4-a97d-d965ccfc6d4b" outcome="Passed" testListId="8c84fa94-04c1-424b-9868-57a2d4851a1d" relativeResultsDirectory="7798bd85-d72f-4251-8a7c-0167dbea8075">
      <Output>
        <StdOut>Generated a random command line arguments with 1000 keys, autogenerated strings max length 20 and autogenerated array max length 10&#xD;
Starting test...&#xD;
8/1/2024 2:22:48 PM: Generated random comand line args duration 3ms &#xD;
8/1/2024 2:22:48 PM: Encrypted random comand line args duration 8ms &#xD;
8/1/2024 2:22:48 PM: Checked that all random comand line args are encrypted duration 0ms &#xD;
8/1/2024 2:22:48 PM: Loaded and decrypted random comand line args with ProtectedConfigurationBuilder duration 13ms &#xD;
8/1/2024 2:22:48 PM: Checked that 1000 entries are equal duration 0ms</StdOut>
      </Output>
    </UnitTestResult>
    <UnitTestResult executionId="b12a2c0b-6807-4e40-a919-145aaa1f9493" testId="cab792d5-caf7-94cb-7dd5-8cd2bf26d466" testName="Fededim.Extensions.Configuration.Protected.DataProtectionAPITest.DataProtectionAPIProtectProviderTest.RandomXmlFileTest" computerName="fv-az1785-215" duration="00:00:01.1401075" startTime="2024-08-01T14:22:48.1405981+00:00" endTime="2024-08-01T14:22:48.1405983+00:00" testType="13cdc9d9-ddb5-4fa4-a97d-d965ccfc6d4b" outcome="Passed" testListId="8c84fa94-04c1-424b-9868-57a2d4851a1d" relativeResultsDirectory="b12a2c0b-6807-4e40-a919-145aaa1f9493">
      <Output>
        <StdOut>Generated a random XML file with 1000 keys, autogenerated strings max length 20 and autogenerated array max length 10&#xD;
File location file://D:/a/Fededim.Extensions.Configuration.Protected/Fededim.Extensions.Configuration.Protected/Fededim.Extensions.Configuration.Protected.DataProtectionAPITest/bin/Release/net6.0/random_31703768.xml&#xD;
Size 256KB, starting test...&#xD;
8/1/2024 2:22:47 PM: Generated random XML file (2411 entries) duration 700ms &#xD;
8/1/2024 2:22:47 PM: Encrypted random XML file duration 44ms &#xD;
8/1/2024 2:22:47 PM: Checked that all random XML file is encrypted duration 5ms &#xD;
8/1/2024 2:22:48 PM: Loaded and decrypted random XML file with ProtectedConfigurationBuilder duration 381ms &#xD;
8/1/2024 2:22:48 PM: Checked that 2411 entries are equal duration 2ms</StdOut>
      </Output>
    </UnitTestResult>
    <UnitTestResult executionId="f13a173e-b4d0-4880-bd19-096770915c16" testId="092a9e9f-643d-a75f-e646-45602e92186b" testName="Fededim.Extensions.Configuration.Protected.DataProtectionAPITest.DataProtectionAPIProtectProviderTest.RandomInMemoryDictionaryTest" computerName="fv-az1785-215" duration="00:00:00.6088732" startTime="2024-08-01T14:22:45.7488769+00:00" endTime="2024-08-01T14:22:45.7488954+00:00" testType="13cdc9d9-ddb5-4fa4-a97d-d965ccfc6d4b" outcome="Passed" testListId="8c84fa94-04c1-424b-9868-57a2d4851a1d" relativeResultsDirectory="f13a173e-b4d0-4880-bd19-096770915c16">
      <Output>
        <StdOut>Generated a random in-memory dictionary with 1000 keys, autogenerated strings max length 20 and autogenerated array max length 10&#xD;
Starting test...&#xD;
8/1/2024 2:22:45 PM: Generated random in-memory dictionary duration 47ms &#xD;
8/1/2024 2:22:45 PM: Encrypted random in-memory dictionary duration 340ms &#xD;
8/1/2024 2:22:45 PM: Checked that all random in-memory dictionary is encrypted duration 0ms &#xD;
8/1/2024 2:22:45 PM: Loaded and decrypted random in-memory dictionary with ProtectedConfigurationBuilder duration 21ms &#xD;
8/1/2024 2:22:45 PM: Checked that 1000 entries are equal duration 3ms</StdOut>
      </Output>
    </UnitTestResult>
    <UnitTestResult executionId="9db47456-6ad1-4330-a66a-7341328bd4de" testId="40bc2ee2-12b8-c08c-ad81-e8c0efee775c" testName="Fededim.Extensions.Configuration.Protected.DataProtectionAPITest.DataProtectionAPIProtectProviderTest.RandomJsonFileTest(useJsonWithCommentFileProcessor: True)" computerName="fv-az1785-215" duration="00:00:00.4199916" startTime="2024-08-01T14:22:46.8514115+00:00" endTime="2024-08-01T14:22:46.8514117+00:00" testType="13cdc9d9-ddb5-4fa4-a97d-d965ccfc6d4b" outcome="Passed" testListId="8c84fa94-04c1-424b-9868-57a2d4851a1d" relativeResultsDirectory="9db47456-6ad1-4330-a66a-7341328bd4de">
      <Output>
        <StdOut>Generated a random JSON file with 1000 keys, autogenerated strings max length 20 and autogenerated array max length 10&#xD;
File location file://D:/a/Fededim.Extensions.Configuration.Protected/Fededim.Extensions.Configuration.Protected/Fededim.Extensions.Configuration.Protected.DataProtectionAPITest/bin/Release/net6.0/random_28341296.json&#xD;
Size 361KB, starting test...&#xD;
8/1/2024 2:22:46 PM: Generated random JSON file (2379 entries) duration 161ms &#xD;
8/1/2024 2:22:46 PM: Encrypted random JSON file duration 88ms &#xD;
8/1/2024 2:22:46 PM: Checked that all random JSON file is encrypted duration 109ms &#xD;
8/1/2024 2:22:46 PM: Loaded and decrypted random JSON file with ProtectedConfigurationBuilder duration 51ms &#xD;
8/1/2024 2:22:46 PM: Checked that 2379 entries are equal duration 1ms</StdOut>
      </Output>
    </UnitTestResult>
  </Results>
  <TestDefinitions>
    <UnitTest name="Fededim.Extensions.Configuration.Protected.DataProtectionAPITest.DataProtectionAPIProtectProviderTest.RandomJsonFileTest(useJsonWithCommentFileProcessor: True)" storage="d:\a\fededim.extensions.configuration.protected\fededim.extensions.configuration.protected\fededim.extensions.configuration.protected.dataprotectionapitest\bin\release\net6.0\fededim.extensions.configuration.protected.dataprotectionapitest.dll" id="40bc2ee2-12b8-c08c-ad81-e8c0efee775c">
      <Execution id="9db47456-6ad1-4330-a66a-7341328bd4de" />
      <TestMethod codeBase="D:\a\Fededim.Extensions.Configuration.Protected\Fededim.Extensions.Configuration.Protected\Fededim.Extensions.Configuration.Protected.DataProtectionAPITest\bin\Release\net6.0\Fededim.Extensions.Configuration.Protected.DataProtectionAPITest.dll" adapterTypeName="executor://xunit/VsTestRunner2/netcoreapp" className="Fededim.Extensions.Configuration.Protected.DataProtectionAPITest.DataProtectionAPIProtectProviderTest" name="RandomJsonFileTest" />
    </UnitTest>
    <UnitTest name="Fededim.Extensions.Configuration.Protected.DataProtectionAPITest.DataProtectionAPIProtectProviderTest.RandomXmlFileTest" storage="d:\a\fededim.extensions.configuration.protected\fededim.extensions.configuration.protected\fededim.extensions.configuration.protected.dataprotectionapitest\bin\release\net6.0\fededim.extensions.configuration.protected.dataprotectionapitest.dll" id="cab792d5-caf7-94cb-7dd5-8cd2bf26d466">
      <Execution id="b12a2c0b-6807-4e40-a919-145aaa1f9493" />
      <TestMethod codeBase="D:\a\Fededim.Extensions.Configuration.Protected\Fededim.Extensions.Configuration.Protected\Fededim.Extensions.Configuration.Protected.DataProtectionAPITest\bin\Release\net6.0\Fededim.Extensions.Configuration.Protected.DataProtectionAPITest.dll" adapterTypeName="executor://xunit/VsTestRunner2/netcoreapp" className="Fededim.Extensions.Configuration.Protected.DataProtectionAPITest.DataProtectionAPIProtectProviderTest" name="RandomXmlFileTest" />
    </UnitTest>
    <UnitTest name="Fededim.Extensions.Configuration.Protected.DataProtectionAPITest.DataProtectionAPIProtectProviderTest.RandomInMemoryDictionaryTest" storage="d:\a\fededim.extensions.configuration.protected\fededim.extensions.configuration.protected\fededim.extensions.configuration.protected.dataprotectionapitest\bin\release\net6.0\fededim.extensions.configuration.protected.dataprotectionapitest.dll" id="092a9e9f-643d-a75f-e646-45602e92186b">
      <Execution id="f13a173e-b4d0-4880-bd19-096770915c16" />
      <TestMethod codeBase="D:\a\Fededim.Extensions.Configuration.Protected\Fededim.Extensions.Configuration.Protected\Fededim.Extensions.Configuration.Protected.DataProtectionAPITest\bin\Release\net6.0\Fededim.Extensions.Configuration.Protected.DataProtectionAPITest.dll" adapterTypeName="executor://xunit/VsTestRunner2/netcoreapp" className="Fededim.Extensions.Configuration.Protected.DataProtectionAPITest.DataProtectionAPIProtectProviderTest" name="RandomInMemoryDictionaryTest" />
    </UnitTest>
    <UnitTest name="Fededim.Extensions.Configuration.Protected.DataProtectionAPITest.DataProtectionAPIProtectProviderTest.RandomCommandLineTest" storage="d:\a\fededim.extensions.configuration.protected\fededim.extensions.configuration.protected\fededim.extensions.configuration.protected.dataprotectionapitest\bin\release\net6.0\fededim.extensions.configuration.protected.dataprotectionapitest.dll" id="f63be0dc-1fac-0d73-eab5-ec6ea7cf7b08">
      <Execution id="7798bd85-d72f-4251-8a7c-0167dbea8075" />
      <TestMethod codeBase="D:\a\Fededim.Extensions.Configuration.Protected\Fededim.Extensions.Configuration.Protected\Fededim.Extensions.Configuration.Protected.DataProtectionAPITest\bin\Release\net6.0\Fededim.Extensions.Configuration.Protected.DataProtectionAPITest.dll" adapterTypeName="executor://xunit/VsTestRunner2/netcoreapp" className="Fededim.Extensions.Configuration.Protected.DataProtectionAPITest.DataProtectionAPIProtectProviderTest" name="RandomCommandLineTest" />
    </UnitTest>
    <UnitTest name="Fededim.Extensions.Configuration.Protected.DataProtectionAPITest.DataProtectionAPIProtectProviderTest.RandomJsonFileTest(useJsonWithCommentFileProcessor: False)" storage="d:\a\fededim.extensions.configuration.protected\fededim.extensions.configuration.protected\fededim.extensions.configuration.protected.dataprotectionapitest\bin\release\net6.0\fededim.extensions.configuration.protected.dataprotectionapitest.dll" id="4ea3de90-a59d-3955-9940-560839244413">
      <Execution id="2a168315-dad3-48a6-9e22-99e05dd1e526" />
      <TestMethod codeBase="D:\a\Fededim.Extensions.Configuration.Protected\Fededim.Extensions.Configuration.Protected\Fededim.Extensions.Configuration.Protected.DataProtectionAPITest\bin\Release\net6.0\Fededim.Extensions.Configuration.Protected.DataProtectionAPITest.dll" adapterTypeName="executor://xunit/VsTestRunner2/netcoreapp" className="Fededim.Extensions.Configuration.Protected.DataProtectionAPITest.DataProtectionAPIProtectProviderTest" name="RandomJsonFileTest" />
    </UnitTest>
    <UnitTest name="Fededim.Extensions.Configuration.Protected.DataProtectionAPITest.DataProtectionAPIProtectProviderTest.RandomEnvironmentVariablesTest" storage="d:\a\fededim.extensions.configuration.protected\fededim.extensions.configuration.protected\fededim.extensions.configuration.protected.dataprotectionapitest\bin\release\net6.0\fededim.extensions.configuration.protected.dataprotectionapitest.dll" id="331a13af-5866-8d6a-671d-a2abfea42096">
      <Execution id="3be33620-f4e1-47d4-9e28-2ae5e6f94806" />
      <TestMethod codeBase="D:\a\Fededim.Extensions.Configuration.Protected\Fededim.Extensions.Configuration.Protected\Fededim.Extensions.Configuration.Protected.DataProtectionAPITest\bin\Release\net6.0\Fededim.Extensions.Configuration.Protected.DataProtectionAPITest.dll" adapterTypeName="executor://xunit/VsTestRunner2/netcoreapp" className="Fededim.Extensions.Configuration.Protected.DataProtectionAPITest.DataProtectionAPIProtectProviderTest" name="RandomEnvironmentVariablesTest" />
    </UnitTest>
  </TestDefinitions>
  <TestEntries>
    <TestEntry testId="331a13af-5866-8d6a-671d-a2abfea42096" executionId="3be33620-f4e1-47d4-9e28-2ae5e6f94806" testListId="8c84fa94-04c1-424b-9868-57a2d4851a1d" />
    <TestEntry testId="4ea3de90-a59d-3955-9940-560839244413" executionId="2a168315-dad3-48a6-9e22-99e05dd1e526" testListId="8c84fa94-04c1-424b-9868-57a2d4851a1d" />
    <TestEntry testId="f63be0dc-1fac-0d73-eab5-ec6ea7cf7b08" executionId="7798bd85-d72f-4251-8a7c-0167dbea8075" testListId="8c84fa94-04c1-424b-9868-57a2d4851a1d" />
    <TestEntry testId="cab792d5-caf7-94cb-7dd5-8cd2bf26d466" executionId="b12a2c0b-6807-4e40-a919-145aaa1f9493" testListId="8c84fa94-04c1-424b-9868-57a2d4851a1d" />
    <TestEntry testId="092a9e9f-643d-a75f-e646-45602e92186b" executionId="f13a173e-b4d0-4880-bd19-096770915c16" testListId="8c84fa94-04c1-424b-9868-57a2d4851a1d" />
    <TestEntry testId="40bc2ee2-12b8-c08c-ad81-e8c0efee775c" executionId="9db47456-6ad1-4330-a66a-7341328bd4de" testListId="8c84fa94-04c1-424b-9868-57a2d4851a1d" />
  </TestEntries>
  <TestLists>
    <TestList name="Results Not in a List" id="8c84fa94-04c1-424b-9868-57a2d4851a1d" />
    <TestList name="All Loaded Results" id="19431567-8539-422a-85d7-44ee4e166bda" />
  </TestLists>
  <ResultSummary outcome="Completed">
    <Counters total="6" executed="6" passed="6" failed="0" error="0" timeout="0" aborted="0" inconclusive="0" passedButRunAborted="0" notRunnable="0" notExecuted="0" disconnected="0" warning="0" completed="0" inProgress="0" pending="0" />
    <Output>
      <StdOut>[xUnit.net 00:00:00.00] xUnit.net VSTest Adapter v2.8.2+699d445a1a (64-bit .NET 6.0.32)&#xD;
[xUnit.net 00:00:01.67]   Discovering: Fededim.Extensions.Configuration.Protected.DataProtectionAPITest&#xD;
[xUnit.net 00:00:02.79]   Discovered:  Fededim.Extensions.Configuration.Protected.DataProtectionAPITest&#xD;
[xUnit.net 00:00:02.79]   Starting:    Fededim.Extensions.Configuration.Protected.DataProtectionAPITest&#xD;
[xUnit.net 00:00:05.96]   Finished:    Fededim.Extensions.Configuration.Protected.DataProtectionAPITest&#xD;
</StdOut>
    </Output>
  </ResultSummary>
</TestRun>