<?xml version="1.0" encoding="utf-8"?>
<TestRun id="9f782c5a-9ccf-4cbc-893c-99c979d15f17" name="runneradmin@fv-az1388-192 2024-12-08 20:11:43" runUser="fv-az1388-192\runneradmin" xmlns="http://microsoft.com/schemas/VisualStudio/TeamTest/2010">
  <Times creation="2024-12-08T20:11:43.1093072+00:00" queuing="2024-12-08T20:11:43.1093077+00:00" start="2024-12-08T20:11:20.5985654+00:00" finish="2024-12-08T20:13:21.6458805+00:00" />
  <TestSettings name="default" id="4772e52b-d0a7-4ad9-a26b-2f1af1c01f27">
    <Deployment runDeploymentRoot="runneradmin_fv-az1388-192_2024-12-08_20_11_43" />
  </TestSettings>
  <Results>
    <UnitTestResult executionId="e4394d49-6167-4d9f-9f93-d61ac1586df6" testId="7e6ddfbf-8406-e386-7c05-3e7c30fa7505" testName="Fededim.Extensions.Configuration.Protected.DataProtectionAPITest.ReverseChainedPassthroughProtectProviderTest.RandomJsonFileTest(useJsonWithCommentFileProcessor: False)" computerName="fv-az1388-192" duration="00:00:14.6724504" startTime="2024-12-08T20:12:23.9781276+00:00" endTime="2024-12-08T20:12:23.9781282+00:00" testType="13cdc9d9-ddb5-4fa4-a97d-d965ccfc6d4b" outcome="Passed" testListId="8c84fa94-04c1-424b-9868-57a2d4851a1d" relativeResultsDirectory="e4394d49-6167-4d9f-9f93-d61ac1586df6">
      <Output>
        <StdOut>12/8/2024 8:12:09 PM: Generating a random JSON file with 100000 keys, autogenerated strings max length 20 and autogenerated array max length 10...&#xD;
12/8/2024 8:12:10 PM: File location file://D:/a/Fededim.Extensions.Configuration.Protected/Fededim.Extensions.Configuration.Protected/Fededim.Extensions.Configuration.Protected.DataProtectionAPITest/bin/Release/net8.0/random_26c92a64-e5eb-4cbe-8748-3655045b6f4d.json&#xD;
12/8/2024 8:12:10 PM: Generated random JSON file (NumEntries 100000 NumValues 250497 size 58243 KB) duration 1415ms &#xD;
12/8/2024 8:12:15 PM: Encrypted random JSON file (NumEntries 100000 NumValues 250497 size 58630 KB) duration 4962ms &#xD;
12/8/2024 8:12:16 PM: Checked that all random JSON file is encrypted duration 508ms &#xD;
12/8/2024 8:12:23 PM: Loaded and decrypted random JSON file with ProtectedConfigurationBuilder duration 7050ms &#xD;
12/8/2024 8:12:23 PM: Checked that 250497 entries are equal duration 735ms</StdOut>
      </Output>
    </UnitTestResult>
    <UnitTestResult executionId="443a130c-857b-4846-9791-50b77ccd1914" testId="7854059b-30d2-55e5-a014-8ef220beca26" testName="Fededim.Extensions.Configuration.Protected.DataProtectionAPITest.ReverseChainedDataProtectionAPIProtectProviderTest.RandomJsonFileTest(useJsonWithCommentFileProcessor: False)" computerName="fv-az1388-192" duration="00:00:27.0295392" startTime="2024-12-08T20:12:46.1377378+00:00" endTime="2024-12-08T20:12:46.1377381+00:00" testType="13cdc9d9-ddb5-4fa4-a97d-d965ccfc6d4b" outcome="Passed" testListId="8c84fa94-04c1-424b-9868-57a2d4851a1d" relativeResultsDirectory="443a130c-857b-4846-9791-50b77ccd1914">
      <Output>
        <StdOut>12/8/2024 8:12:19 PM: Generating a random JSON file with 100000 keys, autogenerated strings max length 20 and autogenerated array max length 10...&#xD;
12/8/2024 8:12:20 PM: File location file://D:/a/Fededim.Extensions.Configuration.Protected/Fededim.Extensions.Configuration.Protected/Fededim.Extensions.Configuration.Protected.DataProtectionAPITest/bin/Release/net8.0/random_14a9db57-668f-419a-bf06-d5a3454b91a3.json&#xD;
12/8/2024 8:12:20 PM: Generated random JSON file (NumEntries 100000 NumValues 249899 size 55133 KB) duration 1253ms &#xD;
12/8/2024 8:12:27 PM: Encrypted random JSON file (NumEntries 100000 NumValues 249899 size 81244 KB) duration 6771ms &#xD;
12/8/2024 8:12:28 PM: Checked that all random JSON file is encrypted duration 1095ms &#xD;
12/8/2024 8:12:45 PM: Loaded and decrypted random JSON file with ProtectedConfigurationBuilder duration 00:00:17.2971964 &#xD;
12/8/2024 8:12:46 PM: Checked that 249899 entries are equal duration 610ms</StdOut>
      </Output>
    </UnitTestResult>
    <UnitTestResult executionId="0550ccd9-78bb-4c4b-adb2-dfe247251156" testId="623fedfb-c200-d700-a583-c0520c9fd7be" testName="Fededim.Extensions.Configuration.Protected.DataProtectionAPITest.PassthroughProtectProviderTest.RandomInMemoryDictionaryTest" computerName="fv-az1388-192" duration="00:00:03.5219205" startTime="2024-12-08T20:12:16.3092214+00:00" endTime="2024-12-08T20:12:16.3092217+00:00" testType="13cdc9d9-ddb5-4fa4-a97d-d965ccfc6d4b" outcome="Passed" testListId="8c84fa94-04c1-424b-9868-57a2d4851a1d" relativeResultsDirectory="0550ccd9-78bb-4c4b-adb2-dfe247251156">
      <Output>
        <StdOut>12/8/2024 8:12:12 PM: Generating a random in-memory dictionary with 100000 keys, autogenerated strings max length 20 and autogenerated array max length 10...&#xD;
12/8/2024 8:12:13 PM: Starting test...&#xD;
12/8/2024 8:12:13 PM: Generated random in-memory dictionary (NumEntries 100000 NumValues 250473) duration 509ms &#xD;
12/8/2024 8:12:15 PM: Encrypted random in-memory dictionary duration 1928ms &#xD;
12/8/2024 8:12:15 PM: Checked that all random in-memory dictionary is encrypted duration 40ms &#xD;
12/8/2024 8:12:16 PM: Loaded and decrypted random in-memory dictionary with ProtectedConfigurationBuilder duration 967ms &#xD;
12/8/2024 8:12:16 PM: Checked that 100000 entries are equal duration 75ms</StdOut>
      </Output>
    </UnitTestResult>
    <UnitTestResult executionId="aa090fdf-25c3-476b-ae90-ad4fd2de5d01" testId="cab792d5-caf7-94cb-7dd5-8cd2bf26d466" testName="Fededim.Extensions.Configuration.Protected.DataProtectionAPITest.DataProtectionAPIProtectProviderTest.RandomXmlFileTest" computerName="fv-az1388-192" duration="00:00:23.0666762" startTime="2024-12-08T20:13:17.5637744+00:00" endTime="2024-12-08T20:13:17.5637746+00:00" testType="13cdc9d9-ddb5-4fa4-a97d-d965ccfc6d4b" outcome="Passed" testListId="8c84fa94-04c1-424b-9868-57a2d4851a1d" relativeResultsDirectory="aa090fdf-25c3-476b-ae90-ad4fd2de5d01">
      <Output>
        <StdOut>12/8/2024 8:12:54 PM: Generating a random XML file with 100000 keys, autogenerated strings max length 20 and autogenerated array max length 10...&#xD;
12/8/2024 8:12:57 PM: File location file://D:/a/Fededim.Extensions.Configuration.Protected/Fededim.Extensions.Configuration.Protected/Fededim.Extensions.Configuration.Protected.DataProtectionAPITest/bin/Release/net8.0/random_1cd65ed2-ecf6-45cc-ab22-43b717efdfe8.xml&#xD;
12/8/2024 8:12:57 PM: Generated random XML file (NumEntries 100000 NumValues 250948 size 61600 KB) duration 2527ms &#xD;
12/8/2024 8:13:06 PM: Encrypted random XML file (NumEntries 100000 NumValues 250948 size 88016 KB) duration 9029ms &#xD;
12/8/2024 8:13:07 PM: Checked that all random XML file is encrypted duration 1319ms &#xD;
12/8/2024 8:13:17 PM: Loaded and decrypted random XML file with ProtectedConfigurationBuilder duration 9915ms &#xD;
12/8/2024 8:13:17 PM: Checked that 202728 entries are equal duration 257ms</StdOut>
      </Output>
    </UnitTestResult>
    <UnitTestResult executionId="5f897901-77a4-4eea-a71d-73b8f7743619" testId="647b6c5b-225b-1ca2-d2e0-e37df89ba286" testName="Fededim.Extensions.Configuration.Protected.DataProtectionAPITest.ReverseChainedDataProtectionAPIProtectProviderTest.RandomCommandLineTest" computerName="fv-az1388-192" duration="00:00:03.2641645" startTime="2024-12-08T20:13:18.3894332+00:00" endTime="2024-12-08T20:13:18.3894334+00:00" testType="13cdc9d9-ddb5-4fa4-a97d-d965ccfc6d4b" outcome="Passed" testListId="8c84fa94-04c1-424b-9868-57a2d4851a1d" relativeResultsDirectory="5f897901-77a4-4eea-a71d-73b8f7743619">
      <Output>
        <StdOut>12/8/2024 8:13:15 PM: Generating a random command line arguments with 100000 keys, autogenerated strings max length 20 and autogenerated array max length 10...&#xD;
12/8/2024 8:13:15 PM: Starting test...&#xD;
12/8/2024 8:13:15 PM: Generated random comand line args (NumEntries 100000 NumValues 248940) duration 232ms &#xD;
12/8/2024 8:13:16 PM: Encrypted random comand line args duration 1214ms &#xD;
12/8/2024 8:13:16 PM: Checked that all random comand line args are encrypted duration 35ms &#xD;
12/8/2024 8:13:18 PM: Loaded and decrypted random comand line args with ProtectedConfigurationBuilder duration 1725ms &#xD;
12/8/2024 8:13:18 PM: Checked that 100000 entries are equal duration 55ms</StdOut>
      </Output>
    </UnitTestResult>
    <UnitTestResult executionId="e49f7193-d1ad-42b2-95e5-ea5610e4d840" testId="f63be0dc-1fac-0d73-eab5-ec6ea7cf7b08" testName="Fededim.Extensions.Configuration.Protected.DataProtectionAPITest.DataProtectionAPIProtectProviderTest.RandomCommandLineTest" computerName="fv-az1388-192" duration="00:00:03.1510279" startTime="2024-12-08T20:13:20.7157341+00:00" endTime="2024-12-08T20:13:20.7157343+00:00" testType="13cdc9d9-ddb5-4fa4-a97d-d965ccfc6d4b" outcome="Passed" testListId="8c84fa94-04c1-424b-9868-57a2d4851a1d" relativeResultsDirectory="e49f7193-d1ad-42b2-95e5-ea5610e4d840">
      <Output>
        <StdOut>12/8/2024 8:13:17 PM: Generating a random command line arguments with 100000 keys, autogenerated strings max length 20 and autogenerated array max length 10...&#xD;
12/8/2024 8:13:17 PM: Starting test...&#xD;
12/8/2024 8:13:17 PM: Generated random comand line args (NumEntries 100000 NumValues 249194) duration 181ms &#xD;
12/8/2024 8:13:18 PM: Encrypted random comand line args duration 1130ms &#xD;
12/8/2024 8:13:18 PM: Checked that all random comand line args are encrypted duration 34ms &#xD;
12/8/2024 8:13:20 PM: Loaded and decrypted random comand line args with ProtectedConfigurationBuilder duration 1762ms &#xD;
12/8/2024 8:13:20 PM: Checked that 100000 entries are equal duration 41ms</StdOut>
      </Output>
    </UnitTestResult>
    <UnitTestResult executionId="81f86c29-3862-4193-bc44-10e895b63219" testId="5bf2f350-f23f-f114-d6dd-98a507e43569" testName="Fededim.Extensions.Configuration.Protected.DataProtectionAPITest.ReverseChainedDataProtectionAPIProtectProviderTest.RandomXmlFileTest" computerName="fv-az1388-192" duration="00:00:25.9532782" startTime="2024-12-08T20:13:12.0810636+00:00" endTime="2024-12-08T20:13:12.0810638+00:00" testType="13cdc9d9-ddb5-4fa4-a97d-d965ccfc6d4b" outcome="Passed" testListId="8c84fa94-04c1-424b-9868-57a2d4851a1d" relativeResultsDirectory="81f86c29-3862-4193-bc44-10e895b63219">
      <Output>
        <StdOut>12/8/2024 8:12:46 PM: Generating a random XML file with 100000 keys, autogenerated strings max length 20 and autogenerated array max length 10...&#xD;
12/8/2024 8:12:49 PM: File location file://D:/a/Fededim.Extensions.Configuration.Protected/Fededim.Extensions.Configuration.Protected/Fededim.Extensions.Configuration.Protected.DataProtectionAPITest/bin/Release/net8.0/random_e706d99b-3216-4d5d-bca9-8ed8d20d964d.xml&#xD;
12/8/2024 8:12:49 PM: Generated random XML file (NumEntries 100000 NumValues 250051 size 65191 KB) duration 3030ms &#xD;
12/8/2024 8:12:56 PM: Encrypted random XML file (NumEntries 100000 NumValues 250051 size 91503 KB) duration 7482ms &#xD;
12/8/2024 8:12:58 PM: Checked that all random XML file is encrypted duration 2254ms &#xD;
12/8/2024 8:13:11 PM: Loaded and decrypted random XML file with ProtectedConfigurationBuilder duration 00:00:12.7555119 &#xD;
12/8/2024 8:13:12 PM: Checked that 201935 entries are equal duration 429ms</StdOut>
      </Output>
    </UnitTestResult>
    <UnitTestResult executionId="413e9321-6546-4944-ae7c-205c493d91d2" testId="53290695-3624-0469-7860-2a707aa4d5f4" testName="Fededim.Extensions.Configuration.Protected.DataProtectionAPITest.ReverseChainedPassthroughProtectProviderTest.RandomCommandLineTest" computerName="fv-az1388-192" duration="00:00:03.1517464" startTime="2024-12-08T20:11:46.2441284+00:00" endTime="2024-12-08T20:11:46.2441287+00:00" testType="13cdc9d9-ddb5-4fa4-a97d-d965ccfc6d4b" outcome="Passed" testListId="8c84fa94-04c1-424b-9868-57a2d4851a1d" relativeResultsDirectory="413e9321-6546-4944-ae7c-205c493d91d2">
      <Output>
        <StdOut>12/8/2024 8:11:43 PM: Generating a random command line arguments with 100000 keys, autogenerated strings max length 20 and autogenerated array max length 10...&#xD;
12/8/2024 8:11:43 PM: Starting test...&#xD;
12/8/2024 8:11:43 PM: Generated random comand line args (NumEntries 100000 NumValues 250276) duration 546ms &#xD;
12/8/2024 8:11:45 PM: Encrypted random comand line args duration 1450ms &#xD;
12/8/2024 8:11:45 PM: Checked that all random comand line args are encrypted duration 56ms &#xD;
12/8/2024 8:11:46 PM: Loaded and decrypted random comand line args with ProtectedConfigurationBuilder duration 952ms &#xD;
12/8/2024 8:11:46 PM: Checked that 100000 entries are equal duration 143ms</StdOut>
      </Output>
    </UnitTestResult>
    <UnitTestResult executionId="e06e196a-d9c7-4f21-9b41-44fd5ee862cf" testId="aeb7956b-7546-b053-446f-8b8f700e605b" testName="Fededim.Extensions.Configuration.Protected.DataProtectionAPITest.ReverseChainedDataProtectionAPIProtectProviderTest.RandomInMemoryDictionaryTest" computerName="fv-az1388-192" duration="00:00:02.8293786" startTime="2024-12-08T20:13:21.2189776+00:00" endTime="2024-12-08T20:13:21.2189778+00:00" testType="13cdc9d9-ddb5-4fa4-a97d-d965ccfc6d4b" outcome="Passed" testListId="8c84fa94-04c1-424b-9868-57a2d4851a1d" relativeResultsDirectory="e06e196a-d9c7-4f21-9b41-44fd5ee862cf">
      <Output>
        <StdOut>12/8/2024 8:13:18 PM: Generating a random in-memory dictionary with 100000 keys, autogenerated strings max length 20 and autogenerated array max length 10...&#xD;
12/8/2024 8:13:18 PM: Starting test...&#xD;
12/8/2024 8:13:18 PM: Generated random in-memory dictionary (NumEntries 100000 NumValues 250822) duration 253ms &#xD;
12/8/2024 8:13:19 PM: Encrypted random in-memory dictionary duration 1142ms &#xD;
12/8/2024 8:13:19 PM: Checked that all random in-memory dictionary is encrypted duration 32ms &#xD;
12/8/2024 8:13:21 PM: Loaded and decrypted random in-memory dictionary with ProtectedConfigurationBuilder duration 1374ms &#xD;
12/8/2024 8:13:21 PM: Checked that 100000 entries are equal duration 25ms</StdOut>
      </Output>
    </UnitTestResult>
    <UnitTestResult executionId="8aa3c97f-de1c-428e-8ca9-4c1731dd6dc0" testId="94ea7642-4083-0632-dcd9-b9fdbebb7fc1" testName="Fededim.Extensions.Configuration.Protected.DataProtectionAPITest.PassthroughProtectProviderTest.RandomJsonFileTest(useJsonWithCommentFileProcessor: True)" computerName="fv-az1388-192" duration="00:00:15.8366110" startTime="2024-12-08T20:12:47.7437704+00:00" endTime="2024-12-08T20:12:47.7437706+00:00" testType="13cdc9d9-ddb5-4fa4-a97d-d965ccfc6d4b" outcome="Passed" testListId="8c84fa94-04c1-424b-9868-57a2d4851a1d" relativeResultsDirectory="8aa3c97f-de1c-428e-8ca9-4c1731dd6dc0">
      <Output>
        <StdOut>12/8/2024 8:12:31 PM: Generating a random JSON file with 100000 keys, autogenerated strings max length 20 and autogenerated array max length 10...&#xD;
12/8/2024 8:12:33 PM: File location file://D:/a/Fededim.Extensions.Configuration.Protected/Fededim.Extensions.Configuration.Protected/Fededim.Extensions.Configuration.Protected.DataProtectionAPITest/bin/Release/net8.0/random_97b1881c-7a9f-4cf3-8d15-e583f31dd263.json&#xD;
12/8/2024 8:12:33 PM: Generated random JSON file (NumEntries 100000 NumValues 248233 size 57924 KB) duration 1580ms &#xD;
12/8/2024 8:12:36 PM: Encrypted random JSON file (NumEntries 100000 NumValues 248233 size 58306 KB) duration 3480ms &#xD;
12/8/2024 8:12:37 PM: Checked that all random JSON file is encrypted duration 913ms &#xD;
12/8/2024 8:12:47 PM: Loaded and decrypted random JSON file with ProtectedConfigurationBuilder duration 9313ms &#xD;
12/8/2024 8:12:47 PM: Checked that 248233 entries are equal duration 549ms</StdOut>
      </Output>
    </UnitTestResult>
    <UnitTestResult executionId="99f5412b-12ee-48ed-a968-923e8555493e" testId="babc18e0-52be-6076-7768-76d0c302f279" testName="Fededim.Extensions.Configuration.Protected.DataProtectionAPITest.PassthroughProtectProviderTest.RandomJsonFileTest(useJsonWithCommentFileProcessor: False)" computerName="fv-az1388-192" duration="00:00:15.6028675" startTime="2024-12-08T20:12:31.9636873+00:00" endTime="2024-12-08T20:12:31.9636877+00:00" testType="13cdc9d9-ddb5-4fa4-a97d-d965ccfc6d4b" outcome="Passed" testListId="8c84fa94-04c1-424b-9868-57a2d4851a1d" relativeResultsDirectory="99f5412b-12ee-48ed-a968-923e8555493e">
      <Output>
        <StdOut>12/8/2024 8:12:16 PM: Generating a random JSON file with 100000 keys, autogenerated strings max length 20 and autogenerated array max length 10...&#xD;
12/8/2024 8:12:18 PM: File location file://D:/a/Fededim.Extensions.Configuration.Protected/Fededim.Extensions.Configuration.Protected/Fededim.Extensions.Configuration.Protected.DataProtectionAPITest/bin/Release/net8.0/random_9e0e6ab9-fa42-4bd0-857c-5e25c97dc927.json&#xD;
12/8/2024 8:12:18 PM: Generated random JSON file (NumEntries 100000 NumValues 250176 size 56906 KB) duration 2230ms &#xD;
12/8/2024 8:12:22 PM: Encrypted random JSON file (NumEntries 100000 NumValues 250176 size 57292 KB) duration 3557ms &#xD;
12/8/2024 8:12:22 PM: Checked that all random JSON file is encrypted duration 612ms &#xD;
12/8/2024 8:12:29 PM: Loaded and decrypted random JSON file with ProtectedConfigurationBuilder duration 7298ms &#xD;
12/8/2024 8:12:31 PM: Checked that 250176 entries are equal duration 1904ms</StdOut>
      </Output>
    </UnitTestResult>
    <UnitTestResult executionId="c672f3ea-43a0-49e8-82a6-6163a932533e" testId="092a9e9f-643d-a75f-e646-45602e92186b" testName="Fededim.Extensions.Configuration.Protected.DataProtectionAPITest.DataProtectionAPIProtectProviderTest.RandomInMemoryDictionaryTest" computerName="fv-az1388-192" duration="00:00:12.0323130" startTime="2024-12-08T20:11:51.4401563+00:00" endTime="2024-12-08T20:11:51.4401566+00:00" testType="13cdc9d9-ddb5-4fa4-a97d-d965ccfc6d4b" outcome="Passed" testListId="8c84fa94-04c1-424b-9868-57a2d4851a1d" relativeResultsDirectory="c672f3ea-43a0-49e8-82a6-6163a932533e">
      <Output>
        <StdOut>12/8/2024 8:11:39 PM: Generating a random in-memory dictionary with 100000 keys, autogenerated strings max length 20 and autogenerated array max length 10...&#xD;
12/8/2024 8:11:40 PM: Starting test...&#xD;
12/8/2024 8:11:40 PM: Generated random in-memory dictionary (NumEntries 100000 NumValues 249276) duration 970ms &#xD;
12/8/2024 8:11:46 PM: Encrypted random in-memory dictionary duration 6175ms &#xD;
12/8/2024 8:11:46 PM: Checked that all random in-memory dictionary is encrypted duration 74ms &#xD;
12/8/2024 8:11:51 PM: Loaded and decrypted random in-memory dictionary with ProtectedConfigurationBuilder duration 4581ms &#xD;
12/8/2024 8:11:51 PM: Checked that 100000 entries are equal duration 55ms</StdOut>
      </Output>
    </UnitTestResult>
    <UnitTestResult executionId="ec396cd5-024c-4dce-a831-994d4b50f6fc" testId="c47730a9-5677-c354-72b2-3037781cbdf4" testName="Fededim.Extensions.Configuration.Protected.DataProtectionAPITest.ReverseChainedPassthroughProtectProviderTest.RandomJsonFileTest(useJsonWithCommentFileProcessor: True)" computerName="fv-az1388-192" duration="00:00:23.0539718" startTime="2024-12-08T20:12:09.2943533+00:00" endTime="2024-12-08T20:12:09.2943536+00:00" testType="13cdc9d9-ddb5-4fa4-a97d-d965ccfc6d4b" outcome="Passed" testListId="8c84fa94-04c1-424b-9868-57a2d4851a1d" relativeResultsDirectory="ec396cd5-024c-4dce-a831-994d4b50f6fc">
      <Output>
        <StdOut>12/8/2024 8:11:46 PM: Generating a random JSON file with 100000 keys, autogenerated strings max length 20 and autogenerated array max length 10...&#xD;
12/8/2024 8:11:49 PM: File location file://D:/a/Fededim.Extensions.Configuration.Protected/Fededim.Extensions.Configuration.Protected/Fededim.Extensions.Configuration.Protected.DataProtectionAPITest/bin/Release/net8.0/random_50320712-b355-40a2-a9e4-476529fc0ed2.json&#xD;
12/8/2024 8:11:49 PM: Generated random JSON file (NumEntries 100000 NumValues 249931 size 60346 KB) duration 3617ms &#xD;
12/8/2024 8:11:54 PM: Encrypted random JSON file (NumEntries 100000 NumValues 249931 size 60730 KB) duration 4511ms &#xD;
12/8/2024 8:11:58 PM: Checked that all random JSON file is encrypted duration 3793ms &#xD;
12/8/2024 8:12:08 PM: Loaded and decrypted random JSON file with ProtectedConfigurationBuilder duration 00:00:10.6308649 &#xD;
12/8/2024 8:12:09 PM: Checked that 249931 entries are equal duration 499ms</StdOut>
      </Output>
    </UnitTestResult>
    <UnitTestResult executionId="2a65e212-13e9-405d-befc-87bcb0719371" testId="4ea3de90-a59d-3955-9940-560839244413" testName="Fededim.Extensions.Configuration.Protected.DataProtectionAPITest.DataProtectionAPIProtectProviderTest.RandomJsonFileTest(useJsonWithCommentFileProcessor: False)" computerName="fv-az1388-192" duration="00:00:26.0765447" startTime="2024-12-08T20:12:54.4970095+00:00" endTime="2024-12-08T20:12:54.4970106+00:00" testType="13cdc9d9-ddb5-4fa4-a97d-d965ccfc6d4b" outcome="Passed" testListId="8c84fa94-04c1-424b-9868-57a2d4851a1d" relativeResultsDirectory="2a65e212-13e9-405d-befc-87bcb0719371">
      <Output>
        <StdOut>12/8/2024 8:12:28 PM: Generating a random JSON file with 100000 keys, autogenerated strings max length 20 and autogenerated array max length 10...&#xD;
12/8/2024 8:12:31 PM: File location file://D:/a/Fededim.Extensions.Configuration.Protected/Fededim.Extensions.Configuration.Protected/Fededim.Extensions.Configuration.Protected.DataProtectionAPITest/bin/Release/net8.0/random_8f5af74d-c3a7-412f-8350-2e84dbb9be67.json&#xD;
12/8/2024 8:12:31 PM: Generated random JSON file (NumEntries 100000 NumValues 250221 size 58828 KB) duration 2835ms &#xD;
12/8/2024 8:12:39 PM: Encrypted random JSON file (NumEntries 100000 NumValues 250221 size 84933 KB) duration 8359ms &#xD;
12/8/2024 8:12:41 PM: Checked that all random JSON file is encrypted duration 2294ms &#xD;
12/8/2024 8:12:54 PM: Loaded and decrypted random JSON file with ProtectedConfigurationBuilder duration 00:00:12.1857258 &#xD;
12/8/2024 8:12:54 PM: Checked that 250221 entries are equal duration 389ms</StdOut>
      </Output>
    </UnitTestResult>
    <UnitTestResult executionId="062f5142-3ffe-4ece-ac44-3554ef7993f5" testId="331a13af-5866-8d6a-671d-a2abfea42096" testName="Fededim.Extensions.Configuration.Protected.DataProtectionAPITest.DataProtectionAPIProtectProviderTest.RandomEnvironmentVariablesTest" computerName="fv-az1388-192" duration="00:00:04.0947753" startTime="2024-12-08T20:11:55.4550300+00:00" endTime="2024-12-08T20:11:55.4550304+00:00" testType="13cdc9d9-ddb5-4fa4-a97d-d965ccfc6d4b" outcome="Passed" testListId="8c84fa94-04c1-424b-9868-57a2d4851a1d" relativeResultsDirectory="062f5142-3ffe-4ece-ac44-3554ef7993f5">
      <Output>
        <StdOut>12/8/2024 8:11:51 PM: Generating a random environment variables 100000 keys, autogenerated strings max length 20 and autogenerated array max length 10...&#xD;
12/8/2024 8:11:52 PM: Starting test...&#xD;
12/8/2024 8:11:52 PM: Generated random environment variables (NumEntries 2000 NumValues 4826 TID 9, note that Windows has a maximum size of 32KB for all environment variables, so not all 100000 keys could be created) duration 1355ms &#xD;
12/8/2024 8:11:54 PM: Encrypted random environment variables duration 1736ms &#xD;
12/8/2024 8:11:54 PM: Checked that all random environment variables are encrypted duration 20ms &#xD;
12/8/2024 8:11:54 PM: Loaded and decrypted random environment variables with ProtectedConfigurationBuilder duration 89ms &#xD;
12/8/2024 8:11:54 PM: Checked that 1585 entries are equal duration 105ms</StdOut>
      </Output>
    </UnitTestResult>
    <UnitTestResult executionId="ac746c9b-38b1-4163-8d19-a1a465f6676e" testId="40bc2ee2-12b8-c08c-ad81-e8c0efee775c" testName="Fededim.Extensions.Configuration.Protected.DataProtectionAPITest.DataProtectionAPIProtectProviderTest.RandomJsonFileTest(useJsonWithCommentFileProcessor: True)" computerName="fv-az1388-192" duration="00:00:32.9637669" startTime="2024-12-08T20:12:28.4301273+00:00" endTime="2024-12-08T20:12:28.4301277+00:00" testType="13cdc9d9-ddb5-4fa4-a97d-d965ccfc6d4b" outcome="Passed" testListId="8c84fa94-04c1-424b-9868-57a2d4851a1d" relativeResultsDirectory="ac746c9b-38b1-4163-8d19-a1a465f6676e">
      <Output>
        <StdOut>12/8/2024 8:11:55 PM: Generating a random JSON file with 100000 keys, autogenerated strings max length 20 and autogenerated array max length 10...&#xD;
12/8/2024 8:11:59 PM: File location file://D:/a/Fededim.Extensions.Configuration.Protected/Fededim.Extensions.Configuration.Protected/Fededim.Extensions.Configuration.Protected.DataProtectionAPITest/bin/Release/net8.0/random_97eceb8c-dfa9-4f0a-ab46-440fac472971.json&#xD;
12/8/2024 8:11:59 PM: Generated random JSON file (NumEntries 100000 NumValues 250043 size 59401 KB) duration 4243ms &#xD;
12/8/2024 8:12:12 PM: Encrypted random JSON file (NumEntries 100000 NumValues 250043 size 85519 KB) duration 00:00:12.7046652 &#xD;
12/8/2024 8:12:13 PM: Checked that all random JSON file is encrypted duration 1575ms &#xD;
12/8/2024 8:12:27 PM: Loaded and decrypted random JSON file with ProtectedConfigurationBuilder duration 00:00:13.8826326 &#xD;
12/8/2024 8:12:28 PM: Checked that 250043 entries are equal duration 537ms</StdOut>
      </Output>
    </UnitTestResult>
    <UnitTestResult executionId="30a7978f-db09-4d49-90fc-007fca28caf3" testId="266c91ed-f749-9cf5-bf8c-4a55ef2a37c7" testName="Fededim.Extensions.Configuration.Protected.DataProtectionAPITest.PassthroughProtectProviderTest.RandomCommandLineTest" computerName="fv-az1388-192" duration="00:00:03.0879296" startTime="2024-12-08T20:12:12.7715541+00:00" endTime="2024-12-08T20:12:12.7715543+00:00" testType="13cdc9d9-ddb5-4fa4-a97d-d965ccfc6d4b" outcome="Passed" testListId="8c84fa94-04c1-424b-9868-57a2d4851a1d" relativeResultsDirectory="30a7978f-db09-4d49-90fc-007fca28caf3">
      <Output>
        <StdOut>12/8/2024 8:12:09 PM: Generating a random command line arguments with 100000 keys, autogenerated strings max length 20 and autogenerated array max length 10...&#xD;
12/8/2024 8:12:10 PM: Starting test...&#xD;
12/8/2024 8:12:10 PM: Generated random comand line args (NumEntries 100000 NumValues 249015) duration 458ms &#xD;
12/8/2024 8:12:11 PM: Encrypted random comand line args duration 1432ms &#xD;
12/8/2024 8:12:11 PM: Checked that all random comand line args are encrypted duration 51ms &#xD;
12/8/2024 8:12:12 PM: Loaded and decrypted random comand line args with ProtectedConfigurationBuilder duration 995ms &#xD;
12/8/2024 8:12:12 PM: Checked that 100000 entries are equal duration 149ms</StdOut>
      </Output>
    </UnitTestResult>
    <UnitTestResult executionId="fe2951c3-75cd-4cb2-888f-1e604e94419e" testId="69d8f2d8-3562-2bf4-0a5e-c226f303d955" testName="Fededim.Extensions.Configuration.Protected.DataProtectionAPITest.ReverseChainedPassthroughProtectProviderTest.RandomInMemoryDictionaryTest" computerName="fv-az1388-192" duration="00:00:03.0251437" startTime="2024-12-08T20:11:43.0761691+00:00" endTime="2024-12-08T20:11:43.0761964+00:00" testType="13cdc9d9-ddb5-4fa4-a97d-d965ccfc6d4b" outcome="Passed" testListId="8c84fa94-04c1-424b-9868-57a2d4851a1d" relativeResultsDirectory="fe2951c3-75cd-4cb2-888f-1e604e94419e">
      <Output>
        <StdOut>12/8/2024 8:11:40 PM: Generating a random in-memory dictionary with 100000 keys, autogenerated strings max length 20 and autogenerated array max length 10...&#xD;
12/8/2024 8:11:40 PM: Starting test...&#xD;
12/8/2024 8:11:40 PM: Generated random in-memory dictionary (NumEntries 100000 NumValues 249434) duration 727ms &#xD;
12/8/2024 8:11:41 PM: Encrypted random in-memory dictionary duration 1178ms &#xD;
12/8/2024 8:11:42 PM: Checked that all random in-memory dictionary is encrypted duration 168ms &#xD;
12/8/2024 8:11:42 PM: Loaded and decrypted random in-memory dictionary with ProtectedConfigurationBuilder duration 784ms &#xD;
12/8/2024 8:11:43 PM: Checked that 100000 entries are equal duration 163ms</StdOut>
      </Output>
    </UnitTestResult>
    <UnitTestResult executionId="f38e4d47-4d9f-42a7-a777-0eb0e7018852" testId="f10bb888-60df-1256-7dc3-3ea5b2020598" testName="Fededim.Extensions.Configuration.Protected.DataProtectionAPITest.PassthroughProtectProviderTest.RandomEnvironmentVariablesTest" computerName="fv-az1388-192" duration="00:00:09.1354050" startTime="2024-12-08T20:12:56.8868643+00:00" endTime="2024-12-08T20:12:56.8868646+00:00" testType="13cdc9d9-ddb5-4fa4-a97d-d965ccfc6d4b" outcome="Passed" testListId="8c84fa94-04c1-424b-9868-57a2d4851a1d" relativeResultsDirectory="f38e4d47-4d9f-42a7-a777-0eb0e7018852">
      <Output>
        <StdOut>12/8/2024 8:12:47 PM: Generating a random environment variables 100000 keys, autogenerated strings max length 20 and autogenerated array max length 10...&#xD;
12/8/2024 8:12:48 PM: Starting test...&#xD;
12/8/2024 8:12:48 PM: Generated random environment variables (NumEntries 2000 NumValues 4863 TID 16, note that Windows has a maximum size of 32KB for all environment variables, so not all 100000 keys could be created) duration 1220ms &#xD;
12/8/2024 8:12:54 PM: Encrypted random environment variables duration 5174ms &#xD;
12/8/2024 8:12:54 PM: Checked that all random environment variables are encrypted duration 5ms &#xD;
12/8/2024 8:12:54 PM: Loaded and decrypted random environment variables with ProtectedConfigurationBuilder duration 60ms &#xD;
12/8/2024 8:12:54 PM: Checked that 1590 entries are equal duration 0ms</StdOut>
      </Output>
    </UnitTestResult>
    <UnitTestResult executionId="bc3ea226-2643-42d7-a78a-12e327c8a05d" testId="6c6badd8-2315-c41e-9745-b2cf4b1a628a" testName="Fededim.Extensions.Configuration.Protected.DataProtectionAPITest.ReverseChainedDataProtectionAPIProtectProviderTest.RandomEnvironmentVariablesTest" computerName="fv-az1388-192" duration="00:00:03.0438436" startTime="2024-12-08T20:13:15.1251239+00:00" endTime="2024-12-08T20:13:15.1251241+00:00" testType="13cdc9d9-ddb5-4fa4-a97d-d965ccfc6d4b" outcome="Passed" testListId="8c84fa94-04c1-424b-9868-57a2d4851a1d" relativeResultsDirectory="bc3ea226-2643-42d7-a78a-12e327c8a05d">
      <Output>
        <StdOut>12/8/2024 8:13:12 PM: Generating a random environment variables 100000 keys, autogenerated strings max length 20 and autogenerated array max length 10...&#xD;
12/8/2024 8:13:13 PM: Starting test...&#xD;
12/8/2024 8:13:13 PM: Generated random environment variables (NumEntries 2000 NumValues 4992 TID 10, note that Windows has a maximum size of 32KB for all environment variables, so not all 100000 keys could be created) duration 945ms &#xD;
12/8/2024 8:13:14 PM: Encrypted random environment variables duration 1283ms &#xD;
12/8/2024 8:13:14 PM: Checked that all random environment variables are encrypted duration 3ms &#xD;
12/8/2024 8:13:14 PM: Loaded and decrypted random environment variables with ProtectedConfigurationBuilder duration 44ms &#xD;
12/8/2024 8:13:14 PM: Checked that 1610 entries are equal duration 0ms</StdOut>
      </Output>
    </UnitTestResult>
    <UnitTestResult executionId="46f34990-5384-443e-918c-db6b32cad023" testId="bc65d678-ea47-f040-ebfc-ebf2c2e9a1f0" testName="Fededim.Extensions.Configuration.Protected.DataProtectionAPITest.PassthroughProtectProviderTest.RandomXmlFileTest" computerName="fv-az1388-192" duration="00:00:30.3526347" startTime="2024-12-08T20:12:09.7194439+00:00" endTime="2024-12-08T20:12:09.7194442+00:00" testType="13cdc9d9-ddb5-4fa4-a97d-d965ccfc6d4b" outcome="Passed" testListId="8c84fa94-04c1-424b-9868-57a2d4851a1d" relativeResultsDirectory="46f34990-5384-443e-918c-db6b32cad023">
      <Output>
        <StdOut>12/8/2024 8:11:39 PM: Generating a random XML file with 100000 keys, autogenerated strings max length 20 and autogenerated array max length 10...&#xD;
12/8/2024 8:11:46 PM: File location file://D:/a/Fededim.Extensions.Configuration.Protected/Fededim.Extensions.Configuration.Protected/Fededim.Extensions.Configuration.Protected.DataProtectionAPITest/bin/Release/net8.0/random_dc37cecd-7534-4129-a7dc-454883f9f226.xml&#xD;
12/8/2024 8:11:46 PM: Generated random XML file (NumEntries 100000 NumValues 249804 size 61899 KB) duration 6688ms &#xD;
12/8/2024 8:11:54 PM: Encrypted random XML file (NumEntries 100000 NumValues 249804 size 62289 KB) duration 8360ms &#xD;
12/8/2024 8:11:57 PM: Checked that all random XML file is encrypted duration 3500ms &#xD;
12/8/2024 8:12:09 PM: Loaded and decrypted random XML file with ProtectedConfigurationBuilder duration 00:00:11.1859570 &#xD;
12/8/2024 8:12:09 PM: Checked that 202286 entries are equal duration 545ms</StdOut>
      </Output>
    </UnitTestResult>
    <UnitTestResult executionId="dcdbcef3-03d1-4f13-b734-473584d4c412" testId="f4b49037-2be4-650f-fa20-2558b4f38cf7" testName="Fededim.Extensions.Configuration.Protected.DataProtectionAPITest.ReverseChainedPassthroughProtectProviderTest.RandomEnvironmentVariablesTest" computerName="fv-az1388-192" duration="00:00:09.6747075" startTime="2024-12-08T20:12:58.4867942+00:00" endTime="2024-12-08T20:12:58.4867945+00:00" testType="13cdc9d9-ddb5-4fa4-a97d-d965ccfc6d4b" outcome="Passed" testListId="8c84fa94-04c1-424b-9868-57a2d4851a1d" relativeResultsDirectory="dcdbcef3-03d1-4f13-b734-473584d4c412">
      <Output>
        <StdOut>12/8/2024 8:12:48 PM: Generating a random environment variables 100000 keys, autogenerated strings max length 20 and autogenerated array max length 10...&#xD;
12/8/2024 8:12:55 PM: Starting test...&#xD;
12/8/2024 8:12:55 PM: Generated random environment variables (NumEntries 2000 NumValues 4957 TID 14, note that Windows has a maximum size of 32KB for all environment variables, so not all 100000 keys could be created) duration 6649ms &#xD;
12/8/2024 8:12:57 PM: Encrypted random environment variables duration 2247ms &#xD;
12/8/2024 8:12:57 PM: Checked that all random environment variables are encrypted duration 52ms &#xD;
12/8/2024 8:12:57 PM: Loaded and decrypted random environment variables with ProtectedConfigurationBuilder duration 9ms &#xD;
12/8/2024 8:12:57 PM: Checked that 1597 entries are equal duration 0ms</StdOut>
      </Output>
    </UnitTestResult>
    <UnitTestResult executionId="b6aa7604-69ac-487a-bc12-ec2eef69d11d" testId="76a3f103-314f-1ebd-bd22-53871a79c3fa" testName="Fededim.Extensions.Configuration.Protected.DataProtectionAPITest.ReverseChainedDataProtectionAPIProtectProviderTest.RandomJsonFileTest(useJsonWithCommentFileProcessor: True)" computerName="fv-az1388-192" duration="00:00:39.7704451" startTime="2024-12-08T20:12:19.1204107+00:00" endTime="2024-12-08T20:12:19.1204109+00:00" testType="13cdc9d9-ddb5-4fa4-a97d-d965ccfc6d4b" outcome="Passed" testListId="8c84fa94-04c1-424b-9868-57a2d4851a1d" relativeResultsDirectory="b6aa7604-69ac-487a-bc12-ec2eef69d11d">
      <Output>
        <StdOut>12/8/2024 8:11:39 PM: Generating a random JSON file with 100000 keys, autogenerated strings max length 20 and autogenerated array max length 10...&#xD;
12/8/2024 8:11:43 PM: File location file://D:/a/Fededim.Extensions.Configuration.Protected/Fededim.Extensions.Configuration.Protected/Fededim.Extensions.Configuration.Protected.DataProtectionAPITest/bin/Release/net8.0/random_489224dc-15af-4cbf-93e9-f23620fd7e54.json&#xD;
12/8/2024 8:11:43 PM: Generated random JSON file (NumEntries 100000 NumValues 251274 size 55014 KB) duration 3551ms &#xD;
12/8/2024 8:11:54 PM: Encrypted random JSON file (NumEntries 100000 NumValues 251274 size 81248 KB) duration 00:00:11.4794887 &#xD;
12/8/2024 8:11:58 PM: Checked that all random JSON file is encrypted duration 3891ms &#xD;
12/8/2024 8:12:18 PM: Loaded and decrypted random JSON file with ProtectedConfigurationBuilder duration 00:00:19.8914364 &#xD;
12/8/2024 8:12:19 PM: Checked that 251274 entries are equal duration 802ms</StdOut>
      </Output>
    </UnitTestResult>
    <UnitTestResult executionId="248577cd-34ec-4688-ae98-0aa7db7eff17" testId="8fa56702-815f-46fb-f241-56617bf43be4" testName="Fededim.Extensions.Configuration.Protected.DataProtectionAPITest.ReverseChainedPassthroughProtectProviderTest.RandomXmlFileTest" computerName="fv-az1388-192" duration="00:00:24.8478919" startTime="2024-12-08T20:12:48.8314206+00:00" endTime="2024-12-08T20:12:48.8314209+00:00" testType="13cdc9d9-ddb5-4fa4-a97d-d965ccfc6d4b" outcome="Passed" testListId="8c84fa94-04c1-424b-9868-57a2d4851a1d" relativeResultsDirectory="248577cd-34ec-4688-ae98-0aa7db7eff17">
      <Output>
        <StdOut>12/8/2024 8:12:23 PM: Generating a random XML file with 100000 keys, autogenerated strings max length 20 and autogenerated array max length 10...&#xD;
12/8/2024 8:12:29 PM: File location file://D:/a/Fededim.Extensions.Configuration.Protected/Fededim.Extensions.Configuration.Protected/Fededim.Extensions.Configuration.Protected.DataProtectionAPITest/bin/Release/net8.0/random_c4de478d-dc72-4a17-b145-c52a02e54e29.xml&#xD;
12/8/2024 8:12:29 PM: Generated random XML file (NumEntries 100000 NumValues 249715 size 60597 KB) duration 5228ms &#xD;
12/8/2024 8:12:36 PM: Encrypted random XML file (NumEntries 100000 NumValues 249715 size 60986 KB) duration 7237ms &#xD;
12/8/2024 8:12:38 PM: Checked that all random XML file is encrypted duration 2193ms &#xD;
12/8/2024 8:12:48 PM: Loaded and decrypted random XML file with ProtectedConfigurationBuilder duration 9915ms &#xD;
12/8/2024 8:12:48 PM: Checked that 201517 entries are equal duration 272ms</StdOut>
      </Output>
    </UnitTestResult>
  </Results>
  <TestDefinitions>
    <UnitTest name="Fededim.Extensions.Configuration.Protected.DataProtectionAPITest.ReverseChainedDataProtectionAPIProtectProviderTest.RandomJsonFileTest(useJsonWithCommentFileProcessor: True)" storage="d:\a\fededim.extensions.configuration.protected\fededim.extensions.configuration.protected\fededim.extensions.configuration.protected.dataprotectionapitest\bin\release\net8.0\fededim.extensions.configuration.protected.dataprotectionapitest.dll" id="76a3f103-314f-1ebd-bd22-53871a79c3fa">
      <Execution id="b6aa7604-69ac-487a-bc12-ec2eef69d11d" />
      <TestMethod codeBase="D:\a\Fededim.Extensions.Configuration.Protected\Fededim.Extensions.Configuration.Protected\Fededim.Extensions.Configuration.Protected.DataProtectionAPITest\bin\Release\net8.0\Fededim.Extensions.Configuration.Protected.DataProtectionAPITest.dll" adapterTypeName="executor://xunit/VsTestRunner2/netcoreapp" className="Fededim.Extensions.Configuration.Protected.DataProtectionAPITest.ReverseChainedDataProtectionAPIProtectProviderTest" name="RandomJsonFileTest" />
    </UnitTest>
    <UnitTest name="Fededim.Extensions.Configuration.Protected.DataProtectionAPITest.DataProtectionAPIProtectProviderTest.RandomJsonFileTest(useJsonWithCommentFileProcessor: True)" storage="d:\a\fededim.extensions.configuration.protected\fededim.extensions.configuration.protected\fededim.extensions.configuration.protected.dataprotectionapitest\bin\release\net8.0\fededim.extensions.configuration.protected.dataprotectionapitest.dll" id="40bc2ee2-12b8-c08c-ad81-e8c0efee775c">
      <Execution id="ac746c9b-38b1-4163-8d19-a1a465f6676e" />
      <TestMethod codeBase="D:\a\Fededim.Extensions.Configuration.Protected\Fededim.Extensions.Configuration.Protected\Fededim.Extensions.Configuration.Protected.DataProtectionAPITest\bin\Release\net8.0\Fededim.Extensions.Configuration.Protected.DataProtectionAPITest.dll" adapterTypeName="executor://xunit/VsTestRunner2/netcoreapp" className="Fededim.Extensions.Configuration.Protected.DataProtectionAPITest.DataProtectionAPIProtectProviderTest" name="RandomJsonFileTest" />
    </UnitTest>
    <UnitTest name="Fededim.Extensions.Configuration.Protected.DataProtectionAPITest.DataProtectionAPIProtectProviderTest.RandomXmlFileTest" storage="d:\a\fededim.extensions.configuration.protected\fededim.extensions.configuration.protected\fededim.extensions.configuration.protected.dataprotectionapitest\bin\release\net8.0\fededim.extensions.configuration.protected.dataprotectionapitest.dll" id="cab792d5-caf7-94cb-7dd5-8cd2bf26d466">
      <Execution id="aa090fdf-25c3-476b-ae90-ad4fd2de5d01" />
      <TestMethod codeBase="D:\a\Fededim.Extensions.Configuration.Protected\Fededim.Extensions.Configuration.Protected\Fededim.Extensions.Configuration.Protected.DataProtectionAPITest\bin\Release\net8.0\Fededim.Extensions.Configuration.Protected.DataProtectionAPITest.dll" adapterTypeName="executor://xunit/VsTestRunner2/netcoreapp" className="Fededim.Extensions.Configuration.Protected.DataProtectionAPITest.DataProtectionAPIProtectProviderTest" name="RandomXmlFileTest" />
    </UnitTest>
    <UnitTest name="Fededim.Extensions.Configuration.Protected.DataProtectionAPITest.ReverseChainedDataProtectionAPIProtectProviderTest.RandomCommandLineTest" storage="d:\a\fededim.extensions.configuration.protected\fededim.extensions.configuration.protected\fededim.extensions.configuration.protected.dataprotectionapitest\bin\release\net8.0\fededim.extensions.configuration.protected.dataprotectionapitest.dll" id="647b6c5b-225b-1ca2-d2e0-e37df89ba286">
      <Execution id="5f897901-77a4-4eea-a71d-73b8f7743619" />
      <TestMethod codeBase="D:\a\Fededim.Extensions.Configuration.Protected\Fededim.Extensions.Configuration.Protected\Fededim.Extensions.Configuration.Protected.DataProtectionAPITest\bin\Release\net8.0\Fededim.Extensions.Configuration.Protected.DataProtectionAPITest.dll" adapterTypeName="executor://xunit/VsTestRunner2/netcoreapp" className="Fededim.Extensions.Configuration.Protected.DataProtectionAPITest.ReverseChainedDataProtectionAPIProtectProviderTest" name="RandomCommandLineTest" />
    </UnitTest>
    <UnitTest name="Fededim.Extensions.Configuration.Protected.DataProtectionAPITest.PassthroughProtectProviderTest.RandomCommandLineTest" storage="d:\a\fededim.extensions.configuration.protected\fededim.extensions.configuration.protected\fededim.extensions.configuration.protected.dataprotectionapitest\bin\release\net8.0\fededim.extensions.configuration.protected.dataprotectionapitest.dll" id="266c91ed-f749-9cf5-bf8c-4a55ef2a37c7">
      <Execution id="30a7978f-db09-4d49-90fc-007fca28caf3" />
      <TestMethod codeBase="D:\a\Fededim.Extensions.Configuration.Protected\Fededim.Extensions.Configuration.Protected\Fededim.Extensions.Configuration.Protected.DataProtectionAPITest\bin\Release\net8.0\Fededim.Extensions.Configuration.Protected.DataProtectionAPITest.dll" adapterTypeName="executor://xunit/VsTestRunner2/netcoreapp" className="Fededim.Extensions.Configuration.Protected.DataProtectionAPITest.PassthroughProtectProviderTest" name="RandomCommandLineTest" />
    </UnitTest>
    <UnitTest name="Fededim.Extensions.Configuration.Protected.DataProtectionAPITest.PassthroughProtectProviderTest.RandomXmlFileTest" storage="d:\a\fededim.extensions.configuration.protected\fededim.extensions.configuration.protected\fededim.extensions.configuration.protected.dataprotectionapitest\bin\release\net8.0\fededim.extensions.configuration.protected.dataprotectionapitest.dll" id="bc65d678-ea47-f040-ebfc-ebf2c2e9a1f0">
      <Execution id="46f34990-5384-443e-918c-db6b32cad023" />
      <TestMethod codeBase="D:\a\Fededim.Extensions.Configuration.Protected\Fededim.Extensions.Configuration.Protected\Fededim.Extensions.Configuration.Protected.DataProtectionAPITest\bin\Release\net8.0\Fededim.Extensions.Configuration.Protected.DataProtectionAPITest.dll" adapterTypeName="executor://xunit/VsTestRunner2/netcoreapp" className="Fededim.Extensions.Configuration.Protected.DataProtectionAPITest.PassthroughProtectProviderTest" name="RandomXmlFileTest" />
    </UnitTest>
    <UnitTest name="Fededim.Extensions.Configuration.Protected.DataProtectionAPITest.ReverseChainedDataProtectionAPIProtectProviderTest.RandomXmlFileTest" storage="d:\a\fededim.extensions.configuration.protected\fededim.extensions.configuration.protected\fededim.extensions.configuration.protected.dataprotectionapitest\bin\release\net8.0\fededim.extensions.configuration.protected.dataprotectionapitest.dll" id="5bf2f350-f23f-f114-d6dd-98a507e43569">
      <Execution id="81f86c29-3862-4193-bc44-10e895b63219" />
      <TestMethod codeBase="D:\a\Fededim.Extensions.Configuration.Protected\Fededim.Extensions.Configuration.Protected\Fededim.Extensions.Configuration.Protected.DataProtectionAPITest\bin\Release\net8.0\Fededim.Extensions.Configuration.Protected.DataProtectionAPITest.dll" adapterTypeName="executor://xunit/VsTestRunner2/netcoreapp" className="Fededim.Extensions.Configuration.Protected.DataProtectionAPITest.ReverseChainedDataProtectionAPIProtectProviderTest" name="RandomXmlFileTest" />
    </UnitTest>
    <UnitTest name="Fededim.Extensions.Configuration.Protected.DataProtectionAPITest.ReverseChainedDataProtectionAPIProtectProviderTest.RandomJsonFileTest(useJsonWithCommentFileProcessor: False)" storage="d:\a\fededim.extensions.configuration.protected\fededim.extensions.configuration.protected\fededim.extensions.configuration.protected.dataprotectionapitest\bin\release\net8.0\fededim.extensions.configuration.protected.dataprotectionapitest.dll" id="7854059b-30d2-55e5-a014-8ef220beca26">
      <Execution id="443a130c-857b-4846-9791-50b77ccd1914" />
      <TestMethod codeBase="D:\a\Fededim.Extensions.Configuration.Protected\Fededim.Extensions.Configuration.Protected\Fededim.Extensions.Configuration.Protected.DataProtectionAPITest\bin\Release\net8.0\Fededim.Extensions.Configuration.Protected.DataProtectionAPITest.dll" adapterTypeName="executor://xunit/VsTestRunner2/netcoreapp" className="Fededim.Extensions.Configuration.Protected.DataProtectionAPITest.ReverseChainedDataProtectionAPIProtectProviderTest" name="RandomJsonFileTest" />
    </UnitTest>
    <UnitTest name="Fededim.Extensions.Configuration.Protected.DataProtectionAPITest.ReverseChainedDataProtectionAPIProtectProviderTest.RandomInMemoryDictionaryTest" storage="d:\a\fededim.extensions.configuration.protected\fededim.extensions.configuration.protected\fededim.extensions.configuration.protected.dataprotectionapitest\bin\release\net8.0\fededim.extensions.configuration.protected.dataprotectionapitest.dll" id="aeb7956b-7546-b053-446f-8b8f700e605b">
      <Execution id="e06e196a-d9c7-4f21-9b41-44fd5ee862cf" />
      <TestMethod codeBase="D:\a\Fededim.Extensions.Configuration.Protected\Fededim.Extensions.Configuration.Protected\Fededim.Extensions.Configuration.Protected.DataProtectionAPITest\bin\Release\net8.0\Fededim.Extensions.Configuration.Protected.DataProtectionAPITest.dll" adapterTypeName="executor://xunit/VsTestRunner2/netcoreapp" className="Fededim.Extensions.Configuration.Protected.DataProtectionAPITest.ReverseChainedDataProtectionAPIProtectProviderTest" name="RandomInMemoryDictionaryTest" />
    </UnitTest>
    <UnitTest name="Fededim.Extensions.Configuration.Protected.DataProtectionAPITest.DataProtectionAPIProtectProviderTest.RandomInMemoryDictionaryTest" storage="d:\a\fededim.extensions.configuration.protected\fededim.extensions.configuration.protected\fededim.extensions.configuration.protected.dataprotectionapitest\bin\release\net8.0\fededim.extensions.configuration.protected.dataprotectionapitest.dll" id="092a9e9f-643d-a75f-e646-45602e92186b">
      <Execution id="c672f3ea-43a0-49e8-82a6-6163a932533e" />
      <TestMethod codeBase="D:\a\Fededim.Extensions.Configuration.Protected\Fededim.Extensions.Configuration.Protected\Fededim.Extensions.Configuration.Protected.DataProtectionAPITest\bin\Release\net8.0\Fededim.Extensions.Configuration.Protected.DataProtectionAPITest.dll" adapterTypeName="executor://xunit/VsTestRunner2/netcoreapp" className="Fededim.Extensions.Configuration.Protected.DataProtectionAPITest.DataProtectionAPIProtectProviderTest" name="RandomInMemoryDictionaryTest" />
    </UnitTest>
    <UnitTest name="Fededim.Extensions.Configuration.Protected.DataProtectionAPITest.DataProtectionAPIProtectProviderTest.RandomCommandLineTest" storage="d:\a\fededim.extensions.configuration.protected\fededim.extensions.configuration.protected\fededim.extensions.configuration.protected.dataprotectionapitest\bin\release\net8.0\fededim.extensions.configuration.protected.dataprotectionapitest.dll" id="f63be0dc-1fac-0d73-eab5-ec6ea7cf7b08">
      <Execution id="e49f7193-d1ad-42b2-95e5-ea5610e4d840" />
      <TestMethod codeBase="D:\a\Fededim.Extensions.Configuration.Protected\Fededim.Extensions.Configuration.Protected\Fededim.Extensions.Configuration.Protected.DataProtectionAPITest\bin\Release\net8.0\Fededim.Extensions.Configuration.Protected.DataProtectionAPITest.dll" adapterTypeName="executor://xunit/VsTestRunner2/netcoreapp" className="Fededim.Extensions.Configuration.Protected.DataProtectionAPITest.DataProtectionAPIProtectProviderTest" name="RandomCommandLineTest" />
    </UnitTest>
    <UnitTest name="Fededim.Extensions.Configuration.Protected.DataProtectionAPITest.ReverseChainedPassthroughProtectProviderTest.RandomCommandLineTest" storage="d:\a\fededim.extensions.configuration.protected\fededim.extensions.configuration.protected\fededim.extensions.configuration.protected.dataprotectionapitest\bin\release\net8.0\fededim.extensions.configuration.protected.dataprotectionapitest.dll" id="53290695-3624-0469-7860-2a707aa4d5f4">
      <Execution id="413e9321-6546-4944-ae7c-205c493d91d2" />
      <TestMethod codeBase="D:\a\Fededim.Extensions.Configuration.Protected\Fededim.Extensions.Configuration.Protected\Fededim.Extensions.Configuration.Protected.DataProtectionAPITest\bin\Release\net8.0\Fededim.Extensions.Configuration.Protected.DataProtectionAPITest.dll" adapterTypeName="executor://xunit/VsTestRunner2/netcoreapp" className="Fededim.Extensions.Configuration.Protected.DataProtectionAPITest.ReverseChainedPassthroughProtectProviderTest" name="RandomCommandLineTest" />
    </UnitTest>
    <UnitTest name="Fededim.Extensions.Configuration.Protected.DataProtectionAPITest.ReverseChainedDataProtectionAPIProtectProviderTest.RandomEnvironmentVariablesTest" storage="d:\a\fededim.extensions.configuration.protected\fededim.extensions.configuration.protected\fededim.extensions.configuration.protected.dataprotectionapitest\bin\release\net8.0\fededim.extensions.configuration.protected.dataprotectionapitest.dll" id="6c6badd8-2315-c41e-9745-b2cf4b1a628a">
      <Execution id="bc3ea226-2643-42d7-a78a-12e327c8a05d" />
      <TestMethod codeBase="D:\a\Fededim.Extensions.Configuration.Protected\Fededim.Extensions.Configuration.Protected\Fededim.Extensions.Configuration.Protected.DataProtectionAPITest\bin\Release\net8.0\Fededim.Extensions.Configuration.Protected.DataProtectionAPITest.dll" adapterTypeName="executor://xunit/VsTestRunner2/netcoreapp" className="Fededim.Extensions.Configuration.Protected.DataProtectionAPITest.ReverseChainedDataProtectionAPIProtectProviderTest" name="RandomEnvironmentVariablesTest" />
    </UnitTest>
    <UnitTest name="Fededim.Extensions.Configuration.Protected.DataProtectionAPITest.PassthroughProtectProviderTest.RandomJsonFileTest(useJsonWithCommentFileProcessor: False)" storage="d:\a\fededim.extensions.configuration.protected\fededim.extensions.configuration.protected\fededim.extensions.configuration.protected.dataprotectionapitest\bin\release\net8.0\fededim.extensions.configuration.protected.dataprotectionapitest.dll" id="babc18e0-52be-6076-7768-76d0c302f279">
      <Execution id="99f5412b-12ee-48ed-a968-923e8555493e" />
      <TestMethod codeBase="D:\a\Fededim.Extensions.Configuration.Protected\Fededim.Extensions.Configuration.Protected\Fededim.Extensions.Configuration.Protected.DataProtectionAPITest\bin\Release\net8.0\Fededim.Extensions.Configuration.Protected.DataProtectionAPITest.dll" adapterTypeName="executor://xunit/VsTestRunner2/netcoreapp" className="Fededim.Extensions.Configuration.Protected.DataProtectionAPITest.PassthroughProtectProviderTest" name="RandomJsonFileTest" />
    </UnitTest>
    <UnitTest name="Fededim.Extensions.Configuration.Protected.DataProtectionAPITest.DataProtectionAPIProtectProviderTest.RandomJsonFileTest(useJsonWithCommentFileProcessor: False)" storage="d:\a\fededim.extensions.configuration.protected\fededim.extensions.configuration.protected\fededim.extensions.configuration.protected.dataprotectionapitest\bin\release\net8.0\fededim.extensions.configuration.protected.dataprotectionapitest.dll" id="4ea3de90-a59d-3955-9940-560839244413">
      <Execution id="2a65e212-13e9-405d-befc-87bcb0719371" />
      <TestMethod codeBase="D:\a\Fededim.Extensions.Configuration.Protected\Fededim.Extensions.Configuration.Protected\Fededim.Extensions.Configuration.Protected.DataProtectionAPITest\bin\Release\net8.0\Fededim.Extensions.Configuration.Protected.DataProtectionAPITest.dll" adapterTypeName="executor://xunit/VsTestRunner2/netcoreapp" className="Fededim.Extensions.Configuration.Protected.DataProtectionAPITest.DataProtectionAPIProtectProviderTest" name="RandomJsonFileTest" />
    </UnitTest>
    <UnitTest name="Fededim.Extensions.Configuration.Protected.DataProtectionAPITest.ReverseChainedPassthroughProtectProviderTest.RandomJsonFileTest(useJsonWithCommentFileProcessor: True)" storage="d:\a\fededim.extensions.configuration.protected\fededim.extensions.configuration.protected\fededim.extensions.configuration.protected.dataprotectionapitest\bin\release\net8.0\fededim.extensions.configuration.protected.dataprotectionapitest.dll" id="c47730a9-5677-c354-72b2-3037781cbdf4">
      <Execution id="ec396cd5-024c-4dce-a831-994d4b50f6fc" />
      <TestMethod codeBase="D:\a\Fededim.Extensions.Configuration.Protected\Fededim.Extensions.Configuration.Protected\Fededim.Extensions.Configuration.Protected.DataProtectionAPITest\bin\Release\net8.0\Fededim.Extensions.Configuration.Protected.DataProtectionAPITest.dll" adapterTypeName="executor://xunit/VsTestRunner2/netcoreapp" className="Fededim.Extensions.Configuration.Protected.DataProtectionAPITest.ReverseChainedPassthroughProtectProviderTest" name="RandomJsonFileTest" />
    </UnitTest>
    <UnitTest name="Fededim.Extensions.Configuration.Protected.DataProtectionAPITest.DataProtectionAPIProtectProviderTest.RandomEnvironmentVariablesTest" storage="d:\a\fededim.extensions.configuration.protected\fededim.extensions.configuration.protected\fededim.extensions.configuration.protected.dataprotectionapitest\bin\release\net8.0\fededim.extensions.configuration.protected.dataprotectionapitest.dll" id="331a13af-5866-8d6a-671d-a2abfea42096">
      <Execution id="062f5142-3ffe-4ece-ac44-3554ef7993f5" />
      <TestMethod codeBase="D:\a\Fededim.Extensions.Configuration.Protected\Fededim.Extensions.Configuration.Protected\Fededim.Extensions.Configuration.Protected.DataProtectionAPITest\bin\Release\net8.0\Fededim.Extensions.Configuration.Protected.DataProtectionAPITest.dll" adapterTypeName="executor://xunit/VsTestRunner2/netcoreapp" className="Fededim.Extensions.Configuration.Protected.DataProtectionAPITest.DataProtectionAPIProtectProviderTest" name="RandomEnvironmentVariablesTest" />
    </UnitTest>
    <UnitTest name="Fededim.Extensions.Configuration.Protected.DataProtectionAPITest.ReverseChainedPassthroughProtectProviderTest.RandomJsonFileTest(useJsonWithCommentFileProcessor: False)" storage="d:\a\fededim.extensions.configuration.protected\fededim.extensions.configuration.protected\fededim.extensions.configuration.protected.dataprotectionapitest\bin\release\net8.0\fededim.extensions.configuration.protected.dataprotectionapitest.dll" id="7e6ddfbf-8406-e386-7c05-3e7c30fa7505">
      <Execution id="e4394d49-6167-4d9f-9f93-d61ac1586df6" />
      <TestMethod codeBase="D:\a\Fededim.Extensions.Configuration.Protected\Fededim.Extensions.Configuration.Protected\Fededim.Extensions.Configuration.Protected.DataProtectionAPITest\bin\Release\net8.0\Fededim.Extensions.Configuration.Protected.DataProtectionAPITest.dll" adapterTypeName="executor://xunit/VsTestRunner2/netcoreapp" className="Fededim.Extensions.Configuration.Protected.DataProtectionAPITest.ReverseChainedPassthroughProtectProviderTest" name="RandomJsonFileTest" />
    </UnitTest>
    <UnitTest name="Fededim.Extensions.Configuration.Protected.DataProtectionAPITest.PassthroughProtectProviderTest.RandomInMemoryDictionaryTest" storage="d:\a\fededim.extensions.configuration.protected\fededim.extensions.configuration.protected\fededim.extensions.configuration.protected.dataprotectionapitest\bin\release\net8.0\fededim.extensions.configuration.protected.dataprotectionapitest.dll" id="623fedfb-c200-d700-a583-c0520c9fd7be">
      <Execution id="0550ccd9-78bb-4c4b-adb2-dfe247251156" />
      <TestMethod codeBase="D:\a\Fededim.Extensions.Configuration.Protected\Fededim.Extensions.Configuration.Protected\Fededim.Extensions.Configuration.Protected.DataProtectionAPITest\bin\Release\net8.0\Fededim.Extensions.Configuration.Protected.DataProtectionAPITest.dll" adapterTypeName="executor://xunit/VsTestRunner2/netcoreapp" className="Fededim.Extensions.Configuration.Protected.DataProtectionAPITest.PassthroughProtectProviderTest" name="RandomInMemoryDictionaryTest" />
    </UnitTest>
    <UnitTest name="Fededim.Extensions.Configuration.Protected.DataProtectionAPITest.PassthroughProtectProviderTest.RandomEnvironmentVariablesTest" storage="d:\a\fededim.extensions.configuration.protected\fededim.extensions.configuration.protected\fededim.extensions.configuration.protected.dataprotectionapitest\bin\release\net8.0\fededim.extensions.configuration.protected.dataprotectionapitest.dll" id="f10bb888-60df-1256-7dc3-3ea5b2020598">
      <Execution id="f38e4d47-4d9f-42a7-a777-0eb0e7018852" />
      <TestMethod codeBase="D:\a\Fededim.Extensions.Configuration.Protected\Fededim.Extensions.Configuration.Protected\Fededim.Extensions.Configuration.Protected.DataProtectionAPITest\bin\Release\net8.0\Fededim.Extensions.Configuration.Protected.DataProtectionAPITest.dll" adapterTypeName="executor://xunit/VsTestRunner2/netcoreapp" className="Fededim.Extensions.Configuration.Protected.DataProtectionAPITest.PassthroughProtectProviderTest" name="RandomEnvironmentVariablesTest" />
    </UnitTest>
    <UnitTest name="Fededim.Extensions.Configuration.Protected.DataProtectionAPITest.PassthroughProtectProviderTest.RandomJsonFileTest(useJsonWithCommentFileProcessor: True)" storage="d:\a\fededim.extensions.configuration.protected\fededim.extensions.configuration.protected\fededim.extensions.configuration.protected.dataprotectionapitest\bin\release\net8.0\fededim.extensions.configuration.protected.dataprotectionapitest.dll" id="94ea7642-4083-0632-dcd9-b9fdbebb7fc1">
      <Execution id="8aa3c97f-de1c-428e-8ca9-4c1731dd6dc0" />
      <TestMethod codeBase="D:\a\Fededim.Extensions.Configuration.Protected\Fededim.Extensions.Configuration.Protected\Fededim.Extensions.Configuration.Protected.DataProtectionAPITest\bin\Release\net8.0\Fededim.Extensions.Configuration.Protected.DataProtectionAPITest.dll" adapterTypeName="executor://xunit/VsTestRunner2/netcoreapp" className="Fededim.Extensions.Configuration.Protected.DataProtectionAPITest.PassthroughProtectProviderTest" name="RandomJsonFileTest" />
    </UnitTest>
    <UnitTest name="Fededim.Extensions.Configuration.Protected.DataProtectionAPITest.ReverseChainedPassthroughProtectProviderTest.RandomEnvironmentVariablesTest" storage="d:\a\fededim.extensions.configuration.protected\fededim.extensions.configuration.protected\fededim.extensions.configuration.protected.dataprotectionapitest\bin\release\net8.0\fededim.extensions.configuration.protected.dataprotectionapitest.dll" id="f4b49037-2be4-650f-fa20-2558b4f38cf7">
      <Execution id="dcdbcef3-03d1-4f13-b734-473584d4c412" />
      <TestMethod codeBase="D:\a\Fededim.Extensions.Configuration.Protected\Fededim.Extensions.Configuration.Protected\Fededim.Extensions.Configuration.Protected.DataProtectionAPITest\bin\Release\net8.0\Fededim.Extensions.Configuration.Protected.DataProtectionAPITest.dll" adapterTypeName="executor://xunit/VsTestRunner2/netcoreapp" className="Fededim.Extensions.Configuration.Protected.DataProtectionAPITest.ReverseChainedPassthroughProtectProviderTest" name="RandomEnvironmentVariablesTest" />
    </UnitTest>
    <UnitTest name="Fededim.Extensions.Configuration.Protected.DataProtectionAPITest.ReverseChainedPassthroughProtectProviderTest.RandomXmlFileTest" storage="d:\a\fededim.extensions.configuration.protected\fededim.extensions.configuration.protected\fededim.extensions.configuration.protected.dataprotectionapitest\bin\release\net8.0\fededim.extensions.configuration.protected.dataprotectionapitest.dll" id="8fa56702-815f-46fb-f241-56617bf43be4">
      <Execution id="248577cd-34ec-4688-ae98-0aa7db7eff17" />
      <TestMethod codeBase="D:\a\Fededim.Extensions.Configuration.Protected\Fededim.Extensions.Configuration.Protected\Fededim.Extensions.Configuration.Protected.DataProtectionAPITest\bin\Release\net8.0\Fededim.Extensions.Configuration.Protected.DataProtectionAPITest.dll" adapterTypeName="executor://xunit/VsTestRunner2/netcoreapp" className="Fededim.Extensions.Configuration.Protected.DataProtectionAPITest.ReverseChainedPassthroughProtectProviderTest" name="RandomXmlFileTest" />
    </UnitTest>
    <UnitTest name="Fededim.Extensions.Configuration.Protected.DataProtectionAPITest.ReverseChainedPassthroughProtectProviderTest.RandomInMemoryDictionaryTest" storage="d:\a\fededim.extensions.configuration.protected\fededim.extensions.configuration.protected\fededim.extensions.configuration.protected.dataprotectionapitest\bin\release\net8.0\fededim.extensions.configuration.protected.dataprotectionapitest.dll" id="69d8f2d8-3562-2bf4-0a5e-c226f303d955">
      <Execution id="fe2951c3-75cd-4cb2-888f-1e604e94419e" />
      <TestMethod codeBase="D:\a\Fededim.Extensions.Configuration.Protected\Fededim.Extensions.Configuration.Protected\Fededim.Extensions.Configuration.Protected.DataProtectionAPITest\bin\Release\net8.0\Fededim.Extensions.Configuration.Protected.DataProtectionAPITest.dll" adapterTypeName="executor://xunit/VsTestRunner2/netcoreapp" className="Fededim.Extensions.Configuration.Protected.DataProtectionAPITest.ReverseChainedPassthroughProtectProviderTest" name="RandomInMemoryDictionaryTest" />
    </UnitTest>
  </TestDefinitions>
  <TestEntries>
    <TestEntry testId="7e6ddfbf-8406-e386-7c05-3e7c30fa7505" executionId="e4394d49-6167-4d9f-9f93-d61ac1586df6" testListId="8c84fa94-04c1-424b-9868-57a2d4851a1d" />
    <TestEntry testId="7854059b-30d2-55e5-a014-8ef220beca26" executionId="443a130c-857b-4846-9791-50b77ccd1914" testListId="8c84fa94-04c1-424b-9868-57a2d4851a1d" />
    <TestEntry testId="623fedfb-c200-d700-a583-c0520c9fd7be" executionId="0550ccd9-78bb-4c4b-adb2-dfe247251156" testListId="8c84fa94-04c1-424b-9868-57a2d4851a1d" />
    <TestEntry testId="cab792d5-caf7-94cb-7dd5-8cd2bf26d466" executionId="aa090fdf-25c3-476b-ae90-ad4fd2de5d01" testListId="8c84fa94-04c1-424b-9868-57a2d4851a1d" />
    <TestEntry testId="647b6c5b-225b-1ca2-d2e0-e37df89ba286" executionId="5f897901-77a4-4eea-a71d-73b8f7743619" testListId="8c84fa94-04c1-424b-9868-57a2d4851a1d" />
    <TestEntry testId="f63be0dc-1fac-0d73-eab5-ec6ea7cf7b08" executionId="e49f7193-d1ad-42b2-95e5-ea5610e4d840" testListId="8c84fa94-04c1-424b-9868-57a2d4851a1d" />
    <TestEntry testId="5bf2f350-f23f-f114-d6dd-98a507e43569" executionId="81f86c29-3862-4193-bc44-10e895b63219" testListId="8c84fa94-04c1-424b-9868-57a2d4851a1d" />
    <TestEntry testId="53290695-3624-0469-7860-2a707aa4d5f4" executionId="413e9321-6546-4944-ae7c-205c493d91d2" testListId="8c84fa94-04c1-424b-9868-57a2d4851a1d" />
    <TestEntry testId="aeb7956b-7546-b053-446f-8b8f700e605b" executionId="e06e196a-d9c7-4f21-9b41-44fd5ee862cf" testListId="8c84fa94-04c1-424b-9868-57a2d4851a1d" />
    <TestEntry testId="94ea7642-4083-0632-dcd9-b9fdbebb7fc1" executionId="8aa3c97f-de1c-428e-8ca9-4c1731dd6dc0" testListId="8c84fa94-04c1-424b-9868-57a2d4851a1d" />
    <TestEntry testId="babc18e0-52be-6076-7768-76d0c302f279" executionId="99f5412b-12ee-48ed-a968-923e8555493e" testListId="8c84fa94-04c1-424b-9868-57a2d4851a1d" />
    <TestEntry testId="092a9e9f-643d-a75f-e646-45602e92186b" executionId="c672f3ea-43a0-49e8-82a6-6163a932533e" testListId="8c84fa94-04c1-424b-9868-57a2d4851a1d" />
    <TestEntry testId="c47730a9-5677-c354-72b2-3037781cbdf4" executionId="ec396cd5-024c-4dce-a831-994d4b50f6fc" testListId="8c84fa94-04c1-424b-9868-57a2d4851a1d" />
    <TestEntry testId="4ea3de90-a59d-3955-9940-560839244413" executionId="2a65e212-13e9-405d-befc-87bcb0719371" testListId="8c84fa94-04c1-424b-9868-57a2d4851a1d" />
    <TestEntry testId="331a13af-5866-8d6a-671d-a2abfea42096" executionId="062f5142-3ffe-4ece-ac44-3554ef7993f5" testListId="8c84fa94-04c1-424b-9868-57a2d4851a1d" />
    <TestEntry testId="40bc2ee2-12b8-c08c-ad81-e8c0efee775c" executionId="ac746c9b-38b1-4163-8d19-a1a465f6676e" testListId="8c84fa94-04c1-424b-9868-57a2d4851a1d" />
    <TestEntry testId="266c91ed-f749-9cf5-bf8c-4a55ef2a37c7" executionId="30a7978f-db09-4d49-90fc-007fca28caf3" testListId="8c84fa94-04c1-424b-9868-57a2d4851a1d" />
    <TestEntry testId="69d8f2d8-3562-2bf4-0a5e-c226f303d955" executionId="fe2951c3-75cd-4cb2-888f-1e604e94419e" testListId="8c84fa94-04c1-424b-9868-57a2d4851a1d" />
    <TestEntry testId="f10bb888-60df-1256-7dc3-3ea5b2020598" executionId="f38e4d47-4d9f-42a7-a777-0eb0e7018852" testListId="8c84fa94-04c1-424b-9868-57a2d4851a1d" />
    <TestEntry testId="6c6badd8-2315-c41e-9745-b2cf4b1a628a" executionId="bc3ea226-2643-42d7-a78a-12e327c8a05d" testListId="8c84fa94-04c1-424b-9868-57a2d4851a1d" />
    <TestEntry testId="bc65d678-ea47-f040-ebfc-ebf2c2e9a1f0" executionId="46f34990-5384-443e-918c-db6b32cad023" testListId="8c84fa94-04c1-424b-9868-57a2d4851a1d" />
    <TestEntry testId="f4b49037-2be4-650f-fa20-2558b4f38cf7" executionId="dcdbcef3-03d1-4f13-b734-473584d4c412" testListId="8c84fa94-04c1-424b-9868-57a2d4851a1d" />
    <TestEntry testId="76a3f103-314f-1ebd-bd22-53871a79c3fa" executionId="b6aa7604-69ac-487a-bc12-ec2eef69d11d" testListId="8c84fa94-04c1-424b-9868-57a2d4851a1d" />
    <TestEntry testId="8fa56702-815f-46fb-f241-56617bf43be4" executionId="248577cd-34ec-4688-ae98-0aa7db7eff17" testListId="8c84fa94-04c1-424b-9868-57a2d4851a1d" />
  </TestEntries>
  <TestLists>
    <TestList name="Results Not in a List" id="8c84fa94-04c1-424b-9868-57a2d4851a1d" />
    <TestList name="All Loaded Results" id="19431567-8539-422a-85d7-44ee4e166bda" />
  </TestLists>
  <ResultSummary outcome="Completed">
    <Counters total="24" executed="24" passed="24" failed="0" error="0" timeout="0" aborted="0" inconclusive="0" passedButRunAborted="0" notRunnable="0" notExecuted="0" disconnected="0" warning="0" completed="0" inProgress="0" pending="0" />
    <Output>
      <StdOut>[xUnit.net 00:00:00.00] xUnit.net VSTest Adapter v2.8.2+699d445a1a (64-bit .NET 8.0.11)&#xD;
[xUnit.net 00:00:00.94]   Discovering: Fededim.Extensions.Configuration.Protected.DataProtectionAPITest&#xD;
[xUnit.net 00:00:01.57]   Discovered:  Fededim.Extensions.Configuration.Protected.DataProtectionAPITest&#xD;
[xUnit.net 00:00:01.58]   Starting:    Fededim.Extensions.Configuration.Protected.DataProtectionAPITest&#xD;
[xUnit.net 00:01:43.56]   Finished:    Fededim.Extensions.Configuration.Protected.DataProtectionAPITest&#xD;
</StdOut>
    </Output>
  </ResultSummary>
</TestRun>