<?xml version="1.0" encoding="utf-8"?>
<TestRun id="36f33d27-9c55-4d26-8861-37871525a895" name="runneradmin@fv-az1435-636 2024-10-01 18:28:13" runUser="fv-az1435-636\runneradmin" xmlns="http://microsoft.com/schemas/VisualStudio/TeamTest/2010">
  <Times creation="2024-10-01T18:28:13.7020823+00:00" queuing="2024-10-01T18:28:13.7020825+00:00" start="2024-10-01T18:28:06.4588019+00:00" finish="2024-10-01T18:28:50.5570884+00:00" />
  <TestSettings name="default" id="bb88d773-9e5a-4466-aa62-3c21a7733ab2">
    <Deployment runDeploymentRoot="runneradmin_fv-az1435-636_2024-10-01_18_28_13" />
  </TestSettings>
  <Results>
    <UnitTestResult executionId="37019dac-6e39-496c-8218-53c3ea8fffd0" testId="331a13af-5866-8d6a-671d-a2abfea42096" testName="Fededim.Extensions.Configuration.Protected.DataProtectionAPITest.DataProtectionAPIProtectProviderTest.RandomEnvironmentVariablesTest" computerName="fv-az1435-636" duration="00:00:01.4235952" startTime="2024-10-01T18:28:15.1017437+00:00" endTime="2024-10-01T18:28:15.1017439+00:00" testType="13cdc9d9-ddb5-4fa4-a97d-d965ccfc6d4b" outcome="Passed" testListId="8c84fa94-04c1-424b-9868-57a2d4851a1d" relativeResultsDirectory="37019dac-6e39-496c-8218-53c3ea8fffd0">
      <Output>
        <StdOut>10/1/2024 6:28:13 PM: Generating a random environment variables 100000 keys, autogenerated strings max length 20 and autogenerated array max length 10...&#xD;
10/1/2024 6:28:14 PM: Starting test...&#xD;
10/1/2024 6:28:14 PM: Generated random environment variables (note that Windows has a maximum size of 32KB for all environment variables, so not all 100000 keys could be created) duration 510ms &#xD;
10/1/2024 6:28:15 PM: Encrypted random environment variables duration 881ms &#xD;
10/1/2024 6:28:15 PM: Checked that all random environment variables are encrypted duration 2ms &#xD;
10/1/2024 6:28:15 PM: Loaded and decrypted random environment variables with ProtectedConfigurationBuilder duration 23ms &#xD;
10/1/2024 6:28:15 PM: Checked that 1734 entries are equal duration 0ms</StdOut>
      </Output>
    </UnitTestResult>
    <UnitTestResult executionId="8f0cc138-268d-4c81-9f38-142737eed7ed" testId="40bc2ee2-12b8-c08c-ad81-e8c0efee775c" testName="Fededim.Extensions.Configuration.Protected.DataProtectionAPITest.DataProtectionAPIProtectProviderTest.RandomJsonFileTest(useJsonWithCommentFileProcessor: True)" computerName="fv-az1435-636" duration="00:00:09.9566547" startTime="2024-10-01T18:28:25.0585936+00:00" endTime="2024-10-01T18:28:25.0585937+00:00" testType="13cdc9d9-ddb5-4fa4-a97d-d965ccfc6d4b" outcome="Passed" testListId="8c84fa94-04c1-424b-9868-57a2d4851a1d" relativeResultsDirectory="8f0cc138-268d-4c81-9f38-142737eed7ed">
      <Output>
        <StdOut>10/1/2024 6:28:15 PM: Generating a random JSON file with 100000 keys, autogenerated strings max length 20 and autogenerated array max length 10...&#xD;
10/1/2024 6:28:16 PM: File location file://D:/a/Fededim.Extensions.Configuration.Protected/Fededim.Extensions.Configuration.Protected/Fededim.Extensions.Configuration.Protected.DataProtectionAPITest/bin/Release/net6.0/random_1253363411.json&#xD;
10/1/2024 6:28:16 PM: Generated random JSON file (249141 entries size 64616 KB) duration 1167ms &#xD;
10/1/2024 6:28:19 PM: Encrypted random JSON file (249141 entries size 95482 KB) duration 2728ms &#xD;
10/1/2024 6:28:19 PM: Checked that all random JSON file is encrypted duration 674ms &#xD;
10/1/2024 6:28:24 PM: Loaded and decrypted random JSON file with ProtectedConfigurationBuilder duration 4919ms &#xD;
10/1/2024 6:28:25 PM: Checked that 249141 entries are equal duration 419ms</StdOut>
      </Output>
    </UnitTestResult>
    <UnitTestResult executionId="1138c57d-def1-4680-a8f8-9f11b53beb43" testId="4ea3de90-a59d-3955-9940-560839244413" testName="Fededim.Extensions.Configuration.Protected.DataProtectionAPITest.DataProtectionAPIProtectProviderTest.RandomJsonFileTest(useJsonWithCommentFileProcessor: False)" computerName="fv-az1435-636" duration="00:00:09.6738221" startTime="2024-10-01T18:28:34.7325476+00:00" endTime="2024-10-01T18:28:34.7325477+00:00" testType="13cdc9d9-ddb5-4fa4-a97d-d965ccfc6d4b" outcome="Passed" testListId="8c84fa94-04c1-424b-9868-57a2d4851a1d" relativeResultsDirectory="1138c57d-def1-4680-a8f8-9f11b53beb43">
      <Output>
        <StdOut>10/1/2024 6:28:25 PM: Generating a random JSON file with 100000 keys, autogenerated strings max length 20 and autogenerated array max length 10...&#xD;
10/1/2024 6:28:25 PM: File location file://D:/a/Fededim.Extensions.Configuration.Protected/Fededim.Extensions.Configuration.Protected/Fededim.Extensions.Configuration.Protected.DataProtectionAPITest/bin/Release/net6.0/random_1688790084.json&#xD;
10/1/2024 6:28:25 PM: Generated random JSON file (248829 entries size 62091 KB) duration 826ms &#xD;
10/1/2024 6:28:28 PM: Encrypted random JSON file (248829 entries size 92912 KB) duration 3063ms &#xD;
10/1/2024 6:28:29 PM: Checked that all random JSON file is encrypted duration 603ms &#xD;
10/1/2024 6:28:34 PM: Loaded and decrypted random JSON file with ProtectedConfigurationBuilder duration 4781ms &#xD;
10/1/2024 6:28:34 PM: Checked that 248829 entries are equal duration 398ms</StdOut>
      </Output>
    </UnitTestResult>
    <UnitTestResult executionId="e98a8299-c0e1-4e8d-a631-5ad30a9def5b" testId="cab792d5-caf7-94cb-7dd5-8cd2bf26d466" testName="Fededim.Extensions.Configuration.Protected.DataProtectionAPITest.DataProtectionAPIProtectProviderTest.RandomXmlFileTest" computerName="fv-az1435-636" duration="00:00:13.4162310" startTime="2024-10-01T18:28:48.1489691+00:00" endTime="2024-10-01T18:28:48.1489694+00:00" testType="13cdc9d9-ddb5-4fa4-a97d-d965ccfc6d4b" outcome="Passed" testListId="8c84fa94-04c1-424b-9868-57a2d4851a1d" relativeResultsDirectory="e98a8299-c0e1-4e8d-a631-5ad30a9def5b">
      <Output>
        <StdOut>10/1/2024 6:28:34 PM: Generating a random XML file with 100000 keys, autogenerated strings max length 20 and autogenerated array max length 10...&#xD;
10/1/2024 6:28:36 PM: File location file://D:/a/Fededim.Extensions.Configuration.Protected/Fededim.Extensions.Configuration.Protected/Fededim.Extensions.Configuration.Protected.DataProtectionAPITest/bin/Release/net6.0/random_1391229988.xml&#xD;
10/1/2024 6:28:36 PM: Generated random XML file (245853 entries size 66997 KB) duration 1702ms &#xD;
10/1/2024 6:28:40 PM: Encrypted random XML file (245853 entries size 97704 KB) duration 3775ms &#xD;
10/1/2024 6:28:41 PM: Checked that all random XML file is encrypted duration 992ms &#xD;
10/1/2024 6:28:47 PM: Loaded and decrypted random XML file with ProtectedConfigurationBuilder duration 6527ms &#xD;
10/1/2024 6:28:48 PM: Checked that 239595 entries are equal duration 408ms</StdOut>
      </Output>
    </UnitTestResult>
    <UnitTestResult executionId="7318729f-1d95-485c-a266-a4de950c71d1" testId="092a9e9f-643d-a75f-e646-45602e92186b" testName="Fededim.Extensions.Configuration.Protected.DataProtectionAPITest.DataProtectionAPIProtectProviderTest.RandomInMemoryDictionaryTest" computerName="fv-az1435-636" duration="00:00:02.6243122" startTime="2024-10-01T18:28:13.6785297+00:00" endTime="2024-10-01T18:28:13.6785478+00:00" testType="13cdc9d9-ddb5-4fa4-a97d-d965ccfc6d4b" outcome="Passed" testListId="8c84fa94-04c1-424b-9868-57a2d4851a1d" relativeResultsDirectory="7318729f-1d95-485c-a266-a4de950c71d1">
      <Output>
        <StdOut>10/1/2024 6:28:11 PM: Generating a random in-memory dictionary with 100000 keys, autogenerated strings max length 20 and autogenerated array max length 10...&#xD;
10/1/2024 6:28:11 PM: Starting test...&#xD;
10/1/2024 6:28:11 PM: Generated random in-memory dictionary duration 200ms &#xD;
10/1/2024 6:28:12 PM: Encrypted random in-memory dictionary duration 990ms &#xD;
10/1/2024 6:28:12 PM: Checked that all random in-memory dictionary is encrypted duration 39ms &#xD;
10/1/2024 6:28:13 PM: Loaded and decrypted random in-memory dictionary with ProtectedConfigurationBuilder duration 1154ms &#xD;
10/1/2024 6:28:13 PM: Checked that 100000 entries are equal duration 37ms</StdOut>
      </Output>
    </UnitTestResult>
    <UnitTestResult executionId="4865abc2-d2bd-4dd4-8833-1a8b110d1a29" testId="f63be0dc-1fac-0d73-eab5-ec6ea7cf7b08" testName="Fededim.Extensions.Configuration.Protected.DataProtectionAPITest.DataProtectionAPIProtectProviderTest.RandomCommandLineTest" computerName="fv-az1435-636" duration="00:00:02.2949639" startTime="2024-10-01T18:28:50.4441189+00:00" endTime="2024-10-01T18:28:50.4441190+00:00" testType="13cdc9d9-ddb5-4fa4-a97d-d965ccfc6d4b" outcome="Passed" testListId="8c84fa94-04c1-424b-9868-57a2d4851a1d" relativeResultsDirectory="4865abc2-d2bd-4dd4-8833-1a8b110d1a29">
      <Output>
        <StdOut>10/1/2024 6:28:48 PM: Generating a random command line arguments with 100000 keys, autogenerated strings max length 20 and autogenerated array max length 10...&#xD;
10/1/2024 6:28:48 PM: Starting test...&#xD;
10/1/2024 6:28:48 PM: Generated random comand line args duration 123ms &#xD;
10/1/2024 6:28:49 PM: Encrypted random comand line args duration 763ms &#xD;
10/1/2024 6:28:49 PM: Checked that all random comand line args are encrypted duration 36ms &#xD;
10/1/2024 6:28:50 PM: Loaded and decrypted random comand line args with ProtectedConfigurationBuilder duration 1323ms &#xD;
10/1/2024 6:28:50 PM: Checked that 100000 entries are equal duration 41ms</StdOut>
      </Output>
    </UnitTestResult>
  </Results>
  <TestDefinitions>
    <UnitTest name="Fededim.Extensions.Configuration.Protected.DataProtectionAPITest.DataProtectionAPIProtectProviderTest.RandomJsonFileTest(useJsonWithCommentFileProcessor: True)" storage="d:\a\fededim.extensions.configuration.protected\fededim.extensions.configuration.protected\fededim.extensions.configuration.protected.dataprotectionapitest\bin\release\net6.0\fededim.extensions.configuration.protected.dataprotectionapitest.dll" id="40bc2ee2-12b8-c08c-ad81-e8c0efee775c">
      <Execution id="8f0cc138-268d-4c81-9f38-142737eed7ed" />
      <TestMethod codeBase="D:\a\Fededim.Extensions.Configuration.Protected\Fededim.Extensions.Configuration.Protected\Fededim.Extensions.Configuration.Protected.DataProtectionAPITest\bin\Release\net6.0\Fededim.Extensions.Configuration.Protected.DataProtectionAPITest.dll" adapterTypeName="executor://xunit/VsTestRunner2/netcoreapp" className="Fededim.Extensions.Configuration.Protected.DataProtectionAPITest.DataProtectionAPIProtectProviderTest" name="RandomJsonFileTest" />
    </UnitTest>
    <UnitTest name="Fededim.Extensions.Configuration.Protected.DataProtectionAPITest.DataProtectionAPIProtectProviderTest.RandomXmlFileTest" storage="d:\a\fededim.extensions.configuration.protected\fededim.extensions.configuration.protected\fededim.extensions.configuration.protected.dataprotectionapitest\bin\release\net6.0\fededim.extensions.configuration.protected.dataprotectionapitest.dll" id="cab792d5-caf7-94cb-7dd5-8cd2bf26d466">
      <Execution id="e98a8299-c0e1-4e8d-a631-5ad30a9def5b" />
      <TestMethod codeBase="D:\a\Fededim.Extensions.Configuration.Protected\Fededim.Extensions.Configuration.Protected\Fededim.Extensions.Configuration.Protected.DataProtectionAPITest\bin\Release\net6.0\Fededim.Extensions.Configuration.Protected.DataProtectionAPITest.dll" adapterTypeName="executor://xunit/VsTestRunner2/netcoreapp" className="Fededim.Extensions.Configuration.Protected.DataProtectionAPITest.DataProtectionAPIProtectProviderTest" name="RandomXmlFileTest" />
    </UnitTest>
    <UnitTest name="Fededim.Extensions.Configuration.Protected.DataProtectionAPITest.DataProtectionAPIProtectProviderTest.RandomInMemoryDictionaryTest" storage="d:\a\fededim.extensions.configuration.protected\fededim.extensions.configuration.protected\fededim.extensions.configuration.protected.dataprotectionapitest\bin\release\net6.0\fededim.extensions.configuration.protected.dataprotectionapitest.dll" id="092a9e9f-643d-a75f-e646-45602e92186b">
      <Execution id="7318729f-1d95-485c-a266-a4de950c71d1" />
      <TestMethod codeBase="D:\a\Fededim.Extensions.Configuration.Protected\Fededim.Extensions.Configuration.Protected\Fededim.Extensions.Configuration.Protected.DataProtectionAPITest\bin\Release\net6.0\Fededim.Extensions.Configuration.Protected.DataProtectionAPITest.dll" adapterTypeName="executor://xunit/VsTestRunner2/netcoreapp" className="Fededim.Extensions.Configuration.Protected.DataProtectionAPITest.DataProtectionAPIProtectProviderTest" name="RandomInMemoryDictionaryTest" />
    </UnitTest>
    <UnitTest name="Fededim.Extensions.Configuration.Protected.DataProtectionAPITest.DataProtectionAPIProtectProviderTest.RandomCommandLineTest" storage="d:\a\fededim.extensions.configuration.protected\fededim.extensions.configuration.protected\fededim.extensions.configuration.protected.dataprotectionapitest\bin\release\net6.0\fededim.extensions.configuration.protected.dataprotectionapitest.dll" id="f63be0dc-1fac-0d73-eab5-ec6ea7cf7b08">
      <Execution id="4865abc2-d2bd-4dd4-8833-1a8b110d1a29" />
      <TestMethod codeBase="D:\a\Fededim.Extensions.Configuration.Protected\Fededim.Extensions.Configuration.Protected\Fededim.Extensions.Configuration.Protected.DataProtectionAPITest\bin\Release\net6.0\Fededim.Extensions.Configuration.Protected.DataProtectionAPITest.dll" adapterTypeName="executor://xunit/VsTestRunner2/netcoreapp" className="Fededim.Extensions.Configuration.Protected.DataProtectionAPITest.DataProtectionAPIProtectProviderTest" name="RandomCommandLineTest" />
    </UnitTest>
    <UnitTest name="Fededim.Extensions.Configuration.Protected.DataProtectionAPITest.DataProtectionAPIProtectProviderTest.RandomJsonFileTest(useJsonWithCommentFileProcessor: False)" storage="d:\a\fededim.extensions.configuration.protected\fededim.extensions.configuration.protected\fededim.extensions.configuration.protected.dataprotectionapitest\bin\release\net6.0\fededim.extensions.configuration.protected.dataprotectionapitest.dll" id="4ea3de90-a59d-3955-9940-560839244413">
      <Execution id="1138c57d-def1-4680-a8f8-9f11b53beb43" />
      <TestMethod codeBase="D:\a\Fededim.Extensions.Configuration.Protected\Fededim.Extensions.Configuration.Protected\Fededim.Extensions.Configuration.Protected.DataProtectionAPITest\bin\Release\net6.0\Fededim.Extensions.Configuration.Protected.DataProtectionAPITest.dll" adapterTypeName="executor://xunit/VsTestRunner2/netcoreapp" className="Fededim.Extensions.Configuration.Protected.DataProtectionAPITest.DataProtectionAPIProtectProviderTest" name="RandomJsonFileTest" />
    </UnitTest>
    <UnitTest name="Fededim.Extensions.Configuration.Protected.DataProtectionAPITest.DataProtectionAPIProtectProviderTest.RandomEnvironmentVariablesTest" storage="d:\a\fededim.extensions.configuration.protected\fededim.extensions.configuration.protected\fededim.extensions.configuration.protected.dataprotectionapitest\bin\release\net6.0\fededim.extensions.configuration.protected.dataprotectionapitest.dll" id="331a13af-5866-8d6a-671d-a2abfea42096">
      <Execution id="37019dac-6e39-496c-8218-53c3ea8fffd0" />
      <TestMethod codeBase="D:\a\Fededim.Extensions.Configuration.Protected\Fededim.Extensions.Configuration.Protected\Fededim.Extensions.Configuration.Protected.DataProtectionAPITest\bin\Release\net6.0\Fededim.Extensions.Configuration.Protected.DataProtectionAPITest.dll" adapterTypeName="executor://xunit/VsTestRunner2/netcoreapp" className="Fededim.Extensions.Configuration.Protected.DataProtectionAPITest.DataProtectionAPIProtectProviderTest" name="RandomEnvironmentVariablesTest" />
    </UnitTest>
  </TestDefinitions>
  <TestEntries>
    <TestEntry testId="331a13af-5866-8d6a-671d-a2abfea42096" executionId="37019dac-6e39-496c-8218-53c3ea8fffd0" testListId="8c84fa94-04c1-424b-9868-57a2d4851a1d" />
    <TestEntry testId="40bc2ee2-12b8-c08c-ad81-e8c0efee775c" executionId="8f0cc138-268d-4c81-9f38-142737eed7ed" testListId="8c84fa94-04c1-424b-9868-57a2d4851a1d" />
    <TestEntry testId="4ea3de90-a59d-3955-9940-560839244413" executionId="1138c57d-def1-4680-a8f8-9f11b53beb43" testListId="8c84fa94-04c1-424b-9868-57a2d4851a1d" />
    <TestEntry testId="cab792d5-caf7-94cb-7dd5-8cd2bf26d466" executionId="e98a8299-c0e1-4e8d-a631-5ad30a9def5b" testListId="8c84fa94-04c1-424b-9868-57a2d4851a1d" />
    <TestEntry testId="092a9e9f-643d-a75f-e646-45602e92186b" executionId="7318729f-1d95-485c-a266-a4de950c71d1" testListId="8c84fa94-04c1-424b-9868-57a2d4851a1d" />
    <TestEntry testId="f63be0dc-1fac-0d73-eab5-ec6ea7cf7b08" executionId="4865abc2-d2bd-4dd4-8833-1a8b110d1a29" testListId="8c84fa94-04c1-424b-9868-57a2d4851a1d" />
  </TestEntries>
  <TestLists>
    <TestList name="Results Not in a List" id="8c84fa94-04c1-424b-9868-57a2d4851a1d" />
    <TestList name="All Loaded Results" id="19431567-8539-422a-85d7-44ee4e166bda" />
  </TestLists>
  <ResultSummary outcome="Completed">
    <Counters total="6" executed="6" passed="6" failed="0" error="0" timeout="0" aborted="0" inconclusive="0" passedButRunAborted="0" notRunnable="0" notExecuted="0" disconnected="0" warning="0" completed="0" inProgress="0" pending="0" />
    <Output>
      <StdOut>[xUnit.net 00:00:00.00] xUnit.net VSTest Adapter v2.8.2+699d445a1a (64-bit .NET 6.0.33)&#xD;
[xUnit.net 00:00:00.43]   Discovering: Fededim.Extensions.Configuration.Protected.DataProtectionAPITest&#xD;
[xUnit.net 00:00:00.66]   Discovered:  Fededim.Extensions.Configuration.Protected.DataProtectionAPITest&#xD;
[xUnit.net 00:00:00.66]   Starting:    Fededim.Extensions.Configuration.Protected.DataProtectionAPITest&#xD;
[xUnit.net 00:00:40.11]   Finished:    Fededim.Extensions.Configuration.Protected.DataProtectionAPITest&#xD;
</StdOut>
    </Output>
  </ResultSummary>
</TestRun>