<?xml version="1.0" encoding="utf-8"?>
<TestRun id="8e820558-37e1-4162-a182-bd538819903d" name="runneradmin@fv-az653-680 2024-08-01 14:34:51" runUser="fv-az653-680\runneradmin" xmlns="http://microsoft.com/schemas/VisualStudio/TeamTest/2010">
  <Times creation="2024-08-01T14:34:51.7746570+00:00" queuing="2024-08-01T14:34:51.7746571+00:00" start="2024-08-01T14:34:45.0459897+00:00" finish="2024-08-01T14:34:53.6650854+00:00" />
  <TestSettings name="default" id="7dc74d79-a2fd-45f0-8a70-0751ba5f7a8d">
    <Deployment runDeploymentRoot="runneradmin_fv-az653-680_2024-08-01_14_34_51" />
  </TestSettings>
  <Results>
    <UnitTestResult executionId="0a008798-bdb3-42f5-ac01-c23e9f3f1f8e" testId="f352b3e4-d8b2-0588-46bb-043afb7266c1" testName="Fededim.Extensions.Configuration.Protected.DataProtectionAPITest.DataProtectionAPIProtectProviderTest.RandomEnvironmentVariablesTest" computerName="fv-az653-680" duration="00:00:00.4750000" startTime="2024-08-01T14:34:52.2101520+00:00" endTime="2024-08-01T14:34:52.2101520+00:00" testType="13cdc9d9-ddb5-4fa4-a97d-d965ccfc6d4b" outcome="Passed" testListId="8c84fa94-04c1-424b-9868-57a2d4851a1d" relativeResultsDirectory="0a008798-bdb3-42f5-ac01-c23e9f3f1f8e">
      <Output>
        <StdOut>Generated a random environment variables 1000 keys, autogenerated strings max length 20 and autogenerated array max length 10&#xD;
Starting test...&#xD;
8/1/2024 2:34:51 PM: Generated random environment variables (note that Windows has a maximum size of 32KB for all environment variables, so not all 1000 keys could be created) duration 144ms &#xD;
8/1/2024 2:34:52 PM: Encrypted random environment variables duration 294ms &#xD;
8/1/2024 2:34:52 PM: Checked that all random environment variables are encrypted duration 1ms &#xD;
8/1/2024 2:34:52 PM: Loaded and decrypted random environment variables with ProtectedConfigurationBuilder duration 25ms &#xD;
8/1/2024 2:34:52 PM: Checked that 871 entries are equal duration 0ms</StdOut>
      </Output>
    </UnitTestResult>
    <UnitTestResult executionId="7ec4e709-17e7-45e5-a5fb-02a726b351c7" testId="97ac352b-e433-e531-3210-5b085419ca0a" testName="Fededim.Extensions.Configuration.Protected.DataProtectionAPITest.DataProtectionAPIProtectProviderTest.RandomXmlFileTest" computerName="fv-az653-680" duration="00:00:00.5140000" startTime="2024-08-01T14:34:53.5075055+00:00" endTime="2024-08-01T14:34:53.5075055+00:00" testType="13cdc9d9-ddb5-4fa4-a97d-d965ccfc6d4b" outcome="Passed" testListId="8c84fa94-04c1-424b-9868-57a2d4851a1d" relativeResultsDirectory="7ec4e709-17e7-45e5-a5fb-02a726b351c7">
      <Output>
        <StdOut>Generated a random XML file with 1000 keys, autogenerated strings max length 20 and autogenerated array max length 10&#xD;
File location file://D:/a/Fededim.Extensions.Configuration.Protected/Fededim.Extensions.Configuration.Protected/Fededim.Extensions.Configuration.Protected.DataProtectionAPITest/bin/Release/net462/random_2067730725.xml&#xD;
Size 268KB, starting test...&#xD;
8/1/2024 2:34:53 PM: Generated random XML file (2549 entries) duration 245ms &#xD;
8/1/2024 2:34:53 PM: Encrypted random XML file duration 50ms &#xD;
8/1/2024 2:34:53 PM: Checked that all random XML file is encrypted duration 63ms &#xD;
8/1/2024 2:34:53 PM: Loaded and decrypted random XML file with ProtectedConfigurationBuilder duration 142ms &#xD;
8/1/2024 2:34:53 PM: Checked that 2549 entries are equal duration 3ms</StdOut>
      </Output>
    </UnitTestResult>
    <UnitTestResult executionId="bd669ae4-08b9-4618-b0c5-97fd2ad39231" testId="b9bf8ed7-522c-e76a-b80e-8d05fc5adc83" testName="Fededim.Extensions.Configuration.Protected.DataProtectionAPITest.DataProtectionAPIProtectProviderTest.RandomCommandLineTest" computerName="fv-az653-680" duration="00:00:00.0460000" startTime="2024-08-01T14:34:53.5543916+00:00" endTime="2024-08-01T14:34:53.5543916+00:00" testType="13cdc9d9-ddb5-4fa4-a97d-d965ccfc6d4b" outcome="Passed" testListId="8c84fa94-04c1-424b-9868-57a2d4851a1d" relativeResultsDirectory="bd669ae4-08b9-4618-b0c5-97fd2ad39231">
      <Output>
        <StdOut>Generated a random command line arguments with 1000 keys, autogenerated strings max length 20 and autogenerated array max length 10&#xD;
Starting test...&#xD;
8/1/2024 2:34:53 PM: Generated random comand line args duration 4ms &#xD;
8/1/2024 2:34:53 PM: Encrypted random comand line args duration 9ms &#xD;
8/1/2024 2:34:53 PM: Checked that all random comand line args are encrypted duration 0ms &#xD;
8/1/2024 2:34:53 PM: Loaded and decrypted random comand line args with ProtectedConfigurationBuilder duration 23ms &#xD;
8/1/2024 2:34:53 PM: Checked that 1000 entries are equal duration 0ms</StdOut>
      </Output>
    </UnitTestResult>
    <UnitTestResult executionId="057294c3-21ce-4a63-984f-64808718ee7b" testId="a5b4138a-877c-581b-780d-3494b3972f17" testName="Fededim.Extensions.Configuration.Protected.DataProtectionAPITest.DataProtectionAPIProtectProviderTest.RandomInMemoryDictionaryTest" computerName="fv-az653-680" duration="00:00:02.8100000" startTime="2024-08-01T14:34:51.7412714+00:00" endTime="2024-08-01T14:34:51.7412714+00:00" testType="13cdc9d9-ddb5-4fa4-a97d-d965ccfc6d4b" outcome="Passed" testListId="8c84fa94-04c1-424b-9868-57a2d4851a1d" relativeResultsDirectory="057294c3-21ce-4a63-984f-64808718ee7b">
      <Output>
        <StdOut>Generated a random in-memory dictionary with 1000 keys, autogenerated strings max length 20 and autogenerated array max length 10&#xD;
Starting test...&#xD;
8/1/2024 2:34:51 PM: Generated random in-memory dictionary duration 9ms &#xD;
8/1/2024 2:34:51 PM: Encrypted random in-memory dictionary duration 453ms &#xD;
8/1/2024 2:34:51 PM: Checked that all random in-memory dictionary is encrypted duration 1ms &#xD;
8/1/2024 2:34:51 PM: Loaded and decrypted random in-memory dictionary with ProtectedConfigurationBuilder duration 174ms &#xD;
8/1/2024 2:34:51 PM: Checked that 1000 entries are equal duration 2ms</StdOut>
      </Output>
    </UnitTestResult>
    <UnitTestResult executionId="2e9f83bc-d536-4f7a-a33b-2c7b22bef64c" testId="f6916fa8-7335-1ac2-9bd9-068ab445ecb1" testName="Fededim.Extensions.Configuration.Protected.DataProtectionAPITest.DataProtectionAPIProtectProviderTest.RandomJsonFileTest(useJsonWithCommentFileProcessor: True)" computerName="fv-az653-680" duration="00:00:00.6670000" startTime="2024-08-01T14:34:52.8822588+00:00" endTime="2024-08-01T14:34:52.8822588+00:00" testType="13cdc9d9-ddb5-4fa4-a97d-d965ccfc6d4b" outcome="Passed" testListId="8c84fa94-04c1-424b-9868-57a2d4851a1d" relativeResultsDirectory="2e9f83bc-d536-4f7a-a33b-2c7b22bef64c">
      <Output>
        <StdOut>Generated a random JSON file with 1000 keys, autogenerated strings max length 20 and autogenerated array max length 10&#xD;
File location file://D:/a/Fededim.Extensions.Configuration.Protected/Fededim.Extensions.Configuration.Protected/Fededim.Extensions.Configuration.Protected.DataProtectionAPITest/bin/Release/net462/random_241188306.json&#xD;
Size 552KB, starting test...&#xD;
8/1/2024 2:34:52 PM: Generated random JSON file (2511 entries) duration 246ms &#xD;
8/1/2024 2:34:52 PM: Encrypted random JSON file duration 89ms &#xD;
8/1/2024 2:34:52 PM: Checked that all random JSON file is encrypted duration 52ms &#xD;
8/1/2024 2:34:52 PM: Loaded and decrypted random JSON file with ProtectedConfigurationBuilder duration 118ms &#xD;
8/1/2024 2:34:52 PM: Checked that 2511 entries are equal duration 5ms</StdOut>
      </Output>
    </UnitTestResult>
    <UnitTestResult executionId="bf0b81b4-5d0e-4d00-a56b-dc19ef0a9f87" testId="215bdca5-d044-0fe3-ab3a-2e4442ce76c5" testName="Fededim.Extensions.Configuration.Protected.DataProtectionAPITest.DataProtectionAPIProtectProviderTest.RandomJsonFileTest(useJsonWithCommentFileProcessor: False)" computerName="fv-az653-680" duration="00:00:00.1260000" startTime="2024-08-01T14:34:53.0072530+00:00" endTime="2024-08-01T14:34:53.0072530+00:00" testType="13cdc9d9-ddb5-4fa4-a97d-d965ccfc6d4b" outcome="Passed" testListId="8c84fa94-04c1-424b-9868-57a2d4851a1d" relativeResultsDirectory="bf0b81b4-5d0e-4d00-a56b-dc19ef0a9f87">
      <Output>
        <StdOut>Generated a random JSON file with 1000 keys, autogenerated strings max length 20 and autogenerated array max length 10&#xD;
File location file://D:/a/Fededim.Extensions.Configuration.Protected/Fededim.Extensions.Configuration.Protected/Fededim.Extensions.Configuration.Protected.DataProtectionAPITest/bin/Release/net462/random_1768062296.json&#xD;
Size 309KB, starting test...&#xD;
8/1/2024 2:34:52 PM: Generated random JSON file (2496 entries) duration 9ms &#xD;
8/1/2024 2:34:52 PM: Encrypted random JSON file duration 40ms &#xD;
8/1/2024 2:34:52 PM: Checked that all random JSON file is encrypted duration 6ms &#xD;
8/1/2024 2:34:52 PM: Loaded and decrypted random JSON file with ProtectedConfigurationBuilder duration 64ms &#xD;
8/1/2024 2:34:53 PM: Checked that 2496 entries are equal duration 3ms</StdOut>
      </Output>
    </UnitTestResult>
  </Results>
  <TestDefinitions>
    <UnitTest name="Fededim.Extensions.Configuration.Protected.DataProtectionAPITest.DataProtectionAPIProtectProviderTest.RandomXmlFileTest" storage="d:\a\fededim.extensions.configuration.protected\fededim.extensions.configuration.protected\fededim.extensions.configuration.protected.dataprotectionapitest\bin\release\net462\fededim.extensions.configuration.protected.dataprotectionapitest.dll" id="97ac352b-e433-e531-3210-5b085419ca0a">
      <Execution id="7ec4e709-17e7-45e5-a5fb-02a726b351c7" />
      <TestMethod codeBase="D:\a\Fededim.Extensions.Configuration.Protected\Fededim.Extensions.Configuration.Protected\Fededim.Extensions.Configuration.Protected.DataProtectionAPITest\bin\Release\net462\Fededim.Extensions.Configuration.Protected.DataProtectionAPITest.dll" adapterTypeName="executor://xunit/VsTestRunner2/net" className="Fededim.Extensions.Configuration.Protected.DataProtectionAPITest.DataProtectionAPIProtectProviderTest" name="RandomXmlFileTest" />
    </UnitTest>
    <UnitTest name="Fededim.Extensions.Configuration.Protected.DataProtectionAPITest.DataProtectionAPIProtectProviderTest.RandomInMemoryDictionaryTest" storage="d:\a\fededim.extensions.configuration.protected\fededim.extensions.configuration.protected\fededim.extensions.configuration.protected.dataprotectionapitest\bin\release\net462\fededim.extensions.configuration.protected.dataprotectionapitest.dll" id="a5b4138a-877c-581b-780d-3494b3972f17">
      <Execution id="057294c3-21ce-4a63-984f-64808718ee7b" />
      <TestMethod codeBase="D:\a\Fededim.Extensions.Configuration.Protected\Fededim.Extensions.Configuration.Protected\Fededim.Extensions.Configuration.Protected.DataProtectionAPITest\bin\Release\net462\Fededim.Extensions.Configuration.Protected.DataProtectionAPITest.dll" adapterTypeName="executor://xunit/VsTestRunner2/net" className="Fededim.Extensions.Configuration.Protected.DataProtectionAPITest.DataProtectionAPIProtectProviderTest" name="RandomInMemoryDictionaryTest" />
    </UnitTest>
    <UnitTest name="Fededim.Extensions.Configuration.Protected.DataProtectionAPITest.DataProtectionAPIProtectProviderTest.RandomEnvironmentVariablesTest" storage="d:\a\fededim.extensions.configuration.protected\fededim.extensions.configuration.protected\fededim.extensions.configuration.protected.dataprotectionapitest\bin\release\net462\fededim.extensions.configuration.protected.dataprotectionapitest.dll" id="f352b3e4-d8b2-0588-46bb-043afb7266c1">
      <Execution id="0a008798-bdb3-42f5-ac01-c23e9f3f1f8e" />
      <TestMethod codeBase="D:\a\Fededim.Extensions.Configuration.Protected\Fededim.Extensions.Configuration.Protected\Fededim.Extensions.Configuration.Protected.DataProtectionAPITest\bin\Release\net462\Fededim.Extensions.Configuration.Protected.DataProtectionAPITest.dll" adapterTypeName="executor://xunit/VsTestRunner2/net" className="Fededim.Extensions.Configuration.Protected.DataProtectionAPITest.DataProtectionAPIProtectProviderTest" name="RandomEnvironmentVariablesTest" />
    </UnitTest>
    <UnitTest name="Fededim.Extensions.Configuration.Protected.DataProtectionAPITest.DataProtectionAPIProtectProviderTest.RandomJsonFileTest(useJsonWithCommentFileProcessor: True)" storage="d:\a\fededim.extensions.configuration.protected\fededim.extensions.configuration.protected\fededim.extensions.configuration.protected.dataprotectionapitest\bin\release\net462\fededim.extensions.configuration.protected.dataprotectionapitest.dll" id="f6916fa8-7335-1ac2-9bd9-068ab445ecb1">
      <Execution id="2e9f83bc-d536-4f7a-a33b-2c7b22bef64c" />
      <TestMethod codeBase="D:\a\Fededim.Extensions.Configuration.Protected\Fededim.Extensions.Configuration.Protected\Fededim.Extensions.Configuration.Protected.DataProtectionAPITest\bin\Release\net462\Fededim.Extensions.Configuration.Protected.DataProtectionAPITest.dll" adapterTypeName="executor://xunit/VsTestRunner2/net" className="Fededim.Extensions.Configuration.Protected.DataProtectionAPITest.DataProtectionAPIProtectProviderTest" name="RandomJsonFileTest" />
    </UnitTest>
    <UnitTest name="Fededim.Extensions.Configuration.Protected.DataProtectionAPITest.DataProtectionAPIProtectProviderTest.RandomCommandLineTest" storage="d:\a\fededim.extensions.configuration.protected\fededim.extensions.configuration.protected\fededim.extensions.configuration.protected.dataprotectionapitest\bin\release\net462\fededim.extensions.configuration.protected.dataprotectionapitest.dll" id="b9bf8ed7-522c-e76a-b80e-8d05fc5adc83">
      <Execution id="bd669ae4-08b9-4618-b0c5-97fd2ad39231" />
      <TestMethod codeBase="D:\a\Fededim.Extensions.Configuration.Protected\Fededim.Extensions.Configuration.Protected\Fededim.Extensions.Configuration.Protected.DataProtectionAPITest\bin\Release\net462\Fededim.Extensions.Configuration.Protected.DataProtectionAPITest.dll" adapterTypeName="executor://xunit/VsTestRunner2/net" className="Fededim.Extensions.Configuration.Protected.DataProtectionAPITest.DataProtectionAPIProtectProviderTest" name="RandomCommandLineTest" />
    </UnitTest>
    <UnitTest name="Fededim.Extensions.Configuration.Protected.DataProtectionAPITest.DataProtectionAPIProtectProviderTest.RandomJsonFileTest(useJsonWithCommentFileProcessor: False)" storage="d:\a\fededim.extensions.configuration.protected\fededim.extensions.configuration.protected\fededim.extensions.configuration.protected.dataprotectionapitest\bin\release\net462\fededim.extensions.configuration.protected.dataprotectionapitest.dll" id="215bdca5-d044-0fe3-ab3a-2e4442ce76c5">
      <Execution id="bf0b81b4-5d0e-4d00-a56b-dc19ef0a9f87" />
      <TestMethod codeBase="D:\a\Fededim.Extensions.Configuration.Protected\Fededim.Extensions.Configuration.Protected\Fededim.Extensions.Configuration.Protected.DataProtectionAPITest\bin\Release\net462\Fededim.Extensions.Configuration.Protected.DataProtectionAPITest.dll" adapterTypeName="executor://xunit/VsTestRunner2/net" className="Fededim.Extensions.Configuration.Protected.DataProtectionAPITest.DataProtectionAPIProtectProviderTest" name="RandomJsonFileTest" />
    </UnitTest>
  </TestDefinitions>
  <TestEntries>
    <TestEntry testId="f352b3e4-d8b2-0588-46bb-043afb7266c1" executionId="0a008798-bdb3-42f5-ac01-c23e9f3f1f8e" testListId="8c84fa94-04c1-424b-9868-57a2d4851a1d" />
    <TestEntry testId="97ac352b-e433-e531-3210-5b085419ca0a" executionId="7ec4e709-17e7-45e5-a5fb-02a726b351c7" testListId="8c84fa94-04c1-424b-9868-57a2d4851a1d" />
    <TestEntry testId="b9bf8ed7-522c-e76a-b80e-8d05fc5adc83" executionId="bd669ae4-08b9-4618-b0c5-97fd2ad39231" testListId="8c84fa94-04c1-424b-9868-57a2d4851a1d" />
    <TestEntry testId="a5b4138a-877c-581b-780d-3494b3972f17" executionId="057294c3-21ce-4a63-984f-64808718ee7b" testListId="8c84fa94-04c1-424b-9868-57a2d4851a1d" />
    <TestEntry testId="f6916fa8-7335-1ac2-9bd9-068ab445ecb1" executionId="2e9f83bc-d536-4f7a-a33b-2c7b22bef64c" testListId="8c84fa94-04c1-424b-9868-57a2d4851a1d" />
    <TestEntry testId="215bdca5-d044-0fe3-ab3a-2e4442ce76c5" executionId="bf0b81b4-5d0e-4d00-a56b-dc19ef0a9f87" testListId="8c84fa94-04c1-424b-9868-57a2d4851a1d" />
  </TestEntries>
  <TestLists>
    <TestList name="Results Not in a List" id="8c84fa94-04c1-424b-9868-57a2d4851a1d" />
    <TestList name="All Loaded Results" id="19431567-8539-422a-85d7-44ee4e166bda" />
  </TestLists>
  <ResultSummary outcome="Completed">
    <Counters total="6" executed="6" passed="6" failed="0" error="0" timeout="0" aborted="0" inconclusive="0" passedButRunAborted="0" notRunnable="0" notExecuted="0" disconnected="0" warning="0" completed="0" inProgress="0" pending="0" />
    <Output>
      <StdOut>[xUnit.net 00:00:00.06] xUnit.net VSTest Adapter v2.8.2+699d445a1a (64-bit .NET Framework 4.8.9256.0)&#xD;
[xUnit.net 00:00:00.88]   Discovering: Fededim.Extensions.Configuration.Protected.DataProtectionAPITest&#xD;
[xUnit.net 00:00:01.06]   Discovered:  Fededim.Extensions.Configuration.Protected.DataProtectionAPITest&#xD;
[xUnit.net 00:00:01.07]   Starting:    Fededim.Extensions.Configuration.Protected.DataProtectionAPITest&#xD;
[xUnit.net 00:00:05.90]   Finished:    Fededim.Extensions.Configuration.Protected.DataProtectionAPITest&#xD;
</StdOut>
    </Output>
  </ResultSummary>
</TestRun>