<?xml version="1.0" encoding="utf-8"?>
<TestRun id="26da806a-8d08-4506-bc9a-0f4daeeeb51c" name="runneradmin@fv-az980-960 2024-10-09 20:04:24" runUser="fv-az980-960\runneradmin" xmlns="http://microsoft.com/schemas/VisualStudio/TeamTest/2010">
  <Times creation="2024-10-09T20:04:24.3254749+00:00" queuing="2024-10-09T20:04:24.3254751+00:00" start="2024-10-09T20:04:20.3828153+00:00" finish="2024-10-09T20:04:52.9435266+00:00" />
  <TestSettings name="default" id="358200fe-9dfb-4072-9458-eb946570fe15">
    <Deployment runDeploymentRoot="runneradmin_fv-az980-960_2024-10-09_20_04_24" />
  </TestSettings>
  <Results>
    <UnitTestResult executionId="4b93d6d6-d764-48bb-ae48-37085e3ec70e" testId="cab792d5-caf7-94cb-7dd5-8cd2bf26d466" testName="Fededim.Extensions.Configuration.Protected.DataProtectionAPITest.DataProtectionAPIProtectProviderTest.RandomXmlFileTest" computerName="fv-az980-960" duration="00:00:10.9795216" startTime="2024-10-09T20:04:51.1300020+00:00" endTime="2024-10-09T20:04:51.1300024+00:00" testType="13cdc9d9-ddb5-4fa4-a97d-d965ccfc6d4b" outcome="Passed" testListId="8c84fa94-04c1-424b-9868-57a2d4851a1d" relativeResultsDirectory="4b93d6d6-d764-48bb-ae48-37085e3ec70e">
      <Output>
        <StdOut>10/9/2024 8:04:40 PM: Generating a random XML file with 100000 keys, autogenerated strings max length 20 and autogenerated array max length 10...&#xD;
10/9/2024 8:04:42 PM: File location file://D:/a/Fededim.Extensions.Configuration.Protected/Fededim.Extensions.Configuration.Protected/Fededim.Extensions.Configuration.Protected.DataProtectionAPITest/bin/Release/net8.0/random_105321639.xml&#xD;
10/9/2024 8:04:42 PM: Generated random XML file (245983 entries size 60977 KB) duration 1876ms &#xD;
10/9/2024 8:04:44 PM: Encrypted random XML file (245983 entries size 87351 KB) duration 2909ms &#xD;
10/9/2024 8:04:45 PM: Checked that all random XML file is encrypted duration 841ms &#xD;
10/9/2024 8:04:50 PM: Loaded and decrypted random XML file with ProtectedConfigurationBuilder duration 5193ms &#xD;
10/9/2024 8:04:51 PM: Checked that 202472 entries are equal duration 155ms</StdOut>
      </Output>
    </UnitTestResult>
    <UnitTestResult executionId="3baba9ba-3f6e-4b9b-afbd-96015dd5b1f3" testId="092a9e9f-643d-a75f-e646-45602e92186b" testName="Fededim.Extensions.Configuration.Protected.DataProtectionAPITest.DataProtectionAPIProtectProviderTest.RandomInMemoryDictionaryTest" computerName="fv-az980-960" duration="00:00:03.1534001" startTime="2024-10-09T20:04:24.2958601+00:00" endTime="2024-10-09T20:04:24.2958889+00:00" testType="13cdc9d9-ddb5-4fa4-a97d-d965ccfc6d4b" outcome="Passed" testListId="8c84fa94-04c1-424b-9868-57a2d4851a1d" relativeResultsDirectory="3baba9ba-3f6e-4b9b-afbd-96015dd5b1f3">
      <Output>
        <StdOut>10/9/2024 8:04:21 PM: Generating a random in-memory dictionary with 100000 keys, autogenerated strings max length 20 and autogenerated array max length 10...&#xD;
10/9/2024 8:04:21 PM: Starting test...&#xD;
10/9/2024 8:04:21 PM: Generated random in-memory dictionary duration 403ms &#xD;
10/9/2024 8:04:23 PM: Encrypted random in-memory dictionary duration 1473ms &#xD;
10/9/2024 8:04:23 PM: Checked that all random in-memory dictionary is encrypted duration 20ms &#xD;
10/9/2024 8:04:24 PM: Loaded and decrypted random in-memory dictionary with ProtectedConfigurationBuilder duration 1076ms &#xD;
10/9/2024 8:04:24 PM: Checked that 100000 entries are equal duration 25ms</StdOut>
      </Output>
    </UnitTestResult>
    <UnitTestResult executionId="ee8fd26d-fd2e-49da-8863-a5d3c1c1d87e" testId="331a13af-5866-8d6a-671d-a2abfea42096" testName="Fededim.Extensions.Configuration.Protected.DataProtectionAPITest.DataProtectionAPIProtectProviderTest.RandomEnvironmentVariablesTest" computerName="fv-az980-960" duration="00:00:01.3314906" startTime="2024-10-09T20:04:25.6269106+00:00" endTime="2024-10-09T20:04:25.6269110+00:00" testType="13cdc9d9-ddb5-4fa4-a97d-d965ccfc6d4b" outcome="Passed" testListId="8c84fa94-04c1-424b-9868-57a2d4851a1d" relativeResultsDirectory="ee8fd26d-fd2e-49da-8863-a5d3c1c1d87e">
      <Output>
        <StdOut>10/9/2024 8:04:24 PM: Generating a random environment variables 100000 keys, autogenerated strings max length 20 and autogenerated array max length 10...&#xD;
10/9/2024 8:04:24 PM: Starting test...&#xD;
10/9/2024 8:04:24 PM: Generated random environment variables (note that Windows has a maximum size of 32KB for all environment variables, so not all 100000 keys could be created) duration 645ms &#xD;
10/9/2024 8:04:25 PM: Encrypted random environment variables duration 655ms &#xD;
10/9/2024 8:04:25 PM: Checked that all random environment variables are encrypted duration 6ms &#xD;
10/9/2024 8:04:25 PM: Loaded and decrypted random environment variables with ProtectedConfigurationBuilder duration 18ms &#xD;
10/9/2024 8:04:25 PM: Checked that 1597 entries are equal duration 0ms</StdOut>
      </Output>
    </UnitTestResult>
    <UnitTestResult executionId="a9ad7e6b-1faa-4f10-98b4-84fe33070759" testId="4ea3de90-a59d-3955-9940-560839244413" testName="Fededim.Extensions.Configuration.Protected.DataProtectionAPITest.DataProtectionAPIProtectProviderTest.RandomJsonFileTest(useJsonWithCommentFileProcessor: False)" computerName="fv-az980-960" duration="00:00:06.9582192" startTime="2024-10-09T20:04:40.1501780+00:00" endTime="2024-10-09T20:04:40.1501784+00:00" testType="13cdc9d9-ddb5-4fa4-a97d-d965ccfc6d4b" outcome="Passed" testListId="8c84fa94-04c1-424b-9868-57a2d4851a1d" relativeResultsDirectory="a9ad7e6b-1faa-4f10-98b4-84fe33070759">
      <Output>
        <StdOut>10/9/2024 8:04:33 PM: Generating a random JSON file with 100000 keys, autogenerated strings max length 20 and autogenerated array max length 10...&#xD;
10/9/2024 8:04:33 PM: File location file://D:/a/Fededim.Extensions.Configuration.Protected/Fededim.Extensions.Configuration.Protected/Fededim.Extensions.Configuration.Protected.DataProtectionAPITest/bin/Release/net8.0/random_1220676479.json&#xD;
10/9/2024 8:04:33 PM: Generated random JSON file (250205 entries size 56603 KB) duration 608ms &#xD;
10/9/2024 8:04:35 PM: Encrypted random JSON file (250205 entries size 82700 KB) duration 2197ms &#xD;
10/9/2024 8:04:36 PM: Checked that all random JSON file is encrypted duration 337ms &#xD;
10/9/2024 8:04:39 PM: Loaded and decrypted random JSON file with ProtectedConfigurationBuilder duration 3651ms &#xD;
10/9/2024 8:04:40 PM: Checked that 250205 entries are equal duration 161ms</StdOut>
      </Output>
    </UnitTestResult>
    <UnitTestResult executionId="24e9a57e-45df-4b36-a570-8c822a455920" testId="f63be0dc-1fac-0d73-eab5-ec6ea7cf7b08" testName="Fededim.Extensions.Configuration.Protected.DataProtectionAPITest.DataProtectionAPIProtectProviderTest.RandomCommandLineTest" computerName="fv-az980-960" duration="00:00:01.6934925" startTime="2024-10-09T20:04:52.8236735+00:00" endTime="2024-10-09T20:04:52.8236739+00:00" testType="13cdc9d9-ddb5-4fa4-a97d-d965ccfc6d4b" outcome="Passed" testListId="8c84fa94-04c1-424b-9868-57a2d4851a1d" relativeResultsDirectory="24e9a57e-45df-4b36-a570-8c822a455920">
      <Output>
        <StdOut>10/9/2024 8:04:51 PM: Generating a random command line arguments with 100000 keys, autogenerated strings max length 20 and autogenerated array max length 10...&#xD;
10/9/2024 8:04:51 PM: Starting test...&#xD;
10/9/2024 8:04:51 PM: Generated random comand line args duration 125ms &#xD;
10/9/2024 8:04:51 PM: Encrypted random comand line args duration 582ms &#xD;
10/9/2024 8:04:51 PM: Checked that all random comand line args are encrypted duration 18ms &#xD;
10/9/2024 8:04:52 PM: Loaded and decrypted random comand line args with ProtectedConfigurationBuilder duration 940ms &#xD;
10/9/2024 8:04:52 PM: Checked that 100000 entries are equal duration 25ms</StdOut>
      </Output>
    </UnitTestResult>
    <UnitTestResult executionId="abb4644e-5b95-48e0-a36e-e4ff8dcf2c80" testId="40bc2ee2-12b8-c08c-ad81-e8c0efee775c" testName="Fededim.Extensions.Configuration.Protected.DataProtectionAPITest.DataProtectionAPIProtectProviderTest.RandomJsonFileTest(useJsonWithCommentFileProcessor: True)" computerName="fv-az980-960" duration="00:00:07.5644399" startTime="2024-10-09T20:04:33.1916711+00:00" endTime="2024-10-09T20:04:33.1916715+00:00" testType="13cdc9d9-ddb5-4fa4-a97d-d965ccfc6d4b" outcome="Passed" testListId="8c84fa94-04c1-424b-9868-57a2d4851a1d" relativeResultsDirectory="abb4644e-5b95-48e0-a36e-e4ff8dcf2c80">
      <Output>
        <StdOut>10/9/2024 8:04:25 PM: Generating a random JSON file with 100000 keys, autogenerated strings max length 20 and autogenerated array max length 10...&#xD;
10/9/2024 8:04:26 PM: File location file://D:/a/Fededim.Extensions.Configuration.Protected/Fededim.Extensions.Configuration.Protected/Fededim.Extensions.Configuration.Protected.DataProtectionAPITest/bin/Release/net8.0/random_282898208.json&#xD;
10/9/2024 8:04:26 PM: Generated random JSON file (250515 entries size 56317 KB) duration 986ms &#xD;
10/9/2024 8:04:28 PM: Encrypted random JSON file (250515 entries size 82434 KB) duration 2063ms &#xD;
10/9/2024 8:04:29 PM: Checked that all random JSON file is encrypted duration 555ms &#xD;
10/9/2024 8:04:33 PM: Loaded and decrypted random JSON file with ProtectedConfigurationBuilder duration 3796ms &#xD;
10/9/2024 8:04:33 PM: Checked that 250515 entries are equal duration 157ms</StdOut>
      </Output>
    </UnitTestResult>
  </Results>
  <TestDefinitions>
    <UnitTest name="Fededim.Extensions.Configuration.Protected.DataProtectionAPITest.DataProtectionAPIProtectProviderTest.RandomJsonFileTest(useJsonWithCommentFileProcessor: True)" storage="d:\a\fededim.extensions.configuration.protected\fededim.extensions.configuration.protected\fededim.extensions.configuration.protected.dataprotectionapitest\bin\release\net8.0\fededim.extensions.configuration.protected.dataprotectionapitest.dll" id="40bc2ee2-12b8-c08c-ad81-e8c0efee775c">
      <Execution id="abb4644e-5b95-48e0-a36e-e4ff8dcf2c80" />
      <TestMethod codeBase="D:\a\Fededim.Extensions.Configuration.Protected\Fededim.Extensions.Configuration.Protected\Fededim.Extensions.Configuration.Protected.DataProtectionAPITest\bin\Release\net8.0\Fededim.Extensions.Configuration.Protected.DataProtectionAPITest.dll" adapterTypeName="executor://xunit/VsTestRunner2/netcoreapp" className="Fededim.Extensions.Configuration.Protected.DataProtectionAPITest.DataProtectionAPIProtectProviderTest" name="RandomJsonFileTest" />
    </UnitTest>
    <UnitTest name="Fededim.Extensions.Configuration.Protected.DataProtectionAPITest.DataProtectionAPIProtectProviderTest.RandomXmlFileTest" storage="d:\a\fededim.extensions.configuration.protected\fededim.extensions.configuration.protected\fededim.extensions.configuration.protected.dataprotectionapitest\bin\release\net8.0\fededim.extensions.configuration.protected.dataprotectionapitest.dll" id="cab792d5-caf7-94cb-7dd5-8cd2bf26d466">
      <Execution id="4b93d6d6-d764-48bb-ae48-37085e3ec70e" />
      <TestMethod codeBase="D:\a\Fededim.Extensions.Configuration.Protected\Fededim.Extensions.Configuration.Protected\Fededim.Extensions.Configuration.Protected.DataProtectionAPITest\bin\Release\net8.0\Fededim.Extensions.Configuration.Protected.DataProtectionAPITest.dll" adapterTypeName="executor://xunit/VsTestRunner2/netcoreapp" className="Fededim.Extensions.Configuration.Protected.DataProtectionAPITest.DataProtectionAPIProtectProviderTest" name="RandomXmlFileTest" />
    </UnitTest>
    <UnitTest name="Fededim.Extensions.Configuration.Protected.DataProtectionAPITest.DataProtectionAPIProtectProviderTest.RandomInMemoryDictionaryTest" storage="d:\a\fededim.extensions.configuration.protected\fededim.extensions.configuration.protected\fededim.extensions.configuration.protected.dataprotectionapitest\bin\release\net8.0\fededim.extensions.configuration.protected.dataprotectionapitest.dll" id="092a9e9f-643d-a75f-e646-45602e92186b">
      <Execution id="3baba9ba-3f6e-4b9b-afbd-96015dd5b1f3" />
      <TestMethod codeBase="D:\a\Fededim.Extensions.Configuration.Protected\Fededim.Extensions.Configuration.Protected\Fededim.Extensions.Configuration.Protected.DataProtectionAPITest\bin\Release\net8.0\Fededim.Extensions.Configuration.Protected.DataProtectionAPITest.dll" adapterTypeName="executor://xunit/VsTestRunner2/netcoreapp" className="Fededim.Extensions.Configuration.Protected.DataProtectionAPITest.DataProtectionAPIProtectProviderTest" name="RandomInMemoryDictionaryTest" />
    </UnitTest>
    <UnitTest name="Fededim.Extensions.Configuration.Protected.DataProtectionAPITest.DataProtectionAPIProtectProviderTest.RandomCommandLineTest" storage="d:\a\fededim.extensions.configuration.protected\fededim.extensions.configuration.protected\fededim.extensions.configuration.protected.dataprotectionapitest\bin\release\net8.0\fededim.extensions.configuration.protected.dataprotectionapitest.dll" id="f63be0dc-1fac-0d73-eab5-ec6ea7cf7b08">
      <Execution id="24e9a57e-45df-4b36-a570-8c822a455920" />
      <TestMethod codeBase="D:\a\Fededim.Extensions.Configuration.Protected\Fededim.Extensions.Configuration.Protected\Fededim.Extensions.Configuration.Protected.DataProtectionAPITest\bin\Release\net8.0\Fededim.Extensions.Configuration.Protected.DataProtectionAPITest.dll" adapterTypeName="executor://xunit/VsTestRunner2/netcoreapp" className="Fededim.Extensions.Configuration.Protected.DataProtectionAPITest.DataProtectionAPIProtectProviderTest" name="RandomCommandLineTest" />
    </UnitTest>
    <UnitTest name="Fededim.Extensions.Configuration.Protected.DataProtectionAPITest.DataProtectionAPIProtectProviderTest.RandomJsonFileTest(useJsonWithCommentFileProcessor: False)" storage="d:\a\fededim.extensions.configuration.protected\fededim.extensions.configuration.protected\fededim.extensions.configuration.protected.dataprotectionapitest\bin\release\net8.0\fededim.extensions.configuration.protected.dataprotectionapitest.dll" id="4ea3de90-a59d-3955-9940-560839244413">
      <Execution id="a9ad7e6b-1faa-4f10-98b4-84fe33070759" />
      <TestMethod codeBase="D:\a\Fededim.Extensions.Configuration.Protected\Fededim.Extensions.Configuration.Protected\Fededim.Extensions.Configuration.Protected.DataProtectionAPITest\bin\Release\net8.0\Fededim.Extensions.Configuration.Protected.DataProtectionAPITest.dll" adapterTypeName="executor://xunit/VsTestRunner2/netcoreapp" className="Fededim.Extensions.Configuration.Protected.DataProtectionAPITest.DataProtectionAPIProtectProviderTest" name="RandomJsonFileTest" />
    </UnitTest>
    <UnitTest name="Fededim.Extensions.Configuration.Protected.DataProtectionAPITest.DataProtectionAPIProtectProviderTest.RandomEnvironmentVariablesTest" storage="d:\a\fededim.extensions.configuration.protected\fededim.extensions.configuration.protected\fededim.extensions.configuration.protected.dataprotectionapitest\bin\release\net8.0\fededim.extensions.configuration.protected.dataprotectionapitest.dll" id="331a13af-5866-8d6a-671d-a2abfea42096">
      <Execution id="ee8fd26d-fd2e-49da-8863-a5d3c1c1d87e" />
      <TestMethod codeBase="D:\a\Fededim.Extensions.Configuration.Protected\Fededim.Extensions.Configuration.Protected\Fededim.Extensions.Configuration.Protected.DataProtectionAPITest\bin\Release\net8.0\Fededim.Extensions.Configuration.Protected.DataProtectionAPITest.dll" adapterTypeName="executor://xunit/VsTestRunner2/netcoreapp" className="Fededim.Extensions.Configuration.Protected.DataProtectionAPITest.DataProtectionAPIProtectProviderTest" name="RandomEnvironmentVariablesTest" />
    </UnitTest>
  </TestDefinitions>
  <TestEntries>
    <TestEntry testId="cab792d5-caf7-94cb-7dd5-8cd2bf26d466" executionId="4b93d6d6-d764-48bb-ae48-37085e3ec70e" testListId="8c84fa94-04c1-424b-9868-57a2d4851a1d" />
    <TestEntry testId="092a9e9f-643d-a75f-e646-45602e92186b" executionId="3baba9ba-3f6e-4b9b-afbd-96015dd5b1f3" testListId="8c84fa94-04c1-424b-9868-57a2d4851a1d" />
    <TestEntry testId="331a13af-5866-8d6a-671d-a2abfea42096" executionId="ee8fd26d-fd2e-49da-8863-a5d3c1c1d87e" testListId="8c84fa94-04c1-424b-9868-57a2d4851a1d" />
    <TestEntry testId="4ea3de90-a59d-3955-9940-560839244413" executionId="a9ad7e6b-1faa-4f10-98b4-84fe33070759" testListId="8c84fa94-04c1-424b-9868-57a2d4851a1d" />
    <TestEntry testId="f63be0dc-1fac-0d73-eab5-ec6ea7cf7b08" executionId="24e9a57e-45df-4b36-a570-8c822a455920" testListId="8c84fa94-04c1-424b-9868-57a2d4851a1d" />
    <TestEntry testId="40bc2ee2-12b8-c08c-ad81-e8c0efee775c" executionId="abb4644e-5b95-48e0-a36e-e4ff8dcf2c80" testListId="8c84fa94-04c1-424b-9868-57a2d4851a1d" />
  </TestEntries>
  <TestLists>
    <TestList name="Results Not in a List" id="8c84fa94-04c1-424b-9868-57a2d4851a1d" />
    <TestList name="All Loaded Results" id="19431567-8539-422a-85d7-44ee4e166bda" />
  </TestLists>
  <ResultSummary outcome="Completed">
    <Counters total="6" executed="6" passed="6" failed="0" error="0" timeout="0" aborted="0" inconclusive="0" passedButRunAborted="0" notRunnable="0" notExecuted="0" disconnected="0" warning="0" completed="0" inProgress="0" pending="0" />
    <Output>
      <StdOut>[xUnit.net 00:00:00.00] xUnit.net VSTest Adapter v2.8.2+699d445a1a (64-bit .NET 8.0.10)&#xD;
[xUnit.net 00:00:00.10]   Discovering: Fededim.Extensions.Configuration.Protected.DataProtectionAPITest&#xD;
[xUnit.net 00:00:00.16]   Discovered:  Fededim.Extensions.Configuration.Protected.DataProtectionAPITest&#xD;
[xUnit.net 00:00:00.16]   Starting:    Fededim.Extensions.Configuration.Protected.DataProtectionAPITest&#xD;
[xUnit.net 00:00:31.91]   Finished:    Fededim.Extensions.Configuration.Protected.DataProtectionAPITest&#xD;
</StdOut>
    </Output>
  </ResultSummary>
</TestRun>