<?xml version="1.0" encoding="utf-8"?>
<TestRun id="a72ff0e2-6215-468b-a9a9-1e7cf7ceb31b" name="runneradmin@fv-az1347-863 2024-08-01 14:07:17" runUser="fv-az1347-863\runneradmin" xmlns="http://microsoft.com/schemas/VisualStudio/TeamTest/2010">
  <Times creation="2024-08-01T14:07:17.6520993+00:00" queuing="2024-08-01T14:07:17.6520996+00:00" start="2024-08-01T14:07:01.4942440+00:00" finish="2024-08-01T14:07:19.0493492+00:00" />
  <TestSettings name="default" id="644c308b-e4f4-446b-838e-69ba0396830c">
    <Deployment runDeploymentRoot="runneradmin_fv-az1347-863_2024-08-01_14_07_17" />
  </TestSettings>
  <Results>
    <UnitTestResult executionId="6685a434-241a-40da-a2d9-e083ceb3dbef" testId="4ea3de90-a59d-3955-9940-560839244413" testName="Fededim.Extensions.Configuration.Protected.DataProtectionAPITest.DataProtectionAPIProtectProviderTest.RandomJsonFileTest(useJsonWithCommentFileProcessor: False)" computerName="fv-az1347-863" duration="00:00:00.2152061" startTime="2024-08-01T14:07:17.8155518+00:00" endTime="2024-08-01T14:07:17.8155520+00:00" testType="13cdc9d9-ddb5-4fa4-a97d-d965ccfc6d4b" outcome="Passed" testListId="8c84fa94-04c1-424b-9868-57a2d4851a1d" relativeResultsDirectory="6685a434-241a-40da-a2d9-e083ceb3dbef">
      <Output>
        <StdOut>Generated a random JSON file with 1000 keys, autogenerated strings max length 20 and autogenerated array max length 10&#xD;
File location file://D:/a/Fededim.Extensions.Configuration.Protected/Fededim.Extensions.Configuration.Protected/Fededim.Extensions.Configuration.Protected.DataProtectionAPITest/bin/Release/net6.0/random_289896211.json&#xD;
Size 322KB, starting test...&#xD;
8/1/2024 2:07:17 PM: Generated random JSON file (2641 entries) duration 15ms &#xD;
8/1/2024 2:07:17 PM: Encrypted random JSON file duration 37ms &#xD;
8/1/2024 2:07:17 PM: Checked that all random JSON file is encrypted duration 4ms &#xD;
8/1/2024 2:07:17 PM: Loaded and decrypted random JSON file with ProtectedConfigurationBuilder duration 155ms &#xD;
8/1/2024 2:07:17 PM: Checked that 2641 entries are equal duration 1ms</StdOut>
      </Output>
    </UnitTestResult>
    <UnitTestResult executionId="b1339f64-486f-47c4-8bff-cb14b9a217a3" testId="331a13af-5866-8d6a-671d-a2abfea42096" testName="Fededim.Extensions.Configuration.Protected.DataProtectionAPITest.DataProtectionAPIProtectProviderTest.RandomEnvironmentVariablesTest" computerName="fv-az1347-863" duration="00:00:00.5622217" startTime="2024-08-01T14:07:17.2165133+00:00" endTime="2024-08-01T14:07:17.2165136+00:00" testType="13cdc9d9-ddb5-4fa4-a97d-d965ccfc6d4b" outcome="Passed" testListId="8c84fa94-04c1-424b-9868-57a2d4851a1d" relativeResultsDirectory="b1339f64-486f-47c4-8bff-cb14b9a217a3">
      <Output>
        <StdOut>Generated a random environment variables 1000 keys, autogenerated strings max length 20 and autogenerated array max length 10&#xD;
Starting test...&#xD;
8/1/2024 2:07:16 PM: Generated random environment variables (note that Windows has a maximum size of 32KB for all environment variables, so not all 1000 keys could be created) duration 134ms &#xD;
8/1/2024 2:07:17 PM: Encrypted random environment variables duration 268ms &#xD;
8/1/2024 2:07:17 PM: Checked that all random environment variables are encrypted duration 1ms &#xD;
8/1/2024 2:07:17 PM: Loaded and decrypted random environment variables with ProtectedConfigurationBuilder duration 154ms &#xD;
8/1/2024 2:07:17 PM: Checked that 847 entries are equal duration 0ms</StdOut>
      </Output>
    </UnitTestResult>
    <UnitTestResult executionId="a327f266-7c6a-4a92-889e-90e2a51ec2b4" testId="092a9e9f-643d-a75f-e646-45602e92186b" testName="Fededim.Extensions.Configuration.Protected.DataProtectionAPITest.DataProtectionAPIProtectProviderTest.RandomInMemoryDictionaryTest" computerName="fv-az1347-863" duration="00:00:00.5572435" startTime="2024-08-01T14:07:16.6547902+00:00" endTime="2024-08-01T14:07:16.6548086+00:00" testType="13cdc9d9-ddb5-4fa4-a97d-d965ccfc6d4b" outcome="Passed" testListId="8c84fa94-04c1-424b-9868-57a2d4851a1d" relativeResultsDirectory="a327f266-7c6a-4a92-889e-90e2a51ec2b4">
      <Output>
        <StdOut>Generated a random in-memory dictionary with 1000 keys, autogenerated strings max length 20 and autogenerated array max length 10&#xD;
Starting test...&#xD;
8/1/2024 2:07:16 PM: Generated random in-memory dictionary duration 28ms &#xD;
8/1/2024 2:07:16 PM: Encrypted random in-memory dictionary duration 323ms &#xD;
8/1/2024 2:07:16 PM: Checked that all random in-memory dictionary is encrypted duration 0ms &#xD;
8/1/2024 2:07:16 PM: Loaded and decrypted random in-memory dictionary with ProtectedConfigurationBuilder duration 21ms &#xD;
8/1/2024 2:07:16 PM: Checked that 1000 entries are equal duration 4ms</StdOut>
      </Output>
    </UnitTestResult>
    <UnitTestResult executionId="fe27bb38-58c7-437c-beec-ee680f42f49b" testId="f63be0dc-1fac-0d73-eab5-ec6ea7cf7b08" testName="Fededim.Extensions.Configuration.Protected.DataProtectionAPITest.DataProtectionAPIProtectProviderTest.RandomCommandLineTest" computerName="fv-az1347-863" duration="00:00:00.0298961" startTime="2024-08-01T14:07:18.9903217+00:00" endTime="2024-08-01T14:07:18.9903221+00:00" testType="13cdc9d9-ddb5-4fa4-a97d-d965ccfc6d4b" outcome="Passed" testListId="8c84fa94-04c1-424b-9868-57a2d4851a1d" relativeResultsDirectory="fe27bb38-58c7-437c-beec-ee680f42f49b">
      <Output>
        <StdOut>Generated a random command line arguments with 1000 keys, autogenerated strings max length 20 and autogenerated array max length 10&#xD;
Starting test...&#xD;
8/1/2024 2:07:18 PM: Generated random comand line args duration 3ms &#xD;
8/1/2024 2:07:18 PM: Encrypted random comand line args duration 8ms &#xD;
8/1/2024 2:07:18 PM: Checked that all random comand line args are encrypted duration 0ms &#xD;
8/1/2024 2:07:18 PM: Loaded and decrypted random comand line args with ProtectedConfigurationBuilder duration 14ms &#xD;
8/1/2024 2:07:18 PM: Checked that 1000 entries are equal duration 0ms</StdOut>
      </Output>
    </UnitTestResult>
    <UnitTestResult executionId="34caba9c-d469-487a-8b1f-b3fc78209bfb" testId="cab792d5-caf7-94cb-7dd5-8cd2bf26d466" testName="Fededim.Extensions.Configuration.Protected.DataProtectionAPITest.DataProtectionAPIProtectProviderTest.RandomXmlFileTest" computerName="fv-az1347-863" duration="00:00:01.1445905" startTime="2024-08-01T14:07:18.9603059+00:00" endTime="2024-08-01T14:07:18.9603062+00:00" testType="13cdc9d9-ddb5-4fa4-a97d-d965ccfc6d4b" outcome="Passed" testListId="8c84fa94-04c1-424b-9868-57a2d4851a1d" relativeResultsDirectory="34caba9c-d469-487a-8b1f-b3fc78209bfb">
      <Output>
        <StdOut>Generated a random XML file with 1000 keys, autogenerated strings max length 20 and autogenerated array max length 10&#xD;
File location file://D:/a/Fededim.Extensions.Configuration.Protected/Fededim.Extensions.Configuration.Protected/Fededim.Extensions.Configuration.Protected.DataProtectionAPITest/bin/Release/net6.0/random_1459308877.xml&#xD;
Size 267KB, starting test...&#xD;
8/1/2024 2:07:18 PM: Generated random XML file (2592 entries) duration 656ms &#xD;
8/1/2024 2:07:18 PM: Encrypted random XML file duration 83ms &#xD;
8/1/2024 2:07:18 PM: Checked that all random XML file is encrypted duration 14ms &#xD;
8/1/2024 2:07:18 PM: Loaded and decrypted random XML file with ProtectedConfigurationBuilder duration 383ms &#xD;
8/1/2024 2:07:18 PM: Checked that 2592 entries are equal duration 1ms</StdOut>
      </Output>
    </UnitTestResult>
    <UnitTestResult executionId="8b8cb0c5-01a1-44bd-8558-5027f56a9bff" testId="40bc2ee2-12b8-c08c-ad81-e8c0efee775c" testName="Fededim.Extensions.Configuration.Protected.DataProtectionAPITest.DataProtectionAPIProtectProviderTest.RandomJsonFileTest(useJsonWithCommentFileProcessor: True)" computerName="fv-az1347-863" duration="00:00:00.3836260" startTime="2024-08-01T14:07:17.6002428+00:00" endTime="2024-08-01T14:07:17.6002430+00:00" testType="13cdc9d9-ddb5-4fa4-a97d-d965ccfc6d4b" outcome="Passed" testListId="8c84fa94-04c1-424b-9868-57a2d4851a1d" relativeResultsDirectory="8b8cb0c5-01a1-44bd-8558-5027f56a9bff">
      <Output>
        <StdOut>Generated a random JSON file with 1000 keys, autogenerated strings max length 20 and autogenerated array max length 10&#xD;
File location file://D:/a/Fededim.Extensions.Configuration.Protected/Fededim.Extensions.Configuration.Protected/Fededim.Extensions.Configuration.Protected.DataProtectionAPITest/bin/Release/net6.0/random_751085821.json&#xD;
Size 386KB, starting test...&#xD;
8/1/2024 2:07:17 PM: Generated random JSON file (2507 entries) duration 127ms &#xD;
8/1/2024 2:07:17 PM: Encrypted random JSON file duration 102ms &#xD;
8/1/2024 2:07:17 PM: Checked that all random JSON file is encrypted duration 92ms &#xD;
8/1/2024 2:07:17 PM: Loaded and decrypted random JSON file with ProtectedConfigurationBuilder duration 53ms &#xD;
8/1/2024 2:07:17 PM: Checked that 2507 entries are equal duration 1ms</StdOut>
      </Output>
    </UnitTestResult>
  </Results>
  <TestDefinitions>
    <UnitTest name="Fededim.Extensions.Configuration.Protected.DataProtectionAPITest.DataProtectionAPIProtectProviderTest.RandomJsonFileTest(useJsonWithCommentFileProcessor: True)" storage="d:\a\fededim.extensions.configuration.protected\fededim.extensions.configuration.protected\fededim.extensions.configuration.protected.dataprotectionapitest\bin\release\net6.0\fededim.extensions.configuration.protected.dataprotectionapitest.dll" id="40bc2ee2-12b8-c08c-ad81-e8c0efee775c">
      <Execution id="8b8cb0c5-01a1-44bd-8558-5027f56a9bff" />
      <TestMethod codeBase="D:\a\Fededim.Extensions.Configuration.Protected\Fededim.Extensions.Configuration.Protected\Fededim.Extensions.Configuration.Protected.DataProtectionAPITest\bin\Release\net6.0\Fededim.Extensions.Configuration.Protected.DataProtectionAPITest.dll" adapterTypeName="executor://xunit/VsTestRunner2/netcoreapp" className="Fededim.Extensions.Configuration.Protected.DataProtectionAPITest.DataProtectionAPIProtectProviderTest" name="RandomJsonFileTest" />
    </UnitTest>
    <UnitTest name="Fededim.Extensions.Configuration.Protected.DataProtectionAPITest.DataProtectionAPIProtectProviderTest.RandomXmlFileTest" storage="d:\a\fededim.extensions.configuration.protected\fededim.extensions.configuration.protected\fededim.extensions.configuration.protected.dataprotectionapitest\bin\release\net6.0\fededim.extensions.configuration.protected.dataprotectionapitest.dll" id="cab792d5-caf7-94cb-7dd5-8cd2bf26d466">
      <Execution id="34caba9c-d469-487a-8b1f-b3fc78209bfb" />
      <TestMethod codeBase="D:\a\Fededim.Extensions.Configuration.Protected\Fededim.Extensions.Configuration.Protected\Fededim.Extensions.Configuration.Protected.DataProtectionAPITest\bin\Release\net6.0\Fededim.Extensions.Configuration.Protected.DataProtectionAPITest.dll" adapterTypeName="executor://xunit/VsTestRunner2/netcoreapp" className="Fededim.Extensions.Configuration.Protected.DataProtectionAPITest.DataProtectionAPIProtectProviderTest" name="RandomXmlFileTest" />
    </UnitTest>
    <UnitTest name="Fededim.Extensions.Configuration.Protected.DataProtectionAPITest.DataProtectionAPIProtectProviderTest.RandomInMemoryDictionaryTest" storage="d:\a\fededim.extensions.configuration.protected\fededim.extensions.configuration.protected\fededim.extensions.configuration.protected.dataprotectionapitest\bin\release\net6.0\fededim.extensions.configuration.protected.dataprotectionapitest.dll" id="092a9e9f-643d-a75f-e646-45602e92186b">
      <Execution id="a327f266-7c6a-4a92-889e-90e2a51ec2b4" />
      <TestMethod codeBase="D:\a\Fededim.Extensions.Configuration.Protected\Fededim.Extensions.Configuration.Protected\Fededim.Extensions.Configuration.Protected.DataProtectionAPITest\bin\Release\net6.0\Fededim.Extensions.Configuration.Protected.DataProtectionAPITest.dll" adapterTypeName="executor://xunit/VsTestRunner2/netcoreapp" className="Fededim.Extensions.Configuration.Protected.DataProtectionAPITest.DataProtectionAPIProtectProviderTest" name="RandomInMemoryDictionaryTest" />
    </UnitTest>
    <UnitTest name="Fededim.Extensions.Configuration.Protected.DataProtectionAPITest.DataProtectionAPIProtectProviderTest.RandomCommandLineTest" storage="d:\a\fededim.extensions.configuration.protected\fededim.extensions.configuration.protected\fededim.extensions.configuration.protected.dataprotectionapitest\bin\release\net6.0\fededim.extensions.configuration.protected.dataprotectionapitest.dll" id="f63be0dc-1fac-0d73-eab5-ec6ea7cf7b08">
      <Execution id="fe27bb38-58c7-437c-beec-ee680f42f49b" />
      <TestMethod codeBase="D:\a\Fededim.Extensions.Configuration.Protected\Fededim.Extensions.Configuration.Protected\Fededim.Extensions.Configuration.Protected.DataProtectionAPITest\bin\Release\net6.0\Fededim.Extensions.Configuration.Protected.DataProtectionAPITest.dll" adapterTypeName="executor://xunit/VsTestRunner2/netcoreapp" className="Fededim.Extensions.Configuration.Protected.DataProtectionAPITest.DataProtectionAPIProtectProviderTest" name="RandomCommandLineTest" />
    </UnitTest>
    <UnitTest name="Fededim.Extensions.Configuration.Protected.DataProtectionAPITest.DataProtectionAPIProtectProviderTest.RandomJsonFileTest(useJsonWithCommentFileProcessor: False)" storage="d:\a\fededim.extensions.configuration.protected\fededim.extensions.configuration.protected\fededim.extensions.configuration.protected.dataprotectionapitest\bin\release\net6.0\fededim.extensions.configuration.protected.dataprotectionapitest.dll" id="4ea3de90-a59d-3955-9940-560839244413">
      <Execution id="6685a434-241a-40da-a2d9-e083ceb3dbef" />
      <TestMethod codeBase="D:\a\Fededim.Extensions.Configuration.Protected\Fededim.Extensions.Configuration.Protected\Fededim.Extensions.Configuration.Protected.DataProtectionAPITest\bin\Release\net6.0\Fededim.Extensions.Configuration.Protected.DataProtectionAPITest.dll" adapterTypeName="executor://xunit/VsTestRunner2/netcoreapp" className="Fededim.Extensions.Configuration.Protected.DataProtectionAPITest.DataProtectionAPIProtectProviderTest" name="RandomJsonFileTest" />
    </UnitTest>
    <UnitTest name="Fededim.Extensions.Configuration.Protected.DataProtectionAPITest.DataProtectionAPIProtectProviderTest.RandomEnvironmentVariablesTest" storage="d:\a\fededim.extensions.configuration.protected\fededim.extensions.configuration.protected\fededim.extensions.configuration.protected.dataprotectionapitest\bin\release\net6.0\fededim.extensions.configuration.protected.dataprotectionapitest.dll" id="331a13af-5866-8d6a-671d-a2abfea42096">
      <Execution id="b1339f64-486f-47c4-8bff-cb14b9a217a3" />
      <TestMethod codeBase="D:\a\Fededim.Extensions.Configuration.Protected\Fededim.Extensions.Configuration.Protected\Fededim.Extensions.Configuration.Protected.DataProtectionAPITest\bin\Release\net6.0\Fededim.Extensions.Configuration.Protected.DataProtectionAPITest.dll" adapterTypeName="executor://xunit/VsTestRunner2/netcoreapp" className="Fededim.Extensions.Configuration.Protected.DataProtectionAPITest.DataProtectionAPIProtectProviderTest" name="RandomEnvironmentVariablesTest" />
    </UnitTest>
  </TestDefinitions>
  <TestEntries>
    <TestEntry testId="4ea3de90-a59d-3955-9940-560839244413" executionId="6685a434-241a-40da-a2d9-e083ceb3dbef" testListId="8c84fa94-04c1-424b-9868-57a2d4851a1d" />
    <TestEntry testId="331a13af-5866-8d6a-671d-a2abfea42096" executionId="b1339f64-486f-47c4-8bff-cb14b9a217a3" testListId="8c84fa94-04c1-424b-9868-57a2d4851a1d" />
    <TestEntry testId="092a9e9f-643d-a75f-e646-45602e92186b" executionId="a327f266-7c6a-4a92-889e-90e2a51ec2b4" testListId="8c84fa94-04c1-424b-9868-57a2d4851a1d" />
    <TestEntry testId="f63be0dc-1fac-0d73-eab5-ec6ea7cf7b08" executionId="fe27bb38-58c7-437c-beec-ee680f42f49b" testListId="8c84fa94-04c1-424b-9868-57a2d4851a1d" />
    <TestEntry testId="cab792d5-caf7-94cb-7dd5-8cd2bf26d466" executionId="34caba9c-d469-487a-8b1f-b3fc78209bfb" testListId="8c84fa94-04c1-424b-9868-57a2d4851a1d" />
    <TestEntry testId="40bc2ee2-12b8-c08c-ad81-e8c0efee775c" executionId="8b8cb0c5-01a1-44bd-8558-5027f56a9bff" testListId="8c84fa94-04c1-424b-9868-57a2d4851a1d" />
  </TestEntries>
  <TestLists>
    <TestList name="Results Not in a List" id="8c84fa94-04c1-424b-9868-57a2d4851a1d" />
    <TestList name="All Loaded Results" id="19431567-8539-422a-85d7-44ee4e166bda" />
  </TestLists>
  <ResultSummary outcome="Completed">
    <Counters total="6" executed="6" passed="6" failed="0" error="0" timeout="0" aborted="0" inconclusive="0" passedButRunAborted="0" notRunnable="0" notExecuted="0" disconnected="0" warning="0" completed="0" inProgress="0" pending="0" />
    <Output>
      <StdOut>[xUnit.net 00:00:00.00] xUnit.net VSTest Adapter v2.8.2+699d445a1a (64-bit .NET 6.0.32)&#xD;
[xUnit.net 00:00:01.24]   Discovering: Fededim.Extensions.Configuration.Protected.DataProtectionAPITest&#xD;
[xUnit.net 00:00:01.93]   Discovered:  Fededim.Extensions.Configuration.Protected.DataProtectionAPITest&#xD;
[xUnit.net 00:00:01.93]   Starting:    Fededim.Extensions.Configuration.Protected.DataProtectionAPITest&#xD;
[xUnit.net 00:00:04.94]   Finished:    Fededim.Extensions.Configuration.Protected.DataProtectionAPITest&#xD;
</StdOut>
    </Output>
  </ResultSummary>
</TestRun>