<?xml version="1.0" encoding="utf-8"?>
<TestRun id="67e6db71-8f04-4580-bf9f-8173257dff96" name="runneradmin@fv-az653-680 2024-08-01 17:45:10" runUser="fv-az653-680\runneradmin" xmlns="http://microsoft.com/schemas/VisualStudio/TeamTest/2010">
  <Times creation="2024-08-01T17:45:10.7567602+00:00" queuing="2024-08-01T17:45:10.7567604+00:00" start="2024-08-01T17:45:03.4059662+00:00" finish="2024-08-01T17:51:34.3531732+00:00" />
  <TestSettings name="default" id="59760beb-6f30-4a45-b25e-38701f3b2b02">
    <Deployment runDeploymentRoot="runneradmin_fv-az653-680_2024-08-01_17_45_10" />
  </TestSettings>
  <Results>
    <UnitTestResult executionId="c622d10b-535f-4c2f-a820-aef6fecaadfe" testId="215bdca5-d044-0fe3-ab3a-2e4442ce76c5" testName="Fededim.Extensions.Configuration.Protected.DataProtectionAPITest.DataProtectionAPIProtectProviderTest.RandomJsonFileTest(useJsonWithCommentFileProcessor: False)" computerName="fv-az653-680" duration="00:00:16.2200000" startTime="2024-08-01T17:45:45.1334853+00:00" endTime="2024-08-01T17:45:45.1334853+00:00" testType="13cdc9d9-ddb5-4fa4-a97d-d965ccfc6d4b" outcome="Passed" testListId="8c84fa94-04c1-424b-9868-57a2d4851a1d" relativeResultsDirectory="c622d10b-535f-4c2f-a820-aef6fecaadfe">
      <Output>
        <StdOut>Generated a random JSON file with 100000 keys, autogenerated strings max length 20 and autogenerated array max length 10&#xD;
File location file://D:/a/Fededim.Extensions.Configuration.Protected/Fededim.Extensions.Configuration.Protected/Fededim.Extensions.Configuration.Protected.DataProtectionAPITest/bin/Release/net462/random_1613688905.json&#xD;
Size 58844KB, starting test...&#xD;
8/1/2024 5:45:30 PM: Generated random JSON file (250211 entries) duration 1479ms &#xD;
8/1/2024 5:45:34 PM: Encrypted random JSON file duration 4197ms &#xD;
8/1/2024 5:45:35 PM: Checked that all random JSON file is encrypted duration 937ms &#xD;
8/1/2024 5:45:44 PM: Loaded and decrypted random JSON file with ProtectedConfigurationBuilder duration 8935ms &#xD;
8/1/2024 5:45:45 PM: Checked that 250211 entries are equal duration 670ms</StdOut>
      </Output>
    </UnitTestResult>
    <UnitTestResult executionId="b31e260b-4026-4166-a369-f0eed9f5c65c" testId="b9bf8ed7-522c-e76a-b80e-8d05fc5adc83" testName="Fededim.Extensions.Configuration.Protected.DataProtectionAPITest.DataProtectionAPIProtectProviderTest.RandomCommandLineTest" computerName="fv-az653-680" duration="00:00:03.2830000" startTime="2024-08-01T17:51:34.1587442+00:00" endTime="2024-08-01T17:51:34.1587442+00:00" testType="13cdc9d9-ddb5-4fa4-a97d-d965ccfc6d4b" outcome="Passed" testListId="8c84fa94-04c1-424b-9868-57a2d4851a1d" relativeResultsDirectory="b31e260b-4026-4166-a369-f0eed9f5c65c">
      <Output>
        <StdOut>Generated a random command line arguments with 100000 keys, autogenerated strings max length 20 and autogenerated array max length 10&#xD;
Starting test...&#xD;
8/1/2024 5:51:31 PM: Generated random comand line args duration 242ms &#xD;
8/1/2024 5:51:32 PM: Encrypted random comand line args duration 919ms &#xD;
8/1/2024 5:51:32 PM: Checked that all random comand line args are encrypted duration 57ms &#xD;
8/1/2024 5:51:34 PM: Loaded and decrypted random comand line args with ProtectedConfigurationBuilder duration 1995ms &#xD;
8/1/2024 5:51:34 PM: Checked that 100000 entries are equal duration 58ms</StdOut>
      </Output>
    </UnitTestResult>
    <UnitTestResult executionId="a945271e-6116-4e0d-bf87-c586b69368c5" testId="97ac352b-e433-e531-3210-5b085419ca0a" testName="Fededim.Extensions.Configuration.Protected.DataProtectionAPITest.DataProtectionAPIProtectProviderTest.RandomXmlFileTest" computerName="fv-az653-680" duration="00:05:45.7430000" startTime="2024-08-01T17:51:30.8754725+00:00" endTime="2024-08-01T17:51:30.8754725+00:00" testType="13cdc9d9-ddb5-4fa4-a97d-d965ccfc6d4b" outcome="Passed" testListId="8c84fa94-04c1-424b-9868-57a2d4851a1d" relativeResultsDirectory="a945271e-6116-4e0d-bf87-c586b69368c5">
      <Output>
        <StdOut>Generated a random XML file with 100000 keys, autogenerated strings max length 20 and autogenerated array max length 10&#xD;
File location file://D:/a/Fededim.Extensions.Configuration.Protected/Fededim.Extensions.Configuration.Protected/Fededim.Extensions.Configuration.Protected.DataProtectionAPITest/bin/Release/net462/random_700956516.xml&#xD;
Size 26447KB, starting test...&#xD;
8/1/2024 5:51:13 PM: Generated random XML file (246165 entries) duration 00:05:28.6938404 &#xD;
8/1/2024 5:51:18 PM: Encrypted random XML file duration 4475ms &#xD;
8/1/2024 5:51:19 PM: Checked that all random XML file is encrypted duration 1340ms &#xD;
8/1/2024 5:51:30 PM: Loaded and decrypted random XML file with ProtectedConfigurationBuilder duration 00:00:10.5397999 &#xD;
8/1/2024 5:51:30 PM: Checked that 246165 entries are equal duration 682ms</StdOut>
      </Output>
    </UnitTestResult>
    <UnitTestResult executionId="5deb3ac3-5899-49f3-90b2-acf9254e8bba" testId="f6916fa8-7335-1ac2-9bd9-068ab445ecb1" testName="Fededim.Extensions.Configuration.Protected.DataProtectionAPITest.DataProtectionAPIProtectProviderTest.RandomJsonFileTest(useJsonWithCommentFileProcessor: True)" computerName="fv-az653-680" duration="00:00:16.2230000" startTime="2024-08-01T17:45:28.9051785+00:00" endTime="2024-08-01T17:45:28.9051785+00:00" testType="13cdc9d9-ddb5-4fa4-a97d-d965ccfc6d4b" outcome="Passed" testListId="8c84fa94-04c1-424b-9868-57a2d4851a1d" relativeResultsDirectory="5deb3ac3-5899-49f3-90b2-acf9254e8bba">
      <Output>
        <StdOut>Generated a random JSON file with 100000 keys, autogenerated strings max length 20 and autogenerated array max length 10&#xD;
File location file://D:/a/Fededim.Extensions.Configuration.Protected/Fededim.Extensions.Configuration.Protected/Fededim.Extensions.Configuration.Protected.DataProtectionAPITest/bin/Release/net462/random_1500837466.json&#xD;
Size 59017KB, starting test...&#xD;
8/1/2024 5:45:14 PM: Generated random JSON file (249564 entries) duration 1691ms &#xD;
8/1/2024 5:45:18 PM: Encrypted random JSON file duration 3815ms &#xD;
8/1/2024 5:45:19 PM: Checked that all random JSON file is encrypted duration 914ms &#xD;
8/1/2024 5:45:28 PM: Loaded and decrypted random JSON file with ProtectedConfigurationBuilder duration 8987ms &#xD;
8/1/2024 5:45:28 PM: Checked that 249564 entries are equal duration 669ms</StdOut>
      </Output>
    </UnitTestResult>
    <UnitTestResult executionId="2321478d-427a-4ceb-adfd-7f8b27adaa8e" testId="f352b3e4-d8b2-0588-46bb-043afb7266c1" testName="Fededim.Extensions.Configuration.Protected.DataProtectionAPITest.DataProtectionAPIProtectProviderTest.RandomEnvironmentVariablesTest" computerName="fv-az653-680" duration="00:00:01.9680000" startTime="2024-08-01T17:45:12.6760398+00:00" endTime="2024-08-01T17:45:12.6760398+00:00" testType="13cdc9d9-ddb5-4fa4-a97d-d965ccfc6d4b" outcome="Passed" testListId="8c84fa94-04c1-424b-9868-57a2d4851a1d" relativeResultsDirectory="2321478d-427a-4ceb-adfd-7f8b27adaa8e">
      <Output>
        <StdOut>Generated a random environment variables 100000 keys, autogenerated strings max length 20 and autogenerated array max length 10&#xD;
Starting test...&#xD;
8/1/2024 5:45:11 PM: Generated random environment variables (note that Windows has a maximum size of 32KB for all environment variables, so not all 100000 keys could be created) duration 749ms &#xD;
8/1/2024 5:45:12 PM: Encrypted random environment variables duration 1161ms &#xD;
8/1/2024 5:45:12 PM: Checked that all random environment variables are encrypted duration 2ms &#xD;
8/1/2024 5:45:12 PM: Loaded and decrypted random environment variables with ProtectedConfigurationBuilder duration 44ms &#xD;
8/1/2024 5:45:12 PM: Checked that 1780 entries are equal duration 1ms</StdOut>
      </Output>
    </UnitTestResult>
    <UnitTestResult executionId="e5a57e37-d4c2-42cc-bba3-5a377431a6dc" testId="a5b4138a-877c-581b-780d-3494b3972f17" testName="Fededim.Extensions.Configuration.Protected.DataProtectionAPITest.DataProtectionAPIProtectProviderTest.RandomInMemoryDictionaryTest" computerName="fv-az653-680" duration="00:00:04.9890000" startTime="2024-08-01T17:45:10.7221755+00:00" endTime="2024-08-01T17:45:10.7221755+00:00" testType="13cdc9d9-ddb5-4fa4-a97d-d965ccfc6d4b" outcome="Passed" testListId="8c84fa94-04c1-424b-9868-57a2d4851a1d" relativeResultsDirectory="e5a57e37-d4c2-42cc-bba3-5a377431a6dc">
      <Output>
        <StdOut>Generated a random in-memory dictionary with 100000 keys, autogenerated strings max length 20 and autogenerated array max length 10&#xD;
Starting test...&#xD;
8/1/2024 5:45:07 PM: Generated random in-memory dictionary duration 321ms &#xD;
8/1/2024 5:45:08 PM: Encrypted random in-memory dictionary duration 1151ms &#xD;
8/1/2024 5:45:08 PM: Checked that all random in-memory dictionary is encrypted duration 59ms &#xD;
8/1/2024 5:45:10 PM: Loaded and decrypted random in-memory dictionary with ProtectedConfigurationBuilder duration 2102ms &#xD;
8/1/2024 5:45:10 PM: Checked that 100000 entries are equal duration 56ms</StdOut>
      </Output>
    </UnitTestResult>
  </Results>
  <TestDefinitions>
    <UnitTest name="Fededim.Extensions.Configuration.Protected.DataProtectionAPITest.DataProtectionAPIProtectProviderTest.RandomXmlFileTest" storage="d:\a\fededim.extensions.configuration.protected\fededim.extensions.configuration.protected\fededim.extensions.configuration.protected.dataprotectionapitest\bin\release\net462\fededim.extensions.configuration.protected.dataprotectionapitest.dll" id="97ac352b-e433-e531-3210-5b085419ca0a">
      <Execution id="a945271e-6116-4e0d-bf87-c586b69368c5" />
      <TestMethod codeBase="D:\a\Fededim.Extensions.Configuration.Protected\Fededim.Extensions.Configuration.Protected\Fededim.Extensions.Configuration.Protected.DataProtectionAPITest\bin\Release\net462\Fededim.Extensions.Configuration.Protected.DataProtectionAPITest.dll" adapterTypeName="executor://xunit/VsTestRunner2/net" className="Fededim.Extensions.Configuration.Protected.DataProtectionAPITest.DataProtectionAPIProtectProviderTest" name="RandomXmlFileTest" />
    </UnitTest>
    <UnitTest name="Fededim.Extensions.Configuration.Protected.DataProtectionAPITest.DataProtectionAPIProtectProviderTest.RandomInMemoryDictionaryTest" storage="d:\a\fededim.extensions.configuration.protected\fededim.extensions.configuration.protected\fededim.extensions.configuration.protected.dataprotectionapitest\bin\release\net462\fededim.extensions.configuration.protected.dataprotectionapitest.dll" id="a5b4138a-877c-581b-780d-3494b3972f17">
      <Execution id="e5a57e37-d4c2-42cc-bba3-5a377431a6dc" />
      <TestMethod codeBase="D:\a\Fededim.Extensions.Configuration.Protected\Fededim.Extensions.Configuration.Protected\Fededim.Extensions.Configuration.Protected.DataProtectionAPITest\bin\Release\net462\Fededim.Extensions.Configuration.Protected.DataProtectionAPITest.dll" adapterTypeName="executor://xunit/VsTestRunner2/net" className="Fededim.Extensions.Configuration.Protected.DataProtectionAPITest.DataProtectionAPIProtectProviderTest" name="RandomInMemoryDictionaryTest" />
    </UnitTest>
    <UnitTest name="Fededim.Extensions.Configuration.Protected.DataProtectionAPITest.DataProtectionAPIProtectProviderTest.RandomEnvironmentVariablesTest" storage="d:\a\fededim.extensions.configuration.protected\fededim.extensions.configuration.protected\fededim.extensions.configuration.protected.dataprotectionapitest\bin\release\net462\fededim.extensions.configuration.protected.dataprotectionapitest.dll" id="f352b3e4-d8b2-0588-46bb-043afb7266c1">
      <Execution id="2321478d-427a-4ceb-adfd-7f8b27adaa8e" />
      <TestMethod codeBase="D:\a\Fededim.Extensions.Configuration.Protected\Fededim.Extensions.Configuration.Protected\Fededim.Extensions.Configuration.Protected.DataProtectionAPITest\bin\Release\net462\Fededim.Extensions.Configuration.Protected.DataProtectionAPITest.dll" adapterTypeName="executor://xunit/VsTestRunner2/net" className="Fededim.Extensions.Configuration.Protected.DataProtectionAPITest.DataProtectionAPIProtectProviderTest" name="RandomEnvironmentVariablesTest" />
    </UnitTest>
    <UnitTest name="Fededim.Extensions.Configuration.Protected.DataProtectionAPITest.DataProtectionAPIProtectProviderTest.RandomJsonFileTest(useJsonWithCommentFileProcessor: True)" storage="d:\a\fededim.extensions.configuration.protected\fededim.extensions.configuration.protected\fededim.extensions.configuration.protected.dataprotectionapitest\bin\release\net462\fededim.extensions.configuration.protected.dataprotectionapitest.dll" id="f6916fa8-7335-1ac2-9bd9-068ab445ecb1">
      <Execution id="5deb3ac3-5899-49f3-90b2-acf9254e8bba" />
      <TestMethod codeBase="D:\a\Fededim.Extensions.Configuration.Protected\Fededim.Extensions.Configuration.Protected\Fededim.Extensions.Configuration.Protected.DataProtectionAPITest\bin\Release\net462\Fededim.Extensions.Configuration.Protected.DataProtectionAPITest.dll" adapterTypeName="executor://xunit/VsTestRunner2/net" className="Fededim.Extensions.Configuration.Protected.DataProtectionAPITest.DataProtectionAPIProtectProviderTest" name="RandomJsonFileTest" />
    </UnitTest>
    <UnitTest name="Fededim.Extensions.Configuration.Protected.DataProtectionAPITest.DataProtectionAPIProtectProviderTest.RandomCommandLineTest" storage="d:\a\fededim.extensions.configuration.protected\fededim.extensions.configuration.protected\fededim.extensions.configuration.protected.dataprotectionapitest\bin\release\net462\fededim.extensions.configuration.protected.dataprotectionapitest.dll" id="b9bf8ed7-522c-e76a-b80e-8d05fc5adc83">
      <Execution id="b31e260b-4026-4166-a369-f0eed9f5c65c" />
      <TestMethod codeBase="D:\a\Fededim.Extensions.Configuration.Protected\Fededim.Extensions.Configuration.Protected\Fededim.Extensions.Configuration.Protected.DataProtectionAPITest\bin\Release\net462\Fededim.Extensions.Configuration.Protected.DataProtectionAPITest.dll" adapterTypeName="executor://xunit/VsTestRunner2/net" className="Fededim.Extensions.Configuration.Protected.DataProtectionAPITest.DataProtectionAPIProtectProviderTest" name="RandomCommandLineTest" />
    </UnitTest>
    <UnitTest name="Fededim.Extensions.Configuration.Protected.DataProtectionAPITest.DataProtectionAPIProtectProviderTest.RandomJsonFileTest(useJsonWithCommentFileProcessor: False)" storage="d:\a\fededim.extensions.configuration.protected\fededim.extensions.configuration.protected\fededim.extensions.configuration.protected.dataprotectionapitest\bin\release\net462\fededim.extensions.configuration.protected.dataprotectionapitest.dll" id="215bdca5-d044-0fe3-ab3a-2e4442ce76c5">
      <Execution id="c622d10b-535f-4c2f-a820-aef6fecaadfe" />
      <TestMethod codeBase="D:\a\Fededim.Extensions.Configuration.Protected\Fededim.Extensions.Configuration.Protected\Fededim.Extensions.Configuration.Protected.DataProtectionAPITest\bin\Release\net462\Fededim.Extensions.Configuration.Protected.DataProtectionAPITest.dll" adapterTypeName="executor://xunit/VsTestRunner2/net" className="Fededim.Extensions.Configuration.Protected.DataProtectionAPITest.DataProtectionAPIProtectProviderTest" name="RandomJsonFileTest" />
    </UnitTest>
  </TestDefinitions>
  <TestEntries>
    <TestEntry testId="215bdca5-d044-0fe3-ab3a-2e4442ce76c5" executionId="c622d10b-535f-4c2f-a820-aef6fecaadfe" testListId="8c84fa94-04c1-424b-9868-57a2d4851a1d" />
    <TestEntry testId="b9bf8ed7-522c-e76a-b80e-8d05fc5adc83" executionId="b31e260b-4026-4166-a369-f0eed9f5c65c" testListId="8c84fa94-04c1-424b-9868-57a2d4851a1d" />
    <TestEntry testId="97ac352b-e433-e531-3210-5b085419ca0a" executionId="a945271e-6116-4e0d-bf87-c586b69368c5" testListId="8c84fa94-04c1-424b-9868-57a2d4851a1d" />
    <TestEntry testId="f6916fa8-7335-1ac2-9bd9-068ab445ecb1" executionId="5deb3ac3-5899-49f3-90b2-acf9254e8bba" testListId="8c84fa94-04c1-424b-9868-57a2d4851a1d" />
    <TestEntry testId="f352b3e4-d8b2-0588-46bb-043afb7266c1" executionId="2321478d-427a-4ceb-adfd-7f8b27adaa8e" testListId="8c84fa94-04c1-424b-9868-57a2d4851a1d" />
    <TestEntry testId="a5b4138a-877c-581b-780d-3494b3972f17" executionId="e5a57e37-d4c2-42cc-bba3-5a377431a6dc" testListId="8c84fa94-04c1-424b-9868-57a2d4851a1d" />
  </TestEntries>
  <TestLists>
    <TestList name="Results Not in a List" id="8c84fa94-04c1-424b-9868-57a2d4851a1d" />
    <TestList name="All Loaded Results" id="19431567-8539-422a-85d7-44ee4e166bda" />
  </TestLists>
  <ResultSummary outcome="Completed">
    <Counters total="6" executed="6" passed="6" failed="0" error="0" timeout="0" aborted="0" inconclusive="0" passedButRunAborted="0" notRunnable="0" notExecuted="0" disconnected="0" warning="0" completed="0" inProgress="0" pending="0" />
    <Output>
      <StdOut>[xUnit.net 00:00:00.01] xUnit.net VSTest Adapter v2.8.2+699d445a1a (64-bit .NET Framework 4.8.9256.0)&#xD;
[xUnit.net 00:00:00.81]   Discovering: Fededim.Extensions.Configuration.Protected.DataProtectionAPITest&#xD;
[xUnit.net 00:00:00.94]   Discovered:  Fededim.Extensions.Configuration.Protected.DataProtectionAPITest&#xD;
[xUnit.net 00:00:00.95]   Starting:    Fededim.Extensions.Configuration.Protected.DataProtectionAPITest&#xD;
[xUnit.net 00:06:29.54]   Finished:    Fededim.Extensions.Configuration.Protected.DataProtectionAPITest&#xD;
</StdOut>
    </Output>
  </ResultSummary>
</TestRun>