<?xml version="1.0" encoding="utf-8"?>
<TestRun id="0bbde7ed-4ad5-4a2f-89b8-b59a733655fc" name="runneradmin@fv-az972-403 2024-08-01 14:02:24" runUser="fv-az972-403\runneradmin" xmlns="http://microsoft.com/schemas/VisualStudio/TeamTest/2010">
  <Times creation="2024-08-01T14:02:24.7948036+00:00" queuing="2024-08-01T14:02:24.7948037+00:00" start="2024-08-01T14:02:01.5011421+00:00" finish="2024-08-01T14:02:26.2872955+00:00" />
  <TestSettings name="default" id="eec4ea57-985c-4ccb-8452-92161020ad1c">
    <Deployment runDeploymentRoot="runneradmin_fv-az972-403_2024-08-01_14_02_24" />
  </TestSettings>
  <Results>
    <UnitTestResult executionId="8142441b-dc9f-4511-9b2f-fc56acd97fee" testId="cab792d5-caf7-94cb-7dd5-8cd2bf26d466" testName="Fededim.Extensions.Configuration.Protected.DataProtectionAPITest.DataProtectionAPIProtectProviderTest.RandomXmlFileTest" computerName="fv-az972-403" duration="00:00:01.2054046" startTime="2024-08-01T14:02:26.1708367+00:00" endTime="2024-08-01T14:02:26.1708370+00:00" testType="13cdc9d9-ddb5-4fa4-a97d-d965ccfc6d4b" outcome="Passed" testListId="8c84fa94-04c1-424b-9868-57a2d4851a1d" relativeResultsDirectory="8142441b-dc9f-4511-9b2f-fc56acd97fee">
      <Output>
        <StdOut>Generated a random XML file with 1000 keys, autogenerated strings max length 20 and autogenerated array max length 10&#xD;
File location file://D:/a/Fededim.Extensions.Configuration.Protected/Fededim.Extensions.Configuration.Protected/Fededim.Extensions.Configuration.Protected.DataProtectionAPITest/bin/Release/net6.0/random_713013502.xml&#xD;
Size 258KB, starting test...&#xD;
8/1/2024 2:02:25 PM: Generated random XML file (2516 entries) duration 757ms &#xD;
8/1/2024 2:02:25 PM: Encrypted random XML file duration 106ms &#xD;
8/1/2024 2:02:25 PM: Checked that all random XML file is encrypted duration 6ms &#xD;
8/1/2024 2:02:26 PM: Loaded and decrypted random XML file with ProtectedConfigurationBuilder duration 328ms &#xD;
8/1/2024 2:02:26 PM: Checked that 2516 entries are equal duration 1ms</StdOut>
      </Output>
    </UnitTestResult>
    <UnitTestResult executionId="50e1ee6a-be36-4894-8f8c-772118d1ad6f" testId="40bc2ee2-12b8-c08c-ad81-e8c0efee775c" testName="Fededim.Extensions.Configuration.Protected.DataProtectionAPITest.DataProtectionAPIProtectProviderTest.RandomJsonFileTest(useJsonWithCommentFileProcessor: True)" computerName="fv-az972-403" duration="00:00:00.4283981" startTime="2024-08-01T14:02:24.8371653+00:00" endTime="2024-08-01T14:02:24.8371655+00:00" testType="13cdc9d9-ddb5-4fa4-a97d-d965ccfc6d4b" outcome="Passed" testListId="8c84fa94-04c1-424b-9868-57a2d4851a1d" relativeResultsDirectory="50e1ee6a-be36-4894-8f8c-772118d1ad6f">
      <Output>
        <StdOut>Generated a random JSON file with 1000 keys, autogenerated strings max length 20 and autogenerated array max length 10&#xD;
File location file://D:/a/Fededim.Extensions.Configuration.Protected/Fededim.Extensions.Configuration.Protected/Fededim.Extensions.Configuration.Protected.DataProtectionAPITest/bin/Release/net6.0/random_1069879511.json&#xD;
Size 414KB, starting test...&#xD;
8/1/2024 2:02:24 PM: Generated random JSON file (2434 entries) duration 161ms &#xD;
8/1/2024 2:02:24 PM: Encrypted random JSON file duration 86ms &#xD;
8/1/2024 2:02:24 PM: Checked that all random JSON file is encrypted duration 104ms &#xD;
8/1/2024 2:02:24 PM: Loaded and decrypted random JSON file with ProtectedConfigurationBuilder duration 65ms &#xD;
8/1/2024 2:02:24 PM: Checked that 2434 entries are equal duration 2ms</StdOut>
      </Output>
    </UnitTestResult>
    <UnitTestResult executionId="4ad58d75-b5ff-4af4-8723-40dc7dfb7cb5" testId="092a9e9f-643d-a75f-e646-45602e92186b" testName="Fededim.Extensions.Configuration.Protected.DataProtectionAPITest.DataProtectionAPIProtectProviderTest.RandomInMemoryDictionaryTest" computerName="fv-az972-403" duration="00:00:00.5027972" startTime="2024-08-01T14:02:23.6826102+00:00" endTime="2024-08-01T14:02:23.6826296+00:00" testType="13cdc9d9-ddb5-4fa4-a97d-d965ccfc6d4b" outcome="Passed" testListId="8c84fa94-04c1-424b-9868-57a2d4851a1d" relativeResultsDirectory="4ad58d75-b5ff-4af4-8723-40dc7dfb7cb5">
      <Output>
        <StdOut>Generated a random in-memory dictionary with 1000 keys, autogenerated strings max length 20 and autogenerated array max length 10&#xD;
Starting test...&#xD;
8/1/2024 2:02:23 PM: Generated random in-memory dictionary duration 37ms &#xD;
8/1/2024 2:02:23 PM: Encrypted random in-memory dictionary duration 223ms &#xD;
8/1/2024 2:02:23 PM: Checked that all random in-memory dictionary is encrypted duration 0ms &#xD;
8/1/2024 2:02:23 PM: Loaded and decrypted random in-memory dictionary with ProtectedConfigurationBuilder duration 25ms &#xD;
8/1/2024 2:02:23 PM: Checked that 1000 entries are equal duration 4ms</StdOut>
      </Output>
    </UnitTestResult>
    <UnitTestResult executionId="8987f477-9440-4091-9653-c378c748c3f9" testId="f63be0dc-1fac-0d73-eab5-ec6ea7cf7b08" testName="Fededim.Extensions.Configuration.Protected.DataProtectionAPITest.DataProtectionAPIProtectProviderTest.RandomCommandLineTest" computerName="fv-az972-403" duration="00:00:00.0346116" startTime="2024-08-01T14:02:26.2055981+00:00" endTime="2024-08-01T14:02:26.2055984+00:00" testType="13cdc9d9-ddb5-4fa4-a97d-d965ccfc6d4b" outcome="Passed" testListId="8c84fa94-04c1-424b-9868-57a2d4851a1d" relativeResultsDirectory="8987f477-9440-4091-9653-c378c748c3f9">
      <Output>
        <StdOut>Generated a random command line arguments with 1000 keys, autogenerated strings max length 20 and autogenerated array max length 10&#xD;
Starting test...&#xD;
8/1/2024 2:02:26 PM: Generated random comand line args duration 3ms &#xD;
8/1/2024 2:02:26 PM: Encrypted random comand line args duration 9ms &#xD;
8/1/2024 2:02:26 PM: Checked that all random comand line args are encrypted duration 0ms &#xD;
8/1/2024 2:02:26 PM: Loaded and decrypted random comand line args with ProtectedConfigurationBuilder duration 17ms &#xD;
8/1/2024 2:02:26 PM: Checked that 1000 entries are equal duration 0ms</StdOut>
      </Output>
    </UnitTestResult>
    <UnitTestResult executionId="25c12d4e-3c18-496f-a44b-e986fdc90f20" testId="4ea3de90-a59d-3955-9940-560839244413" testName="Fededim.Extensions.Configuration.Protected.DataProtectionAPITest.DataProtectionAPIProtectProviderTest.RandomJsonFileTest(useJsonWithCommentFileProcessor: False)" computerName="fv-az972-403" duration="00:00:00.1279416" startTime="2024-08-01T14:02:24.9652479+00:00" endTime="2024-08-01T14:02:24.9652481+00:00" testType="13cdc9d9-ddb5-4fa4-a97d-d965ccfc6d4b" outcome="Passed" testListId="8c84fa94-04c1-424b-9868-57a2d4851a1d" relativeResultsDirectory="25c12d4e-3c18-496f-a44b-e986fdc90f20">
      <Output>
        <StdOut>Generated a random JSON file with 1000 keys, autogenerated strings max length 20 and autogenerated array max length 10&#xD;
File location file://D:/a/Fededim.Extensions.Configuration.Protected/Fededim.Extensions.Configuration.Protected/Fededim.Extensions.Configuration.Protected.DataProtectionAPITest/bin/Release/net6.0/random_914119163.json&#xD;
Size 460KB, starting test...&#xD;
8/1/2024 2:02:24 PM: Generated random JSON file (2512 entries) duration 25ms &#xD;
8/1/2024 2:02:24 PM: Encrypted random JSON file duration 36ms &#xD;
8/1/2024 2:02:24 PM: Checked that all random JSON file is encrypted duration 12ms &#xD;
8/1/2024 2:02:24 PM: Loaded and decrypted random JSON file with ProtectedConfigurationBuilder duration 50ms &#xD;
8/1/2024 2:02:24 PM: Checked that 2512 entries are equal duration 2ms</StdOut>
      </Output>
    </UnitTestResult>
    <UnitTestResult executionId="14c64c4c-13a2-4734-a5df-d6c1743eba7f" testId="331a13af-5866-8d6a-671d-a2abfea42096" testName="Fededim.Extensions.Configuration.Protected.DataProtectionAPITest.DataProtectionAPIProtectProviderTest.RandomEnvironmentVariablesTest" computerName="fv-az972-403" duration="00:00:00.7266193" startTime="2024-08-01T14:02:24.4086416+00:00" endTime="2024-08-01T14:02:24.4086418+00:00" testType="13cdc9d9-ddb5-4fa4-a97d-d965ccfc6d4b" outcome="Passed" testListId="8c84fa94-04c1-424b-9868-57a2d4851a1d" relativeResultsDirectory="14c64c4c-13a2-4734-a5df-d6c1743eba7f">
      <Output>
        <StdOut>Generated a random environment variables 1000 keys, autogenerated strings max length 20 and autogenerated array max length 10&#xD;
Starting test...&#xD;
8/1/2024 2:02:23 PM: Generated random environment variables (note that Windows has a maximum size of 32KB for all environment variables, so not all 1000 keys could be created) duration 145ms &#xD;
8/1/2024 2:02:24 PM: Encrypted random environment variables duration 300ms &#xD;
8/1/2024 2:02:24 PM: Checked that all random environment variables are encrypted duration 2ms &#xD;
8/1/2024 2:02:24 PM: Loaded and decrypted random environment variables with ProtectedConfigurationBuilder duration 273ms &#xD;
8/1/2024 2:02:24 PM: Checked that 866 entries are equal duration 0ms</StdOut>
      </Output>
    </UnitTestResult>
  </Results>
  <TestDefinitions>
    <UnitTest name="Fededim.Extensions.Configuration.Protected.DataProtectionAPITest.DataProtectionAPIProtectProviderTest.RandomJsonFileTest(useJsonWithCommentFileProcessor: True)" storage="d:\a\fededim.extensions.configuration.protected\fededim.extensions.configuration.protected\fededim.extensions.configuration.protected.dataprotectionapitest\bin\release\net6.0\fededim.extensions.configuration.protected.dataprotectionapitest.dll" id="40bc2ee2-12b8-c08c-ad81-e8c0efee775c">
      <Execution id="50e1ee6a-be36-4894-8f8c-772118d1ad6f" />
      <TestMethod codeBase="D:\a\Fededim.Extensions.Configuration.Protected\Fededim.Extensions.Configuration.Protected\Fededim.Extensions.Configuration.Protected.DataProtectionAPITest\bin\Release\net6.0\Fededim.Extensions.Configuration.Protected.DataProtectionAPITest.dll" adapterTypeName="executor://xunit/VsTestRunner2/netcoreapp" className="Fededim.Extensions.Configuration.Protected.DataProtectionAPITest.DataProtectionAPIProtectProviderTest" name="RandomJsonFileTest" />
    </UnitTest>
    <UnitTest name="Fededim.Extensions.Configuration.Protected.DataProtectionAPITest.DataProtectionAPIProtectProviderTest.RandomXmlFileTest" storage="d:\a\fededim.extensions.configuration.protected\fededim.extensions.configuration.protected\fededim.extensions.configuration.protected.dataprotectionapitest\bin\release\net6.0\fededim.extensions.configuration.protected.dataprotectionapitest.dll" id="cab792d5-caf7-94cb-7dd5-8cd2bf26d466">
      <Execution id="8142441b-dc9f-4511-9b2f-fc56acd97fee" />
      <TestMethod codeBase="D:\a\Fededim.Extensions.Configuration.Protected\Fededim.Extensions.Configuration.Protected\Fededim.Extensions.Configuration.Protected.DataProtectionAPITest\bin\Release\net6.0\Fededim.Extensions.Configuration.Protected.DataProtectionAPITest.dll" adapterTypeName="executor://xunit/VsTestRunner2/netcoreapp" className="Fededim.Extensions.Configuration.Protected.DataProtectionAPITest.DataProtectionAPIProtectProviderTest" name="RandomXmlFileTest" />
    </UnitTest>
    <UnitTest name="Fededim.Extensions.Configuration.Protected.DataProtectionAPITest.DataProtectionAPIProtectProviderTest.RandomInMemoryDictionaryTest" storage="d:\a\fededim.extensions.configuration.protected\fededim.extensions.configuration.protected\fededim.extensions.configuration.protected.dataprotectionapitest\bin\release\net6.0\fededim.extensions.configuration.protected.dataprotectionapitest.dll" id="092a9e9f-643d-a75f-e646-45602e92186b">
      <Execution id="4ad58d75-b5ff-4af4-8723-40dc7dfb7cb5" />
      <TestMethod codeBase="D:\a\Fededim.Extensions.Configuration.Protected\Fededim.Extensions.Configuration.Protected\Fededim.Extensions.Configuration.Protected.DataProtectionAPITest\bin\Release\net6.0\Fededim.Extensions.Configuration.Protected.DataProtectionAPITest.dll" adapterTypeName="executor://xunit/VsTestRunner2/netcoreapp" className="Fededim.Extensions.Configuration.Protected.DataProtectionAPITest.DataProtectionAPIProtectProviderTest" name="RandomInMemoryDictionaryTest" />
    </UnitTest>
    <UnitTest name="Fededim.Extensions.Configuration.Protected.DataProtectionAPITest.DataProtectionAPIProtectProviderTest.RandomCommandLineTest" storage="d:\a\fededim.extensions.configuration.protected\fededim.extensions.configuration.protected\fededim.extensions.configuration.protected.dataprotectionapitest\bin\release\net6.0\fededim.extensions.configuration.protected.dataprotectionapitest.dll" id="f63be0dc-1fac-0d73-eab5-ec6ea7cf7b08">
      <Execution id="8987f477-9440-4091-9653-c378c748c3f9" />
      <TestMethod codeBase="D:\a\Fededim.Extensions.Configuration.Protected\Fededim.Extensions.Configuration.Protected\Fededim.Extensions.Configuration.Protected.DataProtectionAPITest\bin\Release\net6.0\Fededim.Extensions.Configuration.Protected.DataProtectionAPITest.dll" adapterTypeName="executor://xunit/VsTestRunner2/netcoreapp" className="Fededim.Extensions.Configuration.Protected.DataProtectionAPITest.DataProtectionAPIProtectProviderTest" name="RandomCommandLineTest" />
    </UnitTest>
    <UnitTest name="Fededim.Extensions.Configuration.Protected.DataProtectionAPITest.DataProtectionAPIProtectProviderTest.RandomJsonFileTest(useJsonWithCommentFileProcessor: False)" storage="d:\a\fededim.extensions.configuration.protected\fededim.extensions.configuration.protected\fededim.extensions.configuration.protected.dataprotectionapitest\bin\release\net6.0\fededim.extensions.configuration.protected.dataprotectionapitest.dll" id="4ea3de90-a59d-3955-9940-560839244413">
      <Execution id="25c12d4e-3c18-496f-a44b-e986fdc90f20" />
      <TestMethod codeBase="D:\a\Fededim.Extensions.Configuration.Protected\Fededim.Extensions.Configuration.Protected\Fededim.Extensions.Configuration.Protected.DataProtectionAPITest\bin\Release\net6.0\Fededim.Extensions.Configuration.Protected.DataProtectionAPITest.dll" adapterTypeName="executor://xunit/VsTestRunner2/netcoreapp" className="Fededim.Extensions.Configuration.Protected.DataProtectionAPITest.DataProtectionAPIProtectProviderTest" name="RandomJsonFileTest" />
    </UnitTest>
    <UnitTest name="Fededim.Extensions.Configuration.Protected.DataProtectionAPITest.DataProtectionAPIProtectProviderTest.RandomEnvironmentVariablesTest" storage="d:\a\fededim.extensions.configuration.protected\fededim.extensions.configuration.protected\fededim.extensions.configuration.protected.dataprotectionapitest\bin\release\net6.0\fededim.extensions.configuration.protected.dataprotectionapitest.dll" id="331a13af-5866-8d6a-671d-a2abfea42096">
      <Execution id="14c64c4c-13a2-4734-a5df-d6c1743eba7f" />
      <TestMethod codeBase="D:\a\Fededim.Extensions.Configuration.Protected\Fededim.Extensions.Configuration.Protected\Fededim.Extensions.Configuration.Protected.DataProtectionAPITest\bin\Release\net6.0\Fededim.Extensions.Configuration.Protected.DataProtectionAPITest.dll" adapterTypeName="executor://xunit/VsTestRunner2/netcoreapp" className="Fededim.Extensions.Configuration.Protected.DataProtectionAPITest.DataProtectionAPIProtectProviderTest" name="RandomEnvironmentVariablesTest" />
    </UnitTest>
  </TestDefinitions>
  <TestEntries>
    <TestEntry testId="cab792d5-caf7-94cb-7dd5-8cd2bf26d466" executionId="8142441b-dc9f-4511-9b2f-fc56acd97fee" testListId="8c84fa94-04c1-424b-9868-57a2d4851a1d" />
    <TestEntry testId="40bc2ee2-12b8-c08c-ad81-e8c0efee775c" executionId="50e1ee6a-be36-4894-8f8c-772118d1ad6f" testListId="8c84fa94-04c1-424b-9868-57a2d4851a1d" />
    <TestEntry testId="092a9e9f-643d-a75f-e646-45602e92186b" executionId="4ad58d75-b5ff-4af4-8723-40dc7dfb7cb5" testListId="8c84fa94-04c1-424b-9868-57a2d4851a1d" />
    <TestEntry testId="f63be0dc-1fac-0d73-eab5-ec6ea7cf7b08" executionId="8987f477-9440-4091-9653-c378c748c3f9" testListId="8c84fa94-04c1-424b-9868-57a2d4851a1d" />
    <TestEntry testId="4ea3de90-a59d-3955-9940-560839244413" executionId="25c12d4e-3c18-496f-a44b-e986fdc90f20" testListId="8c84fa94-04c1-424b-9868-57a2d4851a1d" />
    <TestEntry testId="331a13af-5866-8d6a-671d-a2abfea42096" executionId="14c64c4c-13a2-4734-a5df-d6c1743eba7f" testListId="8c84fa94-04c1-424b-9868-57a2d4851a1d" />
  </TestEntries>
  <TestLists>
    <TestList name="Results Not in a List" id="8c84fa94-04c1-424b-9868-57a2d4851a1d" />
    <TestList name="All Loaded Results" id="19431567-8539-422a-85d7-44ee4e166bda" />
  </TestLists>
  <ResultSummary outcome="Completed">
    <Counters total="6" executed="6" passed="6" failed="0" error="0" timeout="0" aborted="0" inconclusive="0" passedButRunAborted="0" notRunnable="0" notExecuted="0" disconnected="0" warning="0" completed="0" inProgress="0" pending="0" />
    <Output>
      <StdOut>[xUnit.net 00:00:00.00] xUnit.net VSTest Adapter v2.8.2+699d445a1a (64-bit .NET 6.0.32)&#xD;
[xUnit.net 00:00:01.61]   Discovering: Fededim.Extensions.Configuration.Protected.DataProtectionAPITest&#xD;
[xUnit.net 00:00:02.54]   Discovered:  Fededim.Extensions.Configuration.Protected.DataProtectionAPITest&#xD;
[xUnit.net 00:00:02.54]   Starting:    Fededim.Extensions.Configuration.Protected.DataProtectionAPITest&#xD;
[xUnit.net 00:00:05.73]   Finished:    Fededim.Extensions.Configuration.Protected.DataProtectionAPITest&#xD;
</StdOut>
    </Output>
  </ResultSummary>
</TestRun>