<?xml version="1.0" encoding="utf-8"?>
<TestRun id="5cdbe50a-09f5-4843-98f3-c00c44630526" name="runneradmin@fv-az653-680 2024-08-01 17:39:20" runUser="fv-az653-680\runneradmin" xmlns="http://microsoft.com/schemas/VisualStudio/TeamTest/2010">
  <Times creation="2024-08-01T17:39:20.5411118+00:00" queuing="2024-08-01T17:39:20.5411120+00:00" start="2024-08-01T17:39:14.6082717+00:00" finish="2024-08-01T17:45:02.8286155+00:00" />
  <TestSettings name="default" id="11593bb8-1d56-4291-9412-ca3f07dd83ef">
    <Deployment runDeploymentRoot="runneradmin_fv-az653-680_2024-08-01_17_39_20" />
  </TestSettings>
  <Results>
    <UnitTestResult executionId="f4a4c6fc-55ff-48e2-b411-c08a948f7263" testId="40bc2ee2-12b8-c08c-ad81-e8c0efee775c" testName="Fededim.Extensions.Configuration.Protected.DataProtectionAPITest.DataProtectionAPIProtectProviderTest.RandomJsonFileTest(useJsonWithCommentFileProcessor: True)" computerName="fv-az653-680" duration="00:00:09.5269318" startTime="2024-08-01T17:39:31.9610579+00:00" endTime="2024-08-01T17:39:31.9610580+00:00" testType="13cdc9d9-ddb5-4fa4-a97d-d965ccfc6d4b" outcome="Passed" testListId="8c84fa94-04c1-424b-9868-57a2d4851a1d" relativeResultsDirectory="f4a4c6fc-55ff-48e2-b411-c08a948f7263">
      <Output>
        <StdOut>Generated a random JSON file with 100000 keys, autogenerated strings max length 20 and autogenerated array max length 10&#xD;
File location file://D:/a/Fededim.Extensions.Configuration.Protected/Fededim.Extensions.Configuration.Protected/Fededim.Extensions.Configuration.Protected.DataProtectionAPITest/bin/Release/net6.0/random_358764726.json&#xD;
Size 57165KB, starting test...&#xD;
8/1/2024 5:39:23 PM: Generated random JSON file (248452 entries) duration 1180ms &#xD;
8/1/2024 5:39:26 PM: Encrypted random JSON file duration 2716ms &#xD;
8/1/2024 5:39:26 PM: Checked that all random JSON file is encrypted duration 583ms &#xD;
8/1/2024 5:39:31 PM: Loaded and decrypted random JSON file with ProtectedConfigurationBuilder duration 4672ms &#xD;
8/1/2024 5:39:31 PM: Checked that 248452 entries are equal duration 364ms</StdOut>
      </Output>
    </UnitTestResult>
    <UnitTestResult executionId="d6ef06ee-23b8-4ba6-946b-1984152df10d" testId="4ea3de90-a59d-3955-9940-560839244413" testName="Fededim.Extensions.Configuration.Protected.DataProtectionAPITest.DataProtectionAPIProtectProviderTest.RandomJsonFileTest(useJsonWithCommentFileProcessor: False)" computerName="fv-az653-680" duration="00:00:09.5407149" startTime="2024-08-01T17:39:41.5020615+00:00" endTime="2024-08-01T17:39:41.5020617+00:00" testType="13cdc9d9-ddb5-4fa4-a97d-d965ccfc6d4b" outcome="Passed" testListId="8c84fa94-04c1-424b-9868-57a2d4851a1d" relativeResultsDirectory="d6ef06ee-23b8-4ba6-946b-1984152df10d">
      <Output>
        <StdOut>Generated a random JSON file with 100000 keys, autogenerated strings max length 20 and autogenerated array max length 10&#xD;
File location file://D:/a/Fededim.Extensions.Configuration.Protected/Fededim.Extensions.Configuration.Protected/Fededim.Extensions.Configuration.Protected.DataProtectionAPITest/bin/Release/net6.0/random_1338376854.json&#xD;
Size 56957KB, starting test...&#xD;
8/1/2024 5:39:32 PM: Generated random JSON file (249706 entries) duration 916ms &#xD;
8/1/2024 5:39:35 PM: Encrypted random JSON file duration 3050ms &#xD;
8/1/2024 5:39:36 PM: Checked that all random JSON file is encrypted duration 528ms &#xD;
8/1/2024 5:39:41 PM: Loaded and decrypted random JSON file with ProtectedConfigurationBuilder duration 4682ms &#xD;
8/1/2024 5:39:41 PM: Checked that 249706 entries are equal duration 362ms</StdOut>
      </Output>
    </UnitTestResult>
    <UnitTestResult executionId="a8e4c983-c67b-45bc-a34b-361a58052ff7" testId="cab792d5-caf7-94cb-7dd5-8cd2bf26d466" testName="Fededim.Extensions.Configuration.Protected.DataProtectionAPITest.DataProtectionAPIProtectProviderTest.RandomXmlFileTest" computerName="fv-az653-680" duration="00:05:18.9894270" startTime="2024-08-01T17:45:00.4941249+00:00" endTime="2024-08-01T17:45:00.4941251+00:00" testType="13cdc9d9-ddb5-4fa4-a97d-d965ccfc6d4b" outcome="Passed" testListId="8c84fa94-04c1-424b-9868-57a2d4851a1d" relativeResultsDirectory="a8e4c983-c67b-45bc-a34b-361a58052ff7">
      <Output>
        <StdOut>Generated a random XML file with 100000 keys, autogenerated strings max length 20 and autogenerated array max length 10&#xD;
File location file://D:/a/Fededim.Extensions.Configuration.Protected/Fededim.Extensions.Configuration.Protected/Fededim.Extensions.Configuration.Protected.DataProtectionAPITest/bin/Release/net6.0/random_220487423.xml&#xD;
Size 26260KB, starting test...&#xD;
8/1/2024 5:44:48 PM: Generated random XML file (245031 entries) duration 00:05:07.1497767 &#xD;
8/1/2024 5:44:52 PM: Encrypted random XML file duration 3744ms &#xD;
8/1/2024 5:44:53 PM: Checked that all random XML file is encrypted duration 1035ms &#xD;
8/1/2024 5:45:00 PM: Loaded and decrypted random XML file with ProtectedConfigurationBuilder duration 6655ms &#xD;
8/1/2024 5:45:00 PM: Checked that 245031 entries are equal duration 395ms</StdOut>
      </Output>
    </UnitTestResult>
    <UnitTestResult executionId="19628c2e-7fbc-41cb-96b5-863757b9ea7c" testId="331a13af-5866-8d6a-671d-a2abfea42096" testName="Fededim.Extensions.Configuration.Protected.DataProtectionAPITest.DataProtectionAPIProtectProviderTest.RandomEnvironmentVariablesTest" computerName="fv-az653-680" duration="00:00:01.9244813" startTime="2024-08-01T17:39:22.4339006+00:00" endTime="2024-08-01T17:39:22.4339008+00:00" testType="13cdc9d9-ddb5-4fa4-a97d-d965ccfc6d4b" outcome="Passed" testListId="8c84fa94-04c1-424b-9868-57a2d4851a1d" relativeResultsDirectory="19628c2e-7fbc-41cb-96b5-863757b9ea7c">
      <Output>
        <StdOut>Generated a random environment variables 100000 keys, autogenerated strings max length 20 and autogenerated array max length 10&#xD;
Starting test...&#xD;
8/1/2024 5:39:21 PM: Generated random environment variables (note that Windows has a maximum size of 32KB for all environment variables, so not all 100000 keys could be created) duration 675ms &#xD;
8/1/2024 5:39:22 PM: Encrypted random environment variables duration 1218ms &#xD;
8/1/2024 5:39:22 PM: Checked that all random environment variables are encrypted duration 2ms &#xD;
8/1/2024 5:39:22 PM: Loaded and decrypted random environment variables with ProtectedConfigurationBuilder duration 23ms &#xD;
8/1/2024 5:39:22 PM: Checked that 1765 entries are equal duration 0ms</StdOut>
      </Output>
    </UnitTestResult>
    <UnitTestResult executionId="193c51f1-3704-49eb-987e-9620ae92c2cc" testId="092a9e9f-643d-a75f-e646-45602e92186b" testName="Fededim.Extensions.Configuration.Protected.DataProtectionAPITest.DataProtectionAPIProtectProviderTest.RandomInMemoryDictionaryTest" computerName="fv-az653-680" duration="00:00:02.6179275" startTime="2024-08-01T17:39:20.5099170+00:00" endTime="2024-08-01T17:39:20.5099355+00:00" testType="13cdc9d9-ddb5-4fa4-a97d-d965ccfc6d4b" outcome="Passed" testListId="8c84fa94-04c1-424b-9868-57a2d4851a1d" relativeResultsDirectory="193c51f1-3704-49eb-987e-9620ae92c2cc">
      <Output>
        <StdOut>Generated a random in-memory dictionary with 100000 keys, autogenerated strings max length 20 and autogenerated array max length 10&#xD;
Starting test...&#xD;
8/1/2024 5:39:18 PM: Generated random in-memory dictionary duration 231ms &#xD;
8/1/2024 5:39:19 PM: Encrypted random in-memory dictionary duration 1023ms &#xD;
8/1/2024 5:39:19 PM: Checked that all random in-memory dictionary is encrypted duration 39ms &#xD;
8/1/2024 5:39:20 PM: Loaded and decrypted random in-memory dictionary with ProtectedConfigurationBuilder duration 1142ms &#xD;
8/1/2024 5:39:20 PM: Checked that 100000 entries are equal duration 35ms</StdOut>
      </Output>
    </UnitTestResult>
    <UnitTestResult executionId="d82a9380-795d-40f1-8d0c-070848edbcaa" testId="f63be0dc-1fac-0d73-eab5-ec6ea7cf7b08" testName="Fededim.Extensions.Configuration.Protected.DataProtectionAPITest.DataProtectionAPIProtectProviderTest.RandomCommandLineTest" computerName="fv-az653-680" duration="00:00:02.2258065" startTime="2024-08-01T17:45:02.7202978+00:00" endTime="2024-08-01T17:45:02.7202981+00:00" testType="13cdc9d9-ddb5-4fa4-a97d-d965ccfc6d4b" outcome="Passed" testListId="8c84fa94-04c1-424b-9868-57a2d4851a1d" relativeResultsDirectory="d82a9380-795d-40f1-8d0c-070848edbcaa">
      <Output>
        <StdOut>Generated a random command line arguments with 100000 keys, autogenerated strings max length 20 and autogenerated array max length 10&#xD;
Starting test...&#xD;
8/1/2024 5:45:00 PM: Generated random comand line args duration 129ms &#xD;
8/1/2024 5:45:01 PM: Encrypted random comand line args duration 745ms &#xD;
8/1/2024 5:45:01 PM: Checked that all random comand line args are encrypted duration 38ms &#xD;
8/1/2024 5:45:02 PM: Loaded and decrypted random comand line args with ProtectedConfigurationBuilder duration 1265ms &#xD;
8/1/2024 5:45:02 PM: Checked that 100000 entries are equal duration 42ms</StdOut>
      </Output>
    </UnitTestResult>
  </Results>
  <TestDefinitions>
    <UnitTest name="Fededim.Extensions.Configuration.Protected.DataProtectionAPITest.DataProtectionAPIProtectProviderTest.RandomJsonFileTest(useJsonWithCommentFileProcessor: True)" storage="d:\a\fededim.extensions.configuration.protected\fededim.extensions.configuration.protected\fededim.extensions.configuration.protected.dataprotectionapitest\bin\release\net6.0\fededim.extensions.configuration.protected.dataprotectionapitest.dll" id="40bc2ee2-12b8-c08c-ad81-e8c0efee775c">
      <Execution id="f4a4c6fc-55ff-48e2-b411-c08a948f7263" />
      <TestMethod codeBase="D:\a\Fededim.Extensions.Configuration.Protected\Fededim.Extensions.Configuration.Protected\Fededim.Extensions.Configuration.Protected.DataProtectionAPITest\bin\Release\net6.0\Fededim.Extensions.Configuration.Protected.DataProtectionAPITest.dll" adapterTypeName="executor://xunit/VsTestRunner2/netcoreapp" className="Fededim.Extensions.Configuration.Protected.DataProtectionAPITest.DataProtectionAPIProtectProviderTest" name="RandomJsonFileTest" />
    </UnitTest>
    <UnitTest name="Fededim.Extensions.Configuration.Protected.DataProtectionAPITest.DataProtectionAPIProtectProviderTest.RandomXmlFileTest" storage="d:\a\fededim.extensions.configuration.protected\fededim.extensions.configuration.protected\fededim.extensions.configuration.protected.dataprotectionapitest\bin\release\net6.0\fededim.extensions.configuration.protected.dataprotectionapitest.dll" id="cab792d5-caf7-94cb-7dd5-8cd2bf26d466">
      <Execution id="a8e4c983-c67b-45bc-a34b-361a58052ff7" />
      <TestMethod codeBase="D:\a\Fededim.Extensions.Configuration.Protected\Fededim.Extensions.Configuration.Protected\Fededim.Extensions.Configuration.Protected.DataProtectionAPITest\bin\Release\net6.0\Fededim.Extensions.Configuration.Protected.DataProtectionAPITest.dll" adapterTypeName="executor://xunit/VsTestRunner2/netcoreapp" className="Fededim.Extensions.Configuration.Protected.DataProtectionAPITest.DataProtectionAPIProtectProviderTest" name="RandomXmlFileTest" />
    </UnitTest>
    <UnitTest name="Fededim.Extensions.Configuration.Protected.DataProtectionAPITest.DataProtectionAPIProtectProviderTest.RandomInMemoryDictionaryTest" storage="d:\a\fededim.extensions.configuration.protected\fededim.extensions.configuration.protected\fededim.extensions.configuration.protected.dataprotectionapitest\bin\release\net6.0\fededim.extensions.configuration.protected.dataprotectionapitest.dll" id="092a9e9f-643d-a75f-e646-45602e92186b">
      <Execution id="193c51f1-3704-49eb-987e-9620ae92c2cc" />
      <TestMethod codeBase="D:\a\Fededim.Extensions.Configuration.Protected\Fededim.Extensions.Configuration.Protected\Fededim.Extensions.Configuration.Protected.DataProtectionAPITest\bin\Release\net6.0\Fededim.Extensions.Configuration.Protected.DataProtectionAPITest.dll" adapterTypeName="executor://xunit/VsTestRunner2/netcoreapp" className="Fededim.Extensions.Configuration.Protected.DataProtectionAPITest.DataProtectionAPIProtectProviderTest" name="RandomInMemoryDictionaryTest" />
    </UnitTest>
    <UnitTest name="Fededim.Extensions.Configuration.Protected.DataProtectionAPITest.DataProtectionAPIProtectProviderTest.RandomCommandLineTest" storage="d:\a\fededim.extensions.configuration.protected\fededim.extensions.configuration.protected\fededim.extensions.configuration.protected.dataprotectionapitest\bin\release\net6.0\fededim.extensions.configuration.protected.dataprotectionapitest.dll" id="f63be0dc-1fac-0d73-eab5-ec6ea7cf7b08">
      <Execution id="d82a9380-795d-40f1-8d0c-070848edbcaa" />
      <TestMethod codeBase="D:\a\Fededim.Extensions.Configuration.Protected\Fededim.Extensions.Configuration.Protected\Fededim.Extensions.Configuration.Protected.DataProtectionAPITest\bin\Release\net6.0\Fededim.Extensions.Configuration.Protected.DataProtectionAPITest.dll" adapterTypeName="executor://xunit/VsTestRunner2/netcoreapp" className="Fededim.Extensions.Configuration.Protected.DataProtectionAPITest.DataProtectionAPIProtectProviderTest" name="RandomCommandLineTest" />
    </UnitTest>
    <UnitTest name="Fededim.Extensions.Configuration.Protected.DataProtectionAPITest.DataProtectionAPIProtectProviderTest.RandomJsonFileTest(useJsonWithCommentFileProcessor: False)" storage="d:\a\fededim.extensions.configuration.protected\fededim.extensions.configuration.protected\fededim.extensions.configuration.protected.dataprotectionapitest\bin\release\net6.0\fededim.extensions.configuration.protected.dataprotectionapitest.dll" id="4ea3de90-a59d-3955-9940-560839244413">
      <Execution id="d6ef06ee-23b8-4ba6-946b-1984152df10d" />
      <TestMethod codeBase="D:\a\Fededim.Extensions.Configuration.Protected\Fededim.Extensions.Configuration.Protected\Fededim.Extensions.Configuration.Protected.DataProtectionAPITest\bin\Release\net6.0\Fededim.Extensions.Configuration.Protected.DataProtectionAPITest.dll" adapterTypeName="executor://xunit/VsTestRunner2/netcoreapp" className="Fededim.Extensions.Configuration.Protected.DataProtectionAPITest.DataProtectionAPIProtectProviderTest" name="RandomJsonFileTest" />
    </UnitTest>
    <UnitTest name="Fededim.Extensions.Configuration.Protected.DataProtectionAPITest.DataProtectionAPIProtectProviderTest.RandomEnvironmentVariablesTest" storage="d:\a\fededim.extensions.configuration.protected\fededim.extensions.configuration.protected\fededim.extensions.configuration.protected.dataprotectionapitest\bin\release\net6.0\fededim.extensions.configuration.protected.dataprotectionapitest.dll" id="331a13af-5866-8d6a-671d-a2abfea42096">
      <Execution id="19628c2e-7fbc-41cb-96b5-863757b9ea7c" />
      <TestMethod codeBase="D:\a\Fededim.Extensions.Configuration.Protected\Fededim.Extensions.Configuration.Protected\Fededim.Extensions.Configuration.Protected.DataProtectionAPITest\bin\Release\net6.0\Fededim.Extensions.Configuration.Protected.DataProtectionAPITest.dll" adapterTypeName="executor://xunit/VsTestRunner2/netcoreapp" className="Fededim.Extensions.Configuration.Protected.DataProtectionAPITest.DataProtectionAPIProtectProviderTest" name="RandomEnvironmentVariablesTest" />
    </UnitTest>
  </TestDefinitions>
  <TestEntries>
    <TestEntry testId="40bc2ee2-12b8-c08c-ad81-e8c0efee775c" executionId="f4a4c6fc-55ff-48e2-b411-c08a948f7263" testListId="8c84fa94-04c1-424b-9868-57a2d4851a1d" />
    <TestEntry testId="4ea3de90-a59d-3955-9940-560839244413" executionId="d6ef06ee-23b8-4ba6-946b-1984152df10d" testListId="8c84fa94-04c1-424b-9868-57a2d4851a1d" />
    <TestEntry testId="cab792d5-caf7-94cb-7dd5-8cd2bf26d466" executionId="a8e4c983-c67b-45bc-a34b-361a58052ff7" testListId="8c84fa94-04c1-424b-9868-57a2d4851a1d" />
    <TestEntry testId="331a13af-5866-8d6a-671d-a2abfea42096" executionId="19628c2e-7fbc-41cb-96b5-863757b9ea7c" testListId="8c84fa94-04c1-424b-9868-57a2d4851a1d" />
    <TestEntry testId="092a9e9f-643d-a75f-e646-45602e92186b" executionId="193c51f1-3704-49eb-987e-9620ae92c2cc" testListId="8c84fa94-04c1-424b-9868-57a2d4851a1d" />
    <TestEntry testId="f63be0dc-1fac-0d73-eab5-ec6ea7cf7b08" executionId="d82a9380-795d-40f1-8d0c-070848edbcaa" testListId="8c84fa94-04c1-424b-9868-57a2d4851a1d" />
  </TestEntries>
  <TestLists>
    <TestList name="Results Not in a List" id="8c84fa94-04c1-424b-9868-57a2d4851a1d" />
    <TestList name="All Loaded Results" id="19431567-8539-422a-85d7-44ee4e166bda" />
  </TestLists>
  <ResultSummary outcome="Completed">
    <Counters total="6" executed="6" passed="6" failed="0" error="0" timeout="0" aborted="0" inconclusive="0" passedButRunAborted="0" notRunnable="0" notExecuted="0" disconnected="0" warning="0" completed="0" inProgress="0" pending="0" />
    <Output>
      <StdOut>[xUnit.net 00:00:00.00] xUnit.net VSTest Adapter v2.8.2+699d445a1a (64-bit .NET 6.0.32)&#xD;
[xUnit.net 00:00:00.28]   Discovering: Fededim.Extensions.Configuration.Protected.DataProtectionAPITest&#xD;
[xUnit.net 00:00:00.48]   Discovered:  Fededim.Extensions.Configuration.Protected.DataProtectionAPITest&#xD;
[xUnit.net 00:00:00.49]   Starting:    Fededim.Extensions.Configuration.Protected.DataProtectionAPITest&#xD;
[xUnit.net 00:05:45.40]   Finished:    Fededim.Extensions.Configuration.Protected.DataProtectionAPITest&#xD;
</StdOut>
    </Output>
  </ResultSummary>
</TestRun>