<?xml version="1.0" encoding="utf-8"?>
<TestRun id="341bd47c-0f75-433f-a59b-cc8752e80467" name="runneradmin@fv-az1785-215 2024-08-01 14:23:00" runUser="fv-az1785-215\runneradmin" xmlns="http://microsoft.com/schemas/VisualStudio/TeamTest/2010">
  <Times creation="2024-08-01T14:23:00.9426860+00:00" queuing="2024-08-01T14:23:00.9426861+00:00" start="2024-08-01T14:22:49.1418109+00:00" finish="2024-08-01T14:23:03.1762244+00:00" />
  <TestSettings name="default" id="bf100d71-2fe7-4c85-8fd2-b7e8f9cfae21">
    <Deployment runDeploymentRoot="runneradmin_fv-az1785-215_2024-08-01_14_23_00" />
  </TestSettings>
  <Results>
    <UnitTestResult executionId="6b68c0fb-d058-4b90-bd9e-1d9d4672366b" testId="215bdca5-d044-0fe3-ab3a-2e4442ce76c5" testName="Fededim.Extensions.Configuration.Protected.DataProtectionAPITest.DataProtectionAPIProtectProviderTest.RandomJsonFileTest(useJsonWithCommentFileProcessor: False)" computerName="fv-az1785-215" duration="00:00:00.1360000" startTime="2024-08-01T14:23:02.4063740+00:00" endTime="2024-08-01T14:23:02.4063740+00:00" testType="13cdc9d9-ddb5-4fa4-a97d-d965ccfc6d4b" outcome="Passed" testListId="8c84fa94-04c1-424b-9868-57a2d4851a1d" relativeResultsDirectory="6b68c0fb-d058-4b90-bd9e-1d9d4672366b">
      <Output>
        <StdOut>Generated a random JSON file with 1000 keys, autogenerated strings max length 20 and autogenerated array max length 10&#xD;
File location file://D:/a/Fededim.Extensions.Configuration.Protected/Fededim.Extensions.Configuration.Protected/Fededim.Extensions.Configuration.Protected.DataProtectionAPITest/bin/Release/net462/random_1655588069.json&#xD;
Size 383KB, starting test...&#xD;
8/1/2024 2:23:02 PM: Generated random JSON file (2460 entries) duration 8ms &#xD;
8/1/2024 2:23:02 PM: Encrypted random JSON file duration 38ms &#xD;
8/1/2024 2:23:02 PM: Checked that all random JSON file is encrypted duration 6ms &#xD;
8/1/2024 2:23:02 PM: Loaded and decrypted random JSON file with ProtectedConfigurationBuilder duration 76ms &#xD;
8/1/2024 2:23:02 PM: Checked that 2460 entries are equal duration 4ms</StdOut>
      </Output>
    </UnitTestResult>
    <UnitTestResult executionId="454b2f23-ec0e-43ca-8eaf-4e050b7be6f5" testId="f6916fa8-7335-1ac2-9bd9-068ab445ecb1" testName="Fededim.Extensions.Configuration.Protected.DataProtectionAPITest.DataProtectionAPIProtectProviderTest.RandomJsonFileTest(useJsonWithCommentFileProcessor: True)" computerName="fv-az1785-215" duration="00:00:00.7570000" startTime="2024-08-01T14:23:02.2657452+00:00" endTime="2024-08-01T14:23:02.2657452+00:00" testType="13cdc9d9-ddb5-4fa4-a97d-d965ccfc6d4b" outcome="Passed" testListId="8c84fa94-04c1-424b-9868-57a2d4851a1d" relativeResultsDirectory="454b2f23-ec0e-43ca-8eaf-4e050b7be6f5">
      <Output>
        <StdOut>Generated a random JSON file with 1000 keys, autogenerated strings max length 20 and autogenerated array max length 10&#xD;
File location file://D:/a/Fededim.Extensions.Configuration.Protected/Fededim.Extensions.Configuration.Protected/Fededim.Extensions.Configuration.Protected.DataProtectionAPITest/bin/Release/net462/random_1273785515.json&#xD;
Size 295KB, starting test...&#xD;
8/1/2024 2:23:01 PM: Generated random JSON file (2399 entries) duration 263ms &#xD;
8/1/2024 2:23:02 PM: Encrypted random JSON file duration 105ms &#xD;
8/1/2024 2:23:02 PM: Checked that all random JSON file is encrypted duration 51ms &#xD;
8/1/2024 2:23:02 PM: Loaded and decrypted random JSON file with ProtectedConfigurationBuilder duration 123ms &#xD;
8/1/2024 2:23:02 PM: Checked that 2399 entries are equal duration 2ms</StdOut>
      </Output>
    </UnitTestResult>
    <UnitTestResult executionId="27a1e336-02d9-4797-9ea1-77981e4e430c" testId="b9bf8ed7-522c-e76a-b80e-8d05fc5adc83" testName="Fededim.Extensions.Configuration.Protected.DataProtectionAPITest.DataProtectionAPIProtectProviderTest.RandomCommandLineTest" computerName="fv-az1785-215" duration="00:00:00.0490000" startTime="2024-08-01T14:23:03.0784889+00:00" endTime="2024-08-01T14:23:03.0784889+00:00" testType="13cdc9d9-ddb5-4fa4-a97d-d965ccfc6d4b" outcome="Passed" testListId="8c84fa94-04c1-424b-9868-57a2d4851a1d" relativeResultsDirectory="27a1e336-02d9-4797-9ea1-77981e4e430c">
      <Output>
        <StdOut>Generated a random command line arguments with 1000 keys, autogenerated strings max length 20 and autogenerated array max length 10&#xD;
Starting test...&#xD;
8/1/2024 2:23:03 PM: Generated random comand line args duration 3ms &#xD;
8/1/2024 2:23:03 PM: Encrypted random comand line args duration 10ms &#xD;
8/1/2024 2:23:03 PM: Checked that all random comand line args are encrypted duration 0ms &#xD;
8/1/2024 2:23:03 PM: Loaded and decrypted random comand line args with ProtectedConfigurationBuilder duration 19ms &#xD;
8/1/2024 2:23:03 PM: Checked that 1000 entries are equal duration 0ms</StdOut>
      </Output>
    </UnitTestResult>
    <UnitTestResult executionId="d9afea36-5bfd-4c1c-a31c-8e3db65957cd" testId="97ac352b-e433-e531-3210-5b085419ca0a" testName="Fededim.Extensions.Configuration.Protected.DataProtectionAPITest.DataProtectionAPIProtectProviderTest.RandomXmlFileTest" computerName="fv-az1785-215" duration="00:00:00.6240000" startTime="2024-08-01T14:23:03.0159896+00:00" endTime="2024-08-01T14:23:03.0159896+00:00" testType="13cdc9d9-ddb5-4fa4-a97d-d965ccfc6d4b" outcome="Passed" testListId="8c84fa94-04c1-424b-9868-57a2d4851a1d" relativeResultsDirectory="d9afea36-5bfd-4c1c-a31c-8e3db65957cd">
      <Output>
        <StdOut>Generated a random XML file with 1000 keys, autogenerated strings max length 20 and autogenerated array max length 10&#xD;
File location file://D:/a/Fededim.Extensions.Configuration.Protected/Fededim.Extensions.Configuration.Protected/Fededim.Extensions.Configuration.Protected.DataProtectionAPITest/bin/Release/net462/random_929672670.xml&#xD;
Size 257KB, starting test...&#xD;
8/1/2024 2:23:02 PM: Generated random XML file (2434 entries) duration 337ms &#xD;
8/1/2024 2:23:02 PM: Encrypted random XML file duration 48ms &#xD;
8/1/2024 2:23:02 PM: Checked that all random XML file is encrypted duration 61ms &#xD;
8/1/2024 2:23:03 PM: Loaded and decrypted random XML file with ProtectedConfigurationBuilder duration 149ms &#xD;
8/1/2024 2:23:03 PM: Checked that 2434 entries are equal duration 2ms</StdOut>
      </Output>
    </UnitTestResult>
    <UnitTestResult executionId="9fc1e345-7a14-4247-95a0-15edec5bcc70" testId="a5b4138a-877c-581b-780d-3494b3972f17" testName="Fededim.Extensions.Configuration.Protected.DataProtectionAPITest.DataProtectionAPIProtectProviderTest.RandomInMemoryDictionaryTest" computerName="fv-az1785-215" duration="00:00:04.6430000" startTime="2024-08-01T14:23:00.8894793+00:00" endTime="2024-08-01T14:23:00.8894793+00:00" testType="13cdc9d9-ddb5-4fa4-a97d-d965ccfc6d4b" outcome="Passed" testListId="8c84fa94-04c1-424b-9868-57a2d4851a1d" relativeResultsDirectory="9fc1e345-7a14-4247-95a0-15edec5bcc70">
      <Output>
        <StdOut>Generated a random in-memory dictionary with 1000 keys, autogenerated strings max length 20 and autogenerated array max length 10&#xD;
Starting test...&#xD;
8/1/2024 2:22:59 PM: Generated random in-memory dictionary duration 9ms &#xD;
8/1/2024 2:23:00 PM: Encrypted random in-memory dictionary duration 761ms &#xD;
8/1/2024 2:23:00 PM: Checked that all random in-memory dictionary is encrypted duration 1ms &#xD;
8/1/2024 2:23:00 PM: Loaded and decrypted random in-memory dictionary with ProtectedConfigurationBuilder duration 554ms &#xD;
8/1/2024 2:23:00 PM: Checked that 1000 entries are equal duration 2ms</StdOut>
      </Output>
    </UnitTestResult>
    <UnitTestResult executionId="f0a6af8d-c0a4-4e02-a3aa-a584cd7b01b7" testId="f352b3e4-d8b2-0588-46bb-043afb7266c1" testName="Fededim.Extensions.Configuration.Protected.DataProtectionAPITest.DataProtectionAPIProtectProviderTest.RandomEnvironmentVariablesTest" computerName="fv-az1785-215" duration="00:00:00.6150000" startTime="2024-08-01T14:23:01.4997091+00:00" endTime="2024-08-01T14:23:01.4997091+00:00" testType="13cdc9d9-ddb5-4fa4-a97d-d965ccfc6d4b" outcome="Passed" testListId="8c84fa94-04c1-424b-9868-57a2d4851a1d" relativeResultsDirectory="f0a6af8d-c0a4-4e02-a3aa-a584cd7b01b7">
      <Output>
        <StdOut>Generated a random environment variables 1000 keys, autogenerated strings max length 20 and autogenerated array max length 10&#xD;
Starting test...&#xD;
8/1/2024 2:23:01 PM: Generated random environment variables (note that Windows has a maximum size of 32KB for all environment variables, so not all 1000 keys could be created) duration 144ms &#xD;
8/1/2024 2:23:01 PM: Encrypted random environment variables duration 406ms &#xD;
8/1/2024 2:23:01 PM: Checked that all random environment variables are encrypted duration 1ms &#xD;
8/1/2024 2:23:01 PM: Loaded and decrypted random environment variables with ProtectedConfigurationBuilder duration 25ms &#xD;
8/1/2024 2:23:01 PM: Checked that 890 entries are equal duration 0ms</StdOut>
      </Output>
    </UnitTestResult>
  </Results>
  <TestDefinitions>
    <UnitTest name="Fededim.Extensions.Configuration.Protected.DataProtectionAPITest.DataProtectionAPIProtectProviderTest.RandomXmlFileTest" storage="d:\a\fededim.extensions.configuration.protected\fededim.extensions.configuration.protected\fededim.extensions.configuration.protected.dataprotectionapitest\bin\release\net462\fededim.extensions.configuration.protected.dataprotectionapitest.dll" id="97ac352b-e433-e531-3210-5b085419ca0a">
      <Execution id="d9afea36-5bfd-4c1c-a31c-8e3db65957cd" />
      <TestMethod codeBase="D:\a\Fededim.Extensions.Configuration.Protected\Fededim.Extensions.Configuration.Protected\Fededim.Extensions.Configuration.Protected.DataProtectionAPITest\bin\Release\net462\Fededim.Extensions.Configuration.Protected.DataProtectionAPITest.dll" adapterTypeName="executor://xunit/VsTestRunner2/net" className="Fededim.Extensions.Configuration.Protected.DataProtectionAPITest.DataProtectionAPIProtectProviderTest" name="RandomXmlFileTest" />
    </UnitTest>
    <UnitTest name="Fededim.Extensions.Configuration.Protected.DataProtectionAPITest.DataProtectionAPIProtectProviderTest.RandomInMemoryDictionaryTest" storage="d:\a\fededim.extensions.configuration.protected\fededim.extensions.configuration.protected\fededim.extensions.configuration.protected.dataprotectionapitest\bin\release\net462\fededim.extensions.configuration.protected.dataprotectionapitest.dll" id="a5b4138a-877c-581b-780d-3494b3972f17">
      <Execution id="9fc1e345-7a14-4247-95a0-15edec5bcc70" />
      <TestMethod codeBase="D:\a\Fededim.Extensions.Configuration.Protected\Fededim.Extensions.Configuration.Protected\Fededim.Extensions.Configuration.Protected.DataProtectionAPITest\bin\Release\net462\Fededim.Extensions.Configuration.Protected.DataProtectionAPITest.dll" adapterTypeName="executor://xunit/VsTestRunner2/net" className="Fededim.Extensions.Configuration.Protected.DataProtectionAPITest.DataProtectionAPIProtectProviderTest" name="RandomInMemoryDictionaryTest" />
    </UnitTest>
    <UnitTest name="Fededim.Extensions.Configuration.Protected.DataProtectionAPITest.DataProtectionAPIProtectProviderTest.RandomEnvironmentVariablesTest" storage="d:\a\fededim.extensions.configuration.protected\fededim.extensions.configuration.protected\fededim.extensions.configuration.protected.dataprotectionapitest\bin\release\net462\fededim.extensions.configuration.protected.dataprotectionapitest.dll" id="f352b3e4-d8b2-0588-46bb-043afb7266c1">
      <Execution id="f0a6af8d-c0a4-4e02-a3aa-a584cd7b01b7" />
      <TestMethod codeBase="D:\a\Fededim.Extensions.Configuration.Protected\Fededim.Extensions.Configuration.Protected\Fededim.Extensions.Configuration.Protected.DataProtectionAPITest\bin\Release\net462\Fededim.Extensions.Configuration.Protected.DataProtectionAPITest.dll" adapterTypeName="executor://xunit/VsTestRunner2/net" className="Fededim.Extensions.Configuration.Protected.DataProtectionAPITest.DataProtectionAPIProtectProviderTest" name="RandomEnvironmentVariablesTest" />
    </UnitTest>
    <UnitTest name="Fededim.Extensions.Configuration.Protected.DataProtectionAPITest.DataProtectionAPIProtectProviderTest.RandomJsonFileTest(useJsonWithCommentFileProcessor: True)" storage="d:\a\fededim.extensions.configuration.protected\fededim.extensions.configuration.protected\fededim.extensions.configuration.protected.dataprotectionapitest\bin\release\net462\fededim.extensions.configuration.protected.dataprotectionapitest.dll" id="f6916fa8-7335-1ac2-9bd9-068ab445ecb1">
      <Execution id="454b2f23-ec0e-43ca-8eaf-4e050b7be6f5" />
      <TestMethod codeBase="D:\a\Fededim.Extensions.Configuration.Protected\Fededim.Extensions.Configuration.Protected\Fededim.Extensions.Configuration.Protected.DataProtectionAPITest\bin\Release\net462\Fededim.Extensions.Configuration.Protected.DataProtectionAPITest.dll" adapterTypeName="executor://xunit/VsTestRunner2/net" className="Fededim.Extensions.Configuration.Protected.DataProtectionAPITest.DataProtectionAPIProtectProviderTest" name="RandomJsonFileTest" />
    </UnitTest>
    <UnitTest name="Fededim.Extensions.Configuration.Protected.DataProtectionAPITest.DataProtectionAPIProtectProviderTest.RandomCommandLineTest" storage="d:\a\fededim.extensions.configuration.protected\fededim.extensions.configuration.protected\fededim.extensions.configuration.protected.dataprotectionapitest\bin\release\net462\fededim.extensions.configuration.protected.dataprotectionapitest.dll" id="b9bf8ed7-522c-e76a-b80e-8d05fc5adc83">
      <Execution id="27a1e336-02d9-4797-9ea1-77981e4e430c" />
      <TestMethod codeBase="D:\a\Fededim.Extensions.Configuration.Protected\Fededim.Extensions.Configuration.Protected\Fededim.Extensions.Configuration.Protected.DataProtectionAPITest\bin\Release\net462\Fededim.Extensions.Configuration.Protected.DataProtectionAPITest.dll" adapterTypeName="executor://xunit/VsTestRunner2/net" className="Fededim.Extensions.Configuration.Protected.DataProtectionAPITest.DataProtectionAPIProtectProviderTest" name="RandomCommandLineTest" />
    </UnitTest>
    <UnitTest name="Fededim.Extensions.Configuration.Protected.DataProtectionAPITest.DataProtectionAPIProtectProviderTest.RandomJsonFileTest(useJsonWithCommentFileProcessor: False)" storage="d:\a\fededim.extensions.configuration.protected\fededim.extensions.configuration.protected\fededim.extensions.configuration.protected.dataprotectionapitest\bin\release\net462\fededim.extensions.configuration.protected.dataprotectionapitest.dll" id="215bdca5-d044-0fe3-ab3a-2e4442ce76c5">
      <Execution id="6b68c0fb-d058-4b90-bd9e-1d9d4672366b" />
      <TestMethod codeBase="D:\a\Fededim.Extensions.Configuration.Protected\Fededim.Extensions.Configuration.Protected\Fededim.Extensions.Configuration.Protected.DataProtectionAPITest\bin\Release\net462\Fededim.Extensions.Configuration.Protected.DataProtectionAPITest.dll" adapterTypeName="executor://xunit/VsTestRunner2/net" className="Fededim.Extensions.Configuration.Protected.DataProtectionAPITest.DataProtectionAPIProtectProviderTest" name="RandomJsonFileTest" />
    </UnitTest>
  </TestDefinitions>
  <TestEntries>
    <TestEntry testId="215bdca5-d044-0fe3-ab3a-2e4442ce76c5" executionId="6b68c0fb-d058-4b90-bd9e-1d9d4672366b" testListId="8c84fa94-04c1-424b-9868-57a2d4851a1d" />
    <TestEntry testId="f6916fa8-7335-1ac2-9bd9-068ab445ecb1" executionId="454b2f23-ec0e-43ca-8eaf-4e050b7be6f5" testListId="8c84fa94-04c1-424b-9868-57a2d4851a1d" />
    <TestEntry testId="b9bf8ed7-522c-e76a-b80e-8d05fc5adc83" executionId="27a1e336-02d9-4797-9ea1-77981e4e430c" testListId="8c84fa94-04c1-424b-9868-57a2d4851a1d" />
    <TestEntry testId="97ac352b-e433-e531-3210-5b085419ca0a" executionId="d9afea36-5bfd-4c1c-a31c-8e3db65957cd" testListId="8c84fa94-04c1-424b-9868-57a2d4851a1d" />
    <TestEntry testId="a5b4138a-877c-581b-780d-3494b3972f17" executionId="9fc1e345-7a14-4247-95a0-15edec5bcc70" testListId="8c84fa94-04c1-424b-9868-57a2d4851a1d" />
    <TestEntry testId="f352b3e4-d8b2-0588-46bb-043afb7266c1" executionId="f0a6af8d-c0a4-4e02-a3aa-a584cd7b01b7" testListId="8c84fa94-04c1-424b-9868-57a2d4851a1d" />
  </TestEntries>
  <TestLists>
    <TestList name="Results Not in a List" id="8c84fa94-04c1-424b-9868-57a2d4851a1d" />
    <TestList name="All Loaded Results" id="19431567-8539-422a-85d7-44ee4e166bda" />
  </TestLists>
  <ResultSummary outcome="Completed">
    <Counters total="6" executed="6" passed="6" failed="0" error="0" timeout="0" aborted="0" inconclusive="0" passedButRunAborted="0" notRunnable="0" notExecuted="0" disconnected="0" warning="0" completed="0" inProgress="0" pending="0" />
    <Output>
      <StdOut>[xUnit.net 00:00:00.08] xUnit.net VSTest Adapter v2.8.2+699d445a1a (64-bit .NET Framework 4.8.9256.0)&#xD;
[xUnit.net 00:00:02.19]   Discovering: Fededim.Extensions.Configuration.Protected.DataProtectionAPITest&#xD;
[xUnit.net 00:00:02.44]   Discovered:  Fededim.Extensions.Configuration.Protected.DataProtectionAPITest&#xD;
[xUnit.net 00:00:02.44]   Starting:    Fededim.Extensions.Configuration.Protected.DataProtectionAPITest&#xD;
[xUnit.net 00:00:09.53]   Finished:    Fededim.Extensions.Configuration.Protected.DataProtectionAPITest&#xD;
</StdOut>
    </Output>
  </ResultSummary>
</TestRun>