<?xml version="1.0" encoding="utf-8"?>
<TestRun id="5904033a-594a-4f45-a076-c3fe4d504100" name="runneradmin@fv-az1435-763 2024-08-01 16:52:41" runUser="fv-az1435-763\runneradmin" xmlns="http://microsoft.com/schemas/VisualStudio/TeamTest/2010">
  <Times creation="2024-08-01T16:52:41.3032125+00:00" queuing="2024-08-01T16:52:41.3032126+00:00" start="2024-08-01T16:52:25.8984162+00:00" finish="2024-08-01T16:56:56.1897619+00:00" />
  <TestSettings name="default" id="6c66a358-d62a-4ae8-87fb-4f9956d14763">
    <Deployment runDeploymentRoot="runneradmin_fv-az1435-763_2024-08-01_16_52_41" />
  </TestSettings>
  <Results>
    <UnitTestResult executionId="e187142f-b5fe-4f14-9306-47d01b0e826a" testId="f63be0dc-1fac-0d73-eab5-ec6ea7cf7b08" testName="Fededim.Extensions.Configuration.Protected.DataProtectionAPITest.DataProtectionAPIProtectProviderTest.RandomCommandLineTest" computerName="fv-az1435-763" duration="00:00:02.1557171" startTime="2024-08-01T16:56:56.0875707+00:00" endTime="2024-08-01T16:56:56.0875709+00:00" testType="13cdc9d9-ddb5-4fa4-a97d-d965ccfc6d4b" outcome="Passed" testListId="8c84fa94-04c1-424b-9868-57a2d4851a1d" relativeResultsDirectory="e187142f-b5fe-4f14-9306-47d01b0e826a">
      <Output>
        <StdOut>Generated a random command line arguments with 100000 keys, autogenerated strings max length 20 and autogenerated array max length 10&#xD;
Starting test...&#xD;
8/1/2024 4:56:54 PM: Generated random comand line args duration 123ms &#xD;
8/1/2024 4:56:54 PM: Encrypted random comand line args duration 698ms &#xD;
8/1/2024 4:56:54 PM: Checked that all random comand line args are encrypted duration 36ms &#xD;
8/1/2024 4:56:56 PM: Loaded and decrypted random comand line args with ProtectedConfigurationBuilder duration 1254ms &#xD;
8/1/2024 4:56:56 PM: Checked that 100000 entries are equal duration 39ms</StdOut>
      </Output>
    </UnitTestResult>
    <UnitTestResult executionId="0edb6c9d-f7d9-497d-bfbf-ae5a68194e34" testId="4ea3de90-a59d-3955-9940-560839244413" testName="Fededim.Extensions.Configuration.Protected.DataProtectionAPITest.DataProtectionAPIProtectProviderTest.RandomJsonFileTest(useJsonWithCommentFileProcessor: False)" computerName="fv-az1435-763" duration="00:00:09.3677732" startTime="2024-08-01T16:53:02.0422907+00:00" endTime="2024-08-01T16:53:02.0422909+00:00" testType="13cdc9d9-ddb5-4fa4-a97d-d965ccfc6d4b" outcome="Passed" testListId="8c84fa94-04c1-424b-9868-57a2d4851a1d" relativeResultsDirectory="0edb6c9d-f7d9-497d-bfbf-ae5a68194e34">
      <Output>
        <StdOut>Generated a random JSON file with 100000 keys, autogenerated strings max length 20 and autogenerated array max length 10&#xD;
File location file://D:/a/Fededim.Extensions.Configuration.Protected/Fededim.Extensions.Configuration.Protected/Fededim.Extensions.Configuration.Protected.DataProtectionAPITest/bin/Release/net6.0/random_324729996.json&#xD;
Size 56382KB, starting test...&#xD;
8/1/2024 4:52:53 PM: Generated random JSON file (251181 entries) duration 740ms &#xD;
8/1/2024 4:52:56 PM: Encrypted random JSON file duration 3140ms &#xD;
8/1/2024 4:52:57 PM: Checked that all random JSON file is encrypted duration 545ms &#xD;
8/1/2024 4:53:01 PM: Loaded and decrypted random JSON file with ProtectedConfigurationBuilder duration 4591ms &#xD;
8/1/2024 4:53:02 PM: Checked that 251181 entries are equal duration 349ms</StdOut>
      </Output>
    </UnitTestResult>
    <UnitTestResult executionId="8daaec11-9c4f-43a3-9979-09ebae78bfed" testId="40bc2ee2-12b8-c08c-ad81-e8c0efee775c" testName="Fededim.Extensions.Configuration.Protected.DataProtectionAPITest.DataProtectionAPIProtectProviderTest.RandomJsonFileTest(useJsonWithCommentFileProcessor: True)" computerName="fv-az1435-763" duration="00:00:09.7817344" startTime="2024-08-01T16:52:52.6743708+00:00" endTime="2024-08-01T16:52:52.6743710+00:00" testType="13cdc9d9-ddb5-4fa4-a97d-d965ccfc6d4b" outcome="Passed" testListId="8c84fa94-04c1-424b-9868-57a2d4851a1d" relativeResultsDirectory="8daaec11-9c4f-43a3-9979-09ebae78bfed">
      <Output>
        <StdOut>Generated a random JSON file with 100000 keys, autogenerated strings max length 20 and autogenerated array max length 10&#xD;
File location file://D:/a/Fededim.Extensions.Configuration.Protected/Fededim.Extensions.Configuration.Protected/Fededim.Extensions.Configuration.Protected.DataProtectionAPITest/bin/Release/net6.0/random_1350068647.json&#xD;
Size 61380KB, starting test...&#xD;
8/1/2024 4:52:44 PM: Generated random JSON file (250307 entries) duration 1213ms &#xD;
8/1/2024 4:52:46 PM: Encrypted random JSON file duration 2692ms &#xD;
8/1/2024 4:52:47 PM: Checked that all random JSON file is encrypted duration 601ms &#xD;
8/1/2024 4:52:52 PM: Loaded and decrypted random JSON file with ProtectedConfigurationBuilder duration 4872ms &#xD;
8/1/2024 4:52:52 PM: Checked that 250307 entries are equal duration 394ms</StdOut>
      </Output>
    </UnitTestResult>
    <UnitTestResult executionId="bbda70ad-b302-42d8-8eeb-d608ad02693d" testId="cab792d5-caf7-94cb-7dd5-8cd2bf26d466" testName="Fededim.Extensions.Configuration.Protected.DataProtectionAPITest.DataProtectionAPIProtectProviderTest.RandomXmlFileTest" computerName="fv-az1435-763" duration="00:03:51.8882246" startTime="2024-08-01T16:56:53.9314936+00:00" endTime="2024-08-01T16:56:53.9314937+00:00" testType="13cdc9d9-ddb5-4fa4-a97d-d965ccfc6d4b" outcome="Passed" testListId="8c84fa94-04c1-424b-9868-57a2d4851a1d" relativeResultsDirectory="bbda70ad-b302-42d8-8eeb-d608ad02693d">
      <Output>
        <StdOut>Generated a random XML file with 100000 keys, autogenerated strings max length 20 and autogenerated array max length 10&#xD;
File location file://D:/a/Fededim.Extensions.Configuration.Protected/Fededim.Extensions.Configuration.Protected/Fededim.Extensions.Configuration.Protected.DataProtectionAPITest/bin/Release/net6.0/random_1711130368.xml&#xD;
Size 26512KB, starting test...&#xD;
8/1/2024 4:56:42 PM: Generated random XML file (247033 entries) duration 00:03:40.1519652 &#xD;
8/1/2024 4:56:45 PM: Encrypted random XML file duration 3623ms &#xD;
8/1/2024 4:56:46 PM: Checked that all random XML file is encrypted duration 975ms &#xD;
8/1/2024 4:56:53 PM: Loaded and decrypted random XML file with ProtectedConfigurationBuilder duration 6720ms &#xD;
8/1/2024 4:56:53 PM: Checked that 247033 entries are equal duration 409ms</StdOut>
      </Output>
    </UnitTestResult>
    <UnitTestResult executionId="289603fe-7a6d-4c0b-9dea-2d96e964c2eb" testId="092a9e9f-643d-a75f-e646-45602e92186b" testName="Fededim.Extensions.Configuration.Protected.DataProtectionAPITest.DataProtectionAPIProtectProviderTest.RandomInMemoryDictionaryTest" computerName="fv-az1435-763" duration="00:00:02.6815642" startTime="2024-08-01T16:52:41.2618620+00:00" endTime="2024-08-01T16:52:41.2618814+00:00" testType="13cdc9d9-ddb5-4fa4-a97d-d965ccfc6d4b" outcome="Passed" testListId="8c84fa94-04c1-424b-9868-57a2d4851a1d" relativeResultsDirectory="289603fe-7a6d-4c0b-9dea-2d96e964c2eb">
      <Output>
        <StdOut>Generated a random in-memory dictionary with 100000 keys, autogenerated strings max length 20 and autogenerated array max length 10&#xD;
Starting test...&#xD;
8/1/2024 4:52:39 PM: Generated random in-memory dictionary duration 351ms &#xD;
8/1/2024 4:52:40 PM: Encrypted random in-memory dictionary duration 979ms &#xD;
8/1/2024 4:52:40 PM: Checked that all random in-memory dictionary is encrypted duration 38ms &#xD;
8/1/2024 4:52:41 PM: Loaded and decrypted random in-memory dictionary with ProtectedConfigurationBuilder duration 1111ms &#xD;
8/1/2024 4:52:41 PM: Checked that 100000 entries are equal duration 34ms</StdOut>
      </Output>
    </UnitTestResult>
    <UnitTestResult executionId="a094a3af-97ed-4bc8-bab7-77a0b71518e3" testId="331a13af-5866-8d6a-671d-a2abfea42096" testName="Fededim.Extensions.Configuration.Protected.DataProtectionAPITest.DataProtectionAPIProtectProviderTest.RandomEnvironmentVariablesTest" computerName="fv-az1435-763" duration="00:00:01.6310852" startTime="2024-08-01T16:52:42.8924386+00:00" endTime="2024-08-01T16:52:42.8924387+00:00" testType="13cdc9d9-ddb5-4fa4-a97d-d965ccfc6d4b" outcome="Passed" testListId="8c84fa94-04c1-424b-9868-57a2d4851a1d" relativeResultsDirectory="a094a3af-97ed-4bc8-bab7-77a0b71518e3">
      <Output>
        <StdOut>Generated a random environment variables 100000 keys, autogenerated strings max length 20 and autogenerated array max length 10&#xD;
Starting test...&#xD;
8/1/2024 4:52:41 PM: Generated random environment variables (note that Windows has a maximum size of 32KB for all environment variables, so not all 100000 keys could be created) duration 609ms &#xD;
8/1/2024 4:52:42 PM: Encrypted random environment variables duration 991ms &#xD;
8/1/2024 4:52:42 PM: Checked that all random environment variables are encrypted duration 2ms &#xD;
8/1/2024 4:52:42 PM: Loaded and decrypted random environment variables with ProtectedConfigurationBuilder duration 23ms &#xD;
8/1/2024 4:52:42 PM: Checked that 1736 entries are equal duration 0ms</StdOut>
      </Output>
    </UnitTestResult>
  </Results>
  <TestDefinitions>
    <UnitTest name="Fededim.Extensions.Configuration.Protected.DataProtectionAPITest.DataProtectionAPIProtectProviderTest.RandomJsonFileTest(useJsonWithCommentFileProcessor: True)" storage="d:\a\fededim.extensions.configuration.protected\fededim.extensions.configuration.protected\fededim.extensions.configuration.protected.dataprotectionapitest\bin\release\net6.0\fededim.extensions.configuration.protected.dataprotectionapitest.dll" id="40bc2ee2-12b8-c08c-ad81-e8c0efee775c">
      <Execution id="8daaec11-9c4f-43a3-9979-09ebae78bfed" />
      <TestMethod codeBase="D:\a\Fededim.Extensions.Configuration.Protected\Fededim.Extensions.Configuration.Protected\Fededim.Extensions.Configuration.Protected.DataProtectionAPITest\bin\Release\net6.0\Fededim.Extensions.Configuration.Protected.DataProtectionAPITest.dll" adapterTypeName="executor://xunit/VsTestRunner2/netcoreapp" className="Fededim.Extensions.Configuration.Protected.DataProtectionAPITest.DataProtectionAPIProtectProviderTest" name="RandomJsonFileTest" />
    </UnitTest>
    <UnitTest name="Fededim.Extensions.Configuration.Protected.DataProtectionAPITest.DataProtectionAPIProtectProviderTest.RandomXmlFileTest" storage="d:\a\fededim.extensions.configuration.protected\fededim.extensions.configuration.protected\fededim.extensions.configuration.protected.dataprotectionapitest\bin\release\net6.0\fededim.extensions.configuration.protected.dataprotectionapitest.dll" id="cab792d5-caf7-94cb-7dd5-8cd2bf26d466">
      <Execution id="bbda70ad-b302-42d8-8eeb-d608ad02693d" />
      <TestMethod codeBase="D:\a\Fededim.Extensions.Configuration.Protected\Fededim.Extensions.Configuration.Protected\Fededim.Extensions.Configuration.Protected.DataProtectionAPITest\bin\Release\net6.0\Fededim.Extensions.Configuration.Protected.DataProtectionAPITest.dll" adapterTypeName="executor://xunit/VsTestRunner2/netcoreapp" className="Fededim.Extensions.Configuration.Protected.DataProtectionAPITest.DataProtectionAPIProtectProviderTest" name="RandomXmlFileTest" />
    </UnitTest>
    <UnitTest name="Fededim.Extensions.Configuration.Protected.DataProtectionAPITest.DataProtectionAPIProtectProviderTest.RandomInMemoryDictionaryTest" storage="d:\a\fededim.extensions.configuration.protected\fededim.extensions.configuration.protected\fededim.extensions.configuration.protected.dataprotectionapitest\bin\release\net6.0\fededim.extensions.configuration.protected.dataprotectionapitest.dll" id="092a9e9f-643d-a75f-e646-45602e92186b">
      <Execution id="289603fe-7a6d-4c0b-9dea-2d96e964c2eb" />
      <TestMethod codeBase="D:\a\Fededim.Extensions.Configuration.Protected\Fededim.Extensions.Configuration.Protected\Fededim.Extensions.Configuration.Protected.DataProtectionAPITest\bin\Release\net6.0\Fededim.Extensions.Configuration.Protected.DataProtectionAPITest.dll" adapterTypeName="executor://xunit/VsTestRunner2/netcoreapp" className="Fededim.Extensions.Configuration.Protected.DataProtectionAPITest.DataProtectionAPIProtectProviderTest" name="RandomInMemoryDictionaryTest" />
    </UnitTest>
    <UnitTest name="Fededim.Extensions.Configuration.Protected.DataProtectionAPITest.DataProtectionAPIProtectProviderTest.RandomCommandLineTest" storage="d:\a\fededim.extensions.configuration.protected\fededim.extensions.configuration.protected\fededim.extensions.configuration.protected.dataprotectionapitest\bin\release\net6.0\fededim.extensions.configuration.protected.dataprotectionapitest.dll" id="f63be0dc-1fac-0d73-eab5-ec6ea7cf7b08">
      <Execution id="e187142f-b5fe-4f14-9306-47d01b0e826a" />
      <TestMethod codeBase="D:\a\Fededim.Extensions.Configuration.Protected\Fededim.Extensions.Configuration.Protected\Fededim.Extensions.Configuration.Protected.DataProtectionAPITest\bin\Release\net6.0\Fededim.Extensions.Configuration.Protected.DataProtectionAPITest.dll" adapterTypeName="executor://xunit/VsTestRunner2/netcoreapp" className="Fededim.Extensions.Configuration.Protected.DataProtectionAPITest.DataProtectionAPIProtectProviderTest" name="RandomCommandLineTest" />
    </UnitTest>
    <UnitTest name="Fededim.Extensions.Configuration.Protected.DataProtectionAPITest.DataProtectionAPIProtectProviderTest.RandomJsonFileTest(useJsonWithCommentFileProcessor: False)" storage="d:\a\fededim.extensions.configuration.protected\fededim.extensions.configuration.protected\fededim.extensions.configuration.protected.dataprotectionapitest\bin\release\net6.0\fededim.extensions.configuration.protected.dataprotectionapitest.dll" id="4ea3de90-a59d-3955-9940-560839244413">
      <Execution id="0edb6c9d-f7d9-497d-bfbf-ae5a68194e34" />
      <TestMethod codeBase="D:\a\Fededim.Extensions.Configuration.Protected\Fededim.Extensions.Configuration.Protected\Fededim.Extensions.Configuration.Protected.DataProtectionAPITest\bin\Release\net6.0\Fededim.Extensions.Configuration.Protected.DataProtectionAPITest.dll" adapterTypeName="executor://xunit/VsTestRunner2/netcoreapp" className="Fededim.Extensions.Configuration.Protected.DataProtectionAPITest.DataProtectionAPIProtectProviderTest" name="RandomJsonFileTest" />
    </UnitTest>
    <UnitTest name="Fededim.Extensions.Configuration.Protected.DataProtectionAPITest.DataProtectionAPIProtectProviderTest.RandomEnvironmentVariablesTest" storage="d:\a\fededim.extensions.configuration.protected\fededim.extensions.configuration.protected\fededim.extensions.configuration.protected.dataprotectionapitest\bin\release\net6.0\fededim.extensions.configuration.protected.dataprotectionapitest.dll" id="331a13af-5866-8d6a-671d-a2abfea42096">
      <Execution id="a094a3af-97ed-4bc8-bab7-77a0b71518e3" />
      <TestMethod codeBase="D:\a\Fededim.Extensions.Configuration.Protected\Fededim.Extensions.Configuration.Protected\Fededim.Extensions.Configuration.Protected.DataProtectionAPITest\bin\Release\net6.0\Fededim.Extensions.Configuration.Protected.DataProtectionAPITest.dll" adapterTypeName="executor://xunit/VsTestRunner2/netcoreapp" className="Fededim.Extensions.Configuration.Protected.DataProtectionAPITest.DataProtectionAPIProtectProviderTest" name="RandomEnvironmentVariablesTest" />
    </UnitTest>
  </TestDefinitions>
  <TestEntries>
    <TestEntry testId="f63be0dc-1fac-0d73-eab5-ec6ea7cf7b08" executionId="e187142f-b5fe-4f14-9306-47d01b0e826a" testListId="8c84fa94-04c1-424b-9868-57a2d4851a1d" />
    <TestEntry testId="4ea3de90-a59d-3955-9940-560839244413" executionId="0edb6c9d-f7d9-497d-bfbf-ae5a68194e34" testListId="8c84fa94-04c1-424b-9868-57a2d4851a1d" />
    <TestEntry testId="40bc2ee2-12b8-c08c-ad81-e8c0efee775c" executionId="8daaec11-9c4f-43a3-9979-09ebae78bfed" testListId="8c84fa94-04c1-424b-9868-57a2d4851a1d" />
    <TestEntry testId="cab792d5-caf7-94cb-7dd5-8cd2bf26d466" executionId="bbda70ad-b302-42d8-8eeb-d608ad02693d" testListId="8c84fa94-04c1-424b-9868-57a2d4851a1d" />
    <TestEntry testId="092a9e9f-643d-a75f-e646-45602e92186b" executionId="289603fe-7a6d-4c0b-9dea-2d96e964c2eb" testListId="8c84fa94-04c1-424b-9868-57a2d4851a1d" />
    <TestEntry testId="331a13af-5866-8d6a-671d-a2abfea42096" executionId="a094a3af-97ed-4bc8-bab7-77a0b71518e3" testListId="8c84fa94-04c1-424b-9868-57a2d4851a1d" />
  </TestEntries>
  <TestLists>
    <TestList name="Results Not in a List" id="8c84fa94-04c1-424b-9868-57a2d4851a1d" />
    <TestList name="All Loaded Results" id="19431567-8539-422a-85d7-44ee4e166bda" />
  </TestLists>
  <ResultSummary outcome="Completed">
    <Counters total="6" executed="6" passed="6" failed="0" error="0" timeout="0" aborted="0" inconclusive="0" passedButRunAborted="0" notRunnable="0" notExecuted="0" disconnected="0" warning="0" completed="0" inProgress="0" pending="0" />
    <Output>
      <StdOut>[xUnit.net 00:00:00.00] xUnit.net VSTest Adapter v2.8.2+699d445a1a (64-bit .NET 6.0.32)&#xD;
[xUnit.net 00:00:01.00]   Discovering: Fededim.Extensions.Configuration.Protected.DataProtectionAPITest&#xD;
[xUnit.net 00:00:01.66]   Discovered:  Fededim.Extensions.Configuration.Protected.DataProtectionAPITest&#xD;
[xUnit.net 00:00:01.66]   Starting:    Fededim.Extensions.Configuration.Protected.DataProtectionAPITest&#xD;
[xUnit.net 00:04:19.27]   Finished:    Fededim.Extensions.Configuration.Protected.DataProtectionAPITest&#xD;
</StdOut>
    </Output>
  </ResultSummary>
</TestRun>