<?xml version="1.0" encoding="utf-8"?>
<TestRun id="13d6b5ab-3e27-465f-a8d5-6964b5c802f6" name="runneradmin@fv-az1111-759 2024-09-30 20:59:41" runUser="fv-az1111-759\runneradmin" xmlns="http://microsoft.com/schemas/VisualStudio/TeamTest/2010">
  <Times creation="2024-09-30T20:59:41.8721436+00:00" queuing="2024-09-30T20:59:41.8721438+00:00" start="2024-09-30T20:59:33.8146565+00:00" finish="2024-09-30T21:00:38.7853886+00:00" />
  <TestSettings name="default" id="d3546683-2bb4-4c68-a8c7-49d1d554736a">
    <Deployment runDeploymentRoot="runneradmin_fv-az1111-759_2024-09-30_20_59_41" />
  </TestSettings>
  <Results>
    <UnitTestResult executionId="d36836d4-9182-41a7-875e-44f00422a442" testId="215bdca5-d044-0fe3-ab3a-2e4442ce76c5" testName="Fededim.Extensions.Configuration.Protected.DataProtectionAPITest.DataProtectionAPIProtectProviderTest.RandomJsonFileTest(useJsonWithCommentFileProcessor: False)" computerName="fv-az1111-759" duration="00:00:15.8680000" startTime="2024-09-30T21:00:16.0556633+00:00" endTime="2024-09-30T21:00:16.0556633+00:00" testType="13cdc9d9-ddb5-4fa4-a97d-d965ccfc6d4b" outcome="Passed" testListId="8c84fa94-04c1-424b-9868-57a2d4851a1d" relativeResultsDirectory="d36836d4-9182-41a7-875e-44f00422a442">
      <Output>
        <StdOut>9/30/2024 9:00:00 PM: Generating a random JSON file with 100000 keys, autogenerated strings max length 20 and autogenerated array max length 10...&#xD;
9/30/2024 9:00:01 PM: File location file://D:/a/Fededim.Extensions.Configuration.Protected/Fededim.Extensions.Configuration.Protected/Fededim.Extensions.Configuration.Protected.DataProtectionAPITest/bin/Release/net462/random_948154301.json&#xD;
9/30/2024 9:00:01 PM: Generated random JSON file (250380 entries size 59196 KB) duration 1203ms &#xD;
9/30/2024 9:00:05 PM: Encrypted random JSON file (250380 entries size 90173 KB) duration 4368ms &#xD;
9/30/2024 9:00:06 PM: Checked that all random JSON file is encrypted duration 871ms &#xD;
9/30/2024 9:00:15 PM: Loaded and decrypted random JSON file with ProtectedConfigurationBuilder duration 8735ms &#xD;
9/30/2024 9:00:16 PM: Checked that 250380 entries are equal duration 688ms</StdOut>
      </Output>
    </UnitTestResult>
    <UnitTestResult executionId="a571b3fa-1294-4f56-abcd-9a01589f502b" testId="f352b3e4-d8b2-0588-46bb-043afb7266c1" testName="Fededim.Extensions.Configuration.Protected.DataProtectionAPITest.DataProtectionAPIProtectProviderTest.RandomEnvironmentVariablesTest" computerName="fv-az1111-759" duration="00:00:01.4350000" startTime="2024-09-30T20:59:43.2693631+00:00" endTime="2024-09-30T20:59:43.2693631+00:00" testType="13cdc9d9-ddb5-4fa4-a97d-d965ccfc6d4b" outcome="Passed" testListId="8c84fa94-04c1-424b-9868-57a2d4851a1d" relativeResultsDirectory="a571b3fa-1294-4f56-abcd-9a01589f502b">
      <Output>
        <StdOut>9/30/2024 8:59:41 PM: Generating a random environment variables 100000 keys, autogenerated strings max length 20 and autogenerated array max length 10...&#xD;
9/30/2024 8:59:42 PM: Starting test...&#xD;
9/30/2024 8:59:42 PM: Generated random environment variables (note that Windows has a maximum size of 32KB for all environment variables, so not all 100000 keys could be created) duration 505ms &#xD;
9/30/2024 8:59:43 PM: Encrypted random environment variables duration 864ms &#xD;
9/30/2024 8:59:43 PM: Checked that all random environment variables are encrypted duration 3ms &#xD;
9/30/2024 8:59:43 PM: Loaded and decrypted random environment variables with ProtectedConfigurationBuilder duration 43ms &#xD;
9/30/2024 8:59:43 PM: Checked that 1726 entries are equal duration 0ms</StdOut>
      </Output>
    </UnitTestResult>
    <UnitTestResult executionId="67dddc8d-0e2b-4e74-9da2-3ee860b05fd4" testId="f6916fa8-7335-1ac2-9bd9-068ab445ecb1" testName="Fededim.Extensions.Configuration.Protected.DataProtectionAPITest.DataProtectionAPIProtectProviderTest.RandomJsonFileTest(useJsonWithCommentFileProcessor: True)" computerName="fv-az1111-759" duration="00:00:16.9160000" startTime="2024-09-30T21:00:00.1840585+00:00" endTime="2024-09-30T21:00:00.1840585+00:00" testType="13cdc9d9-ddb5-4fa4-a97d-d965ccfc6d4b" outcome="Passed" testListId="8c84fa94-04c1-424b-9868-57a2d4851a1d" relativeResultsDirectory="67dddc8d-0e2b-4e74-9da2-3ee860b05fd4">
      <Output>
        <StdOut>9/30/2024 8:59:43 PM: Generating a random JSON file with 100000 keys, autogenerated strings max length 20 and autogenerated array max length 10...&#xD;
9/30/2024 8:59:45 PM: File location file://D:/a/Fededim.Extensions.Configuration.Protected/Fededim.Extensions.Configuration.Protected/Fededim.Extensions.Configuration.Protected.DataProtectionAPITest/bin/Release/net462/random_2062340310.json&#xD;
9/30/2024 8:59:45 PM: Generated random JSON file (249857 entries size 67823 KB) duration 1750ms &#xD;
9/30/2024 8:59:48 PM: Encrypted random JSON file (249857 entries size 98748 KB) duration 3781ms &#xD;
9/30/2024 8:59:49 PM: Checked that all random JSON file is encrypted duration 1010ms &#xD;
9/30/2024 8:59:59 PM: Loaded and decrypted random JSON file with ProtectedConfigurationBuilder duration 9471ms &#xD;
9/30/2024 9:00:00 PM: Checked that 249857 entries are equal duration 823ms</StdOut>
      </Output>
    </UnitTestResult>
    <UnitTestResult executionId="9b49cc5f-fa63-4039-ae7e-8b4e9adc454b" testId="97ac352b-e433-e531-3210-5b085419ca0a" testName="Fededim.Extensions.Configuration.Protected.DataProtectionAPITest.DataProtectionAPIProtectProviderTest.RandomXmlFileTest" computerName="fv-az1111-759" duration="00:00:19.1730000" startTime="2024-09-30T21:00:35.2229766+00:00" endTime="2024-09-30T21:00:35.2229766+00:00" testType="13cdc9d9-ddb5-4fa4-a97d-d965ccfc6d4b" outcome="Passed" testListId="8c84fa94-04c1-424b-9868-57a2d4851a1d" relativeResultsDirectory="9b49cc5f-fa63-4039-ae7e-8b4e9adc454b">
      <Output>
        <StdOut>9/30/2024 9:00:16 PM: Generating a random XML file with 100000 keys, autogenerated strings max length 20 and autogenerated array max length 10...&#xD;
9/30/2024 9:00:18 PM: File location file://D:/a/Fededim.Extensions.Configuration.Protected/Fededim.Extensions.Configuration.Protected/Fededim.Extensions.Configuration.Protected.DataProtectionAPITest/bin/Release/net462/random_2025896355.xml&#xD;
9/30/2024 9:00:18 PM: Generated random XML file (244863 entries size 63580 KB) duration 2334ms &#xD;
9/30/2024 9:00:22 PM: Encrypted random XML file (244863 entries size 94139 KB) duration 4509ms &#xD;
9/30/2024 9:00:24 PM: Checked that all random XML file is encrypted duration 1298ms &#xD;
9/30/2024 9:00:34 PM: Loaded and decrypted random XML file with ProtectedConfigurationBuilder duration 00:00:10.3027937 &#xD;
9/30/2024 9:00:35 PM: Checked that 238567 entries are equal duration 696ms</StdOut>
      </Output>
    </UnitTestResult>
    <UnitTestResult executionId="c24bb1a5-cac9-4681-8876-c41486cbe9bf" testId="b9bf8ed7-522c-e76a-b80e-8d05fc5adc83" testName="Fededim.Extensions.Configuration.Protected.DataProtectionAPITest.DataProtectionAPIProtectProviderTest.RandomCommandLineTest" computerName="fv-az1111-759" duration="00:00:03.4510000" startTime="2024-09-30T21:00:38.6796586+00:00" endTime="2024-09-30T21:00:38.6796586+00:00" testType="13cdc9d9-ddb5-4fa4-a97d-d965ccfc6d4b" outcome="Passed" testListId="8c84fa94-04c1-424b-9868-57a2d4851a1d" relativeResultsDirectory="c24bb1a5-cac9-4681-8876-c41486cbe9bf">
      <Output>
        <StdOut>9/30/2024 9:00:35 PM: Generating a random command line arguments with 100000 keys, autogenerated strings max length 20 and autogenerated array max length 10...&#xD;
9/30/2024 9:00:35 PM: Starting test...&#xD;
9/30/2024 9:00:35 PM: Generated random comand line args duration 237ms &#xD;
9/30/2024 9:00:36 PM: Encrypted random comand line args duration 907ms &#xD;
9/30/2024 9:00:36 PM: Checked that all random comand line args are encrypted duration 59ms &#xD;
9/30/2024 9:00:38 PM: Loaded and decrypted random comand line args with ProtectedConfigurationBuilder duration 2180ms &#xD;
9/30/2024 9:00:38 PM: Checked that 100000 entries are equal duration 56ms</StdOut>
      </Output>
    </UnitTestResult>
    <UnitTestResult executionId="69ce5150-7c8c-4f88-a247-e28ae6f2712e" testId="a5b4138a-877c-581b-780d-3494b3972f17" testName="Fededim.Extensions.Configuration.Protected.DataProtectionAPITest.DataProtectionAPIProtectProviderTest.RandomInMemoryDictionaryTest" computerName="fv-az1111-759" duration="00:00:05.6140000" startTime="2024-09-30T20:59:41.8303048+00:00" endTime="2024-09-30T20:59:41.8303048+00:00" testType="13cdc9d9-ddb5-4fa4-a97d-d965ccfc6d4b" outcome="Passed" testListId="8c84fa94-04c1-424b-9868-57a2d4851a1d" relativeResultsDirectory="69ce5150-7c8c-4f88-a247-e28ae6f2712e">
      <Output>
        <StdOut>9/30/2024 8:59:37 PM: Generating a random in-memory dictionary with 100000 keys, autogenerated strings max length 20 and autogenerated array max length 10...&#xD;
9/30/2024 8:59:38 PM: Starting test...&#xD;
9/30/2024 8:59:38 PM: Generated random in-memory dictionary duration 309ms &#xD;
9/30/2024 8:59:39 PM: Encrypted random in-memory dictionary duration 1332ms &#xD;
9/30/2024 8:59:39 PM: Checked that all random in-memory dictionary is encrypted duration 60ms &#xD;
9/30/2024 8:59:41 PM: Loaded and decrypted random in-memory dictionary with ProtectedConfigurationBuilder duration 2116ms &#xD;
9/30/2024 8:59:41 PM: Checked that 100000 entries are equal duration 54ms</StdOut>
      </Output>
    </UnitTestResult>
  </Results>
  <TestDefinitions>
    <UnitTest name="Fededim.Extensions.Configuration.Protected.DataProtectionAPITest.DataProtectionAPIProtectProviderTest.RandomXmlFileTest" storage="d:\a\fededim.extensions.configuration.protected\fededim.extensions.configuration.protected\fededim.extensions.configuration.protected.dataprotectionapitest\bin\release\net462\fededim.extensions.configuration.protected.dataprotectionapitest.dll" id="97ac352b-e433-e531-3210-5b085419ca0a">
      <Execution id="9b49cc5f-fa63-4039-ae7e-8b4e9adc454b" />
      <TestMethod codeBase="D:\a\Fededim.Extensions.Configuration.Protected\Fededim.Extensions.Configuration.Protected\Fededim.Extensions.Configuration.Protected.DataProtectionAPITest\bin\Release\net462\Fededim.Extensions.Configuration.Protected.DataProtectionAPITest.dll" adapterTypeName="executor://xunit/VsTestRunner2/net" className="Fededim.Extensions.Configuration.Protected.DataProtectionAPITest.DataProtectionAPIProtectProviderTest" name="RandomXmlFileTest" />
    </UnitTest>
    <UnitTest name="Fededim.Extensions.Configuration.Protected.DataProtectionAPITest.DataProtectionAPIProtectProviderTest.RandomInMemoryDictionaryTest" storage="d:\a\fededim.extensions.configuration.protected\fededim.extensions.configuration.protected\fededim.extensions.configuration.protected.dataprotectionapitest\bin\release\net462\fededim.extensions.configuration.protected.dataprotectionapitest.dll" id="a5b4138a-877c-581b-780d-3494b3972f17">
      <Execution id="69ce5150-7c8c-4f88-a247-e28ae6f2712e" />
      <TestMethod codeBase="D:\a\Fededim.Extensions.Configuration.Protected\Fededim.Extensions.Configuration.Protected\Fededim.Extensions.Configuration.Protected.DataProtectionAPITest\bin\Release\net462\Fededim.Extensions.Configuration.Protected.DataProtectionAPITest.dll" adapterTypeName="executor://xunit/VsTestRunner2/net" className="Fededim.Extensions.Configuration.Protected.DataProtectionAPITest.DataProtectionAPIProtectProviderTest" name="RandomInMemoryDictionaryTest" />
    </UnitTest>
    <UnitTest name="Fededim.Extensions.Configuration.Protected.DataProtectionAPITest.DataProtectionAPIProtectProviderTest.RandomEnvironmentVariablesTest" storage="d:\a\fededim.extensions.configuration.protected\fededim.extensions.configuration.protected\fededim.extensions.configuration.protected.dataprotectionapitest\bin\release\net462\fededim.extensions.configuration.protected.dataprotectionapitest.dll" id="f352b3e4-d8b2-0588-46bb-043afb7266c1">
      <Execution id="a571b3fa-1294-4f56-abcd-9a01589f502b" />
      <TestMethod codeBase="D:\a\Fededim.Extensions.Configuration.Protected\Fededim.Extensions.Configuration.Protected\Fededim.Extensions.Configuration.Protected.DataProtectionAPITest\bin\Release\net462\Fededim.Extensions.Configuration.Protected.DataProtectionAPITest.dll" adapterTypeName="executor://xunit/VsTestRunner2/net" className="Fededim.Extensions.Configuration.Protected.DataProtectionAPITest.DataProtectionAPIProtectProviderTest" name="RandomEnvironmentVariablesTest" />
    </UnitTest>
    <UnitTest name="Fededim.Extensions.Configuration.Protected.DataProtectionAPITest.DataProtectionAPIProtectProviderTest.RandomJsonFileTest(useJsonWithCommentFileProcessor: True)" storage="d:\a\fededim.extensions.configuration.protected\fededim.extensions.configuration.protected\fededim.extensions.configuration.protected.dataprotectionapitest\bin\release\net462\fededim.extensions.configuration.protected.dataprotectionapitest.dll" id="f6916fa8-7335-1ac2-9bd9-068ab445ecb1">
      <Execution id="67dddc8d-0e2b-4e74-9da2-3ee860b05fd4" />
      <TestMethod codeBase="D:\a\Fededim.Extensions.Configuration.Protected\Fededim.Extensions.Configuration.Protected\Fededim.Extensions.Configuration.Protected.DataProtectionAPITest\bin\Release\net462\Fededim.Extensions.Configuration.Protected.DataProtectionAPITest.dll" adapterTypeName="executor://xunit/VsTestRunner2/net" className="Fededim.Extensions.Configuration.Protected.DataProtectionAPITest.DataProtectionAPIProtectProviderTest" name="RandomJsonFileTest" />
    </UnitTest>
    <UnitTest name="Fededim.Extensions.Configuration.Protected.DataProtectionAPITest.DataProtectionAPIProtectProviderTest.RandomCommandLineTest" storage="d:\a\fededim.extensions.configuration.protected\fededim.extensions.configuration.protected\fededim.extensions.configuration.protected.dataprotectionapitest\bin\release\net462\fededim.extensions.configuration.protected.dataprotectionapitest.dll" id="b9bf8ed7-522c-e76a-b80e-8d05fc5adc83">
      <Execution id="c24bb1a5-cac9-4681-8876-c41486cbe9bf" />
      <TestMethod codeBase="D:\a\Fededim.Extensions.Configuration.Protected\Fededim.Extensions.Configuration.Protected\Fededim.Extensions.Configuration.Protected.DataProtectionAPITest\bin\Release\net462\Fededim.Extensions.Configuration.Protected.DataProtectionAPITest.dll" adapterTypeName="executor://xunit/VsTestRunner2/net" className="Fededim.Extensions.Configuration.Protected.DataProtectionAPITest.DataProtectionAPIProtectProviderTest" name="RandomCommandLineTest" />
    </UnitTest>
    <UnitTest name="Fededim.Extensions.Configuration.Protected.DataProtectionAPITest.DataProtectionAPIProtectProviderTest.RandomJsonFileTest(useJsonWithCommentFileProcessor: False)" storage="d:\a\fededim.extensions.configuration.protected\fededim.extensions.configuration.protected\fededim.extensions.configuration.protected.dataprotectionapitest\bin\release\net462\fededim.extensions.configuration.protected.dataprotectionapitest.dll" id="215bdca5-d044-0fe3-ab3a-2e4442ce76c5">
      <Execution id="d36836d4-9182-41a7-875e-44f00422a442" />
      <TestMethod codeBase="D:\a\Fededim.Extensions.Configuration.Protected\Fededim.Extensions.Configuration.Protected\Fededim.Extensions.Configuration.Protected.DataProtectionAPITest\bin\Release\net462\Fededim.Extensions.Configuration.Protected.DataProtectionAPITest.dll" adapterTypeName="executor://xunit/VsTestRunner2/net" className="Fededim.Extensions.Configuration.Protected.DataProtectionAPITest.DataProtectionAPIProtectProviderTest" name="RandomJsonFileTest" />
    </UnitTest>
  </TestDefinitions>
  <TestEntries>
    <TestEntry testId="215bdca5-d044-0fe3-ab3a-2e4442ce76c5" executionId="d36836d4-9182-41a7-875e-44f00422a442" testListId="8c84fa94-04c1-424b-9868-57a2d4851a1d" />
    <TestEntry testId="f352b3e4-d8b2-0588-46bb-043afb7266c1" executionId="a571b3fa-1294-4f56-abcd-9a01589f502b" testListId="8c84fa94-04c1-424b-9868-57a2d4851a1d" />
    <TestEntry testId="f6916fa8-7335-1ac2-9bd9-068ab445ecb1" executionId="67dddc8d-0e2b-4e74-9da2-3ee860b05fd4" testListId="8c84fa94-04c1-424b-9868-57a2d4851a1d" />
    <TestEntry testId="97ac352b-e433-e531-3210-5b085419ca0a" executionId="9b49cc5f-fa63-4039-ae7e-8b4e9adc454b" testListId="8c84fa94-04c1-424b-9868-57a2d4851a1d" />
    <TestEntry testId="b9bf8ed7-522c-e76a-b80e-8d05fc5adc83" executionId="c24bb1a5-cac9-4681-8876-c41486cbe9bf" testListId="8c84fa94-04c1-424b-9868-57a2d4851a1d" />
    <TestEntry testId="a5b4138a-877c-581b-780d-3494b3972f17" executionId="69ce5150-7c8c-4f88-a247-e28ae6f2712e" testListId="8c84fa94-04c1-424b-9868-57a2d4851a1d" />
  </TestEntries>
  <TestLists>
    <TestList name="Results Not in a List" id="8c84fa94-04c1-424b-9868-57a2d4851a1d" />
    <TestList name="All Loaded Results" id="19431567-8539-422a-85d7-44ee4e166bda" />
  </TestLists>
  <ResultSummary outcome="Completed">
    <Counters total="6" executed="6" passed="6" failed="0" error="0" timeout="0" aborted="0" inconclusive="0" passedButRunAborted="0" notRunnable="0" notExecuted="0" disconnected="0" warning="0" completed="0" inProgress="0" pending="0" />
    <Output>
      <StdOut>[xUnit.net 00:00:00.03] xUnit.net VSTest Adapter v2.8.2+699d445a1a (64-bit .NET Framework 4.8.9266.0)&#xD;
[xUnit.net 00:00:01.29]   Discovering: Fededim.Extensions.Configuration.Protected.DataProtectionAPITest&#xD;
[xUnit.net 00:00:01.48]   Discovered:  Fededim.Extensions.Configuration.Protected.DataProtectionAPITest&#xD;
[xUnit.net 00:00:01.48]   Starting:    Fededim.Extensions.Configuration.Protected.DataProtectionAPITest&#xD;
[xUnit.net 00:01:04.11]   Finished:    Fededim.Extensions.Configuration.Protected.DataProtectionAPITest&#xD;
</StdOut>
    </Output>
  </ResultSummary>
</TestRun>