<?xml version="1.0" encoding="utf-8"?>
<TestRun id="3ce0e353-f495-43d9-a823-46d7fc5663c4" name="runneradmin@fv-az980-960 2024-10-09 20:05:00" runUser="fv-az980-960\runneradmin" xmlns="http://microsoft.com/schemas/VisualStudio/TeamTest/2010">
  <Times creation="2024-10-09T20:05:00.8434291+00:00" queuing="2024-10-09T20:05:00.8434292+00:00" start="2024-10-09T20:04:53.6633014+00:00" finish="2024-10-09T20:05:52.9198985+00:00" />
  <TestSettings name="default" id="8237587b-7cef-4605-bce6-54fb3945aab4">
    <Deployment runDeploymentRoot="runneradmin_fv-az980-960_2024-10-09_20_05_00" />
  </TestSettings>
  <Results>
    <UnitTestResult executionId="43cb18e9-4b7c-4851-8a07-041d7ca89204" testId="f352b3e4-d8b2-0588-46bb-043afb7266c1" testName="Fededim.Extensions.Configuration.Protected.DataProtectionAPITest.DataProtectionAPIProtectProviderTest.RandomEnvironmentVariablesTest" computerName="fv-az980-960" duration="00:00:01.2870000" startTime="2024-10-09T20:05:02.1000985+00:00" endTime="2024-10-09T20:05:02.1000985+00:00" testType="13cdc9d9-ddb5-4fa4-a97d-d965ccfc6d4b" outcome="Passed" testListId="8c84fa94-04c1-424b-9868-57a2d4851a1d" relativeResultsDirectory="43cb18e9-4b7c-4851-8a07-041d7ca89204">
      <Output>
        <StdOut>10/9/2024 8:05:00 PM: Generating a random environment variables 100000 keys, autogenerated strings max length 20 and autogenerated array max length 10...&#xD;
10/9/2024 8:05:01 PM: Starting test...&#xD;
10/9/2024 8:05:01 PM: Generated random environment variables (note that Windows has a maximum size of 32KB for all environment variables, so not all 100000 keys could be created) duration 504ms &#xD;
10/9/2024 8:05:02 PM: Encrypted random environment variables duration 719ms &#xD;
10/9/2024 8:05:02 PM: Checked that all random environment variables are encrypted duration 2ms &#xD;
10/9/2024 8:05:02 PM: Loaded and decrypted random environment variables with ProtectedConfigurationBuilder duration 39ms &#xD;
10/9/2024 8:05:02 PM: Checked that 1556 entries are equal duration 0ms</StdOut>
      </Output>
    </UnitTestResult>
    <UnitTestResult executionId="90ac7ac5-3176-47f9-b86e-2e9f5498d7a5" testId="215bdca5-d044-0fe3-ab3a-2e4442ce76c5" testName="Fededim.Extensions.Configuration.Protected.DataProtectionAPITest.DataProtectionAPIProtectProviderTest.RandomJsonFileTest(useJsonWithCommentFileProcessor: False)" computerName="fv-az980-960" duration="00:00:14.6450000" startTime="2024-10-09T20:05:31.4137585+00:00" endTime="2024-10-09T20:05:31.4137585+00:00" testType="13cdc9d9-ddb5-4fa4-a97d-d965ccfc6d4b" outcome="Passed" testListId="8c84fa94-04c1-424b-9868-57a2d4851a1d" relativeResultsDirectory="90ac7ac5-3176-47f9-b86e-2e9f5498d7a5">
      <Output>
        <StdOut>10/9/2024 8:05:16 PM: Generating a random JSON file with 100000 keys, autogenerated strings max length 20 and autogenerated array max length 10...&#xD;
10/9/2024 8:05:17 PM: File location file://D:/a/Fededim.Extensions.Configuration.Protected/Fededim.Extensions.Configuration.Protected/Fededim.Extensions.Configuration.Protected.DataProtectionAPITest/bin/Release/net462/random_186055831.json&#xD;
10/9/2024 8:05:17 PM: Generated random JSON file (249168 entries size 62805 KB) duration 1155ms &#xD;
10/9/2024 8:05:21 PM: Encrypted random JSON file (249168 entries size 88827 KB) duration 3643ms &#xD;
10/9/2024 8:05:22 PM: Checked that all random JSON file is encrypted duration 915ms &#xD;
10/9/2024 8:05:30 PM: Loaded and decrypted random JSON file with ProtectedConfigurationBuilder duration 8153ms &#xD;
10/9/2024 8:05:31 PM: Checked that 249168 entries are equal duration 775ms</StdOut>
      </Output>
    </UnitTestResult>
    <UnitTestResult executionId="b00749c5-1ca4-4439-bf46-fcf45d90a496" testId="97ac352b-e433-e531-3210-5b085419ca0a" testName="Fededim.Extensions.Configuration.Protected.DataProtectionAPITest.DataProtectionAPIProtectProviderTest.RandomXmlFileTest" computerName="fv-az980-960" duration="00:00:18.1710000" startTime="2024-10-09T20:05:49.5960756+00:00" endTime="2024-10-09T20:05:49.5960756+00:00" testType="13cdc9d9-ddb5-4fa4-a97d-d965ccfc6d4b" outcome="Passed" testListId="8c84fa94-04c1-424b-9868-57a2d4851a1d" relativeResultsDirectory="b00749c5-1ca4-4439-bf46-fcf45d90a496">
      <Output>
        <StdOut>10/9/2024 8:05:31 PM: Generating a random XML file with 100000 keys, autogenerated strings max length 20 and autogenerated array max length 10...&#xD;
10/9/2024 8:05:33 PM: File location file://D:/a/Fededim.Extensions.Configuration.Protected/Fededim.Extensions.Configuration.Protected/Fededim.Extensions.Configuration.Protected.DataProtectionAPITest/bin/Release/net462/random_1195845626.xml&#xD;
10/9/2024 8:05:33 PM: Generated random XML file (246431 entries size 63379 KB) duration 2383ms &#xD;
10/9/2024 8:05:38 PM: Encrypted random XML file (246431 entries size 89774 KB) duration 4197ms &#xD;
10/9/2024 8:05:39 PM: Checked that all random XML file is encrypted duration 1361ms &#xD;
10/9/2024 8:05:48 PM: Loaded and decrypted random XML file with ProtectedConfigurationBuilder duration 9595ms &#xD;
10/9/2024 8:05:49 PM: Checked that 202579 entries are equal duration 619ms</StdOut>
      </Output>
    </UnitTestResult>
    <UnitTestResult executionId="e6cb58ef-102e-4f9c-ba3b-f3056a80505f" testId="f6916fa8-7335-1ac2-9bd9-068ab445ecb1" testName="Fededim.Extensions.Configuration.Protected.DataProtectionAPITest.DataProtectionAPIProtectProviderTest.RandomJsonFileTest(useJsonWithCommentFileProcessor: True)" computerName="fv-az980-960" duration="00:00:14.6800000" startTime="2024-10-09T20:05:16.7797894+00:00" endTime="2024-10-09T20:05:16.7797894+00:00" testType="13cdc9d9-ddb5-4fa4-a97d-d965ccfc6d4b" outcome="Passed" testListId="8c84fa94-04c1-424b-9868-57a2d4851a1d" relativeResultsDirectory="e6cb58ef-102e-4f9c-ba3b-f3056a80505f">
      <Output>
        <StdOut>10/9/2024 8:05:02 PM: Generating a random JSON file with 100000 keys, autogenerated strings max length 20 and autogenerated array max length 10...&#xD;
10/9/2024 8:05:03 PM: File location file://D:/a/Fededim.Extensions.Configuration.Protected/Fededim.Extensions.Configuration.Protected/Fededim.Extensions.Configuration.Protected.DataProtectionAPITest/bin/Release/net462/random_485437609.json&#xD;
10/9/2024 8:05:03 PM: Generated random JSON file (250129 entries size 59338 KB) duration 1582ms &#xD;
10/9/2024 8:05:07 PM: Encrypted random JSON file (250129 entries size 85457 KB) duration 3199ms &#xD;
10/9/2024 8:05:07 PM: Checked that all random JSON file is encrypted duration 889ms &#xD;
10/9/2024 8:05:16 PM: Loaded and decrypted random JSON file with ProtectedConfigurationBuilder duration 8147ms &#xD;
10/9/2024 8:05:16 PM: Checked that 250129 entries are equal duration 719ms</StdOut>
      </Output>
    </UnitTestResult>
    <UnitTestResult executionId="c13430dd-640f-4b50-9cb5-200c9cf74ab4" testId="b9bf8ed7-522c-e76a-b80e-8d05fc5adc83" testName="Fededim.Extensions.Configuration.Protected.DataProtectionAPITest.DataProtectionAPIProtectProviderTest.RandomCommandLineTest" computerName="fv-az980-960" duration="00:00:03.0580000" startTime="2024-10-09T20:05:52.6448792+00:00" endTime="2024-10-09T20:05:52.6448792+00:00" testType="13cdc9d9-ddb5-4fa4-a97d-d965ccfc6d4b" outcome="Passed" testListId="8c84fa94-04c1-424b-9868-57a2d4851a1d" relativeResultsDirectory="c13430dd-640f-4b50-9cb5-200c9cf74ab4">
      <Output>
        <StdOut>10/9/2024 8:05:49 PM: Generating a random command line arguments with 100000 keys, autogenerated strings max length 20 and autogenerated array max length 10...&#xD;
10/9/2024 8:05:49 PM: Starting test...&#xD;
10/9/2024 8:05:49 PM: Generated random comand line args duration 260ms &#xD;
10/9/2024 8:05:50 PM: Encrypted random comand line args duration 848ms &#xD;
10/9/2024 8:05:50 PM: Checked that all random comand line args are encrypted duration 55ms &#xD;
10/9/2024 8:05:52 PM: Loaded and decrypted random comand line args with ProtectedConfigurationBuilder duration 1826ms &#xD;
10/9/2024 8:05:52 PM: Checked that 100000 entries are equal duration 56ms</StdOut>
      </Output>
    </UnitTestResult>
    <UnitTestResult executionId="3e905790-8d0c-4f77-8d99-022a69a40089" testId="a5b4138a-877c-581b-780d-3494b3972f17" testName="Fededim.Extensions.Configuration.Protected.DataProtectionAPITest.DataProtectionAPIProtectProviderTest.RandomInMemoryDictionaryTest" computerName="fv-az980-960" duration="00:00:05.0740000" startTime="2024-10-09T20:05:00.8026842+00:00" endTime="2024-10-09T20:05:00.8026842+00:00" testType="13cdc9d9-ddb5-4fa4-a97d-d965ccfc6d4b" outcome="Passed" testListId="8c84fa94-04c1-424b-9868-57a2d4851a1d" relativeResultsDirectory="3e905790-8d0c-4f77-8d99-022a69a40089">
      <Output>
        <StdOut>10/9/2024 8:04:57 PM: Generating a random in-memory dictionary with 100000 keys, autogenerated strings max length 20 and autogenerated array max length 10...&#xD;
10/9/2024 8:04:57 PM: Starting test...&#xD;
10/9/2024 8:04:57 PM: Generated random in-memory dictionary duration 309ms &#xD;
10/9/2024 8:04:58 PM: Encrypted random in-memory dictionary duration 1236ms &#xD;
10/9/2024 8:04:58 PM: Checked that all random in-memory dictionary is encrypted duration 55ms &#xD;
10/9/2024 8:05:00 PM: Loaded and decrypted random in-memory dictionary with ProtectedConfigurationBuilder duration 1882ms &#xD;
10/9/2024 8:05:00 PM: Checked that 100000 entries are equal duration 54ms</StdOut>
      </Output>
    </UnitTestResult>
  </Results>
  <TestDefinitions>
    <UnitTest name="Fededim.Extensions.Configuration.Protected.DataProtectionAPITest.DataProtectionAPIProtectProviderTest.RandomXmlFileTest" storage="d:\a\fededim.extensions.configuration.protected\fededim.extensions.configuration.protected\fededim.extensions.configuration.protected.dataprotectionapitest\bin\release\net462\fededim.extensions.configuration.protected.dataprotectionapitest.dll" id="97ac352b-e433-e531-3210-5b085419ca0a">
      <Execution id="b00749c5-1ca4-4439-bf46-fcf45d90a496" />
      <TestMethod codeBase="D:\a\Fededim.Extensions.Configuration.Protected\Fededim.Extensions.Configuration.Protected\Fededim.Extensions.Configuration.Protected.DataProtectionAPITest\bin\Release\net462\Fededim.Extensions.Configuration.Protected.DataProtectionAPITest.dll" adapterTypeName="executor://xunit/VsTestRunner2/net" className="Fededim.Extensions.Configuration.Protected.DataProtectionAPITest.DataProtectionAPIProtectProviderTest" name="RandomXmlFileTest" />
    </UnitTest>
    <UnitTest name="Fededim.Extensions.Configuration.Protected.DataProtectionAPITest.DataProtectionAPIProtectProviderTest.RandomInMemoryDictionaryTest" storage="d:\a\fededim.extensions.configuration.protected\fededim.extensions.configuration.protected\fededim.extensions.configuration.protected.dataprotectionapitest\bin\release\net462\fededim.extensions.configuration.protected.dataprotectionapitest.dll" id="a5b4138a-877c-581b-780d-3494b3972f17">
      <Execution id="3e905790-8d0c-4f77-8d99-022a69a40089" />
      <TestMethod codeBase="D:\a\Fededim.Extensions.Configuration.Protected\Fededim.Extensions.Configuration.Protected\Fededim.Extensions.Configuration.Protected.DataProtectionAPITest\bin\Release\net462\Fededim.Extensions.Configuration.Protected.DataProtectionAPITest.dll" adapterTypeName="executor://xunit/VsTestRunner2/net" className="Fededim.Extensions.Configuration.Protected.DataProtectionAPITest.DataProtectionAPIProtectProviderTest" name="RandomInMemoryDictionaryTest" />
    </UnitTest>
    <UnitTest name="Fededim.Extensions.Configuration.Protected.DataProtectionAPITest.DataProtectionAPIProtectProviderTest.RandomEnvironmentVariablesTest" storage="d:\a\fededim.extensions.configuration.protected\fededim.extensions.configuration.protected\fededim.extensions.configuration.protected.dataprotectionapitest\bin\release\net462\fededim.extensions.configuration.protected.dataprotectionapitest.dll" id="f352b3e4-d8b2-0588-46bb-043afb7266c1">
      <Execution id="43cb18e9-4b7c-4851-8a07-041d7ca89204" />
      <TestMethod codeBase="D:\a\Fededim.Extensions.Configuration.Protected\Fededim.Extensions.Configuration.Protected\Fededim.Extensions.Configuration.Protected.DataProtectionAPITest\bin\Release\net462\Fededim.Extensions.Configuration.Protected.DataProtectionAPITest.dll" adapterTypeName="executor://xunit/VsTestRunner2/net" className="Fededim.Extensions.Configuration.Protected.DataProtectionAPITest.DataProtectionAPIProtectProviderTest" name="RandomEnvironmentVariablesTest" />
    </UnitTest>
    <UnitTest name="Fededim.Extensions.Configuration.Protected.DataProtectionAPITest.DataProtectionAPIProtectProviderTest.RandomJsonFileTest(useJsonWithCommentFileProcessor: True)" storage="d:\a\fededim.extensions.configuration.protected\fededim.extensions.configuration.protected\fededim.extensions.configuration.protected.dataprotectionapitest\bin\release\net462\fededim.extensions.configuration.protected.dataprotectionapitest.dll" id="f6916fa8-7335-1ac2-9bd9-068ab445ecb1">
      <Execution id="e6cb58ef-102e-4f9c-ba3b-f3056a80505f" />
      <TestMethod codeBase="D:\a\Fededim.Extensions.Configuration.Protected\Fededim.Extensions.Configuration.Protected\Fededim.Extensions.Configuration.Protected.DataProtectionAPITest\bin\Release\net462\Fededim.Extensions.Configuration.Protected.DataProtectionAPITest.dll" adapterTypeName="executor://xunit/VsTestRunner2/net" className="Fededim.Extensions.Configuration.Protected.DataProtectionAPITest.DataProtectionAPIProtectProviderTest" name="RandomJsonFileTest" />
    </UnitTest>
    <UnitTest name="Fededim.Extensions.Configuration.Protected.DataProtectionAPITest.DataProtectionAPIProtectProviderTest.RandomCommandLineTest" storage="d:\a\fededim.extensions.configuration.protected\fededim.extensions.configuration.protected\fededim.extensions.configuration.protected.dataprotectionapitest\bin\release\net462\fededim.extensions.configuration.protected.dataprotectionapitest.dll" id="b9bf8ed7-522c-e76a-b80e-8d05fc5adc83">
      <Execution id="c13430dd-640f-4b50-9cb5-200c9cf74ab4" />
      <TestMethod codeBase="D:\a\Fededim.Extensions.Configuration.Protected\Fededim.Extensions.Configuration.Protected\Fededim.Extensions.Configuration.Protected.DataProtectionAPITest\bin\Release\net462\Fededim.Extensions.Configuration.Protected.DataProtectionAPITest.dll" adapterTypeName="executor://xunit/VsTestRunner2/net" className="Fededim.Extensions.Configuration.Protected.DataProtectionAPITest.DataProtectionAPIProtectProviderTest" name="RandomCommandLineTest" />
    </UnitTest>
    <UnitTest name="Fededim.Extensions.Configuration.Protected.DataProtectionAPITest.DataProtectionAPIProtectProviderTest.RandomJsonFileTest(useJsonWithCommentFileProcessor: False)" storage="d:\a\fededim.extensions.configuration.protected\fededim.extensions.configuration.protected\fededim.extensions.configuration.protected.dataprotectionapitest\bin\release\net462\fededim.extensions.configuration.protected.dataprotectionapitest.dll" id="215bdca5-d044-0fe3-ab3a-2e4442ce76c5">
      <Execution id="90ac7ac5-3176-47f9-b86e-2e9f5498d7a5" />
      <TestMethod codeBase="D:\a\Fededim.Extensions.Configuration.Protected\Fededim.Extensions.Configuration.Protected\Fededim.Extensions.Configuration.Protected.DataProtectionAPITest\bin\Release\net462\Fededim.Extensions.Configuration.Protected.DataProtectionAPITest.dll" adapterTypeName="executor://xunit/VsTestRunner2/net" className="Fededim.Extensions.Configuration.Protected.DataProtectionAPITest.DataProtectionAPIProtectProviderTest" name="RandomJsonFileTest" />
    </UnitTest>
  </TestDefinitions>
  <TestEntries>
    <TestEntry testId="f352b3e4-d8b2-0588-46bb-043afb7266c1" executionId="43cb18e9-4b7c-4851-8a07-041d7ca89204" testListId="8c84fa94-04c1-424b-9868-57a2d4851a1d" />
    <TestEntry testId="215bdca5-d044-0fe3-ab3a-2e4442ce76c5" executionId="90ac7ac5-3176-47f9-b86e-2e9f5498d7a5" testListId="8c84fa94-04c1-424b-9868-57a2d4851a1d" />
    <TestEntry testId="97ac352b-e433-e531-3210-5b085419ca0a" executionId="b00749c5-1ca4-4439-bf46-fcf45d90a496" testListId="8c84fa94-04c1-424b-9868-57a2d4851a1d" />
    <TestEntry testId="f6916fa8-7335-1ac2-9bd9-068ab445ecb1" executionId="e6cb58ef-102e-4f9c-ba3b-f3056a80505f" testListId="8c84fa94-04c1-424b-9868-57a2d4851a1d" />
    <TestEntry testId="b9bf8ed7-522c-e76a-b80e-8d05fc5adc83" executionId="c13430dd-640f-4b50-9cb5-200c9cf74ab4" testListId="8c84fa94-04c1-424b-9868-57a2d4851a1d" />
    <TestEntry testId="a5b4138a-877c-581b-780d-3494b3972f17" executionId="3e905790-8d0c-4f77-8d99-022a69a40089" testListId="8c84fa94-04c1-424b-9868-57a2d4851a1d" />
  </TestEntries>
  <TestLists>
    <TestList name="Results Not in a List" id="8c84fa94-04c1-424b-9868-57a2d4851a1d" />
    <TestList name="All Loaded Results" id="19431567-8539-422a-85d7-44ee4e166bda" />
  </TestLists>
  <ResultSummary outcome="Completed">
    <Counters total="6" executed="6" passed="6" failed="0" error="0" timeout="0" aborted="0" inconclusive="0" passedButRunAborted="0" notRunnable="0" notExecuted="0" disconnected="0" warning="0" completed="0" inProgress="0" pending="0" />
    <Output>
      <StdOut>[xUnit.net 00:00:00.06] xUnit.net VSTest Adapter v2.8.2+699d445a1a (64-bit .NET Framework 4.8.9266.0)&#xD;
[xUnit.net 00:00:00.92]   Discovering: Fededim.Extensions.Configuration.Protected.DataProtectionAPITest&#xD;
[xUnit.net 00:00:01.09]   Discovered:  Fededim.Extensions.Configuration.Protected.DataProtectionAPITest&#xD;
[xUnit.net 00:00:01.10]   Starting:    Fededim.Extensions.Configuration.Protected.DataProtectionAPITest&#xD;
[xUnit.net 00:00:58.20]   Finished:    Fededim.Extensions.Configuration.Protected.DataProtectionAPITest&#xD;
</StdOut>
    </Output>
  </ResultSummary>
</TestRun>