<?xml version="1.0" encoding="utf-8"?>
<TestRun id="26703b77-bee9-4fa9-98d3-40c142f496a8" name="runneradmin@fv-az1435-636 2024-10-01 18:28:59" runUser="fv-az1435-636\runneradmin" xmlns="http://microsoft.com/schemas/VisualStudio/TeamTest/2010">
  <Times creation="2024-10-01T18:28:59.0891090+00:00" queuing="2024-10-01T18:28:59.0891091+00:00" start="2024-10-01T18:28:51.3289155+00:00" finish="2024-10-01T18:29:56.6905229+00:00" />
  <TestSettings name="default" id="4f4d066c-7e24-47bf-8f04-c426ff4870a2">
    <Deployment runDeploymentRoot="runneradmin_fv-az1435-636_2024-10-01_18_28_59" />
  </TestSettings>
  <Results>
    <UnitTestResult executionId="773e2820-8a6f-42f3-8d0b-846b30f64477" testId="a5b4138a-877c-581b-780d-3494b3972f17" testName="Fededim.Extensions.Configuration.Protected.DataProtectionAPITest.DataProtectionAPIProtectProviderTest.RandomInMemoryDictionaryTest" computerName="fv-az1435-636" duration="00:00:05.7440000" startTime="2024-10-01T18:28:59.0465329+00:00" endTime="2024-10-01T18:28:59.0465329+00:00" testType="13cdc9d9-ddb5-4fa4-a97d-d965ccfc6d4b" outcome="Passed" testListId="8c84fa94-04c1-424b-9868-57a2d4851a1d" relativeResultsDirectory="773e2820-8a6f-42f3-8d0b-846b30f64477">
      <Output>
        <StdOut>10/1/2024 6:28:55 PM: Generating a random in-memory dictionary with 100000 keys, autogenerated strings max length 20 and autogenerated array max length 10...&#xD;
10/1/2024 6:28:55 PM: Starting test...&#xD;
10/1/2024 6:28:55 PM: Generated random in-memory dictionary duration 324ms &#xD;
10/1/2024 6:28:56 PM: Encrypted random in-memory dictionary duration 1186ms &#xD;
10/1/2024 6:28:56 PM: Checked that all random in-memory dictionary is encrypted duration 61ms &#xD;
10/1/2024 6:28:58 PM: Loaded and decrypted random in-memory dictionary with ProtectedConfigurationBuilder duration 2029ms &#xD;
10/1/2024 6:28:58 PM: Checked that 100000 entries are equal duration 56ms</StdOut>
      </Output>
    </UnitTestResult>
    <UnitTestResult executionId="d3cfa27e-61c9-4ba2-88ef-beca1fc6b594" testId="97ac352b-e433-e531-3210-5b085419ca0a" testName="Fededim.Extensions.Configuration.Protected.DataProtectionAPITest.DataProtectionAPIProtectProviderTest.RandomXmlFileTest" computerName="fv-az1435-636" duration="00:00:20.6640000" startTime="2024-10-01T18:29:53.0500140+00:00" endTime="2024-10-01T18:29:53.0500140+00:00" testType="13cdc9d9-ddb5-4fa4-a97d-d965ccfc6d4b" outcome="Passed" testListId="8c84fa94-04c1-424b-9868-57a2d4851a1d" relativeResultsDirectory="d3cfa27e-61c9-4ba2-88ef-beca1fc6b594">
      <Output>
        <StdOut>10/1/2024 6:29:32 PM: Generating a random XML file with 100000 keys, autogenerated strings max length 20 and autogenerated array max length 10...&#xD;
10/1/2024 6:29:34 PM: File location file://D:/a/Fededim.Extensions.Configuration.Protected/Fededim.Extensions.Configuration.Protected/Fededim.Extensions.Configuration.Protected.DataProtectionAPITest/bin/Release/net462/random_957025514.xml&#xD;
10/1/2024 6:29:34 PM: Generated random XML file (245604 entries size 66460 KB) duration 2105ms &#xD;
10/1/2024 6:29:39 PM: Encrypted random XML file (245604 entries size 97105 KB) duration 4727ms &#xD;
10/1/2024 6:29:41 PM: Checked that all random XML file is encrypted duration 2410ms &#xD;
10/1/2024 6:29:52 PM: Loaded and decrypted random XML file with ProtectedConfigurationBuilder duration 00:00:10.6863304 &#xD;
10/1/2024 6:29:53 PM: Checked that 239328 entries are equal duration 718ms</StdOut>
      </Output>
    </UnitTestResult>
    <UnitTestResult executionId="bfa9d9d8-1ade-4a91-b9f2-5670e3aab140" testId="f352b3e4-d8b2-0588-46bb-043afb7266c1" testName="Fededim.Extensions.Configuration.Protected.DataProtectionAPITest.DataProtectionAPIProtectProviderTest.RandomEnvironmentVariablesTest" computerName="fv-az1435-636" duration="00:00:01.4680000" startTime="2024-10-01T18:29:00.5154841+00:00" endTime="2024-10-01T18:29:00.5154841+00:00" testType="13cdc9d9-ddb5-4fa4-a97d-d965ccfc6d4b" outcome="Passed" testListId="8c84fa94-04c1-424b-9868-57a2d4851a1d" relativeResultsDirectory="bfa9d9d8-1ade-4a91-b9f2-5670e3aab140">
      <Output>
        <StdOut>10/1/2024 6:28:59 PM: Generating a random environment variables 100000 keys, autogenerated strings max length 20 and autogenerated array max length 10...&#xD;
10/1/2024 6:28:59 PM: Starting test...&#xD;
10/1/2024 6:28:59 PM: Generated random environment variables (note that Windows has a maximum size of 32KB for all environment variables, so not all 100000 keys could be created) duration 488ms &#xD;
10/1/2024 6:29:00 PM: Encrypted random environment variables duration 905ms &#xD;
10/1/2024 6:29:00 PM: Checked that all random environment variables are encrypted duration 3ms &#xD;
10/1/2024 6:29:00 PM: Loaded and decrypted random environment variables with ProtectedConfigurationBuilder duration 43ms &#xD;
10/1/2024 6:29:00 PM: Checked that 1748 entries are equal duration 0ms</StdOut>
      </Output>
    </UnitTestResult>
    <UnitTestResult executionId="6d318823-e373-4957-9771-2585a6e4f7c2" testId="b9bf8ed7-522c-e76a-b80e-8d05fc5adc83" testName="Fededim.Extensions.Configuration.Protected.DataProtectionAPITest.DataProtectionAPIProtectProviderTest.RandomCommandLineTest" computerName="fv-az1435-636" duration="00:00:03.5250000" startTime="2024-10-01T18:29:56.5844080+00:00" endTime="2024-10-01T18:29:56.5844080+00:00" testType="13cdc9d9-ddb5-4fa4-a97d-d965ccfc6d4b" outcome="Passed" testListId="8c84fa94-04c1-424b-9868-57a2d4851a1d" relativeResultsDirectory="6d318823-e373-4957-9771-2585a6e4f7c2">
      <Output>
        <StdOut>10/1/2024 6:29:53 PM: Generating a random command line arguments with 100000 keys, autogenerated strings max length 20 and autogenerated array max length 10...&#xD;
10/1/2024 6:29:53 PM: Starting test...&#xD;
10/1/2024 6:29:53 PM: Generated random comand line args duration 237ms &#xD;
10/1/2024 6:29:54 PM: Encrypted random comand line args duration 1053ms &#xD;
10/1/2024 6:29:54 PM: Checked that all random comand line args are encrypted duration 61ms &#xD;
10/1/2024 6:29:56 PM: Loaded and decrypted random comand line args with ProtectedConfigurationBuilder duration 2103ms &#xD;
10/1/2024 6:29:56 PM: Checked that 100000 entries are equal duration 57ms</StdOut>
      </Output>
    </UnitTestResult>
    <UnitTestResult executionId="9f2ad753-52e6-4418-aad4-841d20853db7" testId="215bdca5-d044-0fe3-ab3a-2e4442ce76c5" testName="Fededim.Extensions.Configuration.Protected.DataProtectionAPITest.DataProtectionAPIProtectProviderTest.RandomJsonFileTest(useJsonWithCommentFileProcessor: False)" computerName="fv-az1435-636" duration="00:00:15.8790000" startTime="2024-10-01T18:29:32.3963475+00:00" endTime="2024-10-01T18:29:32.3963475+00:00" testType="13cdc9d9-ddb5-4fa4-a97d-d965ccfc6d4b" outcome="Passed" testListId="8c84fa94-04c1-424b-9868-57a2d4851a1d" relativeResultsDirectory="9f2ad753-52e6-4418-aad4-841d20853db7">
      <Output>
        <StdOut>10/1/2024 6:29:16 PM: Generating a random JSON file with 100000 keys, autogenerated strings max length 20 and autogenerated array max length 10...&#xD;
10/1/2024 6:29:17 PM: File location file://D:/a/Fededim.Extensions.Configuration.Protected/Fededim.Extensions.Configuration.Protected/Fededim.Extensions.Configuration.Protected.DataProtectionAPITest/bin/Release/net462/random_230655351.json&#xD;
10/1/2024 6:29:17 PM: Generated random JSON file (250529 entries size 57956 KB) duration 1454ms &#xD;
10/1/2024 6:29:22 PM: Encrypted random JSON file (250529 entries size 88989 KB) duration 4144ms &#xD;
10/1/2024 6:29:22 PM: Checked that all random JSON file is encrypted duration 824ms &#xD;
10/1/2024 6:29:31 PM: Loaded and decrypted random JSON file with ProtectedConfigurationBuilder duration 8802ms &#xD;
10/1/2024 6:29:32 PM: Checked that 250529 entries are equal duration 652ms</StdOut>
      </Output>
    </UnitTestResult>
    <UnitTestResult executionId="3dad0810-4573-49a8-8be6-2a127b161d6e" testId="f6916fa8-7335-1ac2-9bd9-068ab445ecb1" testName="Fededim.Extensions.Configuration.Protected.DataProtectionAPITest.DataProtectionAPIProtectProviderTest.RandomJsonFileTest(useJsonWithCommentFileProcessor: True)" computerName="fv-az1435-636" duration="00:00:15.9940000" startTime="2024-10-01T18:29:16.5106731+00:00" endTime="2024-10-01T18:29:16.5106731+00:00" testType="13cdc9d9-ddb5-4fa4-a97d-d965ccfc6d4b" outcome="Passed" testListId="8c84fa94-04c1-424b-9868-57a2d4851a1d" relativeResultsDirectory="3dad0810-4573-49a8-8be6-2a127b161d6e">
      <Output>
        <StdOut>10/1/2024 6:29:00 PM: Generating a random JSON file with 100000 keys, autogenerated strings max length 20 and autogenerated array max length 10...&#xD;
10/1/2024 6:29:02 PM: File location file://D:/a/Fededim.Extensions.Configuration.Protected/Fededim.Extensions.Configuration.Protected/Fededim.Extensions.Configuration.Protected.DataProtectionAPITest/bin/Release/net462/random_297984733.json&#xD;
10/1/2024 6:29:02 PM: Generated random JSON file (249928 entries size 57984 KB) duration 1748ms &#xD;
10/1/2024 6:29:06 PM: Encrypted random JSON file (249928 entries size 88927 KB) duration 3771ms &#xD;
10/1/2024 6:29:07 PM: Checked that all random JSON file is encrypted duration 859ms &#xD;
10/1/2024 6:29:15 PM: Loaded and decrypted random JSON file with ProtectedConfigurationBuilder duration 8821ms &#xD;
10/1/2024 6:29:16 PM: Checked that 249928 entries are equal duration 654ms</StdOut>
      </Output>
    </UnitTestResult>
  </Results>
  <TestDefinitions>
    <UnitTest name="Fededim.Extensions.Configuration.Protected.DataProtectionAPITest.DataProtectionAPIProtectProviderTest.RandomXmlFileTest" storage="d:\a\fededim.extensions.configuration.protected\fededim.extensions.configuration.protected\fededim.extensions.configuration.protected.dataprotectionapitest\bin\release\net462\fededim.extensions.configuration.protected.dataprotectionapitest.dll" id="97ac352b-e433-e531-3210-5b085419ca0a">
      <Execution id="d3cfa27e-61c9-4ba2-88ef-beca1fc6b594" />
      <TestMethod codeBase="D:\a\Fededim.Extensions.Configuration.Protected\Fededim.Extensions.Configuration.Protected\Fededim.Extensions.Configuration.Protected.DataProtectionAPITest\bin\Release\net462\Fededim.Extensions.Configuration.Protected.DataProtectionAPITest.dll" adapterTypeName="executor://xunit/VsTestRunner2/net" className="Fededim.Extensions.Configuration.Protected.DataProtectionAPITest.DataProtectionAPIProtectProviderTest" name="RandomXmlFileTest" />
    </UnitTest>
    <UnitTest name="Fededim.Extensions.Configuration.Protected.DataProtectionAPITest.DataProtectionAPIProtectProviderTest.RandomInMemoryDictionaryTest" storage="d:\a\fededim.extensions.configuration.protected\fededim.extensions.configuration.protected\fededim.extensions.configuration.protected.dataprotectionapitest\bin\release\net462\fededim.extensions.configuration.protected.dataprotectionapitest.dll" id="a5b4138a-877c-581b-780d-3494b3972f17">
      <Execution id="773e2820-8a6f-42f3-8d0b-846b30f64477" />
      <TestMethod codeBase="D:\a\Fededim.Extensions.Configuration.Protected\Fededim.Extensions.Configuration.Protected\Fededim.Extensions.Configuration.Protected.DataProtectionAPITest\bin\Release\net462\Fededim.Extensions.Configuration.Protected.DataProtectionAPITest.dll" adapterTypeName="executor://xunit/VsTestRunner2/net" className="Fededim.Extensions.Configuration.Protected.DataProtectionAPITest.DataProtectionAPIProtectProviderTest" name="RandomInMemoryDictionaryTest" />
    </UnitTest>
    <UnitTest name="Fededim.Extensions.Configuration.Protected.DataProtectionAPITest.DataProtectionAPIProtectProviderTest.RandomEnvironmentVariablesTest" storage="d:\a\fededim.extensions.configuration.protected\fededim.extensions.configuration.protected\fededim.extensions.configuration.protected.dataprotectionapitest\bin\release\net462\fededim.extensions.configuration.protected.dataprotectionapitest.dll" id="f352b3e4-d8b2-0588-46bb-043afb7266c1">
      <Execution id="bfa9d9d8-1ade-4a91-b9f2-5670e3aab140" />
      <TestMethod codeBase="D:\a\Fededim.Extensions.Configuration.Protected\Fededim.Extensions.Configuration.Protected\Fededim.Extensions.Configuration.Protected.DataProtectionAPITest\bin\Release\net462\Fededim.Extensions.Configuration.Protected.DataProtectionAPITest.dll" adapterTypeName="executor://xunit/VsTestRunner2/net" className="Fededim.Extensions.Configuration.Protected.DataProtectionAPITest.DataProtectionAPIProtectProviderTest" name="RandomEnvironmentVariablesTest" />
    </UnitTest>
    <UnitTest name="Fededim.Extensions.Configuration.Protected.DataProtectionAPITest.DataProtectionAPIProtectProviderTest.RandomJsonFileTest(useJsonWithCommentFileProcessor: True)" storage="d:\a\fededim.extensions.configuration.protected\fededim.extensions.configuration.protected\fededim.extensions.configuration.protected.dataprotectionapitest\bin\release\net462\fededim.extensions.configuration.protected.dataprotectionapitest.dll" id="f6916fa8-7335-1ac2-9bd9-068ab445ecb1">
      <Execution id="3dad0810-4573-49a8-8be6-2a127b161d6e" />
      <TestMethod codeBase="D:\a\Fededim.Extensions.Configuration.Protected\Fededim.Extensions.Configuration.Protected\Fededim.Extensions.Configuration.Protected.DataProtectionAPITest\bin\Release\net462\Fededim.Extensions.Configuration.Protected.DataProtectionAPITest.dll" adapterTypeName="executor://xunit/VsTestRunner2/net" className="Fededim.Extensions.Configuration.Protected.DataProtectionAPITest.DataProtectionAPIProtectProviderTest" name="RandomJsonFileTest" />
    </UnitTest>
    <UnitTest name="Fededim.Extensions.Configuration.Protected.DataProtectionAPITest.DataProtectionAPIProtectProviderTest.RandomCommandLineTest" storage="d:\a\fededim.extensions.configuration.protected\fededim.extensions.configuration.protected\fededim.extensions.configuration.protected.dataprotectionapitest\bin\release\net462\fededim.extensions.configuration.protected.dataprotectionapitest.dll" id="b9bf8ed7-522c-e76a-b80e-8d05fc5adc83">
      <Execution id="6d318823-e373-4957-9771-2585a6e4f7c2" />
      <TestMethod codeBase="D:\a\Fededim.Extensions.Configuration.Protected\Fededim.Extensions.Configuration.Protected\Fededim.Extensions.Configuration.Protected.DataProtectionAPITest\bin\Release\net462\Fededim.Extensions.Configuration.Protected.DataProtectionAPITest.dll" adapterTypeName="executor://xunit/VsTestRunner2/net" className="Fededim.Extensions.Configuration.Protected.DataProtectionAPITest.DataProtectionAPIProtectProviderTest" name="RandomCommandLineTest" />
    </UnitTest>
    <UnitTest name="Fededim.Extensions.Configuration.Protected.DataProtectionAPITest.DataProtectionAPIProtectProviderTest.RandomJsonFileTest(useJsonWithCommentFileProcessor: False)" storage="d:\a\fededim.extensions.configuration.protected\fededim.extensions.configuration.protected\fededim.extensions.configuration.protected.dataprotectionapitest\bin\release\net462\fededim.extensions.configuration.protected.dataprotectionapitest.dll" id="215bdca5-d044-0fe3-ab3a-2e4442ce76c5">
      <Execution id="9f2ad753-52e6-4418-aad4-841d20853db7" />
      <TestMethod codeBase="D:\a\Fededim.Extensions.Configuration.Protected\Fededim.Extensions.Configuration.Protected\Fededim.Extensions.Configuration.Protected.DataProtectionAPITest\bin\Release\net462\Fededim.Extensions.Configuration.Protected.DataProtectionAPITest.dll" adapterTypeName="executor://xunit/VsTestRunner2/net" className="Fededim.Extensions.Configuration.Protected.DataProtectionAPITest.DataProtectionAPIProtectProviderTest" name="RandomJsonFileTest" />
    </UnitTest>
  </TestDefinitions>
  <TestEntries>
    <TestEntry testId="a5b4138a-877c-581b-780d-3494b3972f17" executionId="773e2820-8a6f-42f3-8d0b-846b30f64477" testListId="8c84fa94-04c1-424b-9868-57a2d4851a1d" />
    <TestEntry testId="97ac352b-e433-e531-3210-5b085419ca0a" executionId="d3cfa27e-61c9-4ba2-88ef-beca1fc6b594" testListId="8c84fa94-04c1-424b-9868-57a2d4851a1d" />
    <TestEntry testId="f352b3e4-d8b2-0588-46bb-043afb7266c1" executionId="bfa9d9d8-1ade-4a91-b9f2-5670e3aab140" testListId="8c84fa94-04c1-424b-9868-57a2d4851a1d" />
    <TestEntry testId="b9bf8ed7-522c-e76a-b80e-8d05fc5adc83" executionId="6d318823-e373-4957-9771-2585a6e4f7c2" testListId="8c84fa94-04c1-424b-9868-57a2d4851a1d" />
    <TestEntry testId="215bdca5-d044-0fe3-ab3a-2e4442ce76c5" executionId="9f2ad753-52e6-4418-aad4-841d20853db7" testListId="8c84fa94-04c1-424b-9868-57a2d4851a1d" />
    <TestEntry testId="f6916fa8-7335-1ac2-9bd9-068ab445ecb1" executionId="3dad0810-4573-49a8-8be6-2a127b161d6e" testListId="8c84fa94-04c1-424b-9868-57a2d4851a1d" />
  </TestEntries>
  <TestLists>
    <TestList name="Results Not in a List" id="8c84fa94-04c1-424b-9868-57a2d4851a1d" />
    <TestList name="All Loaded Results" id="19431567-8539-422a-85d7-44ee4e166bda" />
  </TestLists>
  <ResultSummary outcome="Completed">
    <Counters total="6" executed="6" passed="6" failed="0" error="0" timeout="0" aborted="0" inconclusive="0" passedButRunAborted="0" notRunnable="0" notExecuted="0" disconnected="0" warning="0" completed="0" inProgress="0" pending="0" />
    <Output>
      <StdOut>[xUnit.net 00:00:00.00] xUnit.net VSTest Adapter v2.8.2+699d445a1a (64-bit .NET Framework 4.8.9266.0)&#xD;
[xUnit.net 00:00:00.83]   Discovering: Fededim.Extensions.Configuration.Protected.DataProtectionAPITest&#xD;
[xUnit.net 00:00:00.94]   Discovered:  Fededim.Extensions.Configuration.Protected.DataProtectionAPITest&#xD;
[xUnit.net 00:00:00.95]   Starting:    Fededim.Extensions.Configuration.Protected.DataProtectionAPITest&#xD;
[xUnit.net 00:01:04.43]   Finished:    Fededim.Extensions.Configuration.Protected.DataProtectionAPITest&#xD;
</StdOut>
    </Output>
  </ResultSummary>
</TestRun>