<?xml version="1.0" encoding="utf-8"?>
<TestRun id="5ecfff69-8fb1-411b-b3bc-7b9d6b31fc90" name="runneradmin@fv-az1347-863 2024-08-01 14:07:29" runUser="fv-az1347-863\runneradmin" xmlns="http://microsoft.com/schemas/VisualStudio/TeamTest/2010">
  <Times creation="2024-08-01T14:07:29.2679372+00:00" queuing="2024-08-01T14:07:29.2679373+00:00" start="2024-08-01T14:07:19.8158887+00:00" finish="2024-08-01T14:07:31.4903851+00:00" />
  <TestSettings name="default" id="77157707-5f69-4ec4-841b-4a5d4cd578ae">
    <Deployment runDeploymentRoot="runneradmin_fv-az1347-863_2024-08-01_14_07_29" />
  </TestSettings>
  <Results>
    <UnitTestResult executionId="aab0d1b6-0e53-4a33-9c51-eb1ff3345f03" testId="a5b4138a-877c-581b-780d-3494b3972f17" testName="Fededim.Extensions.Configuration.Protected.DataProtectionAPITest.DataProtectionAPIProtectProviderTest.RandomInMemoryDictionaryTest" computerName="fv-az1347-863" duration="00:00:03.6910000" startTime="2024-08-01T14:07:29.2220940+00:00" endTime="2024-08-01T14:07:29.2220940+00:00" testType="13cdc9d9-ddb5-4fa4-a97d-d965ccfc6d4b" outcome="Passed" testListId="8c84fa94-04c1-424b-9868-57a2d4851a1d" relativeResultsDirectory="aab0d1b6-0e53-4a33-9c51-eb1ff3345f03">
      <Output>
        <StdOut>Generated a random in-memory dictionary with 1000 keys, autogenerated strings max length 20 and autogenerated array max length 10&#xD;
Starting test...&#xD;
8/1/2024 2:07:28 PM: Generated random in-memory dictionary duration 9ms &#xD;
8/1/2024 2:07:28 PM: Encrypted random in-memory dictionary duration 638ms &#xD;
8/1/2024 2:07:28 PM: Checked that all random in-memory dictionary is encrypted duration 1ms &#xD;
8/1/2024 2:07:29 PM: Loaded and decrypted random in-memory dictionary with ProtectedConfigurationBuilder duration 341ms &#xD;
8/1/2024 2:07:29 PM: Checked that 1000 entries are equal duration 2ms</StdOut>
      </Output>
    </UnitTestResult>
    <UnitTestResult executionId="463a1fc8-5570-4dd7-b35e-b50231f69288" testId="97ac352b-e433-e531-3210-5b085419ca0a" testName="Fededim.Extensions.Configuration.Protected.DataProtectionAPITest.DataProtectionAPIProtectProviderTest.RandomXmlFileTest" computerName="fv-az1347-863" duration="00:00:00.6400000" startTime="2024-08-01T14:07:31.3489649+00:00" endTime="2024-08-01T14:07:31.3489649+00:00" testType="13cdc9d9-ddb5-4fa4-a97d-d965ccfc6d4b" outcome="Passed" testListId="8c84fa94-04c1-424b-9868-57a2d4851a1d" relativeResultsDirectory="463a1fc8-5570-4dd7-b35e-b50231f69288">
      <Output>
        <StdOut>Generated a random XML file with 1000 keys, autogenerated strings max length 20 and autogenerated array max length 10&#xD;
File location file://D:/a/Fededim.Extensions.Configuration.Protected/Fededim.Extensions.Configuration.Protected/Fededim.Extensions.Configuration.Protected.DataProtectionAPITest/bin/Release/net462/random_1972425622.xml&#xD;
Size 261KB, starting test...&#xD;
8/1/2024 2:07:31 PM: Generated random XML file (2433 entries) duration 321ms &#xD;
8/1/2024 2:07:31 PM: Encrypted random XML file duration 51ms &#xD;
8/1/2024 2:07:31 PM: Checked that all random XML file is encrypted duration 87ms &#xD;
8/1/2024 2:07:31 PM: Loaded and decrypted random XML file with ProtectedConfigurationBuilder duration 164ms &#xD;
8/1/2024 2:07:31 PM: Checked that 2433 entries are equal duration 5ms</StdOut>
      </Output>
    </UnitTestResult>
    <UnitTestResult executionId="607a7d0b-dde3-44dd-95a8-47df81f091a1" testId="215bdca5-d044-0fe3-ab3a-2e4442ce76c5" testName="Fededim.Extensions.Configuration.Protected.DataProtectionAPITest.DataProtectionAPIProtectProviderTest.RandomJsonFileTest(useJsonWithCommentFileProcessor: False)" computerName="fv-az1347-863" duration="00:00:00.1660000" startTime="2024-08-01T14:07:30.7083318+00:00" endTime="2024-08-01T14:07:30.7083318+00:00" testType="13cdc9d9-ddb5-4fa4-a97d-d965ccfc6d4b" outcome="Passed" testListId="8c84fa94-04c1-424b-9868-57a2d4851a1d" relativeResultsDirectory="607a7d0b-dde3-44dd-95a8-47df81f091a1">
      <Output>
        <StdOut>Generated a random JSON file with 1000 keys, autogenerated strings max length 20 and autogenerated array max length 10&#xD;
File location file://D:/a/Fededim.Extensions.Configuration.Protected/Fededim.Extensions.Configuration.Protected/Fededim.Extensions.Configuration.Protected.DataProtectionAPITest/bin/Release/net462/random_131701337.json&#xD;
Size 728KB, starting test...&#xD;
8/1/2024 2:07:30 PM: Generated random JSON file (2593 entries) duration 12ms &#xD;
8/1/2024 2:07:30 PM: Encrypted random JSON file duration 41ms &#xD;
8/1/2024 2:07:30 PM: Checked that all random JSON file is encrypted duration 8ms &#xD;
8/1/2024 2:07:30 PM: Loaded and decrypted random JSON file with ProtectedConfigurationBuilder duration 93ms &#xD;
8/1/2024 2:07:30 PM: Checked that 2593 entries are equal duration 8ms</StdOut>
      </Output>
    </UnitTestResult>
    <UnitTestResult executionId="7c54f3ce-cf7a-44b3-952e-9001fe4e35dc" testId="f352b3e4-d8b2-0588-46bb-043afb7266c1" testName="Fededim.Extensions.Configuration.Protected.DataProtectionAPITest.DataProtectionAPIProtectProviderTest.RandomEnvironmentVariablesTest" computerName="fv-az1347-863" duration="00:00:00.4550000" startTime="2024-08-01T14:07:29.6764188+00:00" endTime="2024-08-01T14:07:29.6764188+00:00" testType="13cdc9d9-ddb5-4fa4-a97d-d965ccfc6d4b" outcome="Passed" testListId="8c84fa94-04c1-424b-9868-57a2d4851a1d" relativeResultsDirectory="7c54f3ce-cf7a-44b3-952e-9001fe4e35dc">
      <Output>
        <StdOut>Generated a random environment variables 1000 keys, autogenerated strings max length 20 and autogenerated array max length 10&#xD;
Starting test...&#xD;
8/1/2024 2:07:29 PM: Generated random environment variables (note that Windows has a maximum size of 32KB for all environment variables, so not all 1000 keys could be created) duration 148ms &#xD;
8/1/2024 2:07:29 PM: Encrypted random environment variables duration 270ms &#xD;
8/1/2024 2:07:29 PM: Checked that all random environment variables are encrypted duration 1ms &#xD;
8/1/2024 2:07:29 PM: Loaded and decrypted random environment variables with ProtectedConfigurationBuilder duration 25ms &#xD;
8/1/2024 2:07:29 PM: Checked that 864 entries are equal duration 0ms</StdOut>
      </Output>
    </UnitTestResult>
    <UnitTestResult executionId="8b0205be-e2b5-4e20-bb05-09c17b1c0b59" testId="b9bf8ed7-522c-e76a-b80e-8d05fc5adc83" testName="Fededim.Extensions.Configuration.Protected.DataProtectionAPITest.DataProtectionAPIProtectProviderTest.RandomCommandLineTest" computerName="fv-az1347-863" duration="00:00:00.0470000" startTime="2024-08-01T14:07:31.3958408+00:00" endTime="2024-08-01T14:07:31.3958408+00:00" testType="13cdc9d9-ddb5-4fa4-a97d-d965ccfc6d4b" outcome="Passed" testListId="8c84fa94-04c1-424b-9868-57a2d4851a1d" relativeResultsDirectory="8b0205be-e2b5-4e20-bb05-09c17b1c0b59">
      <Output>
        <StdOut>Generated a random command line arguments with 1000 keys, autogenerated strings max length 20 and autogenerated array max length 10&#xD;
Starting test...&#xD;
8/1/2024 2:07:31 PM: Generated random comand line args duration 3ms &#xD;
8/1/2024 2:07:31 PM: Encrypted random comand line args duration 12ms &#xD;
8/1/2024 2:07:31 PM: Checked that all random comand line args are encrypted duration 0ms &#xD;
8/1/2024 2:07:31 PM: Loaded and decrypted random comand line args with ProtectedConfigurationBuilder duration 21ms &#xD;
8/1/2024 2:07:31 PM: Checked that 1000 entries are equal duration 0ms</StdOut>
      </Output>
    </UnitTestResult>
    <UnitTestResult executionId="d57d8e16-b09e-40f8-8737-9746fca240e2" testId="f6916fa8-7335-1ac2-9bd9-068ab445ecb1" testName="Fededim.Extensions.Configuration.Protected.DataProtectionAPITest.DataProtectionAPIProtectProviderTest.RandomJsonFileTest(useJsonWithCommentFileProcessor: True)" computerName="fv-az1347-863" duration="00:00:00.8550000" startTime="2024-08-01T14:07:30.5359032+00:00" endTime="2024-08-01T14:07:30.5359032+00:00" testType="13cdc9d9-ddb5-4fa4-a97d-d965ccfc6d4b" outcome="Passed" testListId="8c84fa94-04c1-424b-9868-57a2d4851a1d" relativeResultsDirectory="d57d8e16-b09e-40f8-8737-9746fca240e2">
      <Output>
        <StdOut>Generated a random JSON file with 1000 keys, autogenerated strings max length 20 and autogenerated array max length 10&#xD;
File location file://D:/a/Fededim.Extensions.Configuration.Protected/Fededim.Extensions.Configuration.Protected/Fededim.Extensions.Configuration.Protected.DataProtectionAPITest/bin/Release/net462/random_1665498147.json&#xD;
Size 322KB, starting test...&#xD;
8/1/2024 2:07:30 PM: Generated random JSON file (2519 entries) duration 325ms &#xD;
8/1/2024 2:07:30 PM: Encrypted random JSON file duration 185ms &#xD;
8/1/2024 2:07:30 PM: Checked that all random JSON file is encrypted duration 51ms &#xD;
8/1/2024 2:07:30 PM: Loaded and decrypted random JSON file with ProtectedConfigurationBuilder duration 104ms &#xD;
8/1/2024 2:07:30 PM: Checked that 2519 entries are equal duration 2ms</StdOut>
      </Output>
    </UnitTestResult>
  </Results>
  <TestDefinitions>
    <UnitTest name="Fededim.Extensions.Configuration.Protected.DataProtectionAPITest.DataProtectionAPIProtectProviderTest.RandomXmlFileTest" storage="d:\a\fededim.extensions.configuration.protected\fededim.extensions.configuration.protected\fededim.extensions.configuration.protected.dataprotectionapitest\bin\release\net462\fededim.extensions.configuration.protected.dataprotectionapitest.dll" id="97ac352b-e433-e531-3210-5b085419ca0a">
      <Execution id="463a1fc8-5570-4dd7-b35e-b50231f69288" />
      <TestMethod codeBase="D:\a\Fededim.Extensions.Configuration.Protected\Fededim.Extensions.Configuration.Protected\Fededim.Extensions.Configuration.Protected.DataProtectionAPITest\bin\Release\net462\Fededim.Extensions.Configuration.Protected.DataProtectionAPITest.dll" adapterTypeName="executor://xunit/VsTestRunner2/net" className="Fededim.Extensions.Configuration.Protected.DataProtectionAPITest.DataProtectionAPIProtectProviderTest" name="RandomXmlFileTest" />
    </UnitTest>
    <UnitTest name="Fededim.Extensions.Configuration.Protected.DataProtectionAPITest.DataProtectionAPIProtectProviderTest.RandomInMemoryDictionaryTest" storage="d:\a\fededim.extensions.configuration.protected\fededim.extensions.configuration.protected\fededim.extensions.configuration.protected.dataprotectionapitest\bin\release\net462\fededim.extensions.configuration.protected.dataprotectionapitest.dll" id="a5b4138a-877c-581b-780d-3494b3972f17">
      <Execution id="aab0d1b6-0e53-4a33-9c51-eb1ff3345f03" />
      <TestMethod codeBase="D:\a\Fededim.Extensions.Configuration.Protected\Fededim.Extensions.Configuration.Protected\Fededim.Extensions.Configuration.Protected.DataProtectionAPITest\bin\Release\net462\Fededim.Extensions.Configuration.Protected.DataProtectionAPITest.dll" adapterTypeName="executor://xunit/VsTestRunner2/net" className="Fededim.Extensions.Configuration.Protected.DataProtectionAPITest.DataProtectionAPIProtectProviderTest" name="RandomInMemoryDictionaryTest" />
    </UnitTest>
    <UnitTest name="Fededim.Extensions.Configuration.Protected.DataProtectionAPITest.DataProtectionAPIProtectProviderTest.RandomEnvironmentVariablesTest" storage="d:\a\fededim.extensions.configuration.protected\fededim.extensions.configuration.protected\fededim.extensions.configuration.protected.dataprotectionapitest\bin\release\net462\fededim.extensions.configuration.protected.dataprotectionapitest.dll" id="f352b3e4-d8b2-0588-46bb-043afb7266c1">
      <Execution id="7c54f3ce-cf7a-44b3-952e-9001fe4e35dc" />
      <TestMethod codeBase="D:\a\Fededim.Extensions.Configuration.Protected\Fededim.Extensions.Configuration.Protected\Fededim.Extensions.Configuration.Protected.DataProtectionAPITest\bin\Release\net462\Fededim.Extensions.Configuration.Protected.DataProtectionAPITest.dll" adapterTypeName="executor://xunit/VsTestRunner2/net" className="Fededim.Extensions.Configuration.Protected.DataProtectionAPITest.DataProtectionAPIProtectProviderTest" name="RandomEnvironmentVariablesTest" />
    </UnitTest>
    <UnitTest name="Fededim.Extensions.Configuration.Protected.DataProtectionAPITest.DataProtectionAPIProtectProviderTest.RandomJsonFileTest(useJsonWithCommentFileProcessor: True)" storage="d:\a\fededim.extensions.configuration.protected\fededim.extensions.configuration.protected\fededim.extensions.configuration.protected.dataprotectionapitest\bin\release\net462\fededim.extensions.configuration.protected.dataprotectionapitest.dll" id="f6916fa8-7335-1ac2-9bd9-068ab445ecb1">
      <Execution id="d57d8e16-b09e-40f8-8737-9746fca240e2" />
      <TestMethod codeBase="D:\a\Fededim.Extensions.Configuration.Protected\Fededim.Extensions.Configuration.Protected\Fededim.Extensions.Configuration.Protected.DataProtectionAPITest\bin\Release\net462\Fededim.Extensions.Configuration.Protected.DataProtectionAPITest.dll" adapterTypeName="executor://xunit/VsTestRunner2/net" className="Fededim.Extensions.Configuration.Protected.DataProtectionAPITest.DataProtectionAPIProtectProviderTest" name="RandomJsonFileTest" />
    </UnitTest>
    <UnitTest name="Fededim.Extensions.Configuration.Protected.DataProtectionAPITest.DataProtectionAPIProtectProviderTest.RandomCommandLineTest" storage="d:\a\fededim.extensions.configuration.protected\fededim.extensions.configuration.protected\fededim.extensions.configuration.protected.dataprotectionapitest\bin\release\net462\fededim.extensions.configuration.protected.dataprotectionapitest.dll" id="b9bf8ed7-522c-e76a-b80e-8d05fc5adc83">
      <Execution id="8b0205be-e2b5-4e20-bb05-09c17b1c0b59" />
      <TestMethod codeBase="D:\a\Fededim.Extensions.Configuration.Protected\Fededim.Extensions.Configuration.Protected\Fededim.Extensions.Configuration.Protected.DataProtectionAPITest\bin\Release\net462\Fededim.Extensions.Configuration.Protected.DataProtectionAPITest.dll" adapterTypeName="executor://xunit/VsTestRunner2/net" className="Fededim.Extensions.Configuration.Protected.DataProtectionAPITest.DataProtectionAPIProtectProviderTest" name="RandomCommandLineTest" />
    </UnitTest>
    <UnitTest name="Fededim.Extensions.Configuration.Protected.DataProtectionAPITest.DataProtectionAPIProtectProviderTest.RandomJsonFileTest(useJsonWithCommentFileProcessor: False)" storage="d:\a\fededim.extensions.configuration.protected\fededim.extensions.configuration.protected\fededim.extensions.configuration.protected.dataprotectionapitest\bin\release\net462\fededim.extensions.configuration.protected.dataprotectionapitest.dll" id="215bdca5-d044-0fe3-ab3a-2e4442ce76c5">
      <Execution id="607a7d0b-dde3-44dd-95a8-47df81f091a1" />
      <TestMethod codeBase="D:\a\Fededim.Extensions.Configuration.Protected\Fededim.Extensions.Configuration.Protected\Fededim.Extensions.Configuration.Protected.DataProtectionAPITest\bin\Release\net462\Fededim.Extensions.Configuration.Protected.DataProtectionAPITest.dll" adapterTypeName="executor://xunit/VsTestRunner2/net" className="Fededim.Extensions.Configuration.Protected.DataProtectionAPITest.DataProtectionAPIProtectProviderTest" name="RandomJsonFileTest" />
    </UnitTest>
  </TestDefinitions>
  <TestEntries>
    <TestEntry testId="a5b4138a-877c-581b-780d-3494b3972f17" executionId="aab0d1b6-0e53-4a33-9c51-eb1ff3345f03" testListId="8c84fa94-04c1-424b-9868-57a2d4851a1d" />
    <TestEntry testId="97ac352b-e433-e531-3210-5b085419ca0a" executionId="463a1fc8-5570-4dd7-b35e-b50231f69288" testListId="8c84fa94-04c1-424b-9868-57a2d4851a1d" />
    <TestEntry testId="215bdca5-d044-0fe3-ab3a-2e4442ce76c5" executionId="607a7d0b-dde3-44dd-95a8-47df81f091a1" testListId="8c84fa94-04c1-424b-9868-57a2d4851a1d" />
    <TestEntry testId="f352b3e4-d8b2-0588-46bb-043afb7266c1" executionId="7c54f3ce-cf7a-44b3-952e-9001fe4e35dc" testListId="8c84fa94-04c1-424b-9868-57a2d4851a1d" />
    <TestEntry testId="b9bf8ed7-522c-e76a-b80e-8d05fc5adc83" executionId="8b0205be-e2b5-4e20-bb05-09c17b1c0b59" testListId="8c84fa94-04c1-424b-9868-57a2d4851a1d" />
    <TestEntry testId="f6916fa8-7335-1ac2-9bd9-068ab445ecb1" executionId="d57d8e16-b09e-40f8-8737-9746fca240e2" testListId="8c84fa94-04c1-424b-9868-57a2d4851a1d" />
  </TestEntries>
  <TestLists>
    <TestList name="Results Not in a List" id="8c84fa94-04c1-424b-9868-57a2d4851a1d" />
    <TestList name="All Loaded Results" id="19431567-8539-422a-85d7-44ee4e166bda" />
  </TestLists>
  <ResultSummary outcome="Completed">
    <Counters total="6" executed="6" passed="6" failed="0" error="0" timeout="0" aborted="0" inconclusive="0" passedButRunAborted="0" notRunnable="0" notExecuted="0" disconnected="0" warning="0" completed="0" inProgress="0" pending="0" />
    <Output>
      <StdOut>[xUnit.net 00:00:00.02] xUnit.net VSTest Adapter v2.8.2+699d445a1a (64-bit .NET Framework 4.8.9256.0)&#xD;
[xUnit.net 00:00:01.02]   Discovering: Fededim.Extensions.Configuration.Protected.DataProtectionAPITest&#xD;
[xUnit.net 00:00:01.19]   Discovered:  Fededim.Extensions.Configuration.Protected.DataProtectionAPITest&#xD;
[xUnit.net 00:00:01.20]   Starting:    Fededim.Extensions.Configuration.Protected.DataProtectionAPITest&#xD;
[xUnit.net 00:00:07.32]   Finished:    Fededim.Extensions.Configuration.Protected.DataProtectionAPITest&#xD;
</StdOut>
    </Output>
  </ResultSummary>
</TestRun>