<?xml version="1.0" encoding="utf-8"?>
<TestRun id="0b9110da-d119-4e97-aa5f-a0e145e51394" name="runneradmin@fv-az653-956 2024-12-08 19:55:57" runUser="fv-az653-956\runneradmin" xmlns="http://microsoft.com/schemas/VisualStudio/TeamTest/2010">
  <Times creation="2024-12-08T19:55:57.8978693+00:00" queuing="2024-12-08T19:55:57.8978697+00:00" start="2024-12-08T19:55:46.1191921+00:00" finish="2024-12-08T19:58:16.3114853+00:00" />
  <TestSettings name="default" id="b6813076-dc71-43fb-a4ae-bf76d317f367">
    <Deployment runDeploymentRoot="runneradmin_fv-az653-956_2024-12-08_19_55_57" />
  </TestSettings>
  <Results>
    <UnitTestResult executionId="cb5c18f8-bfb9-4229-8edb-d53077a2f8a4" testId="efb735a9-3ad5-1771-1fbc-4b718376ccc7" testName="Fededim.Extensions.Configuration.Protected.DataProtectionAPITest.ReverseChainedDataProtectionAPIProtectProviderTest.RandomXmlFileTest" computerName="fv-az653-956" duration="00:00:23.0220000" startTime="2024-12-08T19:58:06.8858260+00:00" endTime="2024-12-08T19:58:06.8858260+00:00" testType="13cdc9d9-ddb5-4fa4-a97d-d965ccfc6d4b" outcome="Passed" testListId="8c84fa94-04c1-424b-9868-57a2d4851a1d" relativeResultsDirectory="cb5c18f8-bfb9-4229-8edb-d53077a2f8a4">
      <Output>
        <StdOut>12/8/2024 7:57:43 PM: Generating a random XML file with 100000 keys, autogenerated strings max length 20 and autogenerated array max length 10...&#xD;
12/8/2024 7:57:46 PM: File location file://D:/a/Fededim.Extensions.Configuration.Protected/Fededim.Extensions.Configuration.Protected/Fededim.Extensions.Configuration.Protected.DataProtectionAPITest/bin/Release/net462/random_d54e85b8-30d5-42aa-859e-a941eb35b658.xml&#xD;
12/8/2024 7:57:46 PM: Generated random XML file (NumEntries 100000 NumValues 250124 size 64740 KB) duration 2245ms &#xD;
12/8/2024 7:57:50 PM: Encrypted random XML file (NumEntries 100000 NumValues 250124 size 91072 KB) duration 4534ms &#xD;
12/8/2024 7:57:52 PM: Checked that all random XML file is encrypted duration 2004ms &#xD;
12/8/2024 7:58:06 PM: Loaded and decrypted random XML file with ProtectedConfigurationBuilder duration 00:00:13.5679132 &#xD;
12/8/2024 7:58:06 PM: Checked that 202120 entries are equal duration 668ms</StdOut>
      </Output>
    </UnitTestResult>
    <UnitTestResult executionId="eea2125d-2474-474c-aaaf-902e21a612a8" testId="b6fd352f-d0bb-6f9f-e8b5-484cb632db0b" testName="Fededim.Extensions.Configuration.Protected.DataProtectionAPITest.ReverseChainedPassthroughProtectProviderTest.RandomJsonFileTest(useJsonWithCommentFileProcessor: False)" computerName="fv-az653-956" duration="00:00:26.7450000" startTime="2024-12-08T19:57:14.6901531+00:00" endTime="2024-12-08T19:57:14.6901531+00:00" testType="13cdc9d9-ddb5-4fa4-a97d-d965ccfc6d4b" outcome="Passed" testListId="8c84fa94-04c1-424b-9868-57a2d4851a1d" relativeResultsDirectory="eea2125d-2474-474c-aaaf-902e21a612a8">
      <Output>
        <StdOut>12/8/2024 7:56:47 PM: Generating a random JSON file with 100000 keys, autogenerated strings max length 20 and autogenerated array max length 10...&#xD;
12/8/2024 7:56:50 PM: File location file://D:/a/Fededim.Extensions.Configuration.Protected/Fededim.Extensions.Configuration.Protected/Fededim.Extensions.Configuration.Protected.DataProtectionAPITest/bin/Release/net462/random_4601d745-e2e7-4501-8e7d-12998517e40f.json&#xD;
12/8/2024 7:56:50 PM: Generated random JSON file (NumEntries 100000 NumValues 249678 size 62283 KB) duration 3338ms &#xD;
12/8/2024 7:56:57 PM: Encrypted random JSON file (NumEntries 100000 NumValues 249678 size 62667 KB) duration 6600ms &#xD;
12/8/2024 7:56:59 PM: Checked that all random JSON file is encrypted duration 1564ms &#xD;
12/8/2024 7:57:09 PM: Loaded and decrypted random JSON file with ProtectedConfigurationBuilder duration 00:00:10.6371773 &#xD;
12/8/2024 7:57:14 PM: Checked that 249678 entries are equal duration 4604ms</StdOut>
      </Output>
    </UnitTestResult>
    <UnitTestResult executionId="991c4b45-d999-49e4-a3a6-0c4e10f1a444" testId="b5fa2e2b-5ba5-fac3-aba2-27926978692e" testName="Fededim.Extensions.Configuration.Protected.DataProtectionAPITest.ReverseChainedPassthroughProtectProviderTest.RandomJsonFileTest(useJsonWithCommentFileProcessor: True)" computerName="fv-az653-956" duration="00:00:41.9530000" startTime="2024-12-08T19:56:47.6308988+00:00" endTime="2024-12-08T19:56:47.6308988+00:00" testType="13cdc9d9-ddb5-4fa4-a97d-d965ccfc6d4b" outcome="Passed" testListId="8c84fa94-04c1-424b-9868-57a2d4851a1d" relativeResultsDirectory="991c4b45-d999-49e4-a3a6-0c4e10f1a444">
      <Output>
        <StdOut>12/8/2024 7:56:05 PM: Generating a random JSON file with 100000 keys, autogenerated strings max length 20 and autogenerated array max length 10...&#xD;
12/8/2024 7:56:11 PM: File location file://D:/a/Fededim.Extensions.Configuration.Protected/Fededim.Extensions.Configuration.Protected/Fededim.Extensions.Configuration.Protected.DataProtectionAPITest/bin/Release/net462/random_5ec4502a-ab15-4e42-816e-b4b398f1eaa5.json&#xD;
12/8/2024 7:56:11 PM: Generated random JSON file (NumEntries 100000 NumValues 250223 size 62132 KB) duration 5533ms &#xD;
12/8/2024 7:56:19 PM: Encrypted random JSON file (NumEntries 100000 NumValues 250223 size 62517 KB) duration 8258ms &#xD;
12/8/2024 7:56:24 PM: Checked that all random JSON file is encrypted duration 4567ms &#xD;
12/8/2024 7:56:42 PM: Loaded and decrypted random JSON file with ProtectedConfigurationBuilder duration 00:00:18.6762466 &#xD;
12/8/2024 7:56:47 PM: Checked that 250223 entries are equal duration 4914ms</StdOut>
      </Output>
    </UnitTestResult>
    <UnitTestResult executionId="db4f1711-e92f-4c5c-ab08-d1140081602a" testId="21abf860-ed3d-2e49-4a1e-a39daf2ff1b2" testName="Fededim.Extensions.Configuration.Protected.DataProtectionAPITest.ReverseChainedPassthroughProtectProviderTest.RandomCommandLineTest" computerName="fv-az653-956" duration="00:00:09.6810000" startTime="2024-12-08T19:56:05.6725271+00:00" endTime="2024-12-08T19:56:05.6725271+00:00" testType="13cdc9d9-ddb5-4fa4-a97d-d965ccfc6d4b" outcome="Passed" testListId="8c84fa94-04c1-424b-9868-57a2d4851a1d" relativeResultsDirectory="db4f1711-e92f-4c5c-ab08-d1140081602a">
      <Output>
        <StdOut>12/8/2024 7:55:56 PM: Generating a random command line arguments with 100000 keys, autogenerated strings max length 20 and autogenerated array max length 10...&#xD;
12/8/2024 7:55:58 PM: Starting test...&#xD;
12/8/2024 7:55:58 PM: Generated random comand line args (NumEntries 100000 NumValues 250266) duration 2225ms &#xD;
12/8/2024 7:56:02 PM: Encrypted random comand line args duration 4195ms &#xD;
12/8/2024 7:56:02 PM: Checked that all random comand line args are encrypted duration 462ms &#xD;
12/8/2024 7:56:04 PM: Loaded and decrypted random comand line args with ProtectedConfigurationBuilder duration 1647ms &#xD;
12/8/2024 7:56:05 PM: Checked that 100000 entries are equal duration 1074ms</StdOut>
      </Output>
    </UnitTestResult>
    <UnitTestResult executionId="b77b693d-ff01-45ec-87a6-84438d96b54d" testId="60df3619-3efb-dbb7-6212-6602ebf68f95" testName="Fededim.Extensions.Configuration.Protected.DataProtectionAPITest.ReverseChainedDataProtectionAPIProtectProviderTest.RandomCommandLineTest" computerName="fv-az653-956" duration="00:00:03.3100000" startTime="2024-12-08T19:58:11.7512786+00:00" endTime="2024-12-08T19:58:11.7512786+00:00" testType="13cdc9d9-ddb5-4fa4-a97d-d965ccfc6d4b" outcome="Passed" testListId="8c84fa94-04c1-424b-9868-57a2d4851a1d" relativeResultsDirectory="b77b693d-ff01-45ec-87a6-84438d96b54d">
      <Output>
        <StdOut>12/8/2024 7:58:08 PM: Generating a random command line arguments with 100000 keys, autogenerated strings max length 20 and autogenerated array max length 10...&#xD;
12/8/2024 7:58:08 PM: Starting test...&#xD;
12/8/2024 7:58:08 PM: Generated random comand line args (NumEntries 100000 NumValues 249173) duration 258ms &#xD;
12/8/2024 7:58:09 PM: Encrypted random comand line args duration 927ms &#xD;
12/8/2024 7:58:09 PM: Checked that all random comand line args are encrypted duration 57ms &#xD;
12/8/2024 7:58:11 PM: Loaded and decrypted random comand line args with ProtectedConfigurationBuilder duration 2003ms &#xD;
12/8/2024 7:58:11 PM: Checked that 100000 entries are equal duration 61ms</StdOut>
      </Output>
    </UnitTestResult>
    <UnitTestResult executionId="54f32927-89b3-4400-a390-5b04f6908aad" testId="97ac352b-e433-e531-3210-5b085419ca0a" testName="Fededim.Extensions.Configuration.Protected.DataProtectionAPITest.DataProtectionAPIProtectProviderTest.RandomXmlFileTest" computerName="fv-az653-956" duration="00:00:22.0320000" startTime="2024-12-08T19:58:12.6580719+00:00" endTime="2024-12-08T19:58:12.6580719+00:00" testType="13cdc9d9-ddb5-4fa4-a97d-d965ccfc6d4b" outcome="Passed" testListId="8c84fa94-04c1-424b-9868-57a2d4851a1d" relativeResultsDirectory="54f32927-89b3-4400-a390-5b04f6908aad">
      <Output>
        <StdOut>12/8/2024 7:57:50 PM: Generating a random XML file with 100000 keys, autogenerated strings max length 20 and autogenerated array max length 10...&#xD;
12/8/2024 7:57:54 PM: File location file://D:/a/Fededim.Extensions.Configuration.Protected/Fededim.Extensions.Configuration.Protected/Fededim.Extensions.Configuration.Protected.DataProtectionAPITest/bin/Release/net462/random_97bb878c-2fb8-4eb7-878e-11b90ce095c0.xml&#xD;
12/8/2024 7:57:54 PM: Generated random XML file (NumEntries 100000 NumValues 251264 size 63946 KB) duration 4301ms &#xD;
12/8/2024 7:58:00 PM: Encrypted random XML file (NumEntries 100000 NumValues 251264 size 90439 KB) duration 5605ms &#xD;
12/8/2024 7:58:01 PM: Checked that all random XML file is encrypted duration 1161ms &#xD;
12/8/2024 7:58:11 PM: Loaded and decrypted random XML file with ProtectedConfigurationBuilder duration 00:00:10.2380159 &#xD;
12/8/2024 7:58:12 PM: Checked that 203364 entries are equal duration 725ms</StdOut>
      </Output>
    </UnitTestResult>
    <UnitTestResult executionId="c9fcdbe0-ab90-487a-8409-9df1ab458e31" testId="fd694cea-f6eb-8b2a-be1c-cfd9341efde5" testName="Fededim.Extensions.Configuration.Protected.DataProtectionAPITest.ReverseChainedPassthroughProtectProviderTest.RandomEnvironmentVariablesTest" computerName="fv-az653-956" duration="00:00:05.7870000" startTime="2024-12-08T19:57:42.6032106+00:00" endTime="2024-12-08T19:57:42.6032106+00:00" testType="13cdc9d9-ddb5-4fa4-a97d-d965ccfc6d4b" outcome="Passed" testListId="8c84fa94-04c1-424b-9868-57a2d4851a1d" relativeResultsDirectory="c9fcdbe0-ab90-487a-8409-9df1ab458e31">
      <Output>
        <StdOut>12/8/2024 7:57:36 PM: Generating a random environment variables 100000 keys, autogenerated strings max length 20 and autogenerated array max length 10...&#xD;
12/8/2024 7:57:37 PM: Starting test...&#xD;
12/8/2024 7:57:37 PM: Generated random environment variables (NumEntries 2000 NumValues 5027 TID 14, note that Windows has a maximum size of 32KB for all environment variables, so not all 100000 keys could be created) duration 946ms &#xD;
12/8/2024 7:57:40 PM: Encrypted random environment variables duration 2611ms &#xD;
12/8/2024 7:57:40 PM: Checked that all random environment variables are encrypted duration 183ms &#xD;
12/8/2024 7:57:40 PM: Loaded and decrypted random environment variables with ProtectedConfigurationBuilder duration 30ms &#xD;
12/8/2024 7:57:40 PM: Checked that 1606 entries are equal duration 1ms</StdOut>
      </Output>
    </UnitTestResult>
    <UnitTestResult executionId="905e8325-ec63-4935-b014-dfcbf675ec23" testId="20fa24cf-117e-2734-ecaa-01279073fded" testName="Fededim.Extensions.Configuration.Protected.DataProtectionAPITest.PassthroughProtectProviderTest.RandomInMemoryDictionaryTest" computerName="fv-az653-956" duration="00:00:05.1410000" startTime="2024-12-08T19:56:54.9844449+00:00" endTime="2024-12-08T19:56:54.9844449+00:00" testType="13cdc9d9-ddb5-4fa4-a97d-d965ccfc6d4b" outcome="Passed" testListId="8c84fa94-04c1-424b-9868-57a2d4851a1d" relativeResultsDirectory="905e8325-ec63-4935-b014-dfcbf675ec23">
      <Output>
        <StdOut>12/8/2024 7:56:49 PM: Generating a random in-memory dictionary with 100000 keys, autogenerated strings max length 20 and autogenerated array max length 10...&#xD;
12/8/2024 7:56:51 PM: Starting test...&#xD;
12/8/2024 7:56:51 PM: Generated random in-memory dictionary (NumEntries 100000 NumValues 250318) duration 1287ms &#xD;
12/8/2024 7:56:53 PM: Encrypted random in-memory dictionary duration 2404ms &#xD;
12/8/2024 7:56:53 PM: Checked that all random in-memory dictionary is encrypted duration 241ms &#xD;
12/8/2024 7:56:54 PM: Loaded and decrypted random in-memory dictionary with ProtectedConfigurationBuilder duration 868ms &#xD;
12/8/2024 7:56:54 PM: Checked that 100000 entries are equal duration 338ms</StdOut>
      </Output>
    </UnitTestResult>
    <UnitTestResult executionId="3d873be7-eba7-4f70-be4a-afd9e02dbe4f" testId="dbafd3c0-547c-f72c-7714-3310b3a28f6c" testName="Fededim.Extensions.Configuration.Protected.DataProtectionAPITest.ReverseChainedDataProtectionAPIProtectProviderTest.RandomInMemoryDictionaryTest" computerName="fv-az653-956" duration="00:00:03.3540000" startTime="2024-12-08T19:58:15.0962601+00:00" endTime="2024-12-08T19:58:15.0962601+00:00" testType="13cdc9d9-ddb5-4fa4-a97d-d965ccfc6d4b" outcome="Passed" testListId="8c84fa94-04c1-424b-9868-57a2d4851a1d" relativeResultsDirectory="3d873be7-eba7-4f70-be4a-afd9e02dbe4f">
      <Output>
        <StdOut>12/8/2024 7:58:11 PM: Generating a random in-memory dictionary with 100000 keys, autogenerated strings max length 20 and autogenerated array max length 10...&#xD;
12/8/2024 7:58:12 PM: Starting test...&#xD;
12/8/2024 7:58:12 PM: Generated random in-memory dictionary (NumEntries 100000 NumValues 250432) duration 300ms &#xD;
12/8/2024 7:58:12 PM: Encrypted random in-memory dictionary duration 932ms &#xD;
12/8/2024 7:58:13 PM: Checked that all random in-memory dictionary is encrypted duration 62ms &#xD;
12/8/2024 7:58:15 PM: Loaded and decrypted random in-memory dictionary with ProtectedConfigurationBuilder duration 1997ms &#xD;
12/8/2024 7:58:15 PM: Checked that 100000 entries are equal duration 60ms</StdOut>
      </Output>
    </UnitTestResult>
    <UnitTestResult executionId="99fedeb5-810e-43b3-aaaf-8a4c805bd70c" testId="53bdc893-11b6-05bf-6c05-1776c77b4125" testName="Fededim.Extensions.Configuration.Protected.DataProtectionAPITest.PassthroughProtectProviderTest.RandomCommandLineTest" computerName="fv-az653-956" duration="00:00:06.1950000" startTime="2024-12-08T19:56:49.8668869+00:00" endTime="2024-12-08T19:56:49.8668869+00:00" testType="13cdc9d9-ddb5-4fa4-a97d-d965ccfc6d4b" outcome="Passed" testListId="8c84fa94-04c1-424b-9868-57a2d4851a1d" relativeResultsDirectory="99fedeb5-810e-43b3-aaaf-8a4c805bd70c">
      <Output>
        <StdOut>12/8/2024 7:56:43 PM: Generating a random command line arguments with 100000 keys, autogenerated strings max length 20 and autogenerated array max length 10...&#xD;
12/8/2024 7:56:44 PM: Starting test...&#xD;
12/8/2024 7:56:44 PM: Generated random comand line args (NumEntries 100000 NumValues 248993) duration 1325ms &#xD;
12/8/2024 7:56:46 PM: Encrypted random comand line args duration 1748ms &#xD;
12/8/2024 7:56:46 PM: Checked that all random comand line args are encrypted duration 220ms &#xD;
12/8/2024 7:56:49 PM: Loaded and decrypted random comand line args with ProtectedConfigurationBuilder duration 2344ms &#xD;
12/8/2024 7:56:49 PM: Checked that 100000 entries are equal duration 554ms</StdOut>
      </Output>
    </UnitTestResult>
    <UnitTestResult executionId="3acfebf1-0e45-47b5-9186-a926267a08d1" testId="f4974d5b-c288-bf3b-c0f6-abb4edc5d313" testName="Fededim.Extensions.Configuration.Protected.DataProtectionAPITest.ReverseChainedDataProtectionAPIProtectProviderTest.RandomEnvironmentVariablesTest" computerName="fv-az653-956" duration="00:00:01.5500000" startTime="2024-12-08T19:58:08.4338407+00:00" endTime="2024-12-08T19:58:08.4338407+00:00" testType="13cdc9d9-ddb5-4fa4-a97d-d965ccfc6d4b" outcome="Passed" testListId="8c84fa94-04c1-424b-9868-57a2d4851a1d" relativeResultsDirectory="3acfebf1-0e45-47b5-9186-a926267a08d1">
      <Output>
        <StdOut>12/8/2024 7:58:06 PM: Generating a random environment variables 100000 keys, autogenerated strings max length 20 and autogenerated array max length 10...&#xD;
12/8/2024 7:58:07 PM: Starting test...&#xD;
12/8/2024 7:58:07 PM: Generated random environment variables (NumEntries 2000 NumValues 5168 TID 10, note that Windows has a maximum size of 32KB for all environment variables, so not all 100000 keys could be created) duration 476ms &#xD;
12/8/2024 7:58:07 PM: Encrypted random environment variables duration 633ms &#xD;
12/8/2024 7:58:07 PM: Checked that all random environment variables are encrypted duration 3ms &#xD;
12/8/2024 7:58:08 PM: Loaded and decrypted random environment variables with ProtectedConfigurationBuilder duration 39ms &#xD;
12/8/2024 7:58:08 PM: Checked that 1576 entries are equal duration 1ms</StdOut>
      </Output>
    </UnitTestResult>
    <UnitTestResult executionId="aff31d56-b8d5-42b7-9310-edecb2305419" testId="ade5454d-acc1-63ed-986a-ba08d0a9b3c4" testName="Fededim.Extensions.Configuration.Protected.DataProtectionAPITest.PassthroughProtectProviderTest.RandomJsonFileTest(useJsonWithCommentFileProcessor: False)" computerName="fv-az653-956" duration="00:00:23.2760000" startTime="2024-12-08T19:57:18.2559838+00:00" endTime="2024-12-08T19:57:18.2559838+00:00" testType="13cdc9d9-ddb5-4fa4-a97d-d965ccfc6d4b" outcome="Passed" testListId="8c84fa94-04c1-424b-9868-57a2d4851a1d" relativeResultsDirectory="aff31d56-b8d5-42b7-9310-edecb2305419">
      <Output>
        <StdOut>12/8/2024 7:56:54 PM: Generating a random JSON file with 100000 keys, autogenerated strings max length 20 and autogenerated array max length 10...&#xD;
12/8/2024 7:56:57 PM: File location file://D:/a/Fededim.Extensions.Configuration.Protected/Fededim.Extensions.Configuration.Protected/Fededim.Extensions.Configuration.Protected.DataProtectionAPITest/bin/Release/net462/random_46e9d4a4-8196-40b6-b2ad-62e84369089f.json&#xD;
12/8/2024 7:56:57 PM: Generated random JSON file (NumEntries 100000 NumValues 251001 size 56929 KB) duration 2324ms &#xD;
12/8/2024 7:57:04 PM: Encrypted random JSON file (NumEntries 100000 NumValues 251001 size 57315 KB) duration 6701ms &#xD;
12/8/2024 7:57:06 PM: Checked that all random JSON file is encrypted duration 2354ms &#xD;
12/8/2024 7:57:16 PM: Loaded and decrypted random JSON file with ProtectedConfigurationBuilder duration 9963ms &#xD;
12/8/2024 7:57:18 PM: Checked that 251001 entries are equal duration 1930ms</StdOut>
      </Output>
    </UnitTestResult>
    <UnitTestResult executionId="22b52a30-7073-4c35-b510-b38f7bfda107" testId="cf0e5a6f-eacf-e1e6-8610-cf6ad43d699c" testName="Fededim.Extensions.Configuration.Protected.DataProtectionAPITest.PassthroughProtectProviderTest.RandomJsonFileTest(useJsonWithCommentFileProcessor: True)" computerName="fv-az653-956" duration="00:00:19.3320000" startTime="2024-12-08T19:57:37.5981936+00:00" endTime="2024-12-08T19:57:37.5981936+00:00" testType="13cdc9d9-ddb5-4fa4-a97d-d965ccfc6d4b" outcome="Passed" testListId="8c84fa94-04c1-424b-9868-57a2d4851a1d" relativeResultsDirectory="22b52a30-7073-4c35-b510-b38f7bfda107">
      <Output>
        <StdOut>12/8/2024 7:57:18 PM: Generating a random JSON file with 100000 keys, autogenerated strings max length 20 and autogenerated array max length 10...&#xD;
12/8/2024 7:57:20 PM: File location file://D:/a/Fededim.Extensions.Configuration.Protected/Fededim.Extensions.Configuration.Protected/Fededim.Extensions.Configuration.Protected.DataProtectionAPITest/bin/Release/net462/random_eda9f96e-8674-438d-993b-122af6b3fc82.json&#xD;
12/8/2024 7:57:20 PM: Generated random JSON file (NumEntries 100000 NumValues 250591 size 61629 KB) duration 2457ms &#xD;
12/8/2024 7:57:25 PM: Encrypted random JSON file (NumEntries 100000 NumValues 250591 size 62015 KB) duration 4802ms &#xD;
12/8/2024 7:57:27 PM: Checked that all random JSON file is encrypted duration 1665ms &#xD;
12/8/2024 7:57:36 PM: Loaded and decrypted random JSON file with ProtectedConfigurationBuilder duration 8970ms &#xD;
12/8/2024 7:57:37 PM: Checked that 250591 entries are equal duration 1436ms</StdOut>
      </Output>
    </UnitTestResult>
    <UnitTestResult executionId="924e841c-707d-4ee9-95e4-f8029e9941f5" testId="83d9d3b3-01c1-e554-7b15-bf5199894c8f" testName="Fededim.Extensions.Configuration.Protected.DataProtectionAPITest.ReverseChainedDataProtectionAPIProtectProviderTest.RandomJsonFileTest(useJsonWithCommentFileProcessor: False)" computerName="fv-az653-956" duration="00:00:31.2750000" startTime="2024-12-08T19:57:43.8697943+00:00" endTime="2024-12-08T19:57:43.8697943+00:00" testType="13cdc9d9-ddb5-4fa4-a97d-d965ccfc6d4b" outcome="Passed" testListId="8c84fa94-04c1-424b-9868-57a2d4851a1d" relativeResultsDirectory="924e841c-707d-4ee9-95e4-f8029e9941f5">
      <Output>
        <StdOut>12/8/2024 7:57:12 PM: Generating a random JSON file with 100000 keys, autogenerated strings max length 20 and autogenerated array max length 10...&#xD;
12/8/2024 7:57:15 PM: File location file://D:/a/Fededim.Extensions.Configuration.Protected/Fededim.Extensions.Configuration.Protected/Fededim.Extensions.Configuration.Protected.DataProtectionAPITest/bin/Release/net462/random_fe770daa-a755-4475-91e9-c834a16b3d31.json&#xD;
12/8/2024 7:57:15 PM: Generated random JSON file (NumEntries 100000 NumValues 249556 size 58794 KB) duration 2413ms &#xD;
12/8/2024 7:57:23 PM: Encrypted random JSON file (NumEntries 100000 NumValues 249556 size 84830 KB) duration 8463ms &#xD;
12/8/2024 7:57:25 PM: Checked that all random JSON file is encrypted duration 2074ms &#xD;
12/8/2024 7:57:42 PM: Loaded and decrypted random JSON file with ProtectedConfigurationBuilder duration 00:00:17.3573873 &#xD;
12/8/2024 7:57:43 PM: Checked that 249556 entries are equal duration 965ms</StdOut>
      </Output>
    </UnitTestResult>
    <UnitTestResult executionId="dcc03da0-4bbe-4429-b60a-df1c2796d727" testId="17c2c8ae-a50b-08a0-7c03-1289a54a7d68" testName="Fededim.Extensions.Configuration.Protected.DataProtectionAPITest.PassthroughProtectProviderTest.RandomXmlFileTest" computerName="fv-az653-956" duration="00:00:53.6550000" startTime="2024-12-08T19:56:43.6416167+00:00" endTime="2024-12-08T19:56:43.6416167+00:00" testType="13cdc9d9-ddb5-4fa4-a97d-d965ccfc6d4b" outcome="Passed" testListId="8c84fa94-04c1-424b-9868-57a2d4851a1d" relativeResultsDirectory="dcc03da0-4bbe-4429-b60a-df1c2796d727">
      <Output>
        <StdOut>12/8/2024 7:55:50 PM: Generating a random XML file with 100000 keys, autogenerated strings max length 20 and autogenerated array max length 10...&#xD;
12/8/2024 7:56:03 PM: File location file://D:/a/Fededim.Extensions.Configuration.Protected/Fededim.Extensions.Configuration.Protected/Fededim.Extensions.Configuration.Protected.DataProtectionAPITest/bin/Release/net462/random_dc096edf-5f64-4ccc-ade4-651fd8bf04cb.xml&#xD;
12/8/2024 7:56:03 PM: Generated random XML file (NumEntries 100000 NumValues 250686 size 59969 KB) duration 00:00:13.1419474 &#xD;
12/8/2024 7:56:17 PM: Encrypted random XML file (NumEntries 100000 NumValues 250686 size 60360 KB) duration 00:00:13.8870989 &#xD;
12/8/2024 7:56:20 PM: Checked that all random XML file is encrypted duration 3007ms &#xD;
12/8/2024 7:56:40 PM: Loaded and decrypted random XML file with ProtectedConfigurationBuilder duration 00:00:19.4495250 &#xD;
12/8/2024 7:56:43 PM: Checked that 202528 entries are equal duration 3295ms</StdOut>
      </Output>
    </UnitTestResult>
    <UnitTestResult executionId="24519083-68a1-4f04-b481-4cd19fdb8815" testId="a5b4138a-877c-581b-780d-3494b3972f17" testName="Fededim.Extensions.Configuration.Protected.DataProtectionAPITest.DataProtectionAPIProtectProviderTest.RandomInMemoryDictionaryTest" computerName="fv-az653-956" duration="00:00:32.0480000" startTime="2024-12-08T19:56:22.0288360+00:00" endTime="2024-12-08T19:56:22.0288360+00:00" testType="13cdc9d9-ddb5-4fa4-a97d-d965ccfc6d4b" outcome="Passed" testListId="8c84fa94-04c1-424b-9868-57a2d4851a1d" relativeResultsDirectory="24519083-68a1-4f04-b481-4cd19fdb8815">
      <Output>
        <StdOut>12/8/2024 7:55:51 PM: Generating a random in-memory dictionary with 100000 keys, autogenerated strings max length 20 and autogenerated array max length 10...&#xD;
12/8/2024 7:55:51 PM: Starting test...&#xD;
12/8/2024 7:55:51 PM: Generated random in-memory dictionary (NumEntries 100000 NumValues 250142) duration 839ms &#xD;
12/8/2024 7:56:09 PM: Encrypted random in-memory dictionary duration 00:00:17.2440473 &#xD;
12/8/2024 7:56:09 PM: Checked that all random in-memory dictionary is encrypted duration 583ms &#xD;
12/8/2024 7:56:21 PM: Loaded and decrypted random in-memory dictionary with ProtectedConfigurationBuilder duration 00:00:11.8709163 &#xD;
12/8/2024 7:56:22 PM: Checked that 100000 entries are equal duration 434ms</StdOut>
      </Output>
    </UnitTestResult>
    <UnitTestResult executionId="c2a42369-e54c-452a-bb6e-f8be58dbcf03" testId="c54c3964-5bef-c878-d4a0-6c44caf97732" testName="Fededim.Extensions.Configuration.Protected.DataProtectionAPITest.ReverseChainedPassthroughProtectProviderTest.RandomInMemoryDictionaryTest" computerName="fv-az653-956" duration="00:00:05.2040000" startTime="2024-12-08T19:55:56.0057708+00:00" endTime="2024-12-08T19:55:56.0057708+00:00" testType="13cdc9d9-ddb5-4fa4-a97d-d965ccfc6d4b" outcome="Passed" testListId="8c84fa94-04c1-424b-9868-57a2d4851a1d" relativeResultsDirectory="c2a42369-e54c-452a-bb6e-f8be58dbcf03">
      <Output>
        <StdOut>12/8/2024 7:55:50 PM: Generating a random in-memory dictionary with 100000 keys, autogenerated strings max length 20 and autogenerated array max length 10...&#xD;
12/8/2024 7:55:51 PM: Starting test...&#xD;
12/8/2024 7:55:51 PM: Generated random in-memory dictionary (NumEntries 100000 NumValues 248775) duration 526ms &#xD;
12/8/2024 7:55:53 PM: Encrypted random in-memory dictionary duration 2434ms &#xD;
12/8/2024 7:55:53 PM: Checked that all random in-memory dictionary is encrypted duration 224ms &#xD;
12/8/2024 7:55:55 PM: Loaded and decrypted random in-memory dictionary with ProtectedConfigurationBuilder duration 1417ms &#xD;
12/8/2024 7:55:55 PM: Checked that 100000 entries are equal duration 513ms</StdOut>
      </Output>
    </UnitTestResult>
    <UnitTestResult executionId="8f8c7f0c-9289-4d7a-97eb-ace198737fd5" testId="b9bf8ed7-522c-e76a-b80e-8d05fc5adc83" testName="Fededim.Extensions.Configuration.Protected.DataProtectionAPITest.DataProtectionAPIProtectProviderTest.RandomCommandLineTest" computerName="fv-az653-956" duration="00:00:03.2340000" startTime="2024-12-08T19:58:15.8940020+00:00" endTime="2024-12-08T19:58:15.8940020+00:00" testType="13cdc9d9-ddb5-4fa4-a97d-d965ccfc6d4b" outcome="Passed" testListId="8c84fa94-04c1-424b-9868-57a2d4851a1d" relativeResultsDirectory="8f8c7f0c-9289-4d7a-97eb-ace198737fd5">
      <Output>
        <StdOut>12/8/2024 7:58:12 PM: Generating a random command line arguments with 100000 keys, autogenerated strings max length 20 and autogenerated array max length 10...&#xD;
12/8/2024 7:58:12 PM: Starting test...&#xD;
12/8/2024 7:58:12 PM: Generated random comand line args (NumEntries 100000 NumValues 250053) duration 276ms &#xD;
12/8/2024 7:58:13 PM: Encrypted random comand line args duration 926ms &#xD;
12/8/2024 7:58:13 PM: Checked that all random comand line args are encrypted duration 58ms &#xD;
12/8/2024 7:58:15 PM: Loaded and decrypted random comand line args with ProtectedConfigurationBuilder duration 1913ms &#xD;
12/8/2024 7:58:15 PM: Checked that 100000 entries are equal duration 58ms</StdOut>
      </Output>
    </UnitTestResult>
    <UnitTestResult executionId="3e37d634-dad8-489a-b758-4e77f68aae7e" testId="f6916fa8-7335-1ac2-9bd9-068ab445ecb1" testName="Fededim.Extensions.Configuration.Protected.DataProtectionAPITest.DataProtectionAPIProtectProviderTest.RandomJsonFileTest(useJsonWithCommentFileProcessor: True)" computerName="fv-az653-956" duration="00:00:51.3160000" startTime="2024-12-08T19:57:28.1540362+00:00" endTime="2024-12-08T19:57:28.1540362+00:00" testType="13cdc9d9-ddb5-4fa4-a97d-d965ccfc6d4b" outcome="Passed" testListId="8c84fa94-04c1-424b-9868-57a2d4851a1d" relativeResultsDirectory="3e37d634-dad8-489a-b758-4e77f68aae7e">
      <Output>
        <StdOut>12/8/2024 7:56:36 PM: Generating a random JSON file with 100000 keys, autogenerated strings max length 20 and autogenerated array max length 10...&#xD;
12/8/2024 7:56:42 PM: File location file://D:/a/Fededim.Extensions.Configuration.Protected/Fededim.Extensions.Configuration.Protected/Fededim.Extensions.Configuration.Protected.DataProtectionAPITest/bin/Release/net462/random_3c82586d-2ee5-4d72-af4f-83ef89eca19a.json&#xD;
12/8/2024 7:56:42 PM: Generated random JSON file (NumEntries 100000 NumValues 249969 size 55782 KB) duration 5693ms &#xD;
12/8/2024 7:57:01 PM: Encrypted random JSON file (NumEntries 100000 NumValues 249969 size 81834 KB) duration 00:00:18.6574921 &#xD;
12/8/2024 7:57:03 PM: Checked that all random JSON file is encrypted duration 2738ms &#xD;
12/8/2024 7:57:25 PM: Loaded and decrypted random JSON file with ProtectedConfigurationBuilder duration 00:00:21.6597001 &#xD;
12/8/2024 7:57:28 PM: Checked that 249969 entries are equal duration 2565ms</StdOut>
      </Output>
    </UnitTestResult>
    <UnitTestResult executionId="76bdd169-820c-4474-8903-147c58cc1024" testId="d2ec5ba7-d50b-7023-11ad-69c0b8299f4c" testName="Fededim.Extensions.Configuration.Protected.DataProtectionAPITest.ReverseChainedDataProtectionAPIProtectProviderTest.RandomJsonFileTest(useJsonWithCommentFileProcessor: True)" computerName="fv-az653-956" duration="00:01:22.6010000" startTime="2024-12-08T19:57:12.5950086+00:00" endTime="2024-12-08T19:57:12.5950086+00:00" testType="13cdc9d9-ddb5-4fa4-a97d-d965ccfc6d4b" outcome="Passed" testListId="8c84fa94-04c1-424b-9868-57a2d4851a1d" relativeResultsDirectory="76bdd169-820c-4474-8903-147c58cc1024">
      <Output>
        <StdOut>12/8/2024 7:55:51 PM: Generating a random JSON file with 100000 keys, autogenerated strings max length 20 and autogenerated array max length 10...&#xD;
12/8/2024 7:55:56 PM: File location file://D:/a/Fededim.Extensions.Configuration.Protected/Fededim.Extensions.Configuration.Protected/Fededim.Extensions.Configuration.Protected.DataProtectionAPITest/bin/Release/net462/random_69aa1085-3c08-4d04-a49b-22362ce9af68.json&#xD;
12/8/2024 7:55:56 PM: Generated random JSON file (NumEntries 100000 NumValues 247975 size 57457 KB) duration 5307ms &#xD;
12/8/2024 7:56:25 PM: Encrypted random JSON file (NumEntries 100000 NumValues 247975 size 83274 KB) duration 00:00:29.0968413 &#xD;
12/8/2024 7:56:30 PM: Checked that all random JSON file is encrypted duration 5174ms &#xD;
12/8/2024 7:57:08 PM: Loaded and decrypted random JSON file with ProtectedConfigurationBuilder duration 00:00:37.3769067 &#xD;
12/8/2024 7:57:12 PM: Checked that 247975 entries are equal duration 4549ms</StdOut>
      </Output>
    </UnitTestResult>
    <UnitTestResult executionId="3c9a7ab4-1abe-48d0-9497-287f58e4c1bc" testId="215bdca5-d044-0fe3-ab3a-2e4442ce76c5" testName="Fededim.Extensions.Configuration.Protected.DataProtectionAPITest.DataProtectionAPIProtectProviderTest.RandomJsonFileTest(useJsonWithCommentFileProcessor: False)" computerName="fv-az653-956" duration="00:00:22.5040000" startTime="2024-12-08T19:57:50.6238100+00:00" endTime="2024-12-08T19:57:50.6238100+00:00" testType="13cdc9d9-ddb5-4fa4-a97d-d965ccfc6d4b" outcome="Passed" testListId="8c84fa94-04c1-424b-9868-57a2d4851a1d" relativeResultsDirectory="3c9a7ab4-1abe-48d0-9497-287f58e4c1bc">
      <Output>
        <StdOut>12/8/2024 7:57:28 PM: Generating a random JSON file with 100000 keys, autogenerated strings max length 20 and autogenerated array max length 10...&#xD;
12/8/2024 7:57:31 PM: File location file://D:/a/Fededim.Extensions.Configuration.Protected/Fededim.Extensions.Configuration.Protected/Fededim.Extensions.Configuration.Protected.DataProtectionAPITest/bin/Release/net462/random_37e625cb-b566-4393-8c75-94cbd4880e5f.json&#xD;
12/8/2024 7:57:31 PM: Generated random JSON file (NumEntries 100000 NumValues 250610 size 57469 KB) duration 3277ms &#xD;
12/8/2024 7:57:37 PM: Encrypted random JSON file (NumEntries 100000 NumValues 250610 size 83641 KB) duration 6254ms &#xD;
12/8/2024 7:57:38 PM: Checked that all random JSON file is encrypted duration 1072ms &#xD;
12/8/2024 7:57:49 PM: Loaded and decrypted random JSON file with ProtectedConfigurationBuilder duration 00:00:10.9551971 &#xD;
12/8/2024 7:57:50 PM: Checked that 250610 entries are equal duration 943ms</StdOut>
      </Output>
    </UnitTestResult>
    <UnitTestResult executionId="d9299151-fab0-490c-8139-95e90fae4ef2" testId="b51079a5-ff93-277c-c6d0-2b0eb1149993" testName="Fededim.Extensions.Configuration.Protected.DataProtectionAPITest.PassthroughProtectProviderTest.RandomEnvironmentVariablesTest" computerName="fv-az653-956" duration="00:00:05.8930000" startTime="2024-12-08T19:57:43.4784943+00:00" endTime="2024-12-08T19:57:43.4784943+00:00" testType="13cdc9d9-ddb5-4fa4-a97d-d965ccfc6d4b" outcome="Passed" testListId="8c84fa94-04c1-424b-9868-57a2d4851a1d" relativeResultsDirectory="d9299151-fab0-490c-8139-95e90fae4ef2">
      <Output>
        <StdOut>12/8/2024 7:57:37 PM: Generating a random environment variables 100000 keys, autogenerated strings max length 20 and autogenerated array max length 10...&#xD;
12/8/2024 7:57:40 PM: Starting test...&#xD;
12/8/2024 7:57:40 PM: Generated random environment variables (NumEntries 2000 NumValues 5120 TID 16, note that Windows has a maximum size of 32KB for all environment variables, so not all 100000 keys could be created) duration 2693ms &#xD;
12/8/2024 7:57:43 PM: Encrypted random environment variables duration 2845ms &#xD;
12/8/2024 7:57:43 PM: Checked that all random environment variables are encrypted duration 3ms &#xD;
12/8/2024 7:57:43 PM: Loaded and decrypted random environment variables with ProtectedConfigurationBuilder duration 13ms &#xD;
12/8/2024 7:57:43 PM: Checked that 1608 entries are equal duration 1ms</StdOut>
      </Output>
    </UnitTestResult>
    <UnitTestResult executionId="73091f38-4b3c-4f56-b233-ac07667b3f91" testId="dc307d4d-4502-7282-1f60-31615d2a0d24" testName="Fededim.Extensions.Configuration.Protected.DataProtectionAPITest.ReverseChainedPassthroughProtectProviderTest.RandomXmlFileTest" computerName="fv-az653-956" duration="00:00:22.4320000" startTime="2024-12-08T19:57:36.8325553+00:00" endTime="2024-12-08T19:57:36.8325553+00:00" testType="13cdc9d9-ddb5-4fa4-a97d-d965ccfc6d4b" outcome="Passed" testListId="8c84fa94-04c1-424b-9868-57a2d4851a1d" relativeResultsDirectory="73091f38-4b3c-4f56-b233-ac07667b3f91">
      <Output>
        <StdOut>12/8/2024 7:57:14 PM: Generating a random XML file with 100000 keys, autogenerated strings max length 20 and autogenerated array max length 10...&#xD;
12/8/2024 7:57:17 PM: File location file://D:/a/Fededim.Extensions.Configuration.Protected/Fededim.Extensions.Configuration.Protected/Fededim.Extensions.Configuration.Protected.DataProtectionAPITest/bin/Release/net462/random_0f8a9dd4-73df-48d1-bffc-a7df7d6cec56.xml&#xD;
12/8/2024 7:57:17 PM: Generated random XML file (NumEntries 100000 NumValues 250389 size 65682 KB) duration 3559ms &#xD;
12/8/2024 7:57:24 PM: Encrypted random XML file (NumEntries 100000 NumValues 250389 size 66073 KB) duration 6314ms &#xD;
12/8/2024 7:57:25 PM: Checked that all random XML file is encrypted duration 1477ms &#xD;
12/8/2024 7:57:35 PM: Loaded and decrypted random XML file with ProtectedConfigurationBuilder duration 9860ms &#xD;
12/8/2024 7:57:36 PM: Checked that 202472 entries are equal duration 1218ms</StdOut>
      </Output>
    </UnitTestResult>
    <UnitTestResult executionId="36b1e8c1-93d7-407f-ad12-27fa77bfd9b4" testId="f352b3e4-d8b2-0588-46bb-043afb7266c1" testName="Fededim.Extensions.Configuration.Protected.DataProtectionAPITest.DataProtectionAPIProtectProviderTest.RandomEnvironmentVariablesTest" computerName="fv-az653-956" duration="00:00:14.7470000" startTime="2024-12-08T19:56:36.8078336+00:00" endTime="2024-12-08T19:56:36.8078336+00:00" testType="13cdc9d9-ddb5-4fa4-a97d-d965ccfc6d4b" outcome="Passed" testListId="8c84fa94-04c1-424b-9868-57a2d4851a1d" relativeResultsDirectory="36b1e8c1-93d7-407f-ad12-27fa77bfd9b4">
      <Output>
        <StdOut>12/8/2024 7:56:22 PM: Generating a random environment variables 100000 keys, autogenerated strings max length 20 and autogenerated array max length 10...&#xD;
12/8/2024 7:56:27 PM: Starting test...&#xD;
12/8/2024 7:56:27 PM: Generated random environment variables (NumEntries 2000 NumValues 5246 TID 8, note that Windows has a maximum size of 32KB for all environment variables, so not all 100000 keys could be created) duration 5831ms &#xD;
12/8/2024 7:56:32 PM: Encrypted random environment variables duration 4839ms &#xD;
12/8/2024 7:56:32 PM: Checked that all random environment variables are encrypted duration 49ms &#xD;
12/8/2024 7:56:33 PM: Loaded and decrypted random environment variables with ProtectedConfigurationBuilder duration 222ms &#xD;
12/8/2024 7:56:33 PM: Checked that 1599 entries are equal duration 1ms</StdOut>
      </Output>
    </UnitTestResult>
  </Results>
  <TestDefinitions>
    <UnitTest name="Fededim.Extensions.Configuration.Protected.DataProtectionAPITest.ReverseChainedDataProtectionAPIProtectProviderTest.RandomCommandLineTest" storage="d:\a\fededim.extensions.configuration.protected\fededim.extensions.configuration.protected\fededim.extensions.configuration.protected.dataprotectionapitest\bin\release\net462\fededim.extensions.configuration.protected.dataprotectionapitest.dll" id="60df3619-3efb-dbb7-6212-6602ebf68f95">
      <Execution id="b77b693d-ff01-45ec-87a6-84438d96b54d" />
      <TestMethod codeBase="D:\a\Fededim.Extensions.Configuration.Protected\Fededim.Extensions.Configuration.Protected\Fededim.Extensions.Configuration.Protected.DataProtectionAPITest\bin\Release\net462\Fededim.Extensions.Configuration.Protected.DataProtectionAPITest.dll" adapterTypeName="executor://xunit/VsTestRunner2/net" className="Fededim.Extensions.Configuration.Protected.DataProtectionAPITest.ReverseChainedDataProtectionAPIProtectProviderTest" name="RandomCommandLineTest" />
    </UnitTest>
    <UnitTest name="Fededim.Extensions.Configuration.Protected.DataProtectionAPITest.DataProtectionAPIProtectProviderTest.RandomXmlFileTest" storage="d:\a\fededim.extensions.configuration.protected\fededim.extensions.configuration.protected\fededim.extensions.configuration.protected.dataprotectionapitest\bin\release\net462\fededim.extensions.configuration.protected.dataprotectionapitest.dll" id="97ac352b-e433-e531-3210-5b085419ca0a">
      <Execution id="54f32927-89b3-4400-a390-5b04f6908aad" />
      <TestMethod codeBase="D:\a\Fededim.Extensions.Configuration.Protected\Fededim.Extensions.Configuration.Protected\Fededim.Extensions.Configuration.Protected.DataProtectionAPITest\bin\Release\net462\Fededim.Extensions.Configuration.Protected.DataProtectionAPITest.dll" adapterTypeName="executor://xunit/VsTestRunner2/net" className="Fededim.Extensions.Configuration.Protected.DataProtectionAPITest.DataProtectionAPIProtectProviderTest" name="RandomXmlFileTest" />
    </UnitTest>
    <UnitTest name="Fededim.Extensions.Configuration.Protected.DataProtectionAPITest.PassthroughProtectProviderTest.RandomCommandLineTest" storage="d:\a\fededim.extensions.configuration.protected\fededim.extensions.configuration.protected\fededim.extensions.configuration.protected.dataprotectionapitest\bin\release\net462\fededim.extensions.configuration.protected.dataprotectionapitest.dll" id="53bdc893-11b6-05bf-6c05-1776c77b4125">
      <Execution id="99fedeb5-810e-43b3-aaaf-8a4c805bd70c" />
      <TestMethod codeBase="D:\a\Fededim.Extensions.Configuration.Protected\Fededim.Extensions.Configuration.Protected\Fededim.Extensions.Configuration.Protected.DataProtectionAPITest\bin\Release\net462\Fededim.Extensions.Configuration.Protected.DataProtectionAPITest.dll" adapterTypeName="executor://xunit/VsTestRunner2/net" className="Fededim.Extensions.Configuration.Protected.DataProtectionAPITest.PassthroughProtectProviderTest" name="RandomCommandLineTest" />
    </UnitTest>
    <UnitTest name="Fededim.Extensions.Configuration.Protected.DataProtectionAPITest.PassthroughProtectProviderTest.RandomJsonFileTest(useJsonWithCommentFileProcessor: True)" storage="d:\a\fededim.extensions.configuration.protected\fededim.extensions.configuration.protected\fededim.extensions.configuration.protected.dataprotectionapitest\bin\release\net462\fededim.extensions.configuration.protected.dataprotectionapitest.dll" id="cf0e5a6f-eacf-e1e6-8610-cf6ad43d699c">
      <Execution id="22b52a30-7073-4c35-b510-b38f7bfda107" />
      <TestMethod codeBase="D:\a\Fededim.Extensions.Configuration.Protected\Fededim.Extensions.Configuration.Protected\Fededim.Extensions.Configuration.Protected.DataProtectionAPITest\bin\Release\net462\Fededim.Extensions.Configuration.Protected.DataProtectionAPITest.dll" adapterTypeName="executor://xunit/VsTestRunner2/net" className="Fededim.Extensions.Configuration.Protected.DataProtectionAPITest.PassthroughProtectProviderTest" name="RandomJsonFileTest" />
    </UnitTest>
    <UnitTest name="Fededim.Extensions.Configuration.Protected.DataProtectionAPITest.ReverseChainedPassthroughProtectProviderTest.RandomXmlFileTest" storage="d:\a\fededim.extensions.configuration.protected\fededim.extensions.configuration.protected\fededim.extensions.configuration.protected.dataprotectionapitest\bin\release\net462\fededim.extensions.configuration.protected.dataprotectionapitest.dll" id="dc307d4d-4502-7282-1f60-31615d2a0d24">
      <Execution id="73091f38-4b3c-4f56-b233-ac07667b3f91" />
      <TestMethod codeBase="D:\a\Fededim.Extensions.Configuration.Protected\Fededim.Extensions.Configuration.Protected\Fededim.Extensions.Configuration.Protected.DataProtectionAPITest\bin\Release\net462\Fededim.Extensions.Configuration.Protected.DataProtectionAPITest.dll" adapterTypeName="executor://xunit/VsTestRunner2/net" className="Fededim.Extensions.Configuration.Protected.DataProtectionAPITest.ReverseChainedPassthroughProtectProviderTest" name="RandomXmlFileTest" />
    </UnitTest>
    <UnitTest name="Fededim.Extensions.Configuration.Protected.DataProtectionAPITest.ReverseChainedDataProtectionAPIProtectProviderTest.RandomInMemoryDictionaryTest" storage="d:\a\fededim.extensions.configuration.protected\fededim.extensions.configuration.protected\fededim.extensions.configuration.protected.dataprotectionapitest\bin\release\net462\fededim.extensions.configuration.protected.dataprotectionapitest.dll" id="dbafd3c0-547c-f72c-7714-3310b3a28f6c">
      <Execution id="3d873be7-eba7-4f70-be4a-afd9e02dbe4f" />
      <TestMethod codeBase="D:\a\Fededim.Extensions.Configuration.Protected\Fededim.Extensions.Configuration.Protected\Fededim.Extensions.Configuration.Protected.DataProtectionAPITest\bin\Release\net462\Fededim.Extensions.Configuration.Protected.DataProtectionAPITest.dll" adapterTypeName="executor://xunit/VsTestRunner2/net" className="Fededim.Extensions.Configuration.Protected.DataProtectionAPITest.ReverseChainedDataProtectionAPIProtectProviderTest" name="RandomInMemoryDictionaryTest" />
    </UnitTest>
    <UnitTest name="Fededim.Extensions.Configuration.Protected.DataProtectionAPITest.PassthroughProtectProviderTest.RandomXmlFileTest" storage="d:\a\fededim.extensions.configuration.protected\fededim.extensions.configuration.protected\fededim.extensions.configuration.protected.dataprotectionapitest\bin\release\net462\fededim.extensions.configuration.protected.dataprotectionapitest.dll" id="17c2c8ae-a50b-08a0-7c03-1289a54a7d68">
      <Execution id="dcc03da0-4bbe-4429-b60a-df1c2796d727" />
      <TestMethod codeBase="D:\a\Fededim.Extensions.Configuration.Protected\Fededim.Extensions.Configuration.Protected\Fededim.Extensions.Configuration.Protected.DataProtectionAPITest\bin\Release\net462\Fededim.Extensions.Configuration.Protected.DataProtectionAPITest.dll" adapterTypeName="executor://xunit/VsTestRunner2/net" className="Fededim.Extensions.Configuration.Protected.DataProtectionAPITest.PassthroughProtectProviderTest" name="RandomXmlFileTest" />
    </UnitTest>
    <UnitTest name="Fededim.Extensions.Configuration.Protected.DataProtectionAPITest.ReverseChainedPassthroughProtectProviderTest.RandomEnvironmentVariablesTest" storage="d:\a\fededim.extensions.configuration.protected\fededim.extensions.configuration.protected\fededim.extensions.configuration.protected.dataprotectionapitest\bin\release\net462\fededim.extensions.configuration.protected.dataprotectionapitest.dll" id="fd694cea-f6eb-8b2a-be1c-cfd9341efde5">
      <Execution id="c9fcdbe0-ab90-487a-8409-9df1ab458e31" />
      <TestMethod codeBase="D:\a\Fededim.Extensions.Configuration.Protected\Fededim.Extensions.Configuration.Protected\Fededim.Extensions.Configuration.Protected.DataProtectionAPITest\bin\Release\net462\Fededim.Extensions.Configuration.Protected.DataProtectionAPITest.dll" adapterTypeName="executor://xunit/VsTestRunner2/net" className="Fededim.Extensions.Configuration.Protected.DataProtectionAPITest.ReverseChainedPassthroughProtectProviderTest" name="RandomEnvironmentVariablesTest" />
    </UnitTest>
    <UnitTest name="Fededim.Extensions.Configuration.Protected.DataProtectionAPITest.DataProtectionAPIProtectProviderTest.RandomInMemoryDictionaryTest" storage="d:\a\fededim.extensions.configuration.protected\fededim.extensions.configuration.protected\fededim.extensions.configuration.protected.dataprotectionapitest\bin\release\net462\fededim.extensions.configuration.protected.dataprotectionapitest.dll" id="a5b4138a-877c-581b-780d-3494b3972f17">
      <Execution id="24519083-68a1-4f04-b481-4cd19fdb8815" />
      <TestMethod codeBase="D:\a\Fededim.Extensions.Configuration.Protected\Fededim.Extensions.Configuration.Protected\Fededim.Extensions.Configuration.Protected.DataProtectionAPITest\bin\Release\net462\Fededim.Extensions.Configuration.Protected.DataProtectionAPITest.dll" adapterTypeName="executor://xunit/VsTestRunner2/net" className="Fededim.Extensions.Configuration.Protected.DataProtectionAPITest.DataProtectionAPIProtectProviderTest" name="RandomInMemoryDictionaryTest" />
    </UnitTest>
    <UnitTest name="Fededim.Extensions.Configuration.Protected.DataProtectionAPITest.PassthroughProtectProviderTest.RandomEnvironmentVariablesTest" storage="d:\a\fededim.extensions.configuration.protected\fededim.extensions.configuration.protected\fededim.extensions.configuration.protected.dataprotectionapitest\bin\release\net462\fededim.extensions.configuration.protected.dataprotectionapitest.dll" id="b51079a5-ff93-277c-c6d0-2b0eb1149993">
      <Execution id="d9299151-fab0-490c-8139-95e90fae4ef2" />
      <TestMethod codeBase="D:\a\Fededim.Extensions.Configuration.Protected\Fededim.Extensions.Configuration.Protected\Fededim.Extensions.Configuration.Protected.DataProtectionAPITest\bin\Release\net462\Fededim.Extensions.Configuration.Protected.DataProtectionAPITest.dll" adapterTypeName="executor://xunit/VsTestRunner2/net" className="Fededim.Extensions.Configuration.Protected.DataProtectionAPITest.PassthroughProtectProviderTest" name="RandomEnvironmentVariablesTest" />
    </UnitTest>
    <UnitTest name="Fededim.Extensions.Configuration.Protected.DataProtectionAPITest.ReverseChainedPassthroughProtectProviderTest.RandomJsonFileTest(useJsonWithCommentFileProcessor: True)" storage="d:\a\fededim.extensions.configuration.protected\fededim.extensions.configuration.protected\fededim.extensions.configuration.protected.dataprotectionapitest\bin\release\net462\fededim.extensions.configuration.protected.dataprotectionapitest.dll" id="b5fa2e2b-5ba5-fac3-aba2-27926978692e">
      <Execution id="991c4b45-d999-49e4-a3a6-0c4e10f1a444" />
      <TestMethod codeBase="D:\a\Fededim.Extensions.Configuration.Protected\Fededim.Extensions.Configuration.Protected\Fededim.Extensions.Configuration.Protected.DataProtectionAPITest\bin\Release\net462\Fededim.Extensions.Configuration.Protected.DataProtectionAPITest.dll" adapterTypeName="executor://xunit/VsTestRunner2/net" className="Fededim.Extensions.Configuration.Protected.DataProtectionAPITest.ReverseChainedPassthroughProtectProviderTest" name="RandomJsonFileTest" />
    </UnitTest>
    <UnitTest name="Fededim.Extensions.Configuration.Protected.DataProtectionAPITest.DataProtectionAPIProtectProviderTest.RandomEnvironmentVariablesTest" storage="d:\a\fededim.extensions.configuration.protected\fededim.extensions.configuration.protected\fededim.extensions.configuration.protected.dataprotectionapitest\bin\release\net462\fededim.extensions.configuration.protected.dataprotectionapitest.dll" id="f352b3e4-d8b2-0588-46bb-043afb7266c1">
      <Execution id="36b1e8c1-93d7-407f-ad12-27fa77bfd9b4" />
      <TestMethod codeBase="D:\a\Fededim.Extensions.Configuration.Protected\Fededim.Extensions.Configuration.Protected\Fededim.Extensions.Configuration.Protected.DataProtectionAPITest\bin\Release\net462\Fededim.Extensions.Configuration.Protected.DataProtectionAPITest.dll" adapterTypeName="executor://xunit/VsTestRunner2/net" className="Fededim.Extensions.Configuration.Protected.DataProtectionAPITest.DataProtectionAPIProtectProviderTest" name="RandomEnvironmentVariablesTest" />
    </UnitTest>
    <UnitTest name="Fededim.Extensions.Configuration.Protected.DataProtectionAPITest.ReverseChainedPassthroughProtectProviderTest.RandomCommandLineTest" storage="d:\a\fededim.extensions.configuration.protected\fededim.extensions.configuration.protected\fededim.extensions.configuration.protected.dataprotectionapitest\bin\release\net462\fededim.extensions.configuration.protected.dataprotectionapitest.dll" id="21abf860-ed3d-2e49-4a1e-a39daf2ff1b2">
      <Execution id="db4f1711-e92f-4c5c-ab08-d1140081602a" />
      <TestMethod codeBase="D:\a\Fededim.Extensions.Configuration.Protected\Fededim.Extensions.Configuration.Protected\Fededim.Extensions.Configuration.Protected.DataProtectionAPITest\bin\Release\net462\Fededim.Extensions.Configuration.Protected.DataProtectionAPITest.dll" adapterTypeName="executor://xunit/VsTestRunner2/net" className="Fededim.Extensions.Configuration.Protected.DataProtectionAPITest.ReverseChainedPassthroughProtectProviderTest" name="RandomCommandLineTest" />
    </UnitTest>
    <UnitTest name="Fededim.Extensions.Configuration.Protected.DataProtectionAPITest.DataProtectionAPIProtectProviderTest.RandomJsonFileTest(useJsonWithCommentFileProcessor: True)" storage="d:\a\fededim.extensions.configuration.protected\fededim.extensions.configuration.protected\fededim.extensions.configuration.protected.dataprotectionapitest\bin\release\net462\fededim.extensions.configuration.protected.dataprotectionapitest.dll" id="f6916fa8-7335-1ac2-9bd9-068ab445ecb1">
      <Execution id="3e37d634-dad8-489a-b758-4e77f68aae7e" />
      <TestMethod codeBase="D:\a\Fededim.Extensions.Configuration.Protected\Fededim.Extensions.Configuration.Protected\Fededim.Extensions.Configuration.Protected.DataProtectionAPITest\bin\Release\net462\Fededim.Extensions.Configuration.Protected.DataProtectionAPITest.dll" adapterTypeName="executor://xunit/VsTestRunner2/net" className="Fededim.Extensions.Configuration.Protected.DataProtectionAPITest.DataProtectionAPIProtectProviderTest" name="RandomJsonFileTest" />
    </UnitTest>
    <UnitTest name="Fededim.Extensions.Configuration.Protected.DataProtectionAPITest.DataProtectionAPIProtectProviderTest.RandomCommandLineTest" storage="d:\a\fededim.extensions.configuration.protected\fededim.extensions.configuration.protected\fededim.extensions.configuration.protected.dataprotectionapitest\bin\release\net462\fededim.extensions.configuration.protected.dataprotectionapitest.dll" id="b9bf8ed7-522c-e76a-b80e-8d05fc5adc83">
      <Execution id="8f8c7f0c-9289-4d7a-97eb-ace198737fd5" />
      <TestMethod codeBase="D:\a\Fededim.Extensions.Configuration.Protected\Fededim.Extensions.Configuration.Protected\Fededim.Extensions.Configuration.Protected.DataProtectionAPITest\bin\Release\net462\Fededim.Extensions.Configuration.Protected.DataProtectionAPITest.dll" adapterTypeName="executor://xunit/VsTestRunner2/net" className="Fededim.Extensions.Configuration.Protected.DataProtectionAPITest.DataProtectionAPIProtectProviderTest" name="RandomCommandLineTest" />
    </UnitTest>
    <UnitTest name="Fededim.Extensions.Configuration.Protected.DataProtectionAPITest.ReverseChainedDataProtectionAPIProtectProviderTest.RandomJsonFileTest(useJsonWithCommentFileProcessor: True)" storage="d:\a\fededim.extensions.configuration.protected\fededim.extensions.configuration.protected\fededim.extensions.configuration.protected.dataprotectionapitest\bin\release\net462\fededim.extensions.configuration.protected.dataprotectionapitest.dll" id="d2ec5ba7-d50b-7023-11ad-69c0b8299f4c">
      <Execution id="76bdd169-820c-4474-8903-147c58cc1024" />
      <TestMethod codeBase="D:\a\Fededim.Extensions.Configuration.Protected\Fededim.Extensions.Configuration.Protected\Fededim.Extensions.Configuration.Protected.DataProtectionAPITest\bin\Release\net462\Fededim.Extensions.Configuration.Protected.DataProtectionAPITest.dll" adapterTypeName="executor://xunit/VsTestRunner2/net" className="Fededim.Extensions.Configuration.Protected.DataProtectionAPITest.ReverseChainedDataProtectionAPIProtectProviderTest" name="RandomJsonFileTest" />
    </UnitTest>
    <UnitTest name="Fededim.Extensions.Configuration.Protected.DataProtectionAPITest.PassthroughProtectProviderTest.RandomJsonFileTest(useJsonWithCommentFileProcessor: False)" storage="d:\a\fededim.extensions.configuration.protected\fededim.extensions.configuration.protected\fededim.extensions.configuration.protected.dataprotectionapitest\bin\release\net462\fededim.extensions.configuration.protected.dataprotectionapitest.dll" id="ade5454d-acc1-63ed-986a-ba08d0a9b3c4">
      <Execution id="aff31d56-b8d5-42b7-9310-edecb2305419" />
      <TestMethod codeBase="D:\a\Fededim.Extensions.Configuration.Protected\Fededim.Extensions.Configuration.Protected\Fededim.Extensions.Configuration.Protected.DataProtectionAPITest\bin\Release\net462\Fededim.Extensions.Configuration.Protected.DataProtectionAPITest.dll" adapterTypeName="executor://xunit/VsTestRunner2/net" className="Fededim.Extensions.Configuration.Protected.DataProtectionAPITest.PassthroughProtectProviderTest" name="RandomJsonFileTest" />
    </UnitTest>
    <UnitTest name="Fededim.Extensions.Configuration.Protected.DataProtectionAPITest.ReverseChainedPassthroughProtectProviderTest.RandomJsonFileTest(useJsonWithCommentFileProcessor: False)" storage="d:\a\fededim.extensions.configuration.protected\fededim.extensions.configuration.protected\fededim.extensions.configuration.protected.dataprotectionapitest\bin\release\net462\fededim.extensions.configuration.protected.dataprotectionapitest.dll" id="b6fd352f-d0bb-6f9f-e8b5-484cb632db0b">
      <Execution id="eea2125d-2474-474c-aaaf-902e21a612a8" />
      <TestMethod codeBase="D:\a\Fededim.Extensions.Configuration.Protected\Fededim.Extensions.Configuration.Protected\Fededim.Extensions.Configuration.Protected.DataProtectionAPITest\bin\Release\net462\Fededim.Extensions.Configuration.Protected.DataProtectionAPITest.dll" adapterTypeName="executor://xunit/VsTestRunner2/net" className="Fededim.Extensions.Configuration.Protected.DataProtectionAPITest.ReverseChainedPassthroughProtectProviderTest" name="RandomJsonFileTest" />
    </UnitTest>
    <UnitTest name="Fededim.Extensions.Configuration.Protected.DataProtectionAPITest.DataProtectionAPIProtectProviderTest.RandomJsonFileTest(useJsonWithCommentFileProcessor: False)" storage="d:\a\fededim.extensions.configuration.protected\fededim.extensions.configuration.protected\fededim.extensions.configuration.protected.dataprotectionapitest\bin\release\net462\fededim.extensions.configuration.protected.dataprotectionapitest.dll" id="215bdca5-d044-0fe3-ab3a-2e4442ce76c5">
      <Execution id="3c9a7ab4-1abe-48d0-9497-287f58e4c1bc" />
      <TestMethod codeBase="D:\a\Fededim.Extensions.Configuration.Protected\Fededim.Extensions.Configuration.Protected\Fededim.Extensions.Configuration.Protected.DataProtectionAPITest\bin\Release\net462\Fededim.Extensions.Configuration.Protected.DataProtectionAPITest.dll" adapterTypeName="executor://xunit/VsTestRunner2/net" className="Fededim.Extensions.Configuration.Protected.DataProtectionAPITest.DataProtectionAPIProtectProviderTest" name="RandomJsonFileTest" />
    </UnitTest>
    <UnitTest name="Fededim.Extensions.Configuration.Protected.DataProtectionAPITest.ReverseChainedPassthroughProtectProviderTest.RandomInMemoryDictionaryTest" storage="d:\a\fededim.extensions.configuration.protected\fededim.extensions.configuration.protected\fededim.extensions.configuration.protected.dataprotectionapitest\bin\release\net462\fededim.extensions.configuration.protected.dataprotectionapitest.dll" id="c54c3964-5bef-c878-d4a0-6c44caf97732">
      <Execution id="c2a42369-e54c-452a-bb6e-f8be58dbcf03" />
      <TestMethod codeBase="D:\a\Fededim.Extensions.Configuration.Protected\Fededim.Extensions.Configuration.Protected\Fededim.Extensions.Configuration.Protected.DataProtectionAPITest\bin\Release\net462\Fededim.Extensions.Configuration.Protected.DataProtectionAPITest.dll" adapterTypeName="executor://xunit/VsTestRunner2/net" className="Fededim.Extensions.Configuration.Protected.DataProtectionAPITest.ReverseChainedPassthroughProtectProviderTest" name="RandomInMemoryDictionaryTest" />
    </UnitTest>
    <UnitTest name="Fededim.Extensions.Configuration.Protected.DataProtectionAPITest.ReverseChainedDataProtectionAPIProtectProviderTest.RandomJsonFileTest(useJsonWithCommentFileProcessor: False)" storage="d:\a\fededim.extensions.configuration.protected\fededim.extensions.configuration.protected\fededim.extensions.configuration.protected.dataprotectionapitest\bin\release\net462\fededim.extensions.configuration.protected.dataprotectionapitest.dll" id="83d9d3b3-01c1-e554-7b15-bf5199894c8f">
      <Execution id="924e841c-707d-4ee9-95e4-f8029e9941f5" />
      <TestMethod codeBase="D:\a\Fededim.Extensions.Configuration.Protected\Fededim.Extensions.Configuration.Protected\Fededim.Extensions.Configuration.Protected.DataProtectionAPITest\bin\Release\net462\Fededim.Extensions.Configuration.Protected.DataProtectionAPITest.dll" adapterTypeName="executor://xunit/VsTestRunner2/net" className="Fededim.Extensions.Configuration.Protected.DataProtectionAPITest.ReverseChainedDataProtectionAPIProtectProviderTest" name="RandomJsonFileTest" />
    </UnitTest>
    <UnitTest name="Fededim.Extensions.Configuration.Protected.DataProtectionAPITest.ReverseChainedDataProtectionAPIProtectProviderTest.RandomEnvironmentVariablesTest" storage="d:\a\fededim.extensions.configuration.protected\fededim.extensions.configuration.protected\fededim.extensions.configuration.protected.dataprotectionapitest\bin\release\net462\fededim.extensions.configuration.protected.dataprotectionapitest.dll" id="f4974d5b-c288-bf3b-c0f6-abb4edc5d313">
      <Execution id="3acfebf1-0e45-47b5-9186-a926267a08d1" />
      <TestMethod codeBase="D:\a\Fededim.Extensions.Configuration.Protected\Fededim.Extensions.Configuration.Protected\Fededim.Extensions.Configuration.Protected.DataProtectionAPITest\bin\Release\net462\Fededim.Extensions.Configuration.Protected.DataProtectionAPITest.dll" adapterTypeName="executor://xunit/VsTestRunner2/net" className="Fededim.Extensions.Configuration.Protected.DataProtectionAPITest.ReverseChainedDataProtectionAPIProtectProviderTest" name="RandomEnvironmentVariablesTest" />
    </UnitTest>
    <UnitTest name="Fededim.Extensions.Configuration.Protected.DataProtectionAPITest.ReverseChainedDataProtectionAPIProtectProviderTest.RandomXmlFileTest" storage="d:\a\fededim.extensions.configuration.protected\fededim.extensions.configuration.protected\fededim.extensions.configuration.protected.dataprotectionapitest\bin\release\net462\fededim.extensions.configuration.protected.dataprotectionapitest.dll" id="efb735a9-3ad5-1771-1fbc-4b718376ccc7">
      <Execution id="cb5c18f8-bfb9-4229-8edb-d53077a2f8a4" />
      <TestMethod codeBase="D:\a\Fededim.Extensions.Configuration.Protected\Fededim.Extensions.Configuration.Protected\Fededim.Extensions.Configuration.Protected.DataProtectionAPITest\bin\Release\net462\Fededim.Extensions.Configuration.Protected.DataProtectionAPITest.dll" adapterTypeName="executor://xunit/VsTestRunner2/net" className="Fededim.Extensions.Configuration.Protected.DataProtectionAPITest.ReverseChainedDataProtectionAPIProtectProviderTest" name="RandomXmlFileTest" />
    </UnitTest>
    <UnitTest name="Fededim.Extensions.Configuration.Protected.DataProtectionAPITest.PassthroughProtectProviderTest.RandomInMemoryDictionaryTest" storage="d:\a\fededim.extensions.configuration.protected\fededim.extensions.configuration.protected\fededim.extensions.configuration.protected.dataprotectionapitest\bin\release\net462\fededim.extensions.configuration.protected.dataprotectionapitest.dll" id="20fa24cf-117e-2734-ecaa-01279073fded">
      <Execution id="905e8325-ec63-4935-b014-dfcbf675ec23" />
      <TestMethod codeBase="D:\a\Fededim.Extensions.Configuration.Protected\Fededim.Extensions.Configuration.Protected\Fededim.Extensions.Configuration.Protected.DataProtectionAPITest\bin\Release\net462\Fededim.Extensions.Configuration.Protected.DataProtectionAPITest.dll" adapterTypeName="executor://xunit/VsTestRunner2/net" className="Fededim.Extensions.Configuration.Protected.DataProtectionAPITest.PassthroughProtectProviderTest" name="RandomInMemoryDictionaryTest" />
    </UnitTest>
  </TestDefinitions>
  <TestEntries>
    <TestEntry testId="efb735a9-3ad5-1771-1fbc-4b718376ccc7" executionId="cb5c18f8-bfb9-4229-8edb-d53077a2f8a4" testListId="8c84fa94-04c1-424b-9868-57a2d4851a1d" />
    <TestEntry testId="b6fd352f-d0bb-6f9f-e8b5-484cb632db0b" executionId="eea2125d-2474-474c-aaaf-902e21a612a8" testListId="8c84fa94-04c1-424b-9868-57a2d4851a1d" />
    <TestEntry testId="b5fa2e2b-5ba5-fac3-aba2-27926978692e" executionId="991c4b45-d999-49e4-a3a6-0c4e10f1a444" testListId="8c84fa94-04c1-424b-9868-57a2d4851a1d" />
    <TestEntry testId="21abf860-ed3d-2e49-4a1e-a39daf2ff1b2" executionId="db4f1711-e92f-4c5c-ab08-d1140081602a" testListId="8c84fa94-04c1-424b-9868-57a2d4851a1d" />
    <TestEntry testId="60df3619-3efb-dbb7-6212-6602ebf68f95" executionId="b77b693d-ff01-45ec-87a6-84438d96b54d" testListId="8c84fa94-04c1-424b-9868-57a2d4851a1d" />
    <TestEntry testId="97ac352b-e433-e531-3210-5b085419ca0a" executionId="54f32927-89b3-4400-a390-5b04f6908aad" testListId="8c84fa94-04c1-424b-9868-57a2d4851a1d" />
    <TestEntry testId="fd694cea-f6eb-8b2a-be1c-cfd9341efde5" executionId="c9fcdbe0-ab90-487a-8409-9df1ab458e31" testListId="8c84fa94-04c1-424b-9868-57a2d4851a1d" />
    <TestEntry testId="20fa24cf-117e-2734-ecaa-01279073fded" executionId="905e8325-ec63-4935-b014-dfcbf675ec23" testListId="8c84fa94-04c1-424b-9868-57a2d4851a1d" />
    <TestEntry testId="dbafd3c0-547c-f72c-7714-3310b3a28f6c" executionId="3d873be7-eba7-4f70-be4a-afd9e02dbe4f" testListId="8c84fa94-04c1-424b-9868-57a2d4851a1d" />
    <TestEntry testId="53bdc893-11b6-05bf-6c05-1776c77b4125" executionId="99fedeb5-810e-43b3-aaaf-8a4c805bd70c" testListId="8c84fa94-04c1-424b-9868-57a2d4851a1d" />
    <TestEntry testId="f4974d5b-c288-bf3b-c0f6-abb4edc5d313" executionId="3acfebf1-0e45-47b5-9186-a926267a08d1" testListId="8c84fa94-04c1-424b-9868-57a2d4851a1d" />
    <TestEntry testId="ade5454d-acc1-63ed-986a-ba08d0a9b3c4" executionId="aff31d56-b8d5-42b7-9310-edecb2305419" testListId="8c84fa94-04c1-424b-9868-57a2d4851a1d" />
    <TestEntry testId="cf0e5a6f-eacf-e1e6-8610-cf6ad43d699c" executionId="22b52a30-7073-4c35-b510-b38f7bfda107" testListId="8c84fa94-04c1-424b-9868-57a2d4851a1d" />
    <TestEntry testId="83d9d3b3-01c1-e554-7b15-bf5199894c8f" executionId="924e841c-707d-4ee9-95e4-f8029e9941f5" testListId="8c84fa94-04c1-424b-9868-57a2d4851a1d" />
    <TestEntry testId="17c2c8ae-a50b-08a0-7c03-1289a54a7d68" executionId="dcc03da0-4bbe-4429-b60a-df1c2796d727" testListId="8c84fa94-04c1-424b-9868-57a2d4851a1d" />
    <TestEntry testId="a5b4138a-877c-581b-780d-3494b3972f17" executionId="24519083-68a1-4f04-b481-4cd19fdb8815" testListId="8c84fa94-04c1-424b-9868-57a2d4851a1d" />
    <TestEntry testId="c54c3964-5bef-c878-d4a0-6c44caf97732" executionId="c2a42369-e54c-452a-bb6e-f8be58dbcf03" testListId="8c84fa94-04c1-424b-9868-57a2d4851a1d" />
    <TestEntry testId="b9bf8ed7-522c-e76a-b80e-8d05fc5adc83" executionId="8f8c7f0c-9289-4d7a-97eb-ace198737fd5" testListId="8c84fa94-04c1-424b-9868-57a2d4851a1d" />
    <TestEntry testId="f6916fa8-7335-1ac2-9bd9-068ab445ecb1" executionId="3e37d634-dad8-489a-b758-4e77f68aae7e" testListId="8c84fa94-04c1-424b-9868-57a2d4851a1d" />
    <TestEntry testId="d2ec5ba7-d50b-7023-11ad-69c0b8299f4c" executionId="76bdd169-820c-4474-8903-147c58cc1024" testListId="8c84fa94-04c1-424b-9868-57a2d4851a1d" />
    <TestEntry testId="215bdca5-d044-0fe3-ab3a-2e4442ce76c5" executionId="3c9a7ab4-1abe-48d0-9497-287f58e4c1bc" testListId="8c84fa94-04c1-424b-9868-57a2d4851a1d" />
    <TestEntry testId="b51079a5-ff93-277c-c6d0-2b0eb1149993" executionId="d9299151-fab0-490c-8139-95e90fae4ef2" testListId="8c84fa94-04c1-424b-9868-57a2d4851a1d" />
    <TestEntry testId="dc307d4d-4502-7282-1f60-31615d2a0d24" executionId="73091f38-4b3c-4f56-b233-ac07667b3f91" testListId="8c84fa94-04c1-424b-9868-57a2d4851a1d" />
    <TestEntry testId="f352b3e4-d8b2-0588-46bb-043afb7266c1" executionId="36b1e8c1-93d7-407f-ad12-27fa77bfd9b4" testListId="8c84fa94-04c1-424b-9868-57a2d4851a1d" />
  </TestEntries>
  <TestLists>
    <TestList name="Results Not in a List" id="8c84fa94-04c1-424b-9868-57a2d4851a1d" />
    <TestList name="All Loaded Results" id="19431567-8539-422a-85d7-44ee4e166bda" />
  </TestLists>
  <ResultSummary outcome="Completed">
    <Counters total="24" executed="24" passed="24" failed="0" error="0" timeout="0" aborted="0" inconclusive="0" passedButRunAborted="0" notRunnable="0" notExecuted="0" disconnected="0" warning="0" completed="0" inProgress="0" pending="0" />
    <Output>
      <StdOut>[xUnit.net 00:00:00.06] xUnit.net VSTest Adapter v2.8.2+699d445a1a (64-bit .NET Framework 4.8.9287.0)&#xD;
[xUnit.net 00:00:01.77]   Discovering: Fededim.Extensions.Configuration.Protected.DataProtectionAPITest&#xD;
[xUnit.net 00:00:01.94]   Discovered:  Fededim.Extensions.Configuration.Protected.DataProtectionAPITest&#xD;
[xUnit.net 00:00:01.94]   Starting:    Fededim.Extensions.Configuration.Protected.DataProtectionAPITest&#xD;
[xUnit.net 00:02:28.03]   Finished:    Fededim.Extensions.Configuration.Protected.DataProtectionAPITest&#xD;
</StdOut>
    </Output>
  </ResultSummary>
</TestRun>